[ 2017-06-20T08:39:36+08:00 ] 127.0.0.1 /
INFO: [ app_init ] --START--
INFO: Run Behavior\BuildLiteBehavior [ RunTime:0.000000s ]
INFO: [ app_init ] --END-- [ RunTime:0.002000s ]
INFO: [ app_begin ] --START--
INFO: Run Behavior\ReadHtmlCacheBehavior [ RunTime:0.003001s ]
INFO: [ app_begin ] --END-- [ RunTime:0.003001s ]
SQL: DESCRIBE hao_category [ RunTime:0.046002s ]
SQL: SELECT * FROM `hao_category` WHERE `pid` = 0 AND `position` = 1 AND `hidden` = 2  [ RunTime:0.000000s ]
SQL: SELECT * FROM `hao_category` WHERE `pid` = 0 AND `position` = 2 AND `hidden` = 2  [ RunTime:0.001000s ]
SQL: DESCRIBE hao_basic [ RunTime:0.031002s ]
SQL: SELECT * FROM `hao_basic` WHERE `basic_name` = 'top_yuyue' LIMIT 1   [ RunTime:0.006001s ]
SQL: SELECT * FROM `hao_basic` WHERE `basic_name` = 'bottom_tel' LIMIT 1   [ RunTime:0.000000s ]
SQL: SELECT * FROM `hao_basic` WHERE `basic_name` = 'address' LIMIT 1   [ RunTime:0.000000s ]
SQL: SELECT * FROM `hao_basic` WHERE `basic_name` = 'bottom_desc' LIMIT 1   [ RunTime:0.000000s ]
SQL: SELECT * FROM `hao_basic` WHERE `basic_name` = 'Record' LIMIT 1   [ RunTime:0.000000s ]
SQL: SELECT * FROM `hao_basic` WHERE `basic_name` = 'search_top' LIMIT 1   [ RunTime:0.001000s ]
SQL: DESCRIBE hao_additional [ RunTime:0.054003s ]
SQL: SELECT * FROM `hao_additional` WHERE `fujia_key` = 'button_wx' LIMIT 1   [ RunTime:0.001000s ]
SQL: DESCRIBE hao_gear [ RunTime:0.045002s ]
SQL: SELECT * FROM `hao_gear`  [ RunTime:0.001000s ]
SQL: DESCRIBE hao_article [ RunTime:0.035002s ]
SQL: SELECT * FROM `hao_article` WHERE `cate_id` = 63 ORDER BY sort asc LIMIT 0,4   [ RunTime:0.008000s ]
SQL: SELECT * FROM `hao_article` WHERE `cate_id` = 64 ORDER BY sort asc  [ RunTime:0.001000s ]
SQL: SELECT * FROM `hao_article` WHERE `cate_id` = 65 ORDER BY sort asc LIMIT 1   [ RunTime:0.001000s ]
SQL: SELECT * FROM `hao_category` WHERE `pid` = 0  [ RunTime:0.000000s ]
SQL: SELECT * FROM `hao_basic` WHERE `basic_name` = 'webname' LIMIT 1   [ RunTime:0.001000s ]
SQL: SELECT * FROM `hao_basic` WHERE `basic_name` = 'Record' LIMIT 1   [ RunTime:0.000000s ]
SQL: SELECT * FROM `hao_basic` WHERE `basic_name` = 'qq' LIMIT 1   [ RunTime:0.000000s ]
SQL: SELECT * FROM `hao_additional` WHERE `fujia_key` = 'button_logo' LIMIT 1   [ RunTime:0.000000s ]
SQL: SELECT * FROM `hao_additional` WHERE `fujia_key` = 'button_wx' LIMIT 1   [ RunTime:0.000000s ]
INFO: [ view_parse ] --START--
INFO: [ template_filter ] --START--
INFO: Run Behavior\ContentReplaceBehavior [ RunTime:0.000000s ]
INFO: [ template_filter ] --END-- [ RunTime:0.000000s ]
INFO: Run Behavior\ParseTemplateBehavior [ RunTime:0.094005s ]
INFO: [ view_parse ] --END-- [ RunTime:0.095005s ]
INFO: [ view_filter ] --START--
INFO: Run Behavior\WriteHtmlCacheBehavior [ RunTime:0.010001s ]
INFO: [ view_filter ] --END-- [ RunTime:0.010001s ]
INFO: [ app_end ] --START--
INFO: Run Behavior\ShowPageTraceBehavior [ RunTime:0.008001s ]
INFO: [ app_end ] --END-- [ RunTime:0.008001s ]

[ 2017-06-20T14:43:50+08:00 ] 127.0.0.1 /
INFO: [ app_init ] --START--
INFO: Run Behavior\BuildLiteBehavior [ RunTime:0.000000s ]
INFO: [ app_init ] --END-- [ RunTime:0.001000s ]
INFO: [ app_begin ] --START--
INFO: Run Behavior\ReadHtmlCacheBehavior [ RunTime:0.002000s ]
INFO: [ app_begin ] --END-- [ RunTime:0.002000s ]
SQL: DESCRIBE hao_category [ RunTime:0.023001s ]
SQL: SELECT * FROM `hao_category` WHERE `pid` = 0 AND `position` = 1 AND `hidden` = 2  [ RunTime:0.000000s ]
SQL: SELECT * FROM `hao_category` WHERE `pid` = 0 AND `position` = 2 AND `hidden` = 2  [ RunTime:0.000000s ]
SQL: DESCRIBE hao_basic [ RunTime:0.034002s ]
SQL: SELECT * FROM `hao_basic` WHERE `basic_name` = 'top_yuyue' LIMIT 1   [ RunTime:0.009001s ]
SQL: SELECT * FROM `hao_basic` WHERE `basic_name` = 'bottom_tel' LIMIT 1   [ RunTime:0.001000s ]
SQL: SELECT * FROM `hao_basic` WHERE `basic_name` = 'address' LIMIT 1   [ RunTime:0.001000s ]
SQL: SELECT * FROM `hao_basic` WHERE `basic_name` = 'bottom_desc' LIMIT 1   [ RunTime:0.000000s ]
SQL: SELECT * FROM `hao_basic` WHERE `basic_name` = 'Record' LIMIT 1   [ RunTime:0.001000s ]
SQL: SELECT * FROM `hao_basic` WHERE `basic_name` = 'search_top' LIMIT 1   [ RunTime:0.000000s ]
SQL: DESCRIBE hao_additional [ RunTime:0.024001s ]
SQL: SELECT * FROM `hao_additional` WHERE `fujia_key` = 'button_wx' LIMIT 1   [ RunTime:0.000000s ]
SQL: DESCRIBE hao_gear [ RunTime:0.020001s ]
SQL: SELECT * FROM `hao_gear`  [ RunTime:0.000000s ]
SQL: DESCRIBE hao_article [ RunTime:0.030002s ]
SQL: SELECT * FROM `hao_article` WHERE `cate_id` = 63 ORDER BY sort asc LIMIT 0,4   [ RunTime:0.023002s ]
SQL: SELECT * FROM `hao_article` WHERE `cate_id` = 64 ORDER BY sort asc  [ RunTime:0.000000s ]
SQL: SELECT * FROM `hao_article` WHERE `cate_id` = 65 ORDER BY sort asc LIMIT 1   [ RunTime:0.000000s ]
SQL: SELECT * FROM `hao_category` WHERE `pid` = 0  [ RunTime:0.000000s ]
SQL: SELECT * FROM `hao_basic` WHERE `basic_name` = 'webname' LIMIT 1   [ RunTime:0.000000s ]
SQL: SELECT * FROM `hao_basic` WHERE `basic_name` = 'Record' LIMIT 1   [ RunTime:0.000000s ]
SQL: SELECT * FROM `hao_basic` WHERE `basic_name` = 'qq' LIMIT 1   [ RunTime:0.000000s ]
SQL: SELECT * FROM `hao_additional` WHERE `fujia_key` = 'button_logo' LIMIT 1   [ RunTime:0.000000s ]
SQL: SELECT * FROM `hao_additional` WHERE `fujia_key` = 'button_wx' LIMIT 1   [ RunTime:0.000000s ]
INFO: [ view_parse ] --START--
INFO: [ template_filter ] --START--
INFO: Run Behavior\ContentReplaceBehavior [ RunTime:0.000000s ]
INFO: [ template_filter ] --END-- [ RunTime:0.000000s ]
INFO: Run Behavior\ParseTemplateBehavior [ RunTime:0.106006s ]
INFO: [ view_parse ] --END-- [ RunTime:0.106006s ]
INFO: [ view_filter ] --START--
INFO: Run Behavior\WriteHtmlCacheBehavior [ RunTime:0.084005s ]
INFO: [ view_filter ] --END-- [ RunTime:0.084005s ]
INFO: [ app_end ] --START--
INFO: Run Behavior\ShowPageTraceBehavior [ RunTime:0.014001s ]
INFO: [ app_end ] --END-- [ RunTime:0.015001s ]

[ 2017-06-20T17:33:19+08:00 ] 127.0.0.1 /
INFO: [ app_init ] --START--
INFO: Run Behavior\BuildLiteBehavior [ RunTime:0.000000s ]
INFO: [ app_init ] --END-- [ RunTime:0.001000s ]
INFO: [ app_begin ] --START--
INFO: Run Behavior\ReadHtmlCacheBehavior [ RunTime:0.002000s ]
INFO: [ app_begin ] --END-- [ RunTime:0.002000s ]
SQL: DESCRIBE hao_category [ RunTime:1.220070s ]
SQL: SELECT * FROM `hao_category` WHERE `pid` = 0 AND `position` = 1 AND `hidden` = 2  [ RunTime:0.001000s ]
SQL: SELECT * FROM `hao_category` WHERE `pid` = 0 AND `position` = 2 AND `hidden` = 2  [ RunTime:0.000000s ]
SQL: DESCRIBE hao_basic [ RunTime:0.015001s ]
SQL: SELECT * FROM `hao_basic` WHERE `basic_name` = 'top_yuyue' LIMIT 1   [ RunTime:0.001000s ]
SQL: SELECT * FROM `hao_basic` WHERE `basic_name` = 'bottom_tel' LIMIT 1   [ RunTime:0.000000s ]
SQL: SELECT * FROM `hao_basic` WHERE `basic_name` = 'address' LIMIT 1   [ RunTime:0.001000s ]
SQL: SELECT * FROM `hao_basic` WHERE `basic_name` = 'bottom_desc' LIMIT 1   [ RunTime:0.000000s ]
SQL: SELECT * FROM `hao_basic` WHERE `basic_name` = 'Record' LIMIT 1   [ RunTime:0.001000s ]
SQL: SELECT * FROM `hao_basic` WHERE `basic_name` = 'search_top' LIMIT 1   [ RunTime:0.000000s ]
SQL: DESCRIBE hao_additional [ RunTime:0.029002s ]
SQL: SELECT * FROM `hao_additional` WHERE `fujia_key` = 'button_wx' LIMIT 1   [ RunTime:0.001000s ]
SQL: DESCRIBE hao_gear [ RunTime:0.181010s ]
SQL: SELECT * FROM `hao_gear`  [ RunTime:0.001000s ]
SQL: DESCRIBE hao_article [ RunTime:0.018001s ]
SQL: SELECT * FROM `hao_article` WHERE `cate_id` = 63 ORDER BY sort asc LIMIT 0,4   [ RunTime:0.000000s ]
SQL: SELECT * FROM `hao_article` WHERE `cate_id` = 64 ORDER BY sort asc  [ RunTime:0.000000s ]
SQL: SELECT * FROM `hao_article` WHERE `cate_id` = 65 ORDER BY sort asc LIMIT 1   [ RunTime:0.000000s ]
SQL: SELECT * FROM `hao_category` WHERE `pid` = 0  [ RunTime:0.001000s ]
SQL: SELECT * FROM `hao_basic` WHERE `basic_name` = 'webname' LIMIT 1   [ RunTime:0.000000s ]
SQL: SELECT * FROM `hao_basic` WHERE `basic_name` = 'Record' LIMIT 1   [ RunTime:0.000000s ]
SQL: SELECT * FROM `hao_basic` WHERE `basic_name` = 'qq' LIMIT 1   [ RunTime:0.001000s ]
SQL: SELECT * FROM `hao_additional` WHERE `fujia_key` = 'button_logo' LIMIT 1   [ RunTime:0.001000s ]
SQL: SELECT * FROM `hao_additional` WHERE `fujia_key` = 'button_wx' LIMIT 1   [ RunTime:0.000000s ]
INFO: [ view_parse ] --START--
INFO: [ template_filter ] --START--
INFO: Run Behavior\ContentReplaceBehavior [ RunTime:0.000000s ]
INFO: [ template_filter ] --END-- [ RunTime:0.000000s ]
INFO: Run Behavior\ParseTemplateBehavior [ RunTime:0.049002s ]
INFO: [ view_parse ] --END-- [ RunTime:0.049002s ]
INFO: [ view_filter ] --START--
INFO: Run Behavior\WriteHtmlCacheBehavior [ RunTime:0.001001s ]
INFO: [ view_filter ] --END-- [ RunTime:0.001001s ]
INFO: [ app_end ] --START--
INFO: Run Behavior\ShowPageTraceBehavior [ RunTime:0.002000s ]
INFO: [ app_end ] --END-- [ RunTime:0.002000s ]

[ 2017-06-20T21:53:39+08:00 ] 127.0.0.1 /
INFO: [ app_init ] --START--
INFO: Run Behavior\BuildLiteBehavior [ RunTime:0.000000s ]
INFO: [ app_init ] --END-- [ RunTime:0.107007s ]
INFO: [ app_begin ] --START--
INFO: Run Behavior\ReadHtmlCacheBehavior [ RunTime:0.015001s ]
INFO: [ app_begin ] --END-- [ RunTime:0.016001s ]
SQL: DESCRIBE hao_category [ RunTime:0.068004s ]
SQL: SELECT * FROM `hao_category` WHERE `pid` = 0 AND `position` = 1 AND `hidden` = 2  [ RunTime:0.001000s ]
SQL: SELECT * FROM `hao_category` WHERE `pid` = 0 AND `position` = 2 AND `hidden` = 2  [ RunTime:0.001000s ]
SQL: DESCRIBE hao_basic [ RunTime:0.027002s ]
SQL: SELECT * FROM `hao_basic` WHERE `basic_name` = 'top_yuyue' LIMIT 1   [ RunTime:0.010000s ]
SQL: SELECT * FROM `hao_basic` WHERE `basic_name` = 'bottom_tel' LIMIT 1   [ RunTime:0.001001s ]
SQL: SELECT * FROM `hao_basic` WHERE `basic_name` = 'address' LIMIT 1   [ RunTime:0.001000s ]
SQL: SELECT * FROM `hao_basic` WHERE `basic_name` = 'bottom_desc' LIMIT 1   [ RunTime:0.001000s ]
SQL: SELECT * FROM `hao_basic` WHERE `basic_name` = 'Record' LIMIT 1   [ RunTime:0.001000s ]
SQL: SELECT * FROM `hao_basic` WHERE `basic_name` = 'search_top' LIMIT 1   [ RunTime:0.001000s ]
SQL: DESCRIBE hao_additional [ RunTime:0.037002s ]
SQL: SELECT * FROM `hao_additional` WHERE `fujia_key` = 'button_wx' LIMIT 1   [ RunTime:0.001000s ]
SQL: DESCRIBE hao_gear [ RunTime:0.025001s ]
SQL: SELECT * FROM `hao_gear`  [ RunTime:0.001000s ]
SQL: DESCRIBE hao_article [ RunTime:0.041003s ]
SQL: SELECT * FROM `hao_article` WHERE `cate_id` = 63 ORDER BY sort asc LIMIT 0,4   [ RunTime:0.011000s ]
SQL: SELECT * FROM `hao_article` WHERE `cate_id` = 64 ORDER BY sort asc  [ RunTime:0.001000s ]
SQL: SELECT * FROM `hao_article` WHERE `cate_id` = 65 ORDER BY sort asc LIMIT 1   [ RunTime:0.001000s ]
SQL: SELECT * FROM `hao_category` WHERE `pid` = 0  [ RunTime:0.001000s ]
SQL: SELECT * FROM `hao_basic` WHERE `basic_name` = 'webname' LIMIT 1   [ RunTime:0.001000s ]
SQL: SELECT * FROM `hao_basic` WHERE `basic_name` = 'Record' LIMIT 1   [ RunTime:0.001000s ]
SQL: SELECT * FROM `hao_basic` WHERE `basic_name` = 'qq' LIMIT 1   [ RunTime:0.000000s ]
SQL: SELECT * FROM `hao_additional` WHERE `fujia_key` = 'button_logo' LIMIT 1   [ RunTime:0.000000s ]
SQL: SELECT * FROM `hao_additional` WHERE `fujia_key` = 'button_wx' LIMIT 1   [ RunTime:0.000000s ]
INFO: [ view_parse ] --START--
INFO: [ template_filter ] --START--
INFO: Run Behavior\ContentReplaceBehavior [ RunTime:0.000000s ]
INFO: [ template_filter ] --END-- [ RunTime:0.001000s ]
INFO: Run Behavior\ParseTemplateBehavior [ RunTime:0.124007s ]
INFO: [ view_parse ] --END-- [ RunTime:0.124007s ]
INFO: [ view_filter ] --START--
INFO: Run Behavior\WriteHtmlCacheBehavior [ RunTime:0.003000s ]
INFO: [ view_filter ] --END-- [ RunTime:0.003000s ]
INFO: [ app_end ] --START--
INFO: Run Behavior\ShowPageTraceBehavior [ RunTime:0.018001s ]
INFO: [ app_end ] --END-- [ RunTime:0.018001s ]

