[ 2017-05-11T17:21:40+08:00 ] 127.0.0.1 /
INFO: [ app_init ] --START--
INFO: Run Behavior\BuildLiteBehavior [ RunTime:0.000000s ]
INFO: [ app_init ] --END-- [ RunTime:0.002000s ]
INFO: [ app_begin ] --START--
INFO: Run Behavior\ReadHtmlCacheBehavior [ RunTime:0.003000s ]
INFO: [ app_begin ] --END-- [ RunTime:0.003000s ]
SQL: DESCRIBE hao_gear [ RunTime:0.077005s ]
SQL: SELECT * FROM `hao_gear`  [ RunTime:0.001000s ]
SQL: DESCRIBE hao_goods [ RunTime:0.032002s ]
SQL: SELECT * FROM `hao_goods` LIMIT 0,6   [ RunTime:0.008001s ]
SQL: DESCRIBE hao_article [ RunTime:0.050003s ]
SQL: SELECT * FROM `hao_article` WHERE `cate_id` = 20 ORDER BY addtime desc LIMIT 1   [ RunTime:0.043002s ]
SQL: DESCRIBE hao_category [ RunTime:0.034002s ]
SQL: SELECT * FROM `hao_category` WHERE `pid` = 0  [ RunTime:0.001000s ]
SQL: DESCRIBE hao_basic [ RunTime:0.051003s ]
SQL: SELECT * FROM `hao_basic` WHERE `basic_name` = 'webname' LIMIT 1   [ RunTime:0.004000s ]
SQL: SELECT * FROM `hao_basic` WHERE `basic_name` = 'Record' LIMIT 1   [ RunTime:0.001000s ]
SQL: SELECT * FROM `hao_basic` WHERE `basic_name` = 'qq' LIMIT 1   [ RunTime:0.000000s ]
SQL: DESCRIBE hao_additional [ RunTime:0.061004s ]
SQL: SELECT * FROM `hao_additional` WHERE `fujia_key` = 'button_logo' LIMIT 1   [ RunTime:0.001000s ]
SQL: SELECT * FROM `hao_additional` WHERE `fujia_key` = 'button_wx' LIMIT 1   [ RunTime:0.005000s ]
INFO: [ view_parse ] --START--
INFO: [ template_filter ] --START--
INFO: Run Behavior\ContentReplaceBehavior [ RunTime:0.000000s ]
INFO: [ template_filter ] --END-- [ RunTime:0.001000s ]
INFO: Run Behavior\ParseTemplateBehavior [ RunTime:0.167010s ]
INFO: [ view_parse ] --END-- [ RunTime:0.167010s ]
INFO: [ view_filter ] --START--
INFO: Run Behavior\WriteHtmlCacheBehavior [ RunTime:0.024001s ]
INFO: [ view_filter ] --END-- [ RunTime:0.024001s ]
INFO: [ app_end ] --START--
INFO: Run Behavior\ShowPageTraceBehavior [ RunTime:0.013001s ]
INFO: [ app_end ] --END-- [ RunTime:0.013001s ]

[ 2017-05-11T17:21:42+08:00 ] 127.0.0.1 /index.php/Home/Index/area.html?upid=0
INFO: [ app_init ] --START--
INFO: Run Behavior\BuildLiteBehavior [ RunTime:0.000000s ]
INFO: [ app_init ] --END-- [ RunTime:0.001000s ]
INFO: [ app_begin ] --START--
INFO: Run Behavior\ReadHtmlCacheBehavior [ RunTime:0.004001s ]
INFO: [ app_begin ] --END-- [ RunTime:0.004001s ]
SQL: DESCRIBE hao_area [ RunTime:0.078004s ]
SQL: SELECT * FROM `hao_area` WHERE `upid` = '0'  [ RunTime:0.026002s ]

[ 2017-05-11T17:22:21+08:00 ] 127.0.0.1 /
INFO: [ app_init ] --START--
INFO: Run Behavior\BuildLiteBehavior [ RunTime:0.000000s ]
INFO: [ app_init ] --END-- [ RunTime:0.001000s ]
INFO: [ app_begin ] --START--
INFO: Run Behavior\ReadHtmlCacheBehavior [ RunTime:0.001000s ]
INFO: [ app_begin ] --END-- [ RunTime:0.001000s ]

