[ 2017-04-18T07:49:10+08:00 ] 127.0.0.1 /
INFO: [ app_init ] --START--
INFO: Run Behavior\BuildLiteBehavior [ RunTime:0.000000s ]
INFO: [ app_init ] --END-- [ RunTime:0.040002s ]
INFO: [ app_begin ] --START--
INFO: Run Behavior\ReadHtmlCacheBehavior [ RunTime:0.012001s ]
INFO: [ app_begin ] --END-- [ RunTime:0.013001s ]
SQL: DESCRIBE hao_gear [ RunTime:0.055003s ]
SQL: SELECT * FROM `hao_gear` WHERE `if_index` = 1  [ RunTime:0.001000s ]
SQL: DESCRIBE hao_goods [ RunTime:0.048003s ]
SQL: SELECT * FROM `hao_goods` WHERE `vid` = 1 ORDER BY gid asc LIMIT 0,3   [ RunTime:0.002000s ]
SQL: SELECT * FROM `hao_goods` WHERE `vid` = 2 ORDER BY gid asc LIMIT 0,4   [ RunTime:0.000000s ]
SQL: DESCRIBE hao_article [ RunTime:0.039002s ]
SQL: SELECT * FROM `hao_article` WHERE `cate_id` = 16 ORDER BY tid asc LIMIT 1,6   [ RunTime:0.009001s ]
SQL: SELECT * FROM `hao_goods` WHERE `vid` = 3 ORDER BY gid asc LIMIT 0,2   [ RunTime:0.000000s ]
SQL: SELECT * FROM `hao_goods` WHERE `vid` = 2 ORDER BY gid asc LIMIT 0,2   [ RunTime:0.001000s ]
SQL: DESCRIBE hao_category [ RunTime:0.036002s ]
SQL: SELECT * FROM `hao_category` WHERE `pid` = 0  [ RunTime:0.001000s ]
SQL: DESCRIBE hao_style [ RunTime:0.044003s ]
SQL: DESCRIBE hao_cate [ RunTime:0.025001s ]
SQL: SELECT * FROM `hao_style`  [ RunTime:0.001000s ]
SQL: SELECT * FROM `hao_cate`  [ RunTime:0.001000s ]
INFO: [ view_parse ] --START--
NOTIC: [2] file_get_contents(./Application/Home/View/public/sidebar.html): failed to open stream: No such file or directory E:\Epp\haohai\ThinkPHP\Library\Think\Template.class.php 第 692 行.
INFO: [ template_filter ] --START--
INFO: Run Behavior\ContentReplaceBehavior [ RunTime:0.000000s ]
INFO: [ template_filter ] --END-- [ RunTime:0.000000s ]
NOTIC: [8] Undefined index: title E:\Epp\haohai\Application\Runtime\Cache\Home\2a94b8bda04ff446dcedd42276fc99ee.php 第 274 行.
NOTIC: [8] Undefined index: title E:\Epp\haohai\Application\Runtime\Cache\Home\2a94b8bda04ff446dcedd42276fc99ee.php 第 274 行.
INFO: Run Behavior\ParseTemplateBehavior [ RunTime:0.128008s ]
INFO: [ view_parse ] --END-- [ RunTime:0.128008s ]
INFO: [ view_filter ] --START--
INFO: Run Behavior\WriteHtmlCacheBehavior [ RunTime:0.021001s ]
INFO: [ view_filter ] --END-- [ RunTime:0.021001s ]
INFO: [ app_end ] --START--
INFO: Run Behavior\ShowPageTraceBehavior [ RunTime:0.007000s ]
INFO: [ app_end ] --END-- [ RunTime:0.007000s ]

[ 2017-04-18T07:49:11+08:00 ] 127.0.0.1 /index.php/Home/Index/area.html?upid=0
INFO: [ app_init ] --START--
INFO: Run Behavior\BuildLiteBehavior [ RunTime:0.000000s ]
INFO: [ app_init ] --END-- [ RunTime:0.000000s ]
INFO: [ app_begin ] --START--
INFO: Run Behavior\ReadHtmlCacheBehavior [ RunTime:0.000000s ]
INFO: [ app_begin ] --END-- [ RunTime:0.000000s ]
SQL: DESCRIBE hao_area [ RunTime:0.034601s ]
SQL: SELECT * FROM `hao_area` WHERE `upid` = '0'  [ RunTime:0.031200s ]

[ 2017-04-18T07:52:22+08:00 ] 127.0.0.1 /index.php/Home/home/index/id/3.html
INFO: [ app_init ] --START--
INFO: Run Behavior\BuildLiteBehavior [ RunTime:0.000000s ]
INFO: [ app_init ] --END-- [ RunTime:0.001000s ]
INFO: [ app_begin ] --START--
INFO: Run Behavior\ReadHtmlCacheBehavior [ RunTime:0.000000s ]
INFO: [ app_begin ] --END-- [ RunTime:0.000000s ]
SQL: DESCRIBE hao_style [ RunTime:0.020001s ]
SQL: SELECT * FROM `hao_style` WHERE `cate_id` = '3'  [ RunTime:0.001000s ]
SQL: DESCRIBE hao_cate [ RunTime:0.017001s ]
SQL: SELECT * FROM `hao_cate` WHERE `cate_id` = '3'  [ RunTime:0.001000s ]
SQL: DESCRIBE hao_has [ RunTime:0.041002s ]
SQL: SELECT * FROM `hao_has` WHERE `cate_id` = '3'  [ RunTime:0.000000s ]
SQL: DESCRIBE hao_goods [ RunTime:0.015001s ]
SQL: SELECT COUNT(*) AS tp_count FROM `hao_goods` WHERE `cate_id` = '3' LIMIT 1   [ RunTime:0.001000s ]
SQL: SELECT COUNT(*) AS tp_count FROM `hao_goods` WHERE `cate_id` = '3' LIMIT 1   [ RunTime:0.001000s ]
SQL: SELECT * FROM `hao_goods` WHERE `cate_id` = '3' LIMIT 0,16   [ RunTime:0.000000s ]
SQL: SELECT * FROM `hao_cate` WHERE `cid` = '2' LIMIT 1   [ RunTime:0.000000s ]
SQL: SELECT * FROM `hao_has` WHERE `mid` = '1' LIMIT 1   [ RunTime:0.000000s ]
SQL: SELECT * FROM `hao_cate` WHERE `cid` = '1' LIMIT 1   [ RunTime:0.001000s ]
SQL: SELECT * FROM `hao_has` WHERE `mid` = '1' LIMIT 1   [ RunTime:0.000000s ]
SQL: SELECT * FROM `hao_cate` WHERE `cid` = '2' LIMIT 1   [ RunTime:0.001000s ]
SQL: SELECT * FROM `hao_has` WHERE `mid` = '2' LIMIT 1   [ RunTime:0.000000s ]
SQL: SELECT * FROM `hao_cate` WHERE `cid` = '1' LIMIT 1   [ RunTime:0.001000s ]
SQL: SELECT * FROM `hao_has` WHERE `mid` = '2' LIMIT 1   [ RunTime:0.000000s ]
SQL: SELECT * FROM `hao_cate` WHERE `cid` = '3' LIMIT 1   [ RunTime:0.000000s ]
SQL: SELECT * FROM `hao_has` WHERE `mid` = '2' LIMIT 1   [ RunTime:0.001000s ]
SQL: SELECT * FROM `hao_cate` WHERE `cid` = '3' LIMIT 1   [ RunTime:0.000000s ]
SQL: SELECT * FROM `hao_has` WHERE `mid` = '4' LIMIT 1   [ RunTime:0.000000s ]
SQL: SELECT * FROM `hao_cate` WHERE `cid` = '4' LIMIT 1   [ RunTime:0.000000s ]
SQL: SELECT * FROM `hao_has` WHERE `mid` = '3' LIMIT 1   [ RunTime:0.000000s ]
SQL: SELECT * FROM `hao_cate` WHERE `cid` = '10' LIMIT 1   [ RunTime:0.000000s ]
SQL: SELECT * FROM `hao_has` WHERE `mid` = '4' LIMIT 1   [ RunTime:0.000000s ]
SQL: SELECT * FROM `hao_cate` WHERE `cid` = '8' LIMIT 1   [ RunTime:0.000000s ]
SQL: SELECT * FROM `hao_has` WHERE `mid` = '4' LIMIT 1   [ RunTime:0.000000s ]
SQL: SELECT * FROM `hao_cate` WHERE `cid` = '2' LIMIT 1   [ RunTime:0.000000s ]
SQL: SELECT * FROM `hao_has` WHERE `mid` = '1' LIMIT 1   [ RunTime:0.000000s ]
SQL: SELECT * FROM `hao_cate` WHERE `cid` = '1' LIMIT 1   [ RunTime:0.000000s ]
SQL: SELECT * FROM `hao_has` WHERE `mid` = '1' LIMIT 1   [ RunTime:0.000000s ]
SQL: SELECT * FROM `hao_cate` WHERE `cid` = '2' LIMIT 1   [ RunTime:0.000000s ]
SQL: SELECT * FROM `hao_has` WHERE `mid` = '2' LIMIT 1   [ RunTime:0.000000s ]
SQL: SELECT * FROM `hao_cate` WHERE `cid` = '2' LIMIT 1   [ RunTime:0.001001s ]
SQL: SELECT * FROM `hao_has` WHERE `mid` = '1' LIMIT 1   [ RunTime:0.000000s ]
SQL: SELECT * FROM `hao_cate` WHERE `cid` = '1' LIMIT 1   [ RunTime:0.000000s ]
SQL: SELECT * FROM `hao_has` WHERE `mid` = '1' LIMIT 1   [ RunTime:0.000000s ]
SQL: SELECT * FROM `hao_cate` WHERE `cid` = '2' LIMIT 1   [ RunTime:0.000000s ]
SQL: SELECT * FROM `hao_has` WHERE `mid` = '2' LIMIT 1   [ RunTime:0.000000s ]
SQL: SELECT * FROM `hao_cate` WHERE `cid` = '2' LIMIT 1   [ RunTime:0.001000s ]
SQL: SELECT * FROM `hao_has` WHERE `mid` = '1' LIMIT 1   [ RunTime:0.000000s ]
SQL: DESCRIBE hao_category [ RunTime:0.014000s ]
SQL: SELECT * FROM `hao_category` WHERE `pid` = 0  [ RunTime:0.001001s ]
SQL: SELECT * FROM `hao_style`  [ RunTime:0.000000s ]
SQL: SELECT * FROM `hao_cate`  [ RunTime:0.000000s ]
INFO: [ view_parse ] --START--
NOTIC: [2] file_get_contents(./Application/Home/View/public/sidebar.html): failed to open stream: No such file or directory E:\Epp\haohai\ThinkPHP\Library\Think\Template.class.php 第 692 行.
INFO: [ template_filter ] --START--
INFO: Run Behavior\ContentReplaceBehavior [ RunTime:0.000000s ]
INFO: [ template_filter ] --END-- [ RunTime:0.000000s ]
INFO: Run Behavior\ParseTemplateBehavior [ RunTime:0.047002s ]
INFO: [ view_parse ] --END-- [ RunTime:0.047002s ]
INFO: [ view_filter ] --START--
INFO: Run Behavior\WriteHtmlCacheBehavior [ RunTime:0.001000s ]
INFO: [ view_filter ] --END-- [ RunTime:0.001000s ]
INFO: [ app_end ] --START--
INFO: Run Behavior\ShowPageTraceBehavior [ RunTime:0.001000s ]
INFO: [ app_end ] --END-- [ RunTime:0.001000s ]

[ 2017-04-18T07:52:23+08:00 ] 127.0.0.1 /index.php/Home/Index/area.html?upid=0
INFO: [ app_init ] --START--
INFO: Run Behavior\BuildLiteBehavior [ RunTime:0.000000s ]
INFO: [ app_init ] --END-- [ RunTime:0.000000s ]
INFO: [ app_begin ] --START--
INFO: Run Behavior\ReadHtmlCacheBehavior [ RunTime:0.000000s ]
INFO: [ app_begin ] --END-- [ RunTime:0.000000s ]
SQL: DESCRIBE hao_area [ RunTime:0.013001s ]
SQL: SELECT * FROM `hao_area` WHERE `upid` = '0'  [ RunTime:0.001000s ]

[ 2017-04-18T07:52:33+08:00 ] 127.0.0.1 /index.php/Home/home/detail/id/3.html
INFO: [ app_init ] --START--
INFO: Run Behavior\BuildLiteBehavior [ RunTime:0.001000s ]
INFO: [ app_init ] --END-- [ RunTime:0.001000s ]
INFO: [ app_begin ] --START--
INFO: Run Behavior\ReadHtmlCacheBehavior [ RunTime:0.000000s ]
INFO: [ app_begin ] --END-- [ RunTime:0.000000s ]
SQL: DESCRIBE hao_goods [ RunTime:0.015001s ]
SQL: SELECT * FROM `hao_goods` WHERE `gid` = '3' LIMIT 1   [ RunTime:0.001000s ]
SQL: DESCRIBE hao_cate [ RunTime:0.014001s ]
SQL: DESCRIBE hao_has [ RunTime:0.013001s ]
SQL: DESCRIBE hao_style [ RunTime:0.013000s ]
SQL: SELECT * FROM `hao_cate` WHERE `cid` = '2' LIMIT 1   [ RunTime:0.001001s ]
SQL: SELECT * FROM `hao_has` WHERE `mid` = '1' LIMIT 1   [ RunTime:0.000000s ]
SQL: SELECT * FROM `hao_style` WHERE `fid` = '1' LIMIT 1   [ RunTime:0.001000s ]
SQL: DESCRIBE hao_category [ RunTime:0.012000s ]
SQL: SELECT * FROM `hao_category` WHERE `pid` = 0  [ RunTime:0.000000s ]
SQL: SELECT * FROM `hao_style`  [ RunTime:0.001000s ]
SQL: SELECT * FROM `hao_cate`  [ RunTime:0.000000s ]
INFO: [ view_parse ] --START--
NOTIC: [2] file_get_contents(./Application/Home/View/public/sidebar.html): failed to open stream: No such file or directory E:\Epp\haohai\ThinkPHP\Library\Think\Template.class.php 第 692 行.
INFO: [ template_filter ] --START--
INFO: Run Behavior\ContentReplaceBehavior [ RunTime:0.000000s ]
INFO: [ template_filter ] --END-- [ RunTime:0.000000s ]
INFO: Run Behavior\ParseTemplateBehavior [ RunTime:0.032002s ]
INFO: [ view_parse ] --END-- [ RunTime:0.032002s ]
INFO: [ view_filter ] --START--
INFO: Run Behavior\WriteHtmlCacheBehavior [ RunTime:0.001000s ]
INFO: [ view_filter ] --END-- [ RunTime:0.001000s ]
INFO: [ app_end ] --START--
INFO: Run Behavior\ShowPageTraceBehavior [ RunTime:0.001000s ]
INFO: [ app_end ] --END-- [ RunTime:0.001000s ]

[ 2017-04-18T07:52:34+08:00 ] 127.0.0.1 /index.php/Home/Index/area.html?upid=0
INFO: [ app_init ] --START--
INFO: Run Behavior\BuildLiteBehavior [ RunTime:0.000000s ]
INFO: [ app_init ] --END-- [ RunTime:0.000000s ]
INFO: [ app_begin ] --START--
INFO: Run Behavior\ReadHtmlCacheBehavior [ RunTime:0.001000s ]
INFO: [ app_begin ] --END-- [ RunTime:0.001000s ]
SQL: DESCRIBE hao_area [ RunTime:0.018001s ]
SQL: SELECT * FROM `hao_area` WHERE `upid` = '0'  [ RunTime:0.001000s ]

[ 2017-04-18T07:53:32+08:00 ] 127.0.0.1 /index.php/Home/home/detail/id/3.html
INFO: [ app_init ] --START--
INFO: Run Behavior\BuildLiteBehavior [ RunTime:0.000000s ]
INFO: [ app_init ] --END-- [ RunTime:0.001000s ]
INFO: [ app_begin ] --START--
INFO: Run Behavior\ReadHtmlCacheBehavior [ RunTime:0.001000s ]
INFO: [ app_begin ] --END-- [ RunTime:0.001000s ]
SQL: DESCRIBE hao_goods [ RunTime:0.012001s ]
SQL: SELECT * FROM `hao_goods` WHERE `gid` = '3' LIMIT 1   [ RunTime:0.000000s ]
SQL: DESCRIBE hao_cate [ RunTime:0.012000s ]
SQL: DESCRIBE hao_has [ RunTime:0.012001s ]
SQL: DESCRIBE hao_style [ RunTime:0.014001s ]
SQL: SELECT * FROM `hao_cate` WHERE `cid` = '2' LIMIT 1   [ RunTime:0.000000s ]
SQL: SELECT * FROM `hao_has` WHERE `mid` = '1' LIMIT 1   [ RunTime:0.001000s ]
SQL: SELECT * FROM `hao_style` WHERE `fid` = '1' LIMIT 1   [ RunTime:0.000000s ]
SQL: DESCRIBE hao_category [ RunTime:0.011001s ]
SQL: SELECT * FROM `hao_category` WHERE `pid` = 0  [ RunTime:0.001000s ]
SQL: SELECT * FROM `hao_style`  [ RunTime:0.000000s ]
SQL: SELECT * FROM `hao_cate`  [ RunTime:0.000000s ]
INFO: [ view_parse ] --START--
NOTIC: [2] file_get_contents(./Application/Home/View/public/sidebar.html): failed to open stream: No such file or directory E:\Epp\haohai\ThinkPHP\Library\Think\Template.class.php 第 692 行.
INFO: [ template_filter ] --START--
INFO: Run Behavior\ContentReplaceBehavior [ RunTime:0.000000s ]
INFO: [ template_filter ] --END-- [ RunTime:0.000000s ]
INFO: Run Behavior\ParseTemplateBehavior [ RunTime:0.048002s ]
INFO: [ view_parse ] --END-- [ RunTime:0.048002s ]
INFO: [ view_filter ] --START--
INFO: Run Behavior\WriteHtmlCacheBehavior [ RunTime:0.001000s ]
INFO: [ view_filter ] --END-- [ RunTime:0.001000s ]
INFO: [ app_end ] --START--
INFO: Run Behavior\ShowPageTraceBehavior [ RunTime:0.001000s ]
INFO: [ app_end ] --END-- [ RunTime:0.002001s ]

[ 2017-04-18T07:53:33+08:00 ] 127.0.0.1 /index.php/Home/Index/area.html?upid=0
INFO: [ app_init ] --START--
INFO: Run Behavior\BuildLiteBehavior [ RunTime:0.000000s ]
INFO: [ app_init ] --END-- [ RunTime:0.000000s ]
INFO: [ app_begin ] --START--
INFO: Run Behavior\ReadHtmlCacheBehavior [ RunTime:0.000000s ]
INFO: [ app_begin ] --END-- [ RunTime:0.001000s ]
SQL: DESCRIBE hao_area [ RunTime:0.019001s ]
SQL: SELECT * FROM `hao_area` WHERE `upid` = '0'  [ RunTime:0.000000s ]

[ 2017-04-18T07:53:35+08:00 ] 127.0.0.1 /
INFO: [ app_init ] --START--
INFO: Run Behavior\BuildLiteBehavior [ RunTime:0.000000s ]
INFO: [ app_init ] --END-- [ RunTime:0.000000s ]
INFO: [ app_begin ] --START--
INFO: Run Behavior\ReadHtmlCacheBehavior [ RunTime:0.001000s ]
INFO: [ app_begin ] --END-- [ RunTime:0.001000s ]
SQL: DESCRIBE hao_gear [ RunTime:0.015001s ]
SQL: SELECT * FROM `hao_gear` WHERE `if_index` = 1  [ RunTime:0.000000s ]
SQL: DESCRIBE hao_goods [ RunTime:0.016001s ]
SQL: SELECT * FROM `hao_goods` WHERE `vid` = 1 ORDER BY gid asc LIMIT 0,3   [ RunTime:0.001000s ]
SQL: SELECT * FROM `hao_goods` WHERE `vid` = 2 ORDER BY gid asc LIMIT 0,4   [ RunTime:0.000000s ]
SQL: DESCRIBE hao_article [ RunTime:0.015001s ]
SQL: SELECT * FROM `hao_article` WHERE `cate_id` = 16 ORDER BY tid asc LIMIT 1,6   [ RunTime:0.001000s ]
SQL: SELECT * FROM `hao_goods` WHERE `vid` = 3 ORDER BY gid asc LIMIT 0,2   [ RunTime:0.000000s ]
SQL: SELECT * FROM `hao_goods` WHERE `vid` = 2 ORDER BY gid asc LIMIT 0,2   [ RunTime:0.001000s ]
SQL: DESCRIBE hao_category [ RunTime:0.011001s ]
SQL: SELECT * FROM `hao_category` WHERE `pid` = 0  [ RunTime:0.000000s ]
SQL: DESCRIBE hao_style [ RunTime:0.015001s ]
SQL: DESCRIBE hao_cate [ RunTime:0.016001s ]
SQL: SELECT * FROM `hao_style`  [ RunTime:0.001000s ]
SQL: SELECT * FROM `hao_cate`  [ RunTime:0.000000s ]
INFO: [ view_parse ] --START--
NOTIC: [2] file_get_contents(./Application/Home/View/public/sidebar.html): failed to open stream: No such file or directory E:\Epp\haohai\ThinkPHP\Library\Think\Template.class.php 第 692 行.
INFO: [ template_filter ] --START--
INFO: Run Behavior\ContentReplaceBehavior [ RunTime:0.000000s ]
INFO: [ template_filter ] --END-- [ RunTime:0.000000s ]
NOTIC: [8] Undefined index: title E:\Epp\haohai\Application\Runtime\Cache\Home\2a94b8bda04ff446dcedd42276fc99ee.php 第 274 行.
NOTIC: [8] Undefined index: title E:\Epp\haohai\Application\Runtime\Cache\Home\2a94b8bda04ff446dcedd42276fc99ee.php 第 274 行.
INFO: Run Behavior\ParseTemplateBehavior [ RunTime:0.019001s ]
INFO: [ view_parse ] --END-- [ RunTime:0.019001s ]
INFO: [ view_filter ] --START--
INFO: Run Behavior\WriteHtmlCacheBehavior [ RunTime:0.000000s ]
INFO: [ view_filter ] --END-- [ RunTime:0.000000s ]
INFO: [ app_end ] --START--
INFO: Run Behavior\ShowPageTraceBehavior [ RunTime:0.001000s ]
INFO: [ app_end ] --END-- [ RunTime:0.001000s ]

[ 2017-04-18T07:53:36+08:00 ] 127.0.0.1 /index.php/Home/Index/area.html?upid=0
INFO: [ app_init ] --START--
INFO: Run Behavior\BuildLiteBehavior [ RunTime:0.000000s ]
INFO: [ app_init ] --END-- [ RunTime:0.000000s ]
INFO: [ app_begin ] --START--
INFO: Run Behavior\ReadHtmlCacheBehavior [ RunTime:0.000000s ]
INFO: [ app_begin ] --END-- [ RunTime:0.000000s ]
SQL: DESCRIBE hao_area [ RunTime:0.019001s ]
SQL: SELECT * FROM `hao_area` WHERE `upid` = '0'  [ RunTime:0.001000s ]

[ 2017-04-18T07:53:58+08:00 ] 127.0.0.1 /
INFO: [ app_init ] --START--
INFO: Run Behavior\BuildLiteBehavior [ RunTime:0.000000s ]
INFO: [ app_init ] --END-- [ RunTime:0.001000s ]
INFO: [ app_begin ] --START--
INFO: Run Behavior\ReadHtmlCacheBehavior [ RunTime:0.001000s ]
INFO: [ app_begin ] --END-- [ RunTime:0.002000s ]
SQL: DESCRIBE hao_gear [ RunTime:0.017001s ]
SQL: SELECT * FROM `hao_gear` WHERE `if_index` = 1  [ RunTime:0.001000s ]
SQL: DESCRIBE hao_goods [ RunTime:0.011000s ]
SQL: SELECT * FROM `hao_goods` WHERE `vid` = 1 ORDER BY gid asc LIMIT 0,3   [ RunTime:0.000000s ]
SQL: SELECT * FROM `hao_goods` WHERE `vid` = 2 ORDER BY gid asc LIMIT 0,4   [ RunTime:0.000000s ]
SQL: DESCRIBE hao_article [ RunTime:0.013001s ]
SQL: SELECT * FROM `hao_article` WHERE `cate_id` = 16 ORDER BY tid asc LIMIT 1,6   [ RunTime:0.001000s ]
SQL: SELECT * FROM `hao_goods` WHERE `vid` = 3 ORDER BY gid asc LIMIT 0,2   [ RunTime:0.000000s ]
SQL: SELECT * FROM `hao_goods` WHERE `vid` = 2 ORDER BY gid asc LIMIT 0,2   [ RunTime:0.001000s ]
SQL: DESCRIBE hao_category [ RunTime:0.015001s ]
SQL: SELECT * FROM `hao_category` WHERE `pid` = 0  [ RunTime:0.000000s ]
SQL: DESCRIBE hao_style [ RunTime:0.013001s ]
SQL: DESCRIBE hao_cate [ RunTime:0.010001s ]
SQL: SELECT * FROM `hao_style`  [ RunTime:0.000000s ]
SQL: SELECT * FROM `hao_cate`  [ RunTime:0.001000s ]
INFO: [ view_parse ] --START--
NOTIC: [2] file_get_contents(./Application/Home/View/public/sidebar.html): failed to open stream: No such file or directory E:\Epp\haohai\ThinkPHP\Library\Think\Template.class.php 第 692 行.
INFO: [ template_filter ] --START--
INFO: Run Behavior\ContentReplaceBehavior [ RunTime:0.000000s ]
INFO: [ template_filter ] --END-- [ RunTime:0.000000s ]
NOTIC: [8] Undefined index: title E:\Epp\haohai\Application\Runtime\Cache\Home\2a94b8bda04ff446dcedd42276fc99ee.php 第 274 行.
NOTIC: [8] Undefined index: title E:\Epp\haohai\Application\Runtime\Cache\Home\2a94b8bda04ff446dcedd42276fc99ee.php 第 274 行.
INFO: Run Behavior\ParseTemplateBehavior [ RunTime:0.018001s ]
INFO: [ view_parse ] --END-- [ RunTime:0.018001s ]
INFO: [ view_filter ] --START--
INFO: Run Behavior\WriteHtmlCacheBehavior [ RunTime:0.001000s ]
INFO: [ view_filter ] --END-- [ RunTime:0.001000s ]
INFO: [ app_end ] --START--
INFO: Run Behavior\ShowPageTraceBehavior [ RunTime:0.000000s ]
INFO: [ app_end ] --END-- [ RunTime:0.000000s ]

[ 2017-04-18T07:53:59+08:00 ] 127.0.0.1 /index.php/Home/Index/area.html?upid=0
INFO: [ app_init ] --START--
INFO: Run Behavior\BuildLiteBehavior [ RunTime:0.000000s ]
INFO: [ app_init ] --END-- [ RunTime:0.001001s ]
INFO: [ app_begin ] --START--
INFO: Run Behavior\ReadHtmlCacheBehavior [ RunTime:0.000000s ]
INFO: [ app_begin ] --END-- [ RunTime:0.000000s ]
SQL: DESCRIBE hao_area [ RunTime:0.015600s ]
SQL: SELECT * FROM `hao_area` WHERE `upid` = '0'  [ RunTime:0.000000s ]

[ 2017-04-18T07:54:02+08:00 ] 127.0.0.1 /index.php/Home/home/detail/id/6.html
INFO: [ app_init ] --START--
INFO: Run Behavior\BuildLiteBehavior [ RunTime:0.000000s ]
INFO: [ app_init ] --END-- [ RunTime:0.000000s ]
INFO: [ app_begin ] --START--
INFO: Run Behavior\ReadHtmlCacheBehavior [ RunTime:0.001000s ]
INFO: [ app_begin ] --END-- [ RunTime:0.001000s ]
SQL: DESCRIBE hao_goods [ RunTime:0.016001s ]
SQL: SELECT * FROM `hao_goods` WHERE `gid` = '6' LIMIT 1   [ RunTime:0.001000s ]
SQL: DESCRIBE hao_cate [ RunTime:0.015001s ]
SQL: DESCRIBE hao_has [ RunTime:0.012001s ]
SQL: DESCRIBE hao_style [ RunTime:0.013001s ]
SQL: SELECT * FROM `hao_cate` WHERE `cid` = '1' LIMIT 1   [ RunTime:0.000000s ]
SQL: SELECT * FROM `hao_has` WHERE `mid` = '2' LIMIT 1   [ RunTime:0.001000s ]
SQL: SELECT * FROM `hao_style` WHERE `fid` = '1' LIMIT 1   [ RunTime:0.000000s ]
SQL: DESCRIBE hao_category [ RunTime:0.011000s ]
SQL: SELECT * FROM `hao_category` WHERE `pid` = 0  [ RunTime:0.001000s ]
SQL: SELECT * FROM `hao_style`  [ RunTime:0.000000s ]
SQL: SELECT * FROM `hao_cate`  [ RunTime:0.001000s ]
INFO: [ view_parse ] --START--
NOTIC: [2] file_get_contents(./Application/Home/View/public/sidebar.html): failed to open stream: No such file or directory E:\Epp\haohai\ThinkPHP\Library\Think\Template.class.php 第 692 行.
INFO: [ template_filter ] --START--
INFO: Run Behavior\ContentReplaceBehavior [ RunTime:0.001000s ]
INFO: [ template_filter ] --END-- [ RunTime:0.001000s ]
INFO: Run Behavior\ParseTemplateBehavior [ RunTime:0.013001s ]
INFO: [ view_parse ] --END-- [ RunTime:0.013001s ]
INFO: [ view_filter ] --START--
INFO: Run Behavior\WriteHtmlCacheBehavior [ RunTime:0.000000s ]
INFO: [ view_filter ] --END-- [ RunTime:0.000000s ]
INFO: [ app_end ] --START--
INFO: Run Behavior\ShowPageTraceBehavior [ RunTime:0.001000s ]
INFO: [ app_end ] --END-- [ RunTime:0.001000s ]

[ 2017-04-18T07:54:03+08:00 ] 127.0.0.1 /index.php/Home/Index/area.html?upid=0
INFO: [ app_init ] --START--
INFO: Run Behavior\BuildLiteBehavior [ RunTime:0.000000s ]
INFO: [ app_init ] --END-- [ RunTime:0.000000s ]
INFO: [ app_begin ] --START--
INFO: Run Behavior\ReadHtmlCacheBehavior [ RunTime:0.000000s ]
INFO: [ app_begin ] --END-- [ RunTime:0.000000s ]
SQL: DESCRIBE hao_area [ RunTime:0.013001s ]
SQL: SELECT * FROM `hao_area` WHERE `upid` = '0'  [ RunTime:0.000000s ]

[ 2017-04-18T07:54:05+08:00 ] 127.0.0.1 /index.php/Home/Index/area.html?upid=0
INFO: [ app_init ] --START--
INFO: Run Behavior\BuildLiteBehavior [ RunTime:0.000000s ]
INFO: [ app_init ] --END-- [ RunTime:0.001001s ]
INFO: [ app_begin ] --START--
INFO: Run Behavior\ReadHtmlCacheBehavior [ RunTime:0.002000s ]
INFO: [ app_begin ] --END-- [ RunTime:0.002000s ]
SQL: DESCRIBE hao_area [ RunTime:0.015600s ]
SQL: SELECT * FROM `hao_area` WHERE `upid` = '0'  [ RunTime:0.000000s ]

[ 2017-04-18T07:54:42+08:00 ] 127.0.0.1 /
INFO: [ app_init ] --START--
INFO: Run Behavior\BuildLiteBehavior [ RunTime:0.000000s ]
INFO: [ app_init ] --END-- [ RunTime:0.001000s ]
INFO: [ app_begin ] --START--
INFO: Run Behavior\ReadHtmlCacheBehavior [ RunTime:0.001000s ]
INFO: [ app_begin ] --END-- [ RunTime:0.001000s ]
SQL: DESCRIBE hao_gear [ RunTime:0.015001s ]
SQL: SELECT * FROM `hao_gear` WHERE `if_index` = 1  [ RunTime:0.001000s ]
SQL: DESCRIBE hao_goods [ RunTime:0.013001s ]
SQL: SELECT * FROM `hao_goods` WHERE `vid` = 1 ORDER BY gid asc LIMIT 0,3   [ RunTime:0.001000s ]
SQL: SELECT * FROM `hao_goods` WHERE `vid` = 2 ORDER BY gid asc LIMIT 0,4   [ RunTime:0.001000s ]
SQL: DESCRIBE hao_article [ RunTime:0.013001s ]
SQL: SELECT * FROM `hao_article` WHERE `cate_id` = 16 ORDER BY tid asc LIMIT 1,6   [ RunTime:0.001000s ]
SQL: SELECT * FROM `hao_goods` WHERE `vid` = 3 ORDER BY gid asc LIMIT 0,2   [ RunTime:0.001000s ]
SQL: SELECT * FROM `hao_goods` WHERE `vid` = 2 ORDER BY gid asc LIMIT 0,2   [ RunTime:0.000000s ]
SQL: DESCRIBE hao_category [ RunTime:0.013000s ]
SQL: SELECT * FROM `hao_category` WHERE `pid` = 0  [ RunTime:0.000000s ]
SQL: DESCRIBE hao_style [ RunTime:0.013001s ]
SQL: DESCRIBE hao_cate [ RunTime:0.012001s ]
SQL: SELECT * FROM `hao_style`  [ RunTime:0.001000s ]
SQL: SELECT * FROM `hao_cate`  [ RunTime:0.000000s ]
INFO: [ view_parse ] --START--
NOTIC: [2] file_get_contents(./Application/Home/View/public/sidebar.html): failed to open stream: No such file or directory E:\Epp\haohai\ThinkPHP\Library\Think\Template.class.php 第 692 行.
INFO: [ template_filter ] --START--
INFO: Run Behavior\ContentReplaceBehavior [ RunTime:0.000000s ]
INFO: [ template_filter ] --END-- [ RunTime:0.000000s ]
NOTIC: [8] Undefined index: title E:\Epp\haohai\Application\Runtime\Cache\Home\2a94b8bda04ff446dcedd42276fc99ee.php 第 274 行.
NOTIC: [8] Undefined index: title E:\Epp\haohai\Application\Runtime\Cache\Home\2a94b8bda04ff446dcedd42276fc99ee.php 第 274 行.
INFO: Run Behavior\ParseTemplateBehavior [ RunTime:0.020001s ]
INFO: [ view_parse ] --END-- [ RunTime:0.020001s ]
INFO: [ view_filter ] --START--
INFO: Run Behavior\WriteHtmlCacheBehavior [ RunTime:0.001000s ]
INFO: [ view_filter ] --END-- [ RunTime:0.001000s ]
INFO: [ app_end ] --START--
INFO: Run Behavior\ShowPageTraceBehavior [ RunTime:0.001000s ]
INFO: [ app_end ] --END-- [ RunTime:0.001000s ]

[ 2017-04-18T07:54:44+08:00 ] 127.0.0.1 /index.php/Home/Index/area.html?upid=0
INFO: [ app_init ] --START--
INFO: Run Behavior\BuildLiteBehavior [ RunTime:0.000000s ]
INFO: [ app_init ] --END-- [ RunTime:0.000000s ]
INFO: [ app_begin ] --START--
INFO: Run Behavior\ReadHtmlCacheBehavior [ RunTime:0.000000s ]
INFO: [ app_begin ] --END-- [ RunTime:0.000000s ]
SQL: DESCRIBE hao_area [ RunTime:0.018600s ]
SQL: SELECT * FROM `hao_area` WHERE `upid` = '0'  [ RunTime:0.001000s ]

[ 2017-04-18T07:54:46+08:00 ] 127.0.0.1 /index.php/Home/home/detail/id/6.html
INFO: [ app_init ] --START--
INFO: Run Behavior\BuildLiteBehavior [ RunTime:0.000000s ]
INFO: [ app_init ] --END-- [ RunTime:0.001000s ]
INFO: [ app_begin ] --START--
INFO: Run Behavior\ReadHtmlCacheBehavior [ RunTime:0.001000s ]
INFO: [ app_begin ] --END-- [ RunTime:0.001000s ]
SQL: DESCRIBE hao_goods [ RunTime:0.017001s ]
SQL: SELECT * FROM `hao_goods` WHERE `gid` = '6' LIMIT 1   [ RunTime:0.001000s ]
SQL: DESCRIBE hao_cate [ RunTime:0.015001s ]
SQL: DESCRIBE hao_has [ RunTime:0.014001s ]
SQL: DESCRIBE hao_style [ RunTime:0.015001s ]
SQL: SELECT * FROM `hao_cate` WHERE `cid` = '1' LIMIT 1   [ RunTime:0.000000s ]
SQL: SELECT * FROM `hao_has` WHERE `mid` = '2' LIMIT 1   [ RunTime:0.001000s ]
SQL: SELECT * FROM `hao_style` WHERE `fid` = '1' LIMIT 1   [ RunTime:0.001000s ]
SQL: DESCRIBE hao_category [ RunTime:0.015001s ]
SQL: SELECT * FROM `hao_category` WHERE `pid` = 0  [ RunTime:0.001000s ]
SQL: SELECT * FROM `hao_style`  [ RunTime:0.000000s ]
SQL: SELECT * FROM `hao_cate`  [ RunTime:0.001000s ]
INFO: [ view_parse ] --START--
NOTIC: [2] file_get_contents(./Application/Home/View/public/sidebar.html): failed to open stream: No such file or directory E:\Epp\haohai\ThinkPHP\Library\Think\Template.class.php 第 692 行.
INFO: [ template_filter ] --START--
INFO: Run Behavior\ContentReplaceBehavior [ RunTime:0.000000s ]
INFO: [ template_filter ] --END-- [ RunTime:0.000000s ]
INFO: Run Behavior\ParseTemplateBehavior [ RunTime:0.014001s ]
INFO: [ view_parse ] --END-- [ RunTime:0.014001s ]
INFO: [ view_filter ] --START--
INFO: Run Behavior\WriteHtmlCacheBehavior [ RunTime:0.000000s ]
INFO: [ view_filter ] --END-- [ RunTime:0.000000s ]
INFO: [ app_end ] --START--
INFO: Run Behavior\ShowPageTraceBehavior [ RunTime:0.001000s ]
INFO: [ app_end ] --END-- [ RunTime:0.001000s ]

[ 2017-04-18T07:54:47+08:00 ] 127.0.0.1 /index.php/Home/Index/area.html?upid=0
INFO: [ app_init ] --START--
INFO: Run Behavior\BuildLiteBehavior [ RunTime:0.000000s ]
INFO: [ app_init ] --END-- [ RunTime:0.000000s ]
INFO: [ app_begin ] --START--
INFO: Run Behavior\ReadHtmlCacheBehavior [ RunTime:0.001000s ]
INFO: [ app_begin ] --END-- [ RunTime:0.001000s ]
SQL: DESCRIBE hao_area [ RunTime:0.016600s ]
SQL: SELECT * FROM `hao_area` WHERE `upid` = '0'  [ RunTime:0.000000s ]

[ 2017-04-18T07:54:49+08:00 ] 127.0.0.1 /index.php/Home/Index/area.html?upid=0
INFO: [ app_init ] --START--
INFO: Run Behavior\BuildLiteBehavior [ RunTime:0.000000s ]
INFO: [ app_init ] --END-- [ RunTime:0.001000s ]
INFO: [ app_begin ] --START--
INFO: Run Behavior\ReadHtmlCacheBehavior [ RunTime:0.001000s ]
INFO: [ app_begin ] --END-- [ RunTime:0.001000s ]
SQL: DESCRIBE hao_area [ RunTime:0.015600s ]
SQL: SELECT * FROM `hao_area` WHERE `upid` = '0'  [ RunTime:0.000000s ]

[ 2017-04-18T07:54:51+08:00 ] 127.0.0.1 /index.php/Home/home/detail/id/7.html
INFO: [ app_init ] --START--
INFO: Run Behavior\BuildLiteBehavior [ RunTime:0.001000s ]
INFO: [ app_init ] --END-- [ RunTime:0.001000s ]
INFO: [ app_begin ] --START--
INFO: Run Behavior\ReadHtmlCacheBehavior [ RunTime:0.000000s ]
INFO: [ app_begin ] --END-- [ RunTime:0.000000s ]
SQL: DESCRIBE hao_goods [ RunTime:0.019001s ]
SQL: SELECT * FROM `hao_goods` WHERE `gid` = '7' LIMIT 1   [ RunTime:0.000000s ]
SQL: DESCRIBE hao_cate [ RunTime:0.012001s ]
SQL: DESCRIBE hao_has [ RunTime:0.012001s ]
SQL: DESCRIBE hao_style [ RunTime:0.013000s ]
SQL: SELECT * FROM `hao_cate` WHERE `cid` = '3' LIMIT 1   [ RunTime:0.000000s ]
SQL: SELECT * FROM `hao_has` WHERE `mid` = '2' LIMIT 1   [ RunTime:0.000000s ]
SQL: SELECT * FROM `hao_style` WHERE `fid` = '7' LIMIT 1   [ RunTime:0.000000s ]
SQL: DESCRIBE hao_category [ RunTime:0.011001s ]
SQL: SELECT * FROM `hao_category` WHERE `pid` = 0  [ RunTime:0.001000s ]
SQL: SELECT * FROM `hao_style`  [ RunTime:0.000000s ]
SQL: SELECT * FROM `hao_cate`  [ RunTime:0.000000s ]
INFO: [ view_parse ] --START--
NOTIC: [2] file_get_contents(./Application/Home/View/public/sidebar.html): failed to open stream: No such file or directory E:\Epp\haohai\ThinkPHP\Library\Think\Template.class.php 第 692 行.
INFO: [ template_filter ] --START--
INFO: Run Behavior\ContentReplaceBehavior [ RunTime:0.000000s ]
INFO: [ template_filter ] --END-- [ RunTime:0.000000s ]
INFO: Run Behavior\ParseTemplateBehavior [ RunTime:0.012001s ]
INFO: [ view_parse ] --END-- [ RunTime:0.012001s ]
INFO: [ view_filter ] --START--
INFO: Run Behavior\WriteHtmlCacheBehavior [ RunTime:0.001000s ]
INFO: [ view_filter ] --END-- [ RunTime:0.001000s ]
INFO: [ app_end ] --START--
INFO: Run Behavior\ShowPageTraceBehavior [ RunTime:0.001000s ]
INFO: [ app_end ] --END-- [ RunTime:0.001000s ]

[ 2017-04-18T07:54:52+08:00 ] 127.0.0.1 /index.php/Home/Index/area.html?upid=0
INFO: [ app_init ] --START--
INFO: Run Behavior\BuildLiteBehavior [ RunTime:0.000000s ]
INFO: [ app_init ] --END-- [ RunTime:0.001000s ]
INFO: [ app_begin ] --START--
INFO: Run Behavior\ReadHtmlCacheBehavior [ RunTime:0.000000s ]
INFO: [ app_begin ] --END-- [ RunTime:0.000000s ]
SQL: DESCRIBE hao_area [ RunTime:0.015001s ]
SQL: SELECT * FROM `hao_area` WHERE `upid` = '0'  [ RunTime:0.001000s ]

[ 2017-04-18T07:54:54+08:00 ] 127.0.0.1 /index.php/Home/Index/area.html?upid=0
INFO: [ app_init ] --START--
INFO: Run Behavior\BuildLiteBehavior [ RunTime:0.000000s ]
INFO: [ app_init ] --END-- [ RunTime:0.000000s ]
INFO: [ app_begin ] --START--
INFO: Run Behavior\ReadHtmlCacheBehavior [ RunTime:0.001000s ]
INFO: [ app_begin ] --END-- [ RunTime:0.001000s ]
SQL: DESCRIBE hao_area [ RunTime:0.015600s ]
SQL: SELECT * FROM `hao_area` WHERE `upid` = '0'  [ RunTime:0.000000s ]

[ 2017-04-18T07:55:26+08:00 ] 127.0.0.1 /
INFO: [ app_init ] --START--
INFO: Run Behavior\BuildLiteBehavior [ RunTime:0.000000s ]
INFO: [ app_init ] --END-- [ RunTime:0.001001s ]
INFO: [ app_begin ] --START--
INFO: Run Behavior\ReadHtmlCacheBehavior [ RunTime:0.001000s ]
INFO: [ app_begin ] --END-- [ RunTime:0.001000s ]
SQL: DESCRIBE hao_gear [ RunTime:0.017001s ]
SQL: SELECT * FROM `hao_gear` WHERE `if_index` = 1  [ RunTime:0.001000s ]
SQL: DESCRIBE hao_goods [ RunTime:0.012000s ]
SQL: SELECT * FROM `hao_goods` WHERE `vid` = 1 ORDER BY gid asc LIMIT 0,3   [ RunTime:0.001000s ]
SQL: SELECT * FROM `hao_goods` WHERE `vid` = 2 ORDER BY gid asc LIMIT 0,4   [ RunTime:0.000000s ]
SQL: DESCRIBE hao_article [ RunTime:0.014001s ]
SQL: SELECT * FROM `hao_article` WHERE `cate_id` = 16 ORDER BY tid asc LIMIT 1,6   [ RunTime:0.000000s ]
SQL: SELECT * FROM `hao_goods` WHERE `vid` = 3 ORDER BY gid asc LIMIT 0,2   [ RunTime:0.001000s ]
SQL: SELECT * FROM `hao_goods` WHERE `vid` = 2 ORDER BY gid asc LIMIT 0,2   [ RunTime:0.000000s ]
SQL: DESCRIBE hao_category [ RunTime:0.014001s ]
SQL: SELECT * FROM `hao_category` WHERE `pid` = 0  [ RunTime:0.000000s ]
SQL: DESCRIBE hao_style [ RunTime:0.012001s ]
SQL: DESCRIBE hao_cate [ RunTime:0.010000s ]
SQL: SELECT * FROM `hao_style`  [ RunTime:0.000000s ]
SQL: SELECT * FROM `hao_cate`  [ RunTime:0.000000s ]
INFO: [ view_parse ] --START--
NOTIC: [2] file_get_contents(./Application/Home/View/public/sidebar.html): failed to open stream: No such file or directory E:\Epp\haohai\ThinkPHP\Library\Think\Template.class.php 第 692 行.
INFO: [ template_filter ] --START--
INFO: Run Behavior\ContentReplaceBehavior [ RunTime:0.000000s ]
INFO: [ template_filter ] --END-- [ RunTime:0.000000s ]
NOTIC: [8] Undefined index: title E:\Epp\haohai\Application\Runtime\Cache\Home\2a94b8bda04ff446dcedd42276fc99ee.php 第 274 行.
NOTIC: [8] Undefined index: title E:\Epp\haohai\Application\Runtime\Cache\Home\2a94b8bda04ff446dcedd42276fc99ee.php 第 274 行.
INFO: Run Behavior\ParseTemplateBehavior [ RunTime:0.020001s ]
INFO: [ view_parse ] --END-- [ RunTime:0.020001s ]
INFO: [ view_filter ] --START--
INFO: Run Behavior\WriteHtmlCacheBehavior [ RunTime:0.001000s ]
INFO: [ view_filter ] --END-- [ RunTime:0.001000s ]
INFO: [ app_end ] --START--
INFO: Run Behavior\ShowPageTraceBehavior [ RunTime:0.000000s ]
INFO: [ app_end ] --END-- [ RunTime:0.000000s ]

[ 2017-04-18T07:55:27+08:00 ] 127.0.0.1 /index.php/Home/Index/area.html?upid=0
INFO: [ app_init ] --START--
INFO: Run Behavior\BuildLiteBehavior [ RunTime:0.000000s ]
INFO: [ app_init ] --END-- [ RunTime:0.001000s ]
INFO: [ app_begin ] --START--
INFO: Run Behavior\ReadHtmlCacheBehavior [ RunTime:0.001000s ]
INFO: [ app_begin ] --END-- [ RunTime:0.001000s ]
SQL: DESCRIBE hao_area [ RunTime:0.015001s ]
SQL: SELECT * FROM `hao_area` WHERE `upid` = '0'  [ RunTime:0.001000s ]

[ 2017-04-18T07:55:30+08:00 ] 127.0.0.1 /index.php/Home/home/detail/id/6.html
INFO: [ app_init ] --START--
INFO: Run Behavior\BuildLiteBehavior [ RunTime:0.001001s ]
INFO: [ app_init ] --END-- [ RunTime:0.001001s ]
INFO: [ app_begin ] --START--
INFO: Run Behavior\ReadHtmlCacheBehavior [ RunTime:0.000000s ]
INFO: [ app_begin ] --END-- [ RunTime:0.000000s ]
SQL: DESCRIBE hao_goods [ RunTime:0.012001s ]
SQL: SELECT * FROM `hao_goods` WHERE `gid` = '6' LIMIT 1   [ RunTime:0.001000s ]
SQL: DESCRIBE hao_cate [ RunTime:0.014000s ]
SQL: DESCRIBE hao_has [ RunTime:0.012001s ]
SQL: DESCRIBE hao_style [ RunTime:0.012001s ]
SQL: SELECT * FROM `hao_cate` WHERE `cid` = '1' LIMIT 1   [ RunTime:0.001000s ]
SQL: SELECT * FROM `hao_has` WHERE `mid` = '2' LIMIT 1   [ RunTime:0.000000s ]
SQL: SELECT * FROM `hao_style` WHERE `fid` = '1' LIMIT 1   [ RunTime:0.001000s ]
SQL: DESCRIBE hao_category [ RunTime:0.014001s ]
SQL: SELECT * FROM `hao_category` WHERE `pid` = 0  [ RunTime:0.000000s ]
SQL: SELECT * FROM `hao_style`  [ RunTime:0.000000s ]
SQL: SELECT * FROM `hao_cate`  [ RunTime:0.000000s ]
INFO: [ view_parse ] --START--
NOTIC: [2] file_get_contents(./Application/Home/View/public/sidebar.html): failed to open stream: No such file or directory E:\Epp\haohai\ThinkPHP\Library\Think\Template.class.php 第 692 行.
INFO: [ template_filter ] --START--
INFO: Run Behavior\ContentReplaceBehavior [ RunTime:0.000000s ]
INFO: [ template_filter ] --END-- [ RunTime:0.000000s ]
INFO: Run Behavior\ParseTemplateBehavior [ RunTime:0.025001s ]
INFO: [ view_parse ] --END-- [ RunTime:0.025001s ]
INFO: [ view_filter ] --START--
INFO: Run Behavior\WriteHtmlCacheBehavior [ RunTime:0.000000s ]
INFO: [ view_filter ] --END-- [ RunTime:0.000000s ]
INFO: [ app_end ] --START--
INFO: Run Behavior\ShowPageTraceBehavior [ RunTime:0.001000s ]
INFO: [ app_end ] --END-- [ RunTime:0.001000s ]

[ 2017-04-18T07:55:32+08:00 ] 127.0.0.1 /index.php/Home/Index/area.html?upid=0
INFO: [ app_init ] --START--
INFO: Run Behavior\BuildLiteBehavior [ RunTime:0.000000s ]
INFO: [ app_init ] --END-- [ RunTime:0.001000s ]
INFO: [ app_begin ] --START--
INFO: Run Behavior\ReadHtmlCacheBehavior [ RunTime:0.000000s ]
INFO: [ app_begin ] --END-- [ RunTime:0.000000s ]
SQL: DESCRIBE hao_area [ RunTime:0.018600s ]
SQL: SELECT * FROM `hao_area` WHERE `upid` = '0'  [ RunTime:0.001000s ]

[ 2017-04-18T08:02:54+08:00 ] 127.0.0.1 /
INFO: [ app_init ] --START--
INFO: Run Behavior\BuildLiteBehavior [ RunTime:0.000000s ]
INFO: [ app_init ] --END-- [ RunTime:0.042002s ]
INFO: [ app_begin ] --START--
INFO: Run Behavior\ReadHtmlCacheBehavior [ RunTime:0.013001s ]
INFO: [ app_begin ] --END-- [ RunTime:0.013001s ]
SQL: DESCRIBE hao_gear [ RunTime:0.014001s ]
SQL: SELECT * FROM `hao_gear` WHERE `if_index` = 1  [ RunTime:0.000000s ]
SQL: DESCRIBE hao_goods [ RunTime:0.015001s ]
SQL: SELECT * FROM `hao_goods` WHERE `vid` = 1 ORDER BY gid asc LIMIT 0,3   [ RunTime:0.001000s ]
SQL: SELECT * FROM `hao_goods` WHERE `vid` = 2 ORDER BY gid asc LIMIT 0,4   [ RunTime:0.000000s ]
SQL: DESCRIBE hao_article [ RunTime:0.013001s ]
SQL: SELECT * FROM `hao_article` WHERE `cate_id` = 16 ORDER BY tid asc LIMIT 1,6   [ RunTime:0.001000s ]
SQL: SELECT * FROM `hao_goods` WHERE `vid` = 3 ORDER BY gid asc LIMIT 0,2   [ RunTime:0.001000s ]
SQL: SELECT * FROM `hao_goods` WHERE `vid` = 2 ORDER BY gid asc LIMIT 0,2   [ RunTime:0.000000s ]
SQL: DESCRIBE hao_category [ RunTime:0.013001s ]
SQL: SELECT * FROM `hao_category` WHERE `pid` = 0  [ RunTime:0.000000s ]
SQL: DESCRIBE hao_style [ RunTime:0.013001s ]
SQL: DESCRIBE hao_cate [ RunTime:0.013001s ]
SQL: SELECT * FROM `hao_style`  [ RunTime:0.000000s ]
SQL: SELECT * FROM `hao_cate`  [ RunTime:0.000000s ]
INFO: [ view_parse ] --START--
NOTIC: [2] file_get_contents(./Application/Home/View/public/sidebar.html): failed to open stream: No such file or directory E:\Epp\haohai\ThinkPHP\Library\Think\Template.class.php 第 692 行.
INFO: [ template_filter ] --START--
INFO: Run Behavior\ContentReplaceBehavior [ RunTime:0.001000s ]
INFO: [ template_filter ] --END-- [ RunTime:0.001000s ]
NOTIC: [8] Undefined index: title E:\Epp\haohai\Application\Runtime\Cache\Home\2a94b8bda04ff446dcedd42276fc99ee.php 第 274 行.
NOTIC: [8] Undefined index: title E:\Epp\haohai\Application\Runtime\Cache\Home\2a94b8bda04ff446dcedd42276fc99ee.php 第 274 行.
INFO: Run Behavior\ParseTemplateBehavior [ RunTime:0.078004s ]
INFO: [ view_parse ] --END-- [ RunTime:0.079004s ]
INFO: [ view_filter ] --START--
INFO: Run Behavior\WriteHtmlCacheBehavior [ RunTime:0.004000s ]
INFO: [ view_filter ] --END-- [ RunTime:0.004000s ]
INFO: [ app_end ] --START--
INFO: Run Behavior\ShowPageTraceBehavior [ RunTime:0.007001s ]
INFO: [ app_end ] --END-- [ RunTime:0.007001s ]

[ 2017-04-18T08:02:55+08:00 ] 127.0.0.1 /index.php/Home/Index/area.html?upid=0
INFO: [ app_init ] --START--
INFO: Run Behavior\BuildLiteBehavior [ RunTime:0.000000s ]
INFO: [ app_init ] --END-- [ RunTime:0.000000s ]
INFO: [ app_begin ] --START--
INFO: Run Behavior\ReadHtmlCacheBehavior [ RunTime:0.001000s ]
INFO: [ app_begin ] --END-- [ RunTime:0.001000s ]
SQL: DESCRIBE hao_area [ RunTime:0.006000s ]
SQL: SELECT * FROM `hao_area` WHERE `upid` = '0'  [ RunTime:0.000000s ]

[ 2017-04-18T08:03:51+08:00 ] 127.0.0.1 /index.php/Home/work/detail/id/10.html
INFO: [ app_init ] --START--
INFO: Run Behavior\BuildLiteBehavior [ RunTime:0.000000s ]
INFO: [ app_init ] --END-- [ RunTime:0.001000s ]
INFO: [ app_begin ] --START--
INFO: Run Behavior\ReadHtmlCacheBehavior [ RunTime:0.001001s ]
INFO: [ app_begin ] --END-- [ RunTime:0.001001s ]
SQL: DESCRIBE hao_goods [ RunTime:0.012001s ]
SQL: SELECT * FROM `hao_goods` WHERE `gid` = '10' LIMIT 1   [ RunTime:0.000000s ]
SQL: DESCRIBE hao_cate [ RunTime:0.012001s ]
SQL: DESCRIBE hao_has [ RunTime:0.011000s ]
SQL: DESCRIBE hao_style [ RunTime:0.013001s ]
SQL: SELECT * FROM `hao_cate` WHERE `cid` = '11' LIMIT 1   [ RunTime:0.001000s ]
SQL: SELECT * FROM `hao_has` WHERE `mid` = '7' LIMIT 1   [ RunTime:0.000000s ]
SQL: SELECT * FROM `hao_style` WHERE `fid` = '0' LIMIT 1   [ RunTime:0.001000s ]
SQL: DESCRIBE hao_category [ RunTime:0.012001s ]
SQL: SELECT * FROM `hao_category` WHERE `pid` = 0  [ RunTime:0.000000s ]
SQL: SELECT * FROM `hao_style`  [ RunTime:0.001000s ]
SQL: SELECT * FROM `hao_cate`  [ RunTime:0.000000s ]
INFO: [ view_parse ] --START--
NOTIC: [2] file_get_contents(./Application/Home/View/public/sidebar.html): failed to open stream: No such file or directory E:\Epp\haohai\ThinkPHP\Library\Think\Template.class.php 第 692 行.
INFO: [ template_filter ] --START--
INFO: Run Behavior\ContentReplaceBehavior [ RunTime:0.000000s ]
INFO: [ template_filter ] --END-- [ RunTime:0.000000s ]
INFO: Run Behavior\ParseTemplateBehavior [ RunTime:0.038002s ]
INFO: [ view_parse ] --END-- [ RunTime:0.038002s ]
INFO: [ view_filter ] --START--
INFO: Run Behavior\WriteHtmlCacheBehavior [ RunTime:0.000000s ]
INFO: [ view_filter ] --END-- [ RunTime:0.000000s ]
INFO: [ app_end ] --START--
INFO: Run Behavior\ShowPageTraceBehavior [ RunTime:0.001000s ]
INFO: [ app_end ] --END-- [ RunTime:0.001000s ]

[ 2017-04-18T08:03:52+08:00 ] 127.0.0.1 /index.php/Home/Index/area.html?upid=0
INFO: [ app_init ] --START--
INFO: Run Behavior\BuildLiteBehavior [ RunTime:0.000000s ]
INFO: [ app_init ] --END-- [ RunTime:0.000000s ]
INFO: [ app_begin ] --START--
INFO: Run Behavior\ReadHtmlCacheBehavior [ RunTime:0.001000s ]
INFO: [ app_begin ] --END-- [ RunTime:0.001000s ]
SQL: DESCRIBE hao_area [ RunTime:0.024001s ]
SQL: SELECT * FROM `hao_area` WHERE `upid` = '0'  [ RunTime:0.001000s ]

[ 2017-04-18T08:03:55+08:00 ] 127.0.0.1 /index.php/Home/Index/area.html?upid=0
INFO: [ app_init ] --START--
INFO: Run Behavior\BuildLiteBehavior [ RunTime:0.000000s ]
INFO: [ app_init ] --END-- [ RunTime:0.000000s ]
INFO: [ app_begin ] --START--
INFO: Run Behavior\ReadHtmlCacheBehavior [ RunTime:0.000000s ]
INFO: [ app_begin ] --END-- [ RunTime:0.001000s ]
SQL: DESCRIBE hao_area [ RunTime:0.015600s ]
SQL: SELECT * FROM `hao_area` WHERE `upid` = '0'  [ RunTime:0.000000s ]

[ 2017-04-18T08:05:02+08:00 ] 127.0.0.1 /
INFO: [ app_init ] --START--
INFO: Run Behavior\BuildLiteBehavior [ RunTime:0.000000s ]
INFO: [ app_init ] --END-- [ RunTime:0.000000s ]
INFO: [ app_begin ] --START--
INFO: Run Behavior\ReadHtmlCacheBehavior [ RunTime:0.000000s ]
INFO: [ app_begin ] --END-- [ RunTime:0.000000s ]
SQL: DESCRIBE hao_gear [ RunTime:0.012000s ]
SQL: SELECT * FROM `hao_gear` WHERE `if_index` = 1  [ RunTime:0.001000s ]
SQL: DESCRIBE hao_goods [ RunTime:0.015001s ]
SQL: SELECT * FROM `hao_goods` WHERE `vid` = 1 ORDER BY gid asc LIMIT 0,3   [ RunTime:0.001000s ]
SQL: SELECT * FROM `hao_goods` WHERE `vid` = 2 ORDER BY gid asc LIMIT 0,4   [ RunTime:0.000000s ]
SQL: DESCRIBE hao_article [ RunTime:0.011001s ]
SQL: SELECT * FROM `hao_article` WHERE `cate_id` = 16 ORDER BY tid asc LIMIT 1,6   [ RunTime:0.001000s ]
SQL: SELECT * FROM `hao_goods` WHERE `vid` = 3 ORDER BY gid asc LIMIT 0,2   [ RunTime:0.000000s ]
SQL: SELECT * FROM `hao_goods` WHERE `vid` = 2 ORDER BY gid asc LIMIT 0,2   [ RunTime:0.001000s ]
SQL: DESCRIBE hao_category [ RunTime:0.014001s ]
SQL: SELECT * FROM `hao_category` WHERE `pid` = 0  [ RunTime:0.000000s ]
SQL: DESCRIBE hao_style [ RunTime:0.011001s ]
SQL: DESCRIBE hao_cate [ RunTime:0.011000s ]
SQL: SELECT * FROM `hao_style`  [ RunTime:0.001000s ]
SQL: SELECT * FROM `hao_cate`  [ RunTime:0.000000s ]
INFO: [ view_parse ] --START--
NOTIC: [2] file_get_contents(./Application/Home/View/public/sidebar.html): failed to open stream: No such file or directory E:\Epp\haohai\ThinkPHP\Library\Think\Template.class.php 第 692 行.
INFO: [ template_filter ] --START--
INFO: Run Behavior\ContentReplaceBehavior [ RunTime:0.000000s ]
INFO: [ template_filter ] --END-- [ RunTime:0.000000s ]
NOTIC: [8] Undefined index: title E:\Epp\haohai\Application\Runtime\Cache\Home\2a94b8bda04ff446dcedd42276fc99ee.php 第 274 行.
NOTIC: [8] Undefined index: title E:\Epp\haohai\Application\Runtime\Cache\Home\2a94b8bda04ff446dcedd42276fc99ee.php 第 274 行.
INFO: Run Behavior\ParseTemplateBehavior [ RunTime:0.029002s ]
INFO: [ view_parse ] --END-- [ RunTime:0.030002s ]
INFO: [ view_filter ] --START--
INFO: Run Behavior\WriteHtmlCacheBehavior [ RunTime:0.000000s ]
INFO: [ view_filter ] --END-- [ RunTime:0.000000s ]
INFO: [ app_end ] --START--
INFO: Run Behavior\ShowPageTraceBehavior [ RunTime:0.001000s ]
INFO: [ app_end ] --END-- [ RunTime:0.001000s ]

[ 2017-04-18T08:05:03+08:00 ] 127.0.0.1 /index.php/Home/Index/area.html?upid=0
INFO: [ app_init ] --START--
INFO: Run Behavior\BuildLiteBehavior [ RunTime:0.000000s ]
INFO: [ app_init ] --END-- [ RunTime:0.000000s ]
INFO: [ app_begin ] --START--
INFO: Run Behavior\ReadHtmlCacheBehavior [ RunTime:0.001000s ]
INFO: [ app_begin ] --END-- [ RunTime:0.002000s ]
SQL: DESCRIBE hao_area [ RunTime:0.015000s ]
SQL: SELECT * FROM `hao_area` WHERE `upid` = '0'  [ RunTime:0.001001s ]

[ 2017-04-18T08:05:06+08:00 ] 127.0.0.1 /index.php/Home/home/detail/id/6.html
INFO: [ app_init ] --START--
INFO: Run Behavior\BuildLiteBehavior [ RunTime:0.000000s ]
INFO: [ app_init ] --END-- [ RunTime:0.000000s ]
INFO: [ app_begin ] --START--
INFO: Run Behavior\ReadHtmlCacheBehavior [ RunTime:0.000000s ]
INFO: [ app_begin ] --END-- [ RunTime:0.000000s ]
SQL: DESCRIBE hao_goods [ RunTime:0.011001s ]
SQL: SELECT * FROM `hao_goods` WHERE `gid` = '6' LIMIT 1   [ RunTime:0.001000s ]
SQL: DESCRIBE hao_cate [ RunTime:0.012000s ]
SQL: DESCRIBE hao_has [ RunTime:0.016001s ]
SQL: DESCRIBE hao_style [ RunTime:0.013001s ]
SQL: SELECT * FROM `hao_cate` WHERE `cid` = '1' LIMIT 1   [ RunTime:0.001000s ]
SQL: SELECT * FROM `hao_has` WHERE `mid` = '2' LIMIT 1   [ RunTime:0.000000s ]
SQL: SELECT * FROM `hao_style` WHERE `fid` = '1' LIMIT 1   [ RunTime:0.000000s ]
SQL: DESCRIBE hao_category [ RunTime:0.014001s ]
SQL: SELECT * FROM `hao_category` WHERE `pid` = 0  [ RunTime:0.001000s ]
SQL: SELECT * FROM `hao_style`  [ RunTime:0.000000s ]
SQL: SELECT * FROM `hao_cate`  [ RunTime:0.000000s ]
INFO: [ view_parse ] --START--
NOTIC: [2] file_get_contents(./Application/Home/View/public/sidebar.html): failed to open stream: No such file or directory E:\Epp\haohai\ThinkPHP\Library\Think\Template.class.php 第 692 行.
INFO: [ template_filter ] --START--
INFO: Run Behavior\ContentReplaceBehavior [ RunTime:0.000000s ]
INFO: [ template_filter ] --END-- [ RunTime:0.000000s ]
INFO: Run Behavior\ParseTemplateBehavior [ RunTime:0.039002s ]
INFO: [ view_parse ] --END-- [ RunTime:0.039002s ]
INFO: [ view_filter ] --START--
INFO: Run Behavior\WriteHtmlCacheBehavior [ RunTime:0.001000s ]
INFO: [ view_filter ] --END-- [ RunTime:0.001000s ]
INFO: [ app_end ] --START--
INFO: Run Behavior\ShowPageTraceBehavior [ RunTime:0.000000s ]
INFO: [ app_end ] --END-- [ RunTime:0.000000s ]

[ 2017-04-18T08:05:07+08:00 ] 127.0.0.1 /index.php/Home/Index/area.html?upid=0
INFO: [ app_init ] --START--
INFO: Run Behavior\BuildLiteBehavior [ RunTime:0.000000s ]
INFO: [ app_init ] --END-- [ RunTime:0.001000s ]
INFO: [ app_begin ] --START--
INFO: Run Behavior\ReadHtmlCacheBehavior [ RunTime:0.001000s ]
INFO: [ app_begin ] --END-- [ RunTime:0.001000s ]
SQL: DESCRIBE hao_area [ RunTime:0.000000s ]
SQL: SELECT * FROM `hao_area` WHERE `upid` = '0'  [ RunTime:0.000000s ]

[ 2017-04-18T08:14:07+08:00 ] 127.0.0.1 /index.php/Home/Index/area.html?upid=0
INFO: [ app_init ] --START--
INFO: Run Behavior\BuildLiteBehavior [ RunTime:0.000000s ]
INFO: [ app_init ] --END-- [ RunTime:0.001000s ]
INFO: [ app_begin ] --START--
INFO: Run Behavior\ReadHtmlCacheBehavior [ RunTime:0.001000s ]
INFO: [ app_begin ] --END-- [ RunTime:0.001000s ]
SQL: DESCRIBE hao_area [ RunTime:0.014001s ]
SQL: SELECT * FROM `hao_area` WHERE `upid` = '0'  [ RunTime:0.000000s ]

[ 2017-04-18T08:14:44+08:00 ] 127.0.0.1 /index.php/Home/home/detail/id/7.html
INFO: [ app_init ] --START--
INFO: Run Behavior\BuildLiteBehavior [ RunTime:0.000000s ]
INFO: [ app_init ] --END-- [ RunTime:0.000000s ]
INFO: [ app_begin ] --START--
INFO: Run Behavior\ReadHtmlCacheBehavior [ RunTime:0.001000s ]
INFO: [ app_begin ] --END-- [ RunTime:0.001000s ]
SQL: DESCRIBE hao_goods [ RunTime:0.012000s ]
SQL: SELECT * FROM `hao_goods` WHERE `gid` = '7' LIMIT 1   [ RunTime:0.000000s ]
SQL: DESCRIBE hao_cate [ RunTime:0.011001s ]
SQL: DESCRIBE hao_has [ RunTime:0.011001s ]
SQL: DESCRIBE hao_style [ RunTime:0.010000s ]
SQL: SELECT * FROM `hao_cate` WHERE `cid` = '3' LIMIT 1   [ RunTime:0.000000s ]
SQL: SELECT * FROM `hao_has` WHERE `mid` = '2' LIMIT 1   [ RunTime:0.000000s ]
SQL: SELECT * FROM `hao_style` WHERE `fid` = '7' LIMIT 1   [ RunTime:0.001000s ]
SQL: DESCRIBE hao_category [ RunTime:0.014001s ]
SQL: SELECT * FROM `hao_category` WHERE `pid` = 0  [ RunTime:0.001000s ]
SQL: SELECT * FROM `hao_style`  [ RunTime:0.000000s ]
SQL: SELECT * FROM `hao_cate`  [ RunTime:0.000000s ]
INFO: [ view_parse ] --START--
NOTIC: [2] file_get_contents(./Application/Home/View/public/sidebar.html): failed to open stream: No such file or directory E:\Epp\haohai\ThinkPHP\Library\Think\Template.class.php 第 692 行.
INFO: [ template_filter ] --START--
INFO: Run Behavior\ContentReplaceBehavior [ RunTime:0.000000s ]
INFO: [ template_filter ] --END-- [ RunTime:0.000000s ]
INFO: Run Behavior\ParseTemplateBehavior [ RunTime:0.024002s ]
INFO: [ view_parse ] --END-- [ RunTime:0.024002s ]
INFO: [ view_filter ] --START--
INFO: Run Behavior\WriteHtmlCacheBehavior [ RunTime:0.001000s ]
INFO: [ view_filter ] --END-- [ RunTime:0.001000s ]
INFO: [ app_end ] --START--
INFO: Run Behavior\ShowPageTraceBehavior [ RunTime:0.000000s ]
INFO: [ app_end ] --END-- [ RunTime:0.000000s ]

[ 2017-04-18T08:14:46+08:00 ] 127.0.0.1 /index.php/Home/Index/area.html?upid=0
INFO: [ app_init ] --START--
INFO: Run Behavior\BuildLiteBehavior [ RunTime:0.000000s ]
INFO: [ app_init ] --END-- [ RunTime:0.000000s ]
INFO: [ app_begin ] --START--
INFO: Run Behavior\ReadHtmlCacheBehavior [ RunTime:0.000000s ]
INFO: [ app_begin ] --END-- [ RunTime:0.000000s ]
SQL: DESCRIBE hao_area [ RunTime:0.015600s ]
SQL: SELECT * FROM `hao_area` WHERE `upid` = '0'  [ RunTime:0.000000s ]

[ 2017-04-18T08:14:47+08:00 ] 127.0.0.1 /index.php/Home/Index/area.html?upid=0
INFO: [ app_init ] --START--
INFO: Run Behavior\BuildLiteBehavior [ RunTime:0.000000s ]
INFO: [ app_init ] --END-- [ RunTime:0.001000s ]
INFO: [ app_begin ] --START--
INFO: Run Behavior\ReadHtmlCacheBehavior [ RunTime:0.002001s ]
INFO: [ app_begin ] --END-- [ RunTime:0.002001s ]
SQL: DESCRIBE hao_area [ RunTime:0.015600s ]
SQL: SELECT * FROM `hao_area` WHERE `upid` = '0'  [ RunTime:0.000000s ]

[ 2017-04-18T08:15:06+08:00 ] 127.0.0.1 /
INFO: [ app_init ] --START--
INFO: Run Behavior\BuildLiteBehavior [ RunTime:0.000000s ]
INFO: [ app_init ] --END-- [ RunTime:0.001000s ]
INFO: [ app_begin ] --START--
INFO: Run Behavior\ReadHtmlCacheBehavior [ RunTime:0.001000s ]
INFO: [ app_begin ] --END-- [ RunTime:0.001000s ]
SQL: DESCRIBE hao_gear [ RunTime:0.012000s ]
SQL: SELECT * FROM `hao_gear` WHERE `if_index` = 1  [ RunTime:0.000000s ]
SQL: DESCRIBE hao_goods [ RunTime:0.013000s ]
SQL: SELECT * FROM `hao_goods` WHERE `vid` = 1 ORDER BY gid asc LIMIT 0,3   [ RunTime:0.002000s ]
SQL: SELECT * FROM `hao_goods` WHERE `vid` = 2 ORDER BY gid asc LIMIT 0,4   [ RunTime:0.000000s ]
SQL: DESCRIBE hao_article [ RunTime:0.013001s ]
SQL: SELECT * FROM `hao_article` WHERE `cate_id` = 16 ORDER BY tid asc LIMIT 1,6   [ RunTime:0.001000s ]
SQL: SELECT * FROM `hao_goods` WHERE `vid` = 3 ORDER BY gid asc LIMIT 0,2   [ RunTime:0.001000s ]
SQL: SELECT * FROM `hao_goods` WHERE `vid` = 2 ORDER BY gid asc LIMIT 0,2   [ RunTime:0.000000s ]
SQL: DESCRIBE hao_category [ RunTime:0.012001s ]
SQL: SELECT * FROM `hao_category` WHERE `pid` = 0  [ RunTime:0.000000s ]
SQL: DESCRIBE hao_style [ RunTime:0.011001s ]
SQL: DESCRIBE hao_cate [ RunTime:0.012000s ]
SQL: SELECT * FROM `hao_style`  [ RunTime:0.000000s ]
SQL: SELECT * FROM `hao_cate`  [ RunTime:0.001000s ]
INFO: [ view_parse ] --START--
NOTIC: [2] file_get_contents(./Application/Home/View/public/sidebar.html): failed to open stream: No such file or directory E:\Epp\haohai\ThinkPHP\Library\Think\Template.class.php 第 692 行.
INFO: [ template_filter ] --START--
INFO: Run Behavior\ContentReplaceBehavior [ RunTime:0.000000s ]
INFO: [ template_filter ] --END-- [ RunTime:0.000000s ]
NOTIC: [8] Undefined index: title E:\Epp\haohai\Application\Runtime\Cache\Home\2a94b8bda04ff446dcedd42276fc99ee.php 第 274 行.
NOTIC: [8] Undefined index: title E:\Epp\haohai\Application\Runtime\Cache\Home\2a94b8bda04ff446dcedd42276fc99ee.php 第 274 行.
INFO: Run Behavior\ParseTemplateBehavior [ RunTime:0.019002s ]
INFO: [ view_parse ] --END-- [ RunTime:0.019002s ]
INFO: [ view_filter ] --START--
INFO: Run Behavior\WriteHtmlCacheBehavior [ RunTime:0.000000s ]
INFO: [ view_filter ] --END-- [ RunTime:0.000000s ]
INFO: [ app_end ] --START--
INFO: Run Behavior\ShowPageTraceBehavior [ RunTime:0.001000s ]
INFO: [ app_end ] --END-- [ RunTime:0.001000s ]

[ 2017-04-18T08:15:07+08:00 ] 127.0.0.1 /index.php/Home/Index/area.html?upid=0
INFO: [ app_init ] --START--
INFO: Run Behavior\BuildLiteBehavior [ RunTime:0.000000s ]
INFO: [ app_init ] --END-- [ RunTime:0.001000s ]
INFO: [ app_begin ] --START--
INFO: Run Behavior\ReadHtmlCacheBehavior [ RunTime:0.001000s ]
INFO: [ app_begin ] --END-- [ RunTime:0.001000s ]
SQL: DESCRIBE hao_area [ RunTime:0.008000s ]
SQL: SELECT * FROM `hao_area` WHERE `upid` = '0'  [ RunTime:0.000000s ]

[ 2017-04-18T08:15:08+08:00 ] 127.0.0.1 /index.php/Home/home/detail/id/6.html
INFO: [ app_init ] --START--
INFO: Run Behavior\BuildLiteBehavior [ RunTime:0.000000s ]
INFO: [ app_init ] --END-- [ RunTime:0.000000s ]
INFO: [ app_begin ] --START--
INFO: Run Behavior\ReadHtmlCacheBehavior [ RunTime:0.001000s ]
INFO: [ app_begin ] --END-- [ RunTime:0.001000s ]
SQL: DESCRIBE hao_goods [ RunTime:0.013000s ]
SQL: SELECT * FROM `hao_goods` WHERE `gid` = '6' LIMIT 1   [ RunTime:0.000000s ]
SQL: DESCRIBE hao_cate [ RunTime:0.011001s ]
SQL: DESCRIBE hao_has [ RunTime:0.013001s ]
SQL: DESCRIBE hao_style [ RunTime:0.013001s ]
SQL: SELECT * FROM `hao_cate` WHERE `cid` = '1' LIMIT 1   [ RunTime:0.001000s ]
SQL: SELECT * FROM `hao_has` WHERE `mid` = '2' LIMIT 1   [ RunTime:0.000000s ]
SQL: SELECT * FROM `hao_style` WHERE `fid` = '1' LIMIT 1   [ RunTime:0.000000s ]
SQL: DESCRIBE hao_category [ RunTime:0.011000s ]
SQL: SELECT * FROM `hao_category` WHERE `pid` = 0  [ RunTime:0.001001s ]
SQL: SELECT * FROM `hao_style`  [ RunTime:0.000000s ]
SQL: SELECT * FROM `hao_cate`  [ RunTime:0.000000s ]
INFO: [ view_parse ] --START--
NOTIC: [2] file_get_contents(./Application/Home/View/public/sidebar.html): failed to open stream: No such file or directory E:\Epp\haohai\ThinkPHP\Library\Think\Template.class.php 第 692 行.
INFO: [ template_filter ] --START--
INFO: Run Behavior\ContentReplaceBehavior [ RunTime:0.000000s ]
INFO: [ template_filter ] --END-- [ RunTime:0.000000s ]
INFO: Run Behavior\ParseTemplateBehavior [ RunTime:0.013000s ]
INFO: [ view_parse ] --END-- [ RunTime:0.013000s ]
INFO: [ view_filter ] --START--
INFO: Run Behavior\WriteHtmlCacheBehavior [ RunTime:0.000000s ]
INFO: [ view_filter ] --END-- [ RunTime:0.000000s ]
INFO: [ app_end ] --START--
INFO: Run Behavior\ShowPageTraceBehavior [ RunTime:0.001000s ]
INFO: [ app_end ] --END-- [ RunTime:0.001000s ]

[ 2017-04-18T08:15:09+08:00 ] 127.0.0.1 /index.php/Home/Index/area.html?upid=0
INFO: [ app_init ] --START--
INFO: Run Behavior\BuildLiteBehavior [ RunTime:0.000000s ]
INFO: [ app_init ] --END-- [ RunTime:0.000000s ]
INFO: [ app_begin ] --START--
INFO: Run Behavior\ReadHtmlCacheBehavior [ RunTime:0.000000s ]
INFO: [ app_begin ] --END-- [ RunTime:0.000000s ]
SQL: DESCRIBE hao_area [ RunTime:0.014001s ]
SQL: SELECT * FROM `hao_area` WHERE `upid` = '0'  [ RunTime:0.001000s ]

[ 2017-04-18T08:23:48+08:00 ] 127.0.0.1 /
INFO: [ app_init ] --START--
INFO: Run Behavior\BuildLiteBehavior [ RunTime:0.000000s ]
INFO: [ app_init ] --END-- [ RunTime:0.007000s ]
INFO: [ app_begin ] --START--
INFO: Run Behavior\ReadHtmlCacheBehavior [ RunTime:0.012000s ]
INFO: [ app_begin ] --END-- [ RunTime:0.012000s ]
SQL: DESCRIBE hao_gear [ RunTime:0.025001s ]
SQL: SELECT * FROM `hao_gear` WHERE `if_index` = 1  [ RunTime:0.001000s ]
SQL: DESCRIBE hao_goods [ RunTime:0.014000s ]
SQL: SELECT * FROM `hao_goods` WHERE `vid` = 1 ORDER BY gid asc LIMIT 0,3   [ RunTime:0.001000s ]
SQL: SELECT * FROM `hao_goods` WHERE `vid` = 2 ORDER BY gid asc LIMIT 0,4   [ RunTime:0.001001s ]
SQL: DESCRIBE hao_article [ RunTime:0.031001s ]
SQL: SELECT * FROM `hao_article` WHERE `cate_id` = 16 ORDER BY tid asc LIMIT 1,6   [ RunTime:0.001000s ]
SQL: SELECT * FROM `hao_goods` WHERE `vid` = 3 ORDER BY gid asc LIMIT 0,2   [ RunTime:0.001000s ]
SQL: SELECT * FROM `hao_goods` WHERE `vid` = 2 ORDER BY gid asc LIMIT 0,2   [ RunTime:0.000000s ]
SQL: DESCRIBE hao_category [ RunTime:0.021002s ]
SQL: SELECT * FROM `hao_category` WHERE `pid` = 0  [ RunTime:0.000000s ]
SQL: DESCRIBE hao_style [ RunTime:0.025001s ]
SQL: DESCRIBE hao_cate [ RunTime:0.012001s ]
SQL: SELECT * FROM `hao_style`  [ RunTime:0.001000s ]
SQL: SELECT * FROM `hao_cate`  [ RunTime:0.000000s ]
INFO: [ view_parse ] --START--
NOTIC: [2] file_get_contents(./Application/Home/View/public/sidebar.html): failed to open stream: No such file or directory E:\Epp\haohai\ThinkPHP\Library\Think\Template.class.php 第 692 行.
INFO: [ template_filter ] --START--
INFO: Run Behavior\ContentReplaceBehavior [ RunTime:0.000000s ]
INFO: [ template_filter ] --END-- [ RunTime:0.000000s ]
NOTIC: [8] Undefined index: title E:\Epp\haohai\Application\Runtime\Cache\Home\2a94b8bda04ff446dcedd42276fc99ee.php 第 274 行.
NOTIC: [8] Undefined index: title E:\Epp\haohai\Application\Runtime\Cache\Home\2a94b8bda04ff446dcedd42276fc99ee.php 第 274 行.
INFO: Run Behavior\ParseTemplateBehavior [ RunTime:0.101006s ]
INFO: [ view_parse ] --END-- [ RunTime:0.101006s ]
INFO: [ view_filter ] --START--
INFO: Run Behavior\WriteHtmlCacheBehavior [ RunTime:0.004000s ]
INFO: [ view_filter ] --END-- [ RunTime:0.004000s ]
INFO: [ app_end ] --START--
INFO: Run Behavior\ShowPageTraceBehavior [ RunTime:0.007000s ]
INFO: [ app_end ] --END-- [ RunTime:0.007000s ]

[ 2017-04-18T08:23:49+08:00 ] 127.0.0.1 /index.php/Home/Index/area.html?upid=0
INFO: [ app_init ] --START--
INFO: Run Behavior\BuildLiteBehavior [ RunTime:0.000000s ]
INFO: [ app_init ] --END-- [ RunTime:0.000000s ]
INFO: [ app_begin ] --START--
INFO: Run Behavior\ReadHtmlCacheBehavior [ RunTime:0.001000s ]
INFO: [ app_begin ] --END-- [ RunTime:0.001000s ]
SQL: DESCRIBE hao_area [ RunTime:0.014001s ]
SQL: SELECT * FROM `hao_area` WHERE `upid` = '0'  [ RunTime:0.001000s ]

[ 2017-04-18T08:25:21+08:00 ] 127.0.0.1 /
INFO: [ app_init ] --START--
INFO: Run Behavior\BuildLiteBehavior [ RunTime:0.000000s ]
INFO: [ app_init ] --END-- [ RunTime:0.001000s ]
INFO: [ app_begin ] --START--
INFO: Run Behavior\ReadHtmlCacheBehavior [ RunTime:0.000000s ]
INFO: [ app_begin ] --END-- [ RunTime:0.000000s ]
SQL: DESCRIBE hao_gear [ RunTime:0.024001s ]
SQL: SELECT * FROM `hao_gear` WHERE `if_index` = 1  [ RunTime:0.000000s ]
SQL: DESCRIBE hao_goods [ RunTime:0.014001s ]
SQL: SELECT * FROM `hao_goods` WHERE `vid` = 1 ORDER BY gid asc LIMIT 0,3   [ RunTime:0.002000s ]
SQL: SELECT * FROM `hao_goods` WHERE `vid` = 2 ORDER BY gid asc LIMIT 0,4   [ RunTime:0.000000s ]
SQL: DESCRIBE hao_article [ RunTime:0.017001s ]
SQL: SELECT * FROM `hao_article` WHERE `cate_id` = 16 ORDER BY tid asc LIMIT 1,6   [ RunTime:0.001000s ]
SQL: SELECT * FROM `hao_goods` WHERE `vid` = 3 ORDER BY gid asc LIMIT 0,2   [ RunTime:0.000000s ]
SQL: SELECT * FROM `hao_goods` WHERE `vid` = 2 ORDER BY gid asc LIMIT 0,2   [ RunTime:0.001000s ]
SQL: DESCRIBE hao_category [ RunTime:0.018002s ]
SQL: SELECT * FROM `hao_category` WHERE `pid` = 0  [ RunTime:0.000000s ]
SQL: DESCRIBE hao_style [ RunTime:0.015000s ]
SQL: DESCRIBE hao_cate [ RunTime:0.012001s ]
SQL: SELECT * FROM `hao_style`  [ RunTime:0.001000s ]
SQL: SELECT * FROM `hao_cate`  [ RunTime:0.000000s ]
INFO: [ view_parse ] --START--
NOTIC: [2] file_get_contents(./Application/Home/View/public/sidebar.html): failed to open stream: No such file or directory E:\Epp\haohai\ThinkPHP\Library\Think\Template.class.php 第 692 行.
INFO: [ template_filter ] --START--
INFO: Run Behavior\ContentReplaceBehavior [ RunTime:0.000000s ]
INFO: [ template_filter ] --END-- [ RunTime:0.000000s ]
NOTIC: [8] Undefined index: title E:\Epp\haohai\Application\Runtime\Cache\Home\2a94b8bda04ff446dcedd42276fc99ee.php 第 274 行.
NOTIC: [8] Undefined index: title E:\Epp\haohai\Application\Runtime\Cache\Home\2a94b8bda04ff446dcedd42276fc99ee.php 第 274 行.
INFO: Run Behavior\ParseTemplateBehavior [ RunTime:0.017001s ]
INFO: [ view_parse ] --END-- [ RunTime:0.017001s ]
INFO: [ view_filter ] --START--
INFO: Run Behavior\WriteHtmlCacheBehavior [ RunTime:0.001000s ]
INFO: [ view_filter ] --END-- [ RunTime:0.001000s ]
INFO: [ app_end ] --START--
INFO: Run Behavior\ShowPageTraceBehavior [ RunTime:0.000000s ]
INFO: [ app_end ] --END-- [ RunTime:0.000000s ]

[ 2017-04-18T08:25:23+08:00 ] 127.0.0.1 /index.php/Home/Index/area.html?upid=0
INFO: [ app_init ] --START--
INFO: Run Behavior\BuildLiteBehavior [ RunTime:0.000000s ]
INFO: [ app_init ] --END-- [ RunTime:0.001000s ]
INFO: [ app_begin ] --START--
INFO: Run Behavior\ReadHtmlCacheBehavior [ RunTime:0.001000s ]
INFO: [ app_begin ] --END-- [ RunTime:0.001000s ]
SQL: DESCRIBE hao_area [ RunTime:0.018001s ]
SQL: SELECT * FROM `hao_area` WHERE `upid` = '0'  [ RunTime:0.001001s ]

[ 2017-04-18T09:02:44+08:00 ] 127.0.0.1 /
INFO: [ app_init ] --START--
INFO: Run Behavior\BuildLiteBehavior [ RunTime:0.000000s ]
INFO: [ app_init ] --END-- [ RunTime:0.043002s ]
INFO: [ app_begin ] --START--
INFO: Run Behavior\ReadHtmlCacheBehavior [ RunTime:0.013000s ]
INFO: [ app_begin ] --END-- [ RunTime:0.013000s ]
SQL: DESCRIBE hao_gear [ RunTime:0.021001s ]
SQL: SELECT * FROM `hao_gear` WHERE `if_index` = 1  [ RunTime:0.000000s ]
SQL: DESCRIBE hao_goods [ RunTime:0.015001s ]
SQL: SELECT * FROM `hao_goods` WHERE `vid` = 1 ORDER BY gid asc LIMIT 0,3   [ RunTime:0.001000s ]
SQL: SELECT * FROM `hao_goods` WHERE `vid` = 2 ORDER BY gid asc LIMIT 0,4   [ RunTime:0.000000s ]
SQL: DESCRIBE hao_article [ RunTime:0.040002s ]
SQL: SELECT * FROM `hao_article` WHERE `cate_id` = 16 ORDER BY tid asc LIMIT 1,6   [ RunTime:0.009001s ]
SQL: SELECT * FROM `hao_goods` WHERE `vid` = 3 ORDER BY gid asc LIMIT 0,2   [ RunTime:0.001000s ]
SQL: SELECT * FROM `hao_goods` WHERE `vid` = 2 ORDER BY gid asc LIMIT 0,2   [ RunTime:0.000000s ]
SQL: DESCRIBE hao_category [ RunTime:0.021001s ]
SQL: SELECT * FROM `hao_category` WHERE `pid` = 0  [ RunTime:0.002000s ]
SQL: DESCRIBE hao_style [ RunTime:0.026002s ]
SQL: DESCRIBE hao_cate [ RunTime:0.033002s ]
SQL: SELECT * FROM `hao_style`  [ RunTime:0.001000s ]
SQL: SELECT * FROM `hao_cate`  [ RunTime:0.000000s ]
INFO: [ view_parse ] --START--
NOTIC: [2] file_get_contents(./Application/Home/View/public/sidebar.html): failed to open stream: No such file or directory E:\Epp\haohai\ThinkPHP\Library\Think\Template.class.php 第 692 行.
INFO: [ template_filter ] --START--
INFO: Run Behavior\ContentReplaceBehavior [ RunTime:0.000000s ]
INFO: [ template_filter ] --END-- [ RunTime:0.000000s ]
NOTIC: [8] Undefined index: title E:\Epp\haohai\Application\Runtime\Cache\Home\2a94b8bda04ff446dcedd42276fc99ee.php 第 275 行.
NOTIC: [8] Undefined index: title E:\Epp\haohai\Application\Runtime\Cache\Home\2a94b8bda04ff446dcedd42276fc99ee.php 第 275 行.
INFO: Run Behavior\ParseTemplateBehavior [ RunTime:0.112006s ]
INFO: [ view_parse ] --END-- [ RunTime:0.112006s ]
INFO: [ view_filter ] --START--
INFO: Run Behavior\WriteHtmlCacheBehavior [ RunTime:0.009001s ]
INFO: [ view_filter ] --END-- [ RunTime:0.010001s ]
INFO: [ app_end ] --START--
INFO: Run Behavior\ShowPageTraceBehavior [ RunTime:0.007000s ]
INFO: [ app_end ] --END-- [ RunTime:0.007000s ]

[ 2017-04-18T09:02:46+08:00 ] 127.0.0.1 /
INFO: [ app_init ] --START--
INFO: Run Behavior\BuildLiteBehavior [ RunTime:0.000000s ]
INFO: [ app_init ] --END-- [ RunTime:0.000000s ]
INFO: [ app_begin ] --START--
INFO: Run Behavior\ReadHtmlCacheBehavior [ RunTime:0.001000s ]
INFO: [ app_begin ] --END-- [ RunTime:0.001000s ]
SQL: DESCRIBE hao_gear [ RunTime:0.015001s ]
SQL: SELECT * FROM `hao_gear` WHERE `if_index` = 1  [ RunTime:0.000000s ]
SQL: DESCRIBE hao_goods [ RunTime:0.012000s ]
SQL: SELECT * FROM `hao_goods` WHERE `vid` = 1 ORDER BY gid asc LIMIT 0,3   [ RunTime:0.001000s ]
SQL: SELECT * FROM `hao_goods` WHERE `vid` = 2 ORDER BY gid asc LIMIT 0,4   [ RunTime:0.000000s ]
SQL: DESCRIBE hao_article [ RunTime:0.011000s ]
SQL: SELECT * FROM `hao_article` WHERE `cate_id` = 16 ORDER BY tid asc LIMIT 1,6   [ RunTime:0.001000s ]
SQL: SELECT * FROM `hao_goods` WHERE `vid` = 3 ORDER BY gid asc LIMIT 0,2   [ RunTime:0.001000s ]
SQL: SELECT * FROM `hao_goods` WHERE `vid` = 2 ORDER BY gid asc LIMIT 0,2   [ RunTime:0.000000s ]
SQL: DESCRIBE hao_category [ RunTime:0.016001s ]
SQL: SELECT * FROM `hao_category` WHERE `pid` = 0  [ RunTime:0.000000s ]
SQL: DESCRIBE hao_style [ RunTime:0.014001s ]
SQL: DESCRIBE hao_cate [ RunTime:0.012001s ]
SQL: SELECT * FROM `hao_style`  [ RunTime:0.001000s ]
SQL: SELECT * FROM `hao_cate`  [ RunTime:0.000000s ]
INFO: [ view_parse ] --START--
NOTIC: [2] file_get_contents(./Application/Home/View/public/sidebar.html): failed to open stream: No such file or directory E:\Epp\haohai\ThinkPHP\Library\Think\Template.class.php 第 692 行.
INFO: [ template_filter ] --START--
INFO: Run Behavior\ContentReplaceBehavior [ RunTime:0.000000s ]
INFO: [ template_filter ] --END-- [ RunTime:0.000000s ]
NOTIC: [8] Undefined index: title E:\Epp\haohai\Application\Runtime\Cache\Home\2a94b8bda04ff446dcedd42276fc99ee.php 第 275 行.
NOTIC: [8] Undefined index: title E:\Epp\haohai\Application\Runtime\Cache\Home\2a94b8bda04ff446dcedd42276fc99ee.php 第 275 行.
INFO: Run Behavior\ParseTemplateBehavior [ RunTime:0.039002s ]
INFO: [ view_parse ] --END-- [ RunTime:0.039002s ]
INFO: [ view_filter ] --START--
INFO: Run Behavior\WriteHtmlCacheBehavior [ RunTime:0.000000s ]
INFO: [ view_filter ] --END-- [ RunTime:0.000000s ]
INFO: [ app_end ] --START--
INFO: Run Behavior\ShowPageTraceBehavior [ RunTime:0.001000s ]
INFO: [ app_end ] --END-- [ RunTime:0.001000s ]

[ 2017-04-18T09:02:47+08:00 ] 127.0.0.1 /index.php/Home/Index/area.html?upid=0
INFO: [ app_init ] --START--
INFO: Run Behavior\BuildLiteBehavior [ RunTime:0.000000s ]
INFO: [ app_init ] --END-- [ RunTime:0.001000s ]
INFO: [ app_begin ] --START--
INFO: Run Behavior\ReadHtmlCacheBehavior [ RunTime:0.001000s ]
INFO: [ app_begin ] --END-- [ RunTime:0.001000s ]
SQL: DESCRIBE hao_area [ RunTime:0.037003s ]
SQL: SELECT * FROM `hao_area` WHERE `upid` = '0'  [ RunTime:0.028001s ]

[ 2017-04-18T09:22:01+08:00 ] 127.0.0.1 /
INFO: [ app_init ] --START--
INFO: Run Behavior\BuildLiteBehavior [ RunTime:0.000000s ]
INFO: [ app_init ] --END-- [ RunTime:0.006000s ]
INFO: [ app_begin ] --START--
INFO: Run Behavior\ReadHtmlCacheBehavior [ RunTime:0.012001s ]
INFO: [ app_begin ] --END-- [ RunTime:0.012001s ]
SQL: DESCRIBE hao_gear [ RunTime:0.013000s ]
SQL: SELECT * FROM `hao_gear` WHERE `if_index` = 1  [ RunTime:0.001000s ]
SQL: DESCRIBE hao_goods [ RunTime:0.016001s ]
SQL: SELECT * FROM `hao_goods` WHERE `vid` = 1 ORDER BY gid asc LIMIT 0,3   [ RunTime:0.001000s ]
SQL: SELECT * FROM `hao_goods` WHERE `vid` = 2 ORDER BY gid asc LIMIT 0,4   [ RunTime:0.001000s ]
SQL: DESCRIBE hao_article [ RunTime:0.016001s ]
SQL: SELECT * FROM `hao_article` WHERE `cate_id` = 16 ORDER BY tid asc LIMIT 1,6   [ RunTime:0.001000s ]
SQL: SELECT * FROM `hao_goods` WHERE `vid` = 3 ORDER BY gid asc LIMIT 0,2   [ RunTime:0.001000s ]
SQL: SELECT * FROM `hao_goods` WHERE `vid` = 2 ORDER BY gid asc LIMIT 0,2   [ RunTime:0.000000s ]
SQL: DESCRIBE hao_category [ RunTime:0.013001s ]
SQL: SELECT * FROM `hao_category` WHERE `pid` = 0  [ RunTime:0.000000s ]
SQL: DESCRIBE hao_style [ RunTime:0.016001s ]
SQL: DESCRIBE hao_cate [ RunTime:0.016001s ]
SQL: SELECT * FROM `hao_style`  [ RunTime:0.000000s ]
SQL: SELECT * FROM `hao_cate`  [ RunTime:0.000000s ]
INFO: [ view_parse ] --START--
NOTIC: [2] file_get_contents(./Application/Home/View/public/sidebar.html): failed to open stream: No such file or directory E:\Epp\haohai\ThinkPHP\Library\Think\Template.class.php 第 692 行.
INFO: [ template_filter ] --START--
INFO: Run Behavior\ContentReplaceBehavior [ RunTime:0.000000s ]
INFO: [ template_filter ] --END-- [ RunTime:0.000000s ]
NOTIC: [8] Undefined index: title E:\Epp\haohai\Application\Runtime\Cache\Home\2a94b8bda04ff446dcedd42276fc99ee.php 第 274 行.
NOTIC: [8] Undefined index: title E:\Epp\haohai\Application\Runtime\Cache\Home\2a94b8bda04ff446dcedd42276fc99ee.php 第 274 行.
INFO: Run Behavior\ParseTemplateBehavior [ RunTime:0.085005s ]
INFO: [ view_parse ] --END-- [ RunTime:0.085005s ]
INFO: [ view_filter ] --START--
INFO: Run Behavior\WriteHtmlCacheBehavior [ RunTime:0.013001s ]
INFO: [ view_filter ] --END-- [ RunTime:0.013001s ]
INFO: [ app_end ] --START--
INFO: Run Behavior\ShowPageTraceBehavior [ RunTime:0.007000s ]
INFO: [ app_end ] --END-- [ RunTime:0.007000s ]

[ 2017-04-18T09:22:02+08:00 ] 127.0.0.1 /
INFO: [ app_init ] --START--
INFO: Run Behavior\BuildLiteBehavior [ RunTime:0.001000s ]
INFO: [ app_init ] --END-- [ RunTime:0.001000s ]
INFO: [ app_begin ] --START--
INFO: Run Behavior\ReadHtmlCacheBehavior [ RunTime:0.001000s ]
INFO: [ app_begin ] --END-- [ RunTime:0.001000s ]
SQL: DESCRIBE hao_gear [ RunTime:0.016001s ]
SQL: SELECT * FROM `hao_gear` WHERE `if_index` = 1  [ RunTime:0.001000s ]
SQL: DESCRIBE hao_goods [ RunTime:0.014001s ]
SQL: SELECT * FROM `hao_goods` WHERE `vid` = 1 ORDER BY gid asc LIMIT 0,3   [ RunTime:0.001000s ]
SQL: SELECT * FROM `hao_goods` WHERE `vid` = 2 ORDER BY gid asc LIMIT 0,4   [ RunTime:0.000000s ]
SQL: DESCRIBE hao_article [ RunTime:0.015001s ]
SQL: SELECT * FROM `hao_article` WHERE `cate_id` = 16 ORDER BY tid asc LIMIT 1,6   [ RunTime:0.001000s ]
SQL: SELECT * FROM `hao_goods` WHERE `vid` = 3 ORDER BY gid asc LIMIT 0,2   [ RunTime:0.001000s ]
SQL: SELECT * FROM `hao_goods` WHERE `vid` = 2 ORDER BY gid asc LIMIT 0,2   [ RunTime:0.001000s ]
SQL: DESCRIBE hao_category [ RunTime:0.012001s ]
SQL: SELECT * FROM `hao_category` WHERE `pid` = 0  [ RunTime:0.001000s ]
SQL: DESCRIBE hao_style [ RunTime:0.014001s ]
SQL: DESCRIBE hao_cate [ RunTime:0.011000s ]
SQL: SELECT * FROM `hao_style`  [ RunTime:0.001000s ]
SQL: SELECT * FROM `hao_cate`  [ RunTime:0.001001s ]
INFO: [ view_parse ] --START--
NOTIC: [2] file_get_contents(./Application/Home/View/public/sidebar.html): failed to open stream: No such file or directory E:\Epp\haohai\ThinkPHP\Library\Think\Template.class.php 第 692 行.
INFO: [ template_filter ] --START--
INFO: Run Behavior\ContentReplaceBehavior [ RunTime:0.001000s ]
INFO: [ template_filter ] --END-- [ RunTime:0.001000s ]
NOTIC: [8] Undefined index: title E:\Epp\haohai\Application\Runtime\Cache\Home\2a94b8bda04ff446dcedd42276fc99ee.php 第 274 行.
NOTIC: [8] Undefined index: title E:\Epp\haohai\Application\Runtime\Cache\Home\2a94b8bda04ff446dcedd42276fc99ee.php 第 274 行.
INFO: Run Behavior\ParseTemplateBehavior [ RunTime:0.019001s ]
INFO: [ view_parse ] --END-- [ RunTime:0.019001s ]
INFO: [ view_filter ] --START--
INFO: Run Behavior\WriteHtmlCacheBehavior [ RunTime:0.001000s ]
INFO: [ view_filter ] --END-- [ RunTime:0.001000s ]
INFO: [ app_end ] --START--
INFO: Run Behavior\ShowPageTraceBehavior [ RunTime:0.002000s ]
INFO: [ app_end ] --END-- [ RunTime:0.002000s ]

[ 2017-04-18T09:22:03+08:00 ] 127.0.0.1 /index.php/Home/Index/area.html?upid=0
INFO: [ app_init ] --START--
INFO: Run Behavior\BuildLiteBehavior [ RunTime:0.000000s ]
INFO: [ app_init ] --END-- [ RunTime:0.000000s ]
INFO: [ app_begin ] --START--
INFO: Run Behavior\ReadHtmlCacheBehavior [ RunTime:0.002000s ]
INFO: [ app_begin ] --END-- [ RunTime:0.002000s ]
SQL: DESCRIBE hao_area [ RunTime:0.019001s ]
SQL: SELECT * FROM `hao_area` WHERE `upid` = '0'  [ RunTime:0.001000s ]

