[ 2017-08-22T14:06:45+08:00 ] 119.40.58.2 /
INFO: [ app_init ] --START--
INFO: Run Behavior\BuildLiteBehavior [ RunTime:0.000000s ]
INFO: [ app_init ] --END-- [ RunTime:0.000000s ]
INFO: [ app_begin ] --START--
INFO: Run Behavior\ReadHtmlCacheBehavior [ RunTime:0.000000s ]
INFO: [ app_begin ] --END-- [ RunTime:0.000000s ]
NOTIC: [8] A session had already been started - ignoring session_start() D:\project\peixun\ThinkPHP\Common\functions.php 第 1190 行.
SQL: DESCRIBE hao_category [ RunTime:0.015626s ]
SQL: SELECT * FROM `hao_category` WHERE `pid` = 0 AND `position` = 1 AND `hidden` = 2 ORDER BY sort asc  [ RunTime:0.015625s ]
SQL: SELECT * FROM `hao_category` WHERE `pid` = 0 AND `position` = 2 AND `hidden` = 2  [ RunTime:0.000000s ]
NOTIC: [2] Invalid argument supplied for foreach() D:\project\peixun\Application\Home\Controller\CommonController.class.php 第 13 行.
SQL: DESCRIBE hao_gear [ RunTime:0.015625s ]
SQL: SELECT * FROM `hao_gear` ORDER BY sort asc  [ RunTime:0.000000s ]
NOTIC: [2] Missing argument 1 for Home\Controller\CommonController::get_homeuser(), called in D:\project\peixun\Application\Home\Controller\CommonController.class.php on line 31 and defined D:\project\peixun\Application\Home\Controller\CommonController.class.php 第 70 行.
SQL: DESCRIBE hao_basic [ RunTime:0.078127s ]
SQL: SELECT * FROM `hao_basic` WHERE `bid` = 22 LIMIT 1   [ RunTime:0.000000s ]
SQL: DESCRIBE hao_goods [ RunTime:0.000000s ]
ERR: 1146:Table 'peixun.hao_goods' doesn't exist
 [ SQL语句 ] : DESCRIBE hao_goods
SQL: DESCRIBE hao_area [ RunTime:0.015625s ]
SQL: DESCRIBE hao_music_cate [ RunTime:0.000000s ]
ERR: 1146:Table 'peixun.hao_music_cate' doesn't exist
 [ SQL语句 ] : DESCRIBE hao_music_cate
SQL: DESCRIBE hao_article [ RunTime:0.031251s ]
SQL: SELECT * FROM `hao_goods` WHERE `if_index` = 1 LIMIT 1   [ RunTime:0.000000s ]
ERR: 1146:Table 'peixun.hao_goods' doesn't exist
 [ SQL语句 ] : SELECT * FROM `hao_goods` WHERE `if_index` = 1 LIMIT 1  
SQL: SELECT `name` FROM `hao_area` WHERE `id` = null LIMIT 1   [ RunTime:0.000000s ]
SQL: SELECT * FROM `hao_gear`  [ RunTime:0.000000s ]
SQL: SELECT * FROM `hao_music_cate`  [ RunTime:0.000000s ]
ERR: 1146:Table 'peixun.hao_music_cate' doesn't exist
 [ SQL语句 ] : SELECT * FROM `hao_music_cate` 
SQL: SELECT * FROM `hao_article` WHERE `cate_id` = 101 ORDER BY pubdate desc LIMIT 0,5   [ RunTime:0.015625s ]
SQL: SELECT * FROM `hao_article` WHERE `cate_id` = 95 ORDER BY sort asc LIMIT 0,1   [ RunTime:0.000000s ]
SQL: SELECT * FROM `hao_article` WHERE `cate_id` = 96 ORDER BY sort asc LIMIT 0,3   [ RunTime:0.000000s ]
SQL: DESCRIBE hao_category [ RunTime:0.015625s ]
SQL: SELECT * FROM `hao_category` WHERE ( id=97 ) LIMIT 1   [ RunTime:0.000000s ]
SQL: SELECT * FROM `hao_category` WHERE ( id=98 ) LIMIT 1   [ RunTime:0.000000s ]
SQL: SELECT * FROM `hao_category` WHERE ( id=99 ) LIMIT 1   [ RunTime:0.000000s ]
SQL: SELECT * FROM `hao_category` WHERE ( id=100 ) LIMIT 1   [ RunTime:0.000000s ]
INFO: [ view_parse ] --START--
INFO: [ template_filter ] --START--
INFO: Run Behavior\ContentReplaceBehavior [ RunTime:0.000000s ]
INFO: [ template_filter ] --END-- [ RunTime:0.000000s ]
NOTIC: [8] Use of undefined constant tid - assumed 'tid' D:\project\peixun\Application\Runtime\Cache\Home\2a94b8bda04ff446dcedd42276fc99ee.php 第 105 行.
NOTIC: [8] Use of undefined constant tid - assumed 'tid' D:\project\peixun\Application\Runtime\Cache\Home\2a94b8bda04ff446dcedd42276fc99ee.php 第 105 行.
NOTIC: [8] Use of undefined constant tid - assumed 'tid' D:\project\peixun\Application\Runtime\Cache\Home\2a94b8bda04ff446dcedd42276fc99ee.php 第 105 行.
NOTIC: [8] Use of undefined constant tid - assumed 'tid' D:\project\peixun\Application\Runtime\Cache\Home\2a94b8bda04ff446dcedd42276fc99ee.php 第 105 行.
NOTIC: [8] Use of undefined constant tid - assumed 'tid' D:\project\peixun\Application\Runtime\Cache\Home\2a94b8bda04ff446dcedd42276fc99ee.php 第 105 行.
NOTIC: [8] Use of undefined constant tid - assumed 'tid' D:\project\peixun\Application\Runtime\Cache\Home\2a94b8bda04ff446dcedd42276fc99ee.php 第 115 行.
NOTIC: [8] Use of undefined constant tid - assumed 'tid' D:\project\peixun\Application\Runtime\Cache\Home\2a94b8bda04ff446dcedd42276fc99ee.php 第 115 行.
NOTIC: [8] Use of undefined constant tid - assumed 'tid' D:\project\peixun\Application\Runtime\Cache\Home\2a94b8bda04ff446dcedd42276fc99ee.php 第 115 行.
NOTIC: [8] Use of undefined constant content - assumed 'content' D:\project\peixun\Application\Runtime\Cache\Home\2a94b8bda04ff446dcedd42276fc99ee.php 第 143 行.
NOTIC: [8] Use of undefined constant content - assumed 'content' D:\project\peixun\Application\Runtime\Cache\Home\2a94b8bda04ff446dcedd42276fc99ee.php 第 159 行.
NOTIC: [8] Use of undefined constant content - assumed 'content' D:\project\peixun\Application\Runtime\Cache\Home\2a94b8bda04ff446dcedd42276fc99ee.php 第 171 行.
NOTIC: [8] Use of undefined constant content - assumed 'content' D:\project\peixun\Application\Runtime\Cache\Home\2a94b8bda04ff446dcedd42276fc99ee.php 第 183 行.
INFO: Run Behavior\ParseTemplateBehavior [ RunTime:0.078127s ]
INFO: [ view_parse ] --END-- [ RunTime:0.093752s ]
INFO: [ view_filter ] --START--
INFO: Run Behavior\WriteHtmlCacheBehavior [ RunTime:0.000000s ]
INFO: [ view_filter ] --END-- [ RunTime:0.000000s ]
INFO: [ app_end ] --START--
INFO: Run Behavior\ShowPageTraceBehavior [ RunTime:0.000000s ]
INFO: [ app_end ] --END-- [ RunTime:0.000000s ]

[ 2017-08-22T14:06:50+08:00 ] 119.40.58.2 /index.php/Home/user/login.html
INFO: [ app_init ] --START--
INFO: Run Behavior\BuildLiteBehavior [ RunTime:0.000000s ]
INFO: [ app_init ] --END-- [ RunTime:0.000000s ]
INFO: [ app_begin ] --START--
INFO: Run Behavior\ReadHtmlCacheBehavior [ RunTime:0.000000s ]
INFO: [ app_begin ] --END-- [ RunTime:0.000000s ]
NOTIC: [8] A session had already been started - ignoring session_start() D:\project\peixun\ThinkPHP\Common\functions.php 第 1190 行.
SQL: DESCRIBE hao_category [ RunTime:0.015625s ]
SQL: SELECT * FROM `hao_category` WHERE `pid` = 0 AND `position` = 1 AND `hidden` = 2 ORDER BY sort asc  [ RunTime:0.000000s ]
SQL: SELECT * FROM `hao_category` WHERE `pid` = 0 AND `position` = 2 AND `hidden` = 2  [ RunTime:0.000000s ]
NOTIC: [2] Invalid argument supplied for foreach() D:\project\peixun\Application\Home\Controller\CommonController.class.php 第 13 行.
SQL: DESCRIBE hao_gear [ RunTime:0.000000s ]
SQL: SELECT * FROM `hao_gear` ORDER BY sort asc  [ RunTime:0.000000s ]
NOTIC: [2] Missing argument 1 for Home\Controller\CommonController::get_homeuser(), called in D:\project\peixun\Application\Home\Controller\CommonController.class.php on line 31 and defined D:\project\peixun\Application\Home\Controller\CommonController.class.php 第 70 行.
SQL: DESCRIBE hao_auth_group [ RunTime:0.015625s ]
SQL: SELECT * FROM `hao_auth_group`  [ RunTime:0.000000s ]
INFO: [ view_parse ] --START--
INFO: [ template_filter ] --START--
INFO: Run Behavior\ContentReplaceBehavior [ RunTime:0.000000s ]
INFO: [ template_filter ] --END-- [ RunTime:0.000000s ]
INFO: Run Behavior\ParseTemplateBehavior [ RunTime:0.046875s ]
INFO: [ view_parse ] --END-- [ RunTime:0.046875s ]
INFO: [ view_filter ] --START--
INFO: Run Behavior\WriteHtmlCacheBehavior [ RunTime:0.000000s ]
INFO: [ view_filter ] --END-- [ RunTime:0.000000s ]
INFO: [ app_end ] --START--
INFO: Run Behavior\ShowPageTraceBehavior [ RunTime:0.000000s ]
INFO: [ app_end ] --END-- [ RunTime:0.000000s ]

[ 2017-08-22T14:06:55+08:00 ] 119.40.58.2 /index.php/Home/user/useredit.html
INFO: [ app_init ] --START--
INFO: Run Behavior\BuildLiteBehavior [ RunTime:0.000000s ]
INFO: [ app_init ] --END-- [ RunTime:0.000000s ]
INFO: [ app_begin ] --START--
INFO: Run Behavior\ReadHtmlCacheBehavior [ RunTime:0.000000s ]
INFO: [ app_begin ] --END-- [ RunTime:0.000000s ]
NOTIC: [8] A session had already been started - ignoring session_start() D:\project\peixun\ThinkPHP\Common\functions.php 第 1190 行.
SQL: DESCRIBE hao_category [ RunTime:0.000000s ]
SQL: SELECT * FROM `hao_category` WHERE `pid` = 0 AND `position` = 1 AND `hidden` = 2 ORDER BY sort asc  [ RunTime:0.000000s ]
SQL: SELECT * FROM `hao_category` WHERE `pid` = 0 AND `position` = 2 AND `hidden` = 2  [ RunTime:0.000000s ]
NOTIC: [2] Invalid argument supplied for foreach() D:\project\peixun\Application\Home\Controller\CommonController.class.php 第 13 行.
SQL: DESCRIBE hao_gear [ RunTime:0.015626s ]
SQL: SELECT * FROM `hao_gear` ORDER BY sort asc  [ RunTime:0.000000s ]
NOTIC: [2] Missing argument 1 for Home\Controller\CommonController::get_homeuser(), called in D:\project\peixun\Application\Home\Controller\CommonController.class.php on line 31 and defined D:\project\peixun\Application\Home\Controller\CommonController.class.php 第 70 行.
SQL: DESCRIBE hao_auth_group [ RunTime:0.000000s ]
SQL: SELECT * FROM `hao_auth_group`  [ RunTime:0.000000s ]
SQL: DESCRIBE hao_member [ RunTime:0.015625s ]
INFO: [ view_parse ] --START--
INFO: [ template_filter ] --START--
INFO: Run Behavior\ContentReplaceBehavior [ RunTime:0.000000s ]
INFO: [ template_filter ] --END-- [ RunTime:0.000000s ]
NOTIC: [8] Undefined variable: arr D:\project\peixun\Application\Runtime\Cache\Home\0d992a05cc66b33f0c1293f89c2774a7.php 第 36 行.
INFO: Run Behavior\ParseTemplateBehavior [ RunTime:0.031251s ]
INFO: [ view_parse ] --END-- [ RunTime:0.031251s ]
INFO: [ view_filter ] --START--
INFO: Run Behavior\WriteHtmlCacheBehavior [ RunTime:0.000000s ]
INFO: [ view_filter ] --END-- [ RunTime:0.000000s ]
INFO: [ app_end ] --START--
INFO: Run Behavior\ShowPageTraceBehavior [ RunTime:0.015625s ]
INFO: [ app_end ] --END-- [ RunTime:0.015625s ]

[ 2017-08-22T14:07:24+08:00 ] 119.40.58.2 /index.php/Home/user/useredit.html
INFO: [ app_init ] --START--
INFO: Run Behavior\BuildLiteBehavior [ RunTime:0.000000s ]
INFO: [ app_init ] --END-- [ RunTime:0.000000s ]
INFO: [ app_begin ] --START--
INFO: Run Behavior\ReadHtmlCacheBehavior [ RunTime:0.000000s ]
INFO: [ app_begin ] --END-- [ RunTime:0.000000s ]
NOTIC: [8] A session had already been started - ignoring session_start() D:\project\peixun\ThinkPHP\Common\functions.php 第 1190 行.
SQL: DESCRIBE hao_category [ RunTime:0.000000s ]
SQL: SELECT * FROM `hao_category` WHERE `pid` = 0 AND `position` = 1 AND `hidden` = 2 ORDER BY sort asc  [ RunTime:0.000000s ]
SQL: SELECT * FROM `hao_category` WHERE `pid` = 0 AND `position` = 2 AND `hidden` = 2  [ RunTime:0.000000s ]
NOTIC: [2] Invalid argument supplied for foreach() D:\project\peixun\Application\Home\Controller\CommonController.class.php 第 13 行.
SQL: DESCRIBE hao_gear [ RunTime:0.015625s ]
SQL: SELECT * FROM `hao_gear` ORDER BY sort asc  [ RunTime:0.000000s ]
NOTIC: [2] Missing argument 1 for Home\Controller\CommonController::get_homeuser(), called in D:\project\peixun\Application\Home\Controller\CommonController.class.php on line 31 and defined D:\project\peixun\Application\Home\Controller\CommonController.class.php 第 70 行.
SQL: DESCRIBE hao_auth_group [ RunTime:0.000000s ]
SQL: SELECT * FROM `hao_auth_group`  [ RunTime:0.000000s ]
SQL: DESCRIBE hao_member [ RunTime:0.015625s ]
NOTIC: [8] Use of undefined constant member_auth - assumed 'member_auth' D:\project\peixun\Application\Home\Controller\UserController.class.php 第 152 行.
NOTIC: [8] Use of undefined constant member_auth - assumed 'member_auth' D:\project\peixun\Application\Home\Controller\UserController.class.php 第 155 行.
NOTIC: [8] Use of undefined constant number - assumed 'number' D:\project\peixun\Application\Home\Controller\UserController.class.php 第 155 行.
NOTIC: [8] Use of undefined constant code - assumed 'code' D:\project\peixun\Application\Home\Controller\UserController.class.php 第 155 行.
SQL: SELECT * FROM `hao_member` WHERE `member_auth` = 2 AND `bianhao` = '2017081601' AND `code` = '130421198701023312' LIMIT 1   [ RunTime:0.000000s ]
INFO: [ view_parse ] --START--
INFO: [ template_filter ] --START--
INFO: Run Behavior\ContentReplaceBehavior [ RunTime:0.000000s ]
INFO: [ template_filter ] --END-- [ RunTime:0.000000s ]
NOTIC: [8] Use of undefined constant member_auth - assumed 'member_auth' D:\project\peixun\Application\Runtime\Cache\Home\0d992a05cc66b33f0c1293f89c2774a7.php 第 166 行.
INFO: Run Behavior\ParseTemplateBehavior [ RunTime:0.015626s ]
INFO: [ view_parse ] --END-- [ RunTime:0.015626s ]
INFO: [ view_filter ] --START--
INFO: Run Behavior\WriteHtmlCacheBehavior [ RunTime:0.000000s ]
INFO: [ view_filter ] --END-- [ RunTime:0.000000s ]

[ 2017-08-22T14:09:40+08:00 ] 119.40.58.2 /index.php/Home/user/common_update.html
INFO: [ app_init ] --START--
INFO: Run Behavior\BuildLiteBehavior [ RunTime:0.000000s ]
INFO: [ app_init ] --END-- [ RunTime:0.015626s ]
INFO: [ app_begin ] --START--
INFO: Run Behavior\ReadHtmlCacheBehavior [ RunTime:0.000000s ]
INFO: [ app_begin ] --END-- [ RunTime:0.000000s ]
NOTIC: [8] A session had already been started - ignoring session_start() D:\project\peixun\ThinkPHP\Common\functions.php 第 1190 行.
SQL: DESCRIBE hao_category [ RunTime:0.000000s ]
SQL: SELECT * FROM `hao_category` WHERE `pid` = 0 AND `position` = 1 AND `hidden` = 2 ORDER BY sort asc  [ RunTime:0.000000s ]
SQL: SELECT * FROM `hao_category` WHERE `pid` = 0 AND `position` = 2 AND `hidden` = 2  [ RunTime:0.000000s ]
NOTIC: [2] Invalid argument supplied for foreach() D:\project\peixun\Application\Home\Controller\CommonController.class.php 第 13 行.
SQL: DESCRIBE hao_gear [ RunTime:0.000000s ]
SQL: SELECT * FROM `hao_gear` ORDER BY sort asc  [ RunTime:0.000000s ]
NOTIC: [2] Missing argument 1 for Home\Controller\CommonController::get_homeuser(), called in D:\project\peixun\Application\Home\Controller\CommonController.class.php on line 31 and defined D:\project\peixun\Application\Home\Controller\CommonController.class.php 第 70 行.
SQL: DESCRIBE hao_auth_group [ RunTime:0.000000s ]
SQL: SELECT * FROM `hao_auth_group`  [ RunTime:0.000000s ]
NOTIC: [8] Use of undefined constant member_password - assumed 'member_password' D:\project\peixun\Application\Home\Controller\UserController.class.php 第 181 行.
NOTIC: [8] Use of undefined constant member_password - assumed 'member_password' D:\project\peixun\Application\Home\Controller\UserController.class.php 第 181 行.
SQL: DESCRIBE hao_member [ RunTime:0.000000s ]
SQL: UPDATE `hao_member` SET `member_name`='123456',`member_password`='e807f1fcf82d132f9bb018ca6738a19f',`member_auth`=2,`code`='130421198701023312' WHERE `member_id` = 99 [ RunTime:0.000000s ]
INFO: [ view_parse ] --START--
INFO: [ template_filter ] --START--
INFO: Run Behavior\ContentReplaceBehavior [ RunTime:0.000000s ]
INFO: [ template_filter ] --END-- [ RunTime:0.000000s ]
INFO: Run Behavior\ParseTemplateBehavior [ RunTime:0.109377s ]
INFO: [ view_parse ] --END-- [ RunTime:0.109377s ]
INFO: [ view_filter ] --START--
INFO: Run Behavior\WriteHtmlCacheBehavior [ RunTime:0.000000s ]
INFO: [ view_filter ] --END-- [ RunTime:0.000000s ]
INFO: [ app_end ] --START--
INFO: Run Behavior\ShowPageTraceBehavior [ RunTime:0.000000s ]
INFO: [ app_end ] --END-- [ RunTime:0.000000s ]

[ 2017-08-22T14:09:41+08:00 ] 119.40.58.2 /index.php/home/user/login
INFO: [ app_init ] --START--
INFO: Run Behavior\BuildLiteBehavior [ RunTime:0.000000s ]
INFO: [ app_init ] --END-- [ RunTime:0.000000s ]
INFO: [ app_begin ] --START--
INFO: Run Behavior\ReadHtmlCacheBehavior [ RunTime:0.000000s ]
INFO: [ app_begin ] --END-- [ RunTime:0.000000s ]
NOTIC: [8] A session had already been started - ignoring session_start() D:\project\peixun\ThinkPHP\Common\functions.php 第 1190 行.
SQL: DESCRIBE hao_category [ RunTime:0.000000s ]
SQL: SELECT * FROM `hao_category` WHERE `pid` = 0 AND `position` = 1 AND `hidden` = 2 ORDER BY sort asc  [ RunTime:0.000000s ]
SQL: SELECT * FROM `hao_category` WHERE `pid` = 0 AND `position` = 2 AND `hidden` = 2  [ RunTime:0.000000s ]
NOTIC: [2] Invalid argument supplied for foreach() D:\project\peixun\Application\Home\Controller\CommonController.class.php 第 13 行.
SQL: DESCRIBE hao_gear [ RunTime:0.000000s ]
SQL: SELECT * FROM `hao_gear` ORDER BY sort asc  [ RunTime:0.000000s ]
NOTIC: [2] Missing argument 1 for Home\Controller\CommonController::get_homeuser(), called in D:\project\peixun\Application\Home\Controller\CommonController.class.php on line 31 and defined D:\project\peixun\Application\Home\Controller\CommonController.class.php 第 70 行.
SQL: DESCRIBE hao_auth_group [ RunTime:0.015626s ]
SQL: SELECT * FROM `hao_auth_group`  [ RunTime:0.000000s ]
INFO: [ view_parse ] --START--
INFO: [ template_filter ] --START--
INFO: Run Behavior\ContentReplaceBehavior [ RunTime:0.000000s ]
INFO: [ template_filter ] --END-- [ RunTime:0.000000s ]
INFO: Run Behavior\ParseTemplateBehavior [ RunTime:0.000000s ]
INFO: [ view_parse ] --END-- [ RunTime:0.000000s ]
INFO: [ view_filter ] --START--
INFO: Run Behavior\WriteHtmlCacheBehavior [ RunTime:0.000000s ]
INFO: [ view_filter ] --END-- [ RunTime:0.000000s ]
INFO: [ app_end ] --START--
INFO: Run Behavior\ShowPageTraceBehavior [ RunTime:0.015625s ]
INFO: [ app_end ] --END-- [ RunTime:0.015625s ]

[ 2017-08-22T14:09:48+08:00 ] 119.40.58.2 /index.php/Home/user/login.html
INFO: [ app_init ] --START--
INFO: Run Behavior\BuildLiteBehavior [ RunTime:0.000000s ]
INFO: [ app_init ] --END-- [ RunTime:0.000000s ]
INFO: [ app_begin ] --START--
INFO: Run Behavior\ReadHtmlCacheBehavior [ RunTime:0.000000s ]
INFO: [ app_begin ] --END-- [ RunTime:0.000000s ]
NOTIC: [8] A session had already been started - ignoring session_start() D:\project\peixun\ThinkPHP\Common\functions.php 第 1190 行.
SQL: DESCRIBE hao_category [ RunTime:0.000000s ]
SQL: SELECT * FROM `hao_category` WHERE `pid` = 0 AND `position` = 1 AND `hidden` = 2 ORDER BY sort asc  [ RunTime:0.000000s ]
SQL: SELECT * FROM `hao_category` WHERE `pid` = 0 AND `position` = 2 AND `hidden` = 2  [ RunTime:0.000000s ]
NOTIC: [2] Invalid argument supplied for foreach() D:\project\peixun\Application\Home\Controller\CommonController.class.php 第 13 行.
SQL: DESCRIBE hao_gear [ RunTime:0.000000s ]
SQL: SELECT * FROM `hao_gear` ORDER BY sort asc  [ RunTime:0.000000s ]
NOTIC: [2] Missing argument 1 for Home\Controller\CommonController::get_homeuser(), called in D:\project\peixun\Application\Home\Controller\CommonController.class.php on line 31 and defined D:\project\peixun\Application\Home\Controller\CommonController.class.php 第 70 行.
SQL: DESCRIBE hao_auth_group [ RunTime:0.000000s ]
SQL: SELECT * FROM `hao_auth_group`  [ RunTime:0.000000s ]
SQL: DESCRIBE hao_member [ RunTime:0.015625s ]
SQL: SELECT * FROM `hao_member` WHERE `member_name` = '123456' AND `member_password` = 'e10adc3949ba59abbe56e057f20f883e' LIMIT 1   [ RunTime:0.000000s ]
INFO: [ view_parse ] --START--
INFO: [ template_filter ] --START--
INFO: Run Behavior\ContentReplaceBehavior [ RunTime:0.000000s ]
INFO: [ template_filter ] --END-- [ RunTime:0.000000s ]
INFO: Run Behavior\ParseTemplateBehavior [ RunTime:0.000000s ]
INFO: [ view_parse ] --END-- [ RunTime:0.000000s ]
INFO: [ view_filter ] --START--
INFO: Run Behavior\WriteHtmlCacheBehavior [ RunTime:0.000000s ]
INFO: [ view_filter ] --END-- [ RunTime:0.000000s ]

[ 2017-08-22T14:10:19+08:00 ] 119.40.58.2 /index.php/Home/user/useredit.html
INFO: [ app_init ] --START--
INFO: Run Behavior\BuildLiteBehavior [ RunTime:0.000000s ]
INFO: [ app_init ] --END-- [ RunTime:0.000000s ]
INFO: [ app_begin ] --START--
INFO: Run Behavior\ReadHtmlCacheBehavior [ RunTime:0.000000s ]
INFO: [ app_begin ] --END-- [ RunTime:0.000000s ]
NOTIC: [8] A session had already been started - ignoring session_start() D:\project\peixun\ThinkPHP\Common\functions.php 第 1190 行.
SQL: DESCRIBE hao_category [ RunTime:0.000000s ]
SQL: SELECT * FROM `hao_category` WHERE `pid` = 0 AND `position` = 1 AND `hidden` = 2 ORDER BY sort asc  [ RunTime:0.000000s ]
SQL: SELECT * FROM `hao_category` WHERE `pid` = 0 AND `position` = 2 AND `hidden` = 2  [ RunTime:0.000000s ]
NOTIC: [2] Invalid argument supplied for foreach() D:\project\peixun\Application\Home\Controller\CommonController.class.php 第 13 行.
SQL: DESCRIBE hao_gear [ RunTime:0.000000s ]
SQL: SELECT * FROM `hao_gear` ORDER BY sort asc  [ RunTime:0.000000s ]
NOTIC: [2] Missing argument 1 for Home\Controller\CommonController::get_homeuser(), called in D:\project\peixun\Application\Home\Controller\CommonController.class.php on line 31 and defined D:\project\peixun\Application\Home\Controller\CommonController.class.php 第 70 行.
SQL: DESCRIBE hao_auth_group [ RunTime:0.000000s ]
SQL: SELECT * FROM `hao_auth_group`  [ RunTime:0.000000s ]
SQL: DESCRIBE hao_member [ RunTime:0.015626s ]
INFO: [ view_parse ] --START--
INFO: [ template_filter ] --START--
INFO: Run Behavior\ContentReplaceBehavior [ RunTime:0.000000s ]
INFO: [ template_filter ] --END-- [ RunTime:0.000000s ]
NOTIC: [8] Undefined variable: arr D:\project\peixun\Application\Runtime\Cache\Home\0d992a05cc66b33f0c1293f89c2774a7.php 第 36 行.
INFO: Run Behavior\ParseTemplateBehavior [ RunTime:0.000000s ]
INFO: [ view_parse ] --END-- [ RunTime:0.000000s ]
INFO: [ view_filter ] --START--
INFO: Run Behavior\WriteHtmlCacheBehavior [ RunTime:0.000000s ]
INFO: [ view_filter ] --END-- [ RunTime:0.000000s ]
INFO: [ app_end ] --START--
INFO: Run Behavior\ShowPageTraceBehavior [ RunTime:0.000000s ]
INFO: [ app_end ] --END-- [ RunTime:0.000000s ]

[ 2017-08-22T14:10:37+08:00 ] 119.40.58.2 /index.php/Home/user/useredit.html
INFO: [ app_init ] --START--
INFO: Run Behavior\BuildLiteBehavior [ RunTime:0.000000s ]
INFO: [ app_init ] --END-- [ RunTime:0.000000s ]
INFO: [ app_begin ] --START--
INFO: Run Behavior\ReadHtmlCacheBehavior [ RunTime:0.000000s ]
INFO: [ app_begin ] --END-- [ RunTime:0.000000s ]
NOTIC: [8] A session had already been started - ignoring session_start() D:\project\peixun\ThinkPHP\Common\functions.php 第 1190 行.
SQL: DESCRIBE hao_category [ RunTime:0.000000s ]
SQL: SELECT * FROM `hao_category` WHERE `pid` = 0 AND `position` = 1 AND `hidden` = 2 ORDER BY sort asc  [ RunTime:0.000000s ]
SQL: SELECT * FROM `hao_category` WHERE `pid` = 0 AND `position` = 2 AND `hidden` = 2  [ RunTime:0.000000s ]
NOTIC: [2] Invalid argument supplied for foreach() D:\project\peixun\Application\Home\Controller\CommonController.class.php 第 13 行.
SQL: DESCRIBE hao_gear [ RunTime:0.015625s ]
SQL: SELECT * FROM `hao_gear` ORDER BY sort asc  [ RunTime:0.000000s ]
NOTIC: [2] Missing argument 1 for Home\Controller\CommonController::get_homeuser(), called in D:\project\peixun\Application\Home\Controller\CommonController.class.php on line 31 and defined D:\project\peixun\Application\Home\Controller\CommonController.class.php 第 70 行.
SQL: DESCRIBE hao_auth_group [ RunTime:0.000000s ]
SQL: SELECT * FROM `hao_auth_group`  [ RunTime:0.000000s ]
SQL: DESCRIBE hao_member [ RunTime:0.015626s ]
NOTIC: [8] Use of undefined constant member_auth - assumed 'member_auth' D:\project\peixun\Application\Home\Controller\UserController.class.php 第 152 行.
NOTIC: [8] Use of undefined constant member_auth - assumed 'member_auth' D:\project\peixun\Application\Home\Controller\UserController.class.php 第 155 行.
NOTIC: [8] Use of undefined constant number - assumed 'number' D:\project\peixun\Application\Home\Controller\UserController.class.php 第 155 行.
NOTIC: [8] Use of undefined constant code - assumed 'code' D:\project\peixun\Application\Home\Controller\UserController.class.php 第 155 行.
SQL: SELECT * FROM `hao_member` WHERE `member_auth` = 2 AND `bianhao` = '2017081601' AND `code` = '130421198701023312' LIMIT 1   [ RunTime:0.000000s ]
INFO: [ view_parse ] --START--
INFO: [ template_filter ] --START--
INFO: Run Behavior\ContentReplaceBehavior [ RunTime:0.000000s ]
INFO: [ template_filter ] --END-- [ RunTime:0.000000s ]
NOTIC: [8] Use of undefined constant member_auth - assumed 'member_auth' D:\project\peixun\Application\Runtime\Cache\Home\0d992a05cc66b33f0c1293f89c2774a7.php 第 166 行.
INFO: Run Behavior\ParseTemplateBehavior [ RunTime:0.000000s ]
INFO: [ view_parse ] --END-- [ RunTime:0.000000s ]
INFO: [ view_filter ] --START--
INFO: Run Behavior\WriteHtmlCacheBehavior [ RunTime:0.015625s ]
INFO: [ view_filter ] --END-- [ RunTime:0.015625s ]

[ 2017-08-22T14:13:40+08:00 ] 119.40.58.2 /index.php/Home/user/common_update.html
INFO: [ app_init ] --START--
INFO: Run Behavior\BuildLiteBehavior [ RunTime:0.000000s ]
INFO: [ app_init ] --END-- [ RunTime:0.000000s ]
INFO: [ app_begin ] --START--
INFO: Run Behavior\ReadHtmlCacheBehavior [ RunTime:0.000000s ]
INFO: [ app_begin ] --END-- [ RunTime:0.000000s ]
NOTIC: [8] A session had already been started - ignoring session_start() D:\project\peixun\ThinkPHP\Common\functions.php 第 1190 行.
SQL: DESCRIBE hao_category [ RunTime:0.000000s ]
SQL: SELECT * FROM `hao_category` WHERE `pid` = 0 AND `position` = 1 AND `hidden` = 2 ORDER BY sort asc  [ RunTime:0.000000s ]
SQL: SELECT * FROM `hao_category` WHERE `pid` = 0 AND `position` = 2 AND `hidden` = 2  [ RunTime:0.000000s ]
NOTIC: [2] Invalid argument supplied for foreach() D:\project\peixun\Application\Home\Controller\CommonController.class.php 第 13 行.
SQL: DESCRIBE hao_gear [ RunTime:0.015626s ]
SQL: SELECT * FROM `hao_gear` ORDER BY sort asc  [ RunTime:0.000000s ]
NOTIC: [2] Missing argument 1 for Home\Controller\CommonController::get_homeuser(), called in D:\project\peixun\Application\Home\Controller\CommonController.class.php on line 31 and defined D:\project\peixun\Application\Home\Controller\CommonController.class.php 第 70 行.
SQL: DESCRIBE hao_auth_group [ RunTime:0.000000s ]
SQL: SELECT * FROM `hao_auth_group`  [ RunTime:0.000000s ]
NOTIC: [8] Use of undefined constant member_password - assumed 'member_password' D:\project\peixun\Application\Home\Controller\UserController.class.php 第 181 行.
NOTIC: [8] Use of undefined constant member_password - assumed 'member_password' D:\project\peixun\Application\Home\Controller\UserController.class.php 第 181 行.
SQL: DESCRIBE hao_member [ RunTime:0.015625s ]
SQL: UPDATE `hao_member` SET `member_name`='123456',`member_password`='827ccb0eea8a706c4c34a16891f84e7b',`member_auth`=2,`code`='1111111111111111111111111111111111111111' WHERE `member_id` = 99 [ RunTime:0.000000s ]
INFO: [ view_parse ] --START--
INFO: [ template_filter ] --START--
INFO: Run Behavior\ContentReplaceBehavior [ RunTime:0.000000s ]
INFO: [ template_filter ] --END-- [ RunTime:0.000000s ]
INFO: Run Behavior\ParseTemplateBehavior [ RunTime:0.015625s ]
INFO: [ view_parse ] --END-- [ RunTime:0.015625s ]
INFO: [ view_filter ] --START--
INFO: Run Behavior\WriteHtmlCacheBehavior [ RunTime:0.000000s ]
INFO: [ view_filter ] --END-- [ RunTime:0.000000s ]
INFO: [ app_end ] --START--
INFO: Run Behavior\ShowPageTraceBehavior [ RunTime:0.000000s ]
INFO: [ app_end ] --END-- [ RunTime:0.000000s ]

[ 2017-08-22T14:13:42+08:00 ] 119.40.58.2 /index.php/home/user/login
INFO: [ app_init ] --START--
INFO: Run Behavior\BuildLiteBehavior [ RunTime:0.000000s ]
INFO: [ app_init ] --END-- [ RunTime:0.015625s ]
INFO: [ app_begin ] --START--
INFO: Run Behavior\ReadHtmlCacheBehavior [ RunTime:0.000000s ]
INFO: [ app_begin ] --END-- [ RunTime:0.000000s ]
NOTIC: [8] A session had already been started - ignoring session_start() D:\project\peixun\ThinkPHP\Common\functions.php 第 1190 行.
SQL: DESCRIBE hao_category [ RunTime:0.000000s ]
SQL: SELECT * FROM `hao_category` WHERE `pid` = 0 AND `position` = 1 AND `hidden` = 2 ORDER BY sort asc  [ RunTime:0.000000s ]
SQL: SELECT * FROM `hao_category` WHERE `pid` = 0 AND `position` = 2 AND `hidden` = 2  [ RunTime:0.000000s ]
NOTIC: [2] Invalid argument supplied for foreach() D:\project\peixun\Application\Home\Controller\CommonController.class.php 第 13 行.
SQL: DESCRIBE hao_gear [ RunTime:0.015625s ]
SQL: SELECT * FROM `hao_gear` ORDER BY sort asc  [ RunTime:0.000000s ]
NOTIC: [2] Missing argument 1 for Home\Controller\CommonController::get_homeuser(), called in D:\project\peixun\Application\Home\Controller\CommonController.class.php on line 31 and defined D:\project\peixun\Application\Home\Controller\CommonController.class.php 第 70 行.
SQL: DESCRIBE hao_auth_group [ RunTime:0.000000s ]
SQL: SELECT * FROM `hao_auth_group`  [ RunTime:0.000000s ]
INFO: [ view_parse ] --START--
INFO: [ template_filter ] --START--
INFO: Run Behavior\ContentReplaceBehavior [ RunTime:0.000000s ]
INFO: [ template_filter ] --END-- [ RunTime:0.000000s ]
INFO: Run Behavior\ParseTemplateBehavior [ RunTime:0.015626s ]
INFO: [ view_parse ] --END-- [ RunTime:0.015626s ]
INFO: [ view_filter ] --START--
INFO: Run Behavior\WriteHtmlCacheBehavior [ RunTime:0.000000s ]
INFO: [ view_filter ] --END-- [ RunTime:0.000000s ]
INFO: [ app_end ] --START--
INFO: Run Behavior\ShowPageTraceBehavior [ RunTime:0.000000s ]
INFO: [ app_end ] --END-- [ RunTime:0.000000s ]

[ 2017-08-22T14:15:13+08:00 ] 119.40.58.2 /index.php/Home/user/useredit.html
INFO: [ app_init ] --START--
INFO: Run Behavior\BuildLiteBehavior [ RunTime:0.000000s ]
INFO: [ app_init ] --END-- [ RunTime:0.000000s ]
INFO: [ app_begin ] --START--
INFO: Run Behavior\ReadHtmlCacheBehavior [ RunTime:0.000000s ]
INFO: [ app_begin ] --END-- [ RunTime:0.000000s ]
NOTIC: [8] A session had already been started - ignoring session_start() D:\project\peixun\ThinkPHP\Common\functions.php 第 1190 行.
SQL: DESCRIBE hao_category [ RunTime:0.000000s ]
SQL: SELECT * FROM `hao_category` WHERE `pid` = 0 AND `position` = 1 AND `hidden` = 2 ORDER BY sort asc  [ RunTime:0.000000s ]
SQL: SELECT * FROM `hao_category` WHERE `pid` = 0 AND `position` = 2 AND `hidden` = 2  [ RunTime:0.000000s ]
NOTIC: [2] Invalid argument supplied for foreach() D:\project\peixun\Application\Home\Controller\CommonController.class.php 第 13 行.
SQL: DESCRIBE hao_gear [ RunTime:0.015618s ]
SQL: SELECT * FROM `hao_gear` ORDER BY sort asc  [ RunTime:0.000000s ]
NOTIC: [2] Missing argument 1 for Home\Controller\CommonController::get_homeuser(), called in D:\project\peixun\Application\Home\Controller\CommonController.class.php on line 31 and defined D:\project\peixun\Application\Home\Controller\CommonController.class.php 第 70 行.
SQL: DESCRIBE hao_auth_group [ RunTime:0.000000s ]
SQL: SELECT * FROM `hao_auth_group`  [ RunTime:0.000000s ]
SQL: DESCRIBE hao_member [ RunTime:0.015618s ]
INFO: [ view_parse ] --START--
INFO: [ template_filter ] --START--
INFO: Run Behavior\ContentReplaceBehavior [ RunTime:0.000000s ]
INFO: [ template_filter ] --END-- [ RunTime:0.000000s ]
NOTIC: [8] Undefined variable: arr D:\project\peixun\Application\Runtime\Cache\Home\0d992a05cc66b33f0c1293f89c2774a7.php 第 36 行.
INFO: Run Behavior\ParseTemplateBehavior [ RunTime:0.015618s ]
INFO: [ view_parse ] --END-- [ RunTime:0.015618s ]
INFO: [ view_filter ] --START--
INFO: Run Behavior\WriteHtmlCacheBehavior [ RunTime:0.000000s ]
INFO: [ view_filter ] --END-- [ RunTime:0.000000s ]
INFO: [ app_end ] --START--
INFO: Run Behavior\ShowPageTraceBehavior [ RunTime:0.000000s ]
INFO: [ app_end ] --END-- [ RunTime:0.000000s ]

[ 2017-08-22T14:15:42+08:00 ] 119.40.58.2 /index.php/Home/user/useredit.html
INFO: [ app_init ] --START--
INFO: Run Behavior\BuildLiteBehavior [ RunTime:0.000000s ]
INFO: [ app_init ] --END-- [ RunTime:0.000000s ]
INFO: [ app_begin ] --START--
INFO: Run Behavior\ReadHtmlCacheBehavior [ RunTime:0.000976s ]
INFO: [ app_begin ] --END-- [ RunTime:0.000976s ]
NOTIC: [8] A session had already been started - ignoring session_start() D:\project\peixun\ThinkPHP\Common\functions.php 第 1190 行.
SQL: DESCRIBE hao_category [ RunTime:0.000000s ]
SQL: SELECT * FROM `hao_category` WHERE `pid` = 0 AND `position` = 1 AND `hidden` = 2 ORDER BY sort asc  [ RunTime:0.000000s ]
SQL: SELECT * FROM `hao_category` WHERE `pid` = 0 AND `position` = 2 AND `hidden` = 2  [ RunTime:0.000000s ]
NOTIC: [2] Invalid argument supplied for foreach() D:\project\peixun\Application\Home\Controller\CommonController.class.php 第 13 行.
SQL: DESCRIBE hao_gear [ RunTime:0.015618s ]
SQL: SELECT * FROM `hao_gear` ORDER BY sort asc  [ RunTime:0.000000s ]
NOTIC: [2] Missing argument 1 for Home\Controller\CommonController::get_homeuser(), called in D:\project\peixun\Application\Home\Controller\CommonController.class.php on line 31 and defined D:\project\peixun\Application\Home\Controller\CommonController.class.php 第 70 行.
SQL: DESCRIBE hao_auth_group [ RunTime:0.000000s ]
SQL: SELECT * FROM `hao_auth_group`  [ RunTime:0.000000s ]
SQL: DESCRIBE hao_member [ RunTime:0.015618s ]
NOTIC: [8] Use of undefined constant member_auth - assumed 'member_auth' D:\project\peixun\Application\Home\Controller\UserController.class.php 第 152 行.
NOTIC: [8] Use of undefined constant member_auth - assumed 'member_auth' D:\project\peixun\Application\Home\Controller\UserController.class.php 第 158 行.
NOTIC: [8] Use of undefined constant member_auth - assumed 'member_auth' D:\project\peixun\Application\Home\Controller\UserController.class.php 第 159 行.
NOTIC: [8] Use of undefined constant numbers - assumed 'numbers' D:\project\peixun\Application\Home\Controller\UserController.class.php 第 159 行.
NOTIC: [8] Use of undefined constant codes - assumed 'codes' D:\project\peixun\Application\Home\Controller\UserController.class.php 第 159 行.
SQL: SELECT * FROM `hao_member` WHERE `member_auth` = 5 AND `bianhao` = '0987654321' AND `code` = '123@qq.com' LIMIT 1   [ RunTime:0.000000s ]
INFO: [ view_parse ] --START--
INFO: [ template_filter ] --START--
INFO: Run Behavior\ContentReplaceBehavior [ RunTime:0.000000s ]
INFO: [ template_filter ] --END-- [ RunTime:0.000000s ]
INFO: Run Behavior\ParseTemplateBehavior [ RunTime:0.015618s ]
INFO: [ view_parse ] --END-- [ RunTime:0.015618s ]
INFO: [ view_filter ] --START--
INFO: Run Behavior\WriteHtmlCacheBehavior [ RunTime:0.000000s ]
INFO: [ view_filter ] --END-- [ RunTime:0.000000s ]

[ 2017-08-22T14:17:16+08:00 ] 119.40.58.2 /index.php/Home/user/useredit.html
INFO: [ app_init ] --START--
INFO: Run Behavior\BuildLiteBehavior [ RunTime:0.000000s ]
INFO: [ app_init ] --END-- [ RunTime:0.000000s ]
INFO: [ app_begin ] --START--
INFO: Run Behavior\ReadHtmlCacheBehavior [ RunTime:0.000000s ]
INFO: [ app_begin ] --END-- [ RunTime:0.000000s ]
NOTIC: [8] A session had already been started - ignoring session_start() D:\project\peixun\ThinkPHP\Common\functions.php 第 1190 行.
SQL: DESCRIBE hao_category [ RunTime:0.000000s ]
SQL: SELECT * FROM `hao_category` WHERE `pid` = 0 AND `position` = 1 AND `hidden` = 2 ORDER BY sort asc  [ RunTime:0.000000s ]
SQL: SELECT * FROM `hao_category` WHERE `pid` = 0 AND `position` = 2 AND `hidden` = 2  [ RunTime:0.000000s ]
NOTIC: [2] Invalid argument supplied for foreach() D:\project\peixun\Application\Home\Controller\CommonController.class.php 第 13 行.
SQL: DESCRIBE hao_gear [ RunTime:0.015618s ]
SQL: SELECT * FROM `hao_gear` ORDER BY sort asc  [ RunTime:0.000000s ]
NOTIC: [2] Missing argument 1 for Home\Controller\CommonController::get_homeuser(), called in D:\project\peixun\Application\Home\Controller\CommonController.class.php on line 31 and defined D:\project\peixun\Application\Home\Controller\CommonController.class.php 第 70 行.
SQL: DESCRIBE hao_auth_group [ RunTime:0.000000s ]
SQL: SELECT * FROM `hao_auth_group`  [ RunTime:0.000000s ]
SQL: DESCRIBE hao_member [ RunTime:0.015618s ]
NOTIC: [8] Use of undefined constant member_auth - assumed 'member_auth' D:\project\peixun\Application\Home\Controller\UserController.class.php 第 152 行.
NOTIC: [8] Use of undefined constant member_auth - assumed 'member_auth' D:\project\peixun\Application\Home\Controller\UserController.class.php 第 158 行.
NOTIC: [8] Use of undefined constant member_auth - assumed 'member_auth' D:\project\peixun\Application\Home\Controller\UserController.class.php 第 159 行.
NOTIC: [8] Use of undefined constant numbers - assumed 'numbers' D:\project\peixun\Application\Home\Controller\UserController.class.php 第 159 行.
NOTIC: [8] Use of undefined constant codes - assumed 'codes' D:\project\peixun\Application\Home\Controller\UserController.class.php 第 159 行.
SQL: SELECT * FROM `hao_member` WHERE `member_auth` = 5 AND `bianhao` = '0987654321' AND `code` = '123@qq.com' LIMIT 1   [ RunTime:0.000000s ]
INFO: [ view_parse ] --START--
INFO: [ template_filter ] --START--
INFO: Run Behavior\ContentReplaceBehavior [ RunTime:0.000000s ]
INFO: [ template_filter ] --END-- [ RunTime:0.000000s ]
INFO: Run Behavior\ParseTemplateBehavior [ RunTime:0.000000s ]
INFO: [ view_parse ] --END-- [ RunTime:0.000000s ]
INFO: [ view_filter ] --START--
INFO: Run Behavior\WriteHtmlCacheBehavior [ RunTime:0.000000s ]
INFO: [ view_filter ] --END-- [ RunTime:0.000000s ]

[ 2017-08-22T18:11:23+08:00 ] 112.243.45.228 /
INFO: [ app_init ] --START--
INFO: Run Behavior\BuildLiteBehavior [ RunTime:0.000000s ]
INFO: [ app_init ] --END-- [ RunTime:0.000000s ]
INFO: [ app_begin ] --START--
INFO: Run Behavior\ReadHtmlCacheBehavior [ RunTime:0.000000s ]
INFO: [ app_begin ] --END-- [ RunTime:0.000000s ]
NOTIC: [8] A session had already been started - ignoring session_start() D:\project\peixun\ThinkPHP\Common\functions.php 第 1190 行.
SQL: DESCRIBE hao_category [ RunTime:0.000000s ]
SQL: SELECT * FROM `hao_category` WHERE `pid` = 0 AND `position` = 1 AND `hidden` = 2 ORDER BY sort asc  [ RunTime:0.000000s ]
SQL: SELECT * FROM `hao_category` WHERE `pid` = 0 AND `position` = 2 AND `hidden` = 2  [ RunTime:0.000000s ]
NOTIC: [2] Invalid argument supplied for foreach() D:\project\peixun\Application\Home\Controller\CommonController.class.php 第 13 行.
SQL: DESCRIBE hao_gear [ RunTime:0.000000s ]
SQL: SELECT * FROM `hao_gear` ORDER BY sort asc  [ RunTime:0.000000s ]
NOTIC: [2] Missing argument 1 for Home\Controller\CommonController::get_homeuser(), called in D:\project\peixun\Application\Home\Controller\CommonController.class.php on line 31 and defined D:\project\peixun\Application\Home\Controller\CommonController.class.php 第 70 行.
SQL: DESCRIBE hao_basic [ RunTime:0.015625s ]
SQL: SELECT * FROM `hao_basic` WHERE `bid` = 22 LIMIT 1   [ RunTime:0.000000s ]
SQL: DESCRIBE hao_goods [ RunTime:0.000000s ]
ERR: 1146:Table 'peixun.hao_goods' doesn't exist
 [ SQL语句 ] : DESCRIBE hao_goods
SQL: DESCRIBE hao_area [ RunTime:0.000000s ]
SQL: DESCRIBE hao_music_cate [ RunTime:0.000000s ]
ERR: 1146:Table 'peixun.hao_music_cate' doesn't exist
 [ SQL语句 ] : DESCRIBE hao_music_cate
SQL: DESCRIBE hao_article [ RunTime:0.000000s ]
SQL: SELECT * FROM `hao_goods` WHERE `if_index` = 1 LIMIT 1   [ RunTime:0.000000s ]
ERR: 1146:Table 'peixun.hao_goods' doesn't exist
 [ SQL语句 ] : SELECT * FROM `hao_goods` WHERE `if_index` = 1 LIMIT 1  
SQL: SELECT `name` FROM `hao_area` WHERE `id` = null LIMIT 1   [ RunTime:0.000000s ]
SQL: SELECT * FROM `hao_gear`  [ RunTime:0.000000s ]
SQL: SELECT * FROM `hao_music_cate`  [ RunTime:0.000000s ]
ERR: 1146:Table 'peixun.hao_music_cate' doesn't exist
 [ SQL语句 ] : SELECT * FROM `hao_music_cate` 
SQL: SELECT * FROM `hao_article` WHERE `cate_id` = 101 ORDER BY pubdate desc LIMIT 0,5   [ RunTime:0.000000s ]
SQL: SELECT * FROM `hao_article` WHERE `cate_id` = 95 ORDER BY sort asc LIMIT 0,1   [ RunTime:0.000000s ]
SQL: SELECT * FROM `hao_article` WHERE `cate_id` = 96 ORDER BY sort asc LIMIT 0,3   [ RunTime:0.000000s ]
SQL: DESCRIBE hao_category [ RunTime:0.000000s ]
SQL: SELECT * FROM `hao_category` WHERE ( id=97 ) LIMIT 1   [ RunTime:0.000000s ]
SQL: SELECT * FROM `hao_category` WHERE ( id=98 ) LIMIT 1   [ RunTime:0.000000s ]
SQL: SELECT * FROM `hao_category` WHERE ( id=99 ) LIMIT 1   [ RunTime:0.000000s ]
SQL: SELECT * FROM `hao_category` WHERE ( id=100 ) LIMIT 1   [ RunTime:0.000000s ]
INFO: [ view_parse ] --START--
INFO: [ template_filter ] --START--
INFO: Run Behavior\ContentReplaceBehavior [ RunTime:0.000000s ]
INFO: [ template_filter ] --END-- [ RunTime:0.000000s ]
NOTIC: [8] Use of undefined constant tid - assumed 'tid' D:\project\peixun\Application\Runtime\Cache\Home\2a94b8bda04ff446dcedd42276fc99ee.php 第 105 行.
NOTIC: [8] Use of undefined constant tid - assumed 'tid' D:\project\peixun\Application\Runtime\Cache\Home\2a94b8bda04ff446dcedd42276fc99ee.php 第 105 行.
NOTIC: [8] Use of undefined constant tid - assumed 'tid' D:\project\peixun\Application\Runtime\Cache\Home\2a94b8bda04ff446dcedd42276fc99ee.php 第 105 行.
NOTIC: [8] Use of undefined constant tid - assumed 'tid' D:\project\peixun\Application\Runtime\Cache\Home\2a94b8bda04ff446dcedd42276fc99ee.php 第 105 行.
NOTIC: [8] Use of undefined constant tid - assumed 'tid' D:\project\peixun\Application\Runtime\Cache\Home\2a94b8bda04ff446dcedd42276fc99ee.php 第 105 行.
NOTIC: [8] Use of undefined constant tid - assumed 'tid' D:\project\peixun\Application\Runtime\Cache\Home\2a94b8bda04ff446dcedd42276fc99ee.php 第 115 行.
NOTIC: [8] Use of undefined constant tid - assumed 'tid' D:\project\peixun\Application\Runtime\Cache\Home\2a94b8bda04ff446dcedd42276fc99ee.php 第 115 行.
NOTIC: [8] Use of undefined constant tid - assumed 'tid' D:\project\peixun\Application\Runtime\Cache\Home\2a94b8bda04ff446dcedd42276fc99ee.php 第 115 行.
NOTIC: [8] Use of undefined constant content - assumed 'content' D:\project\peixun\Application\Runtime\Cache\Home\2a94b8bda04ff446dcedd42276fc99ee.php 第 143 行.
NOTIC: [8] Use of undefined constant content - assumed 'content' D:\project\peixun\Application\Runtime\Cache\Home\2a94b8bda04ff446dcedd42276fc99ee.php 第 159 行.
NOTIC: [8] Use of undefined constant content - assumed 'content' D:\project\peixun\Application\Runtime\Cache\Home\2a94b8bda04ff446dcedd42276fc99ee.php 第 171 行.
NOTIC: [8] Use of undefined constant content - assumed 'content' D:\project\peixun\Application\Runtime\Cache\Home\2a94b8bda04ff446dcedd42276fc99ee.php 第 183 行.
INFO: Run Behavior\ParseTemplateBehavior [ RunTime:0.031250s ]
INFO: [ view_parse ] --END-- [ RunTime:0.031250s ]
INFO: [ view_filter ] --START--
INFO: Run Behavior\WriteHtmlCacheBehavior [ RunTime:0.000000s ]
INFO: [ view_filter ] --END-- [ RunTime:0.000000s ]

[ 2017-08-22T18:11:23+08:00 ] 112.243.45.228 /
INFO: [ app_init ] --START--
INFO: Run Behavior\BuildLiteBehavior [ RunTime:0.000000s ]
INFO: [ app_init ] --END-- [ RunTime:0.000000s ]
INFO: [ app_begin ] --START--
INFO: Run Behavior\ReadHtmlCacheBehavior [ RunTime:0.015625s ]
INFO: [ app_begin ] --END-- [ RunTime:0.015625s ]
NOTIC: [8] A session had already been started - ignoring session_start() D:\project\peixun\ThinkPHP\Common\functions.php 第 1190 行.
SQL: DESCRIBE hao_category [ RunTime:0.000000s ]
SQL: SELECT * FROM `hao_category` WHERE `pid` = 0 AND `position` = 1 AND `hidden` = 2 ORDER BY sort asc  [ RunTime:0.000000s ]
SQL: SELECT * FROM `hao_category` WHERE `pid` = 0 AND `position` = 2 AND `hidden` = 2  [ RunTime:0.000000s ]
NOTIC: [2] Invalid argument supplied for foreach() D:\project\peixun\Application\Home\Controller\CommonController.class.php 第 13 行.
SQL: DESCRIBE hao_gear [ RunTime:0.000000s ]
SQL: SELECT * FROM `hao_gear` ORDER BY sort asc  [ RunTime:0.000000s ]
NOTIC: [2] Missing argument 1 for Home\Controller\CommonController::get_homeuser(), called in D:\project\peixun\Application\Home\Controller\CommonController.class.php on line 31 and defined D:\project\peixun\Application\Home\Controller\CommonController.class.php 第 70 行.
SQL: DESCRIBE hao_basic [ RunTime:0.000000s ]
SQL: SELECT * FROM `hao_basic` WHERE `bid` = 22 LIMIT 1   [ RunTime:0.000000s ]
SQL: DESCRIBE hao_goods [ RunTime:0.000000s ]
ERR: 1146:Table 'peixun.hao_goods' doesn't exist
 [ SQL语句 ] : DESCRIBE hao_goods
SQL: DESCRIBE hao_area [ RunTime:0.000000s ]
SQL: DESCRIBE hao_music_cate [ RunTime:0.000000s ]
ERR: 1146:Table 'peixun.hao_music_cate' doesn't exist
 [ SQL语句 ] : DESCRIBE hao_music_cate
SQL: DESCRIBE hao_article [ RunTime:0.000000s ]
SQL: SELECT * FROM `hao_goods` WHERE `if_index` = 1 LIMIT 1   [ RunTime:0.015625s ]
ERR: 1146:Table 'peixun.hao_goods' doesn't exist
 [ SQL语句 ] : SELECT * FROM `hao_goods` WHERE `if_index` = 1 LIMIT 1  
SQL: SELECT `name` FROM `hao_area` WHERE `id` = null LIMIT 1   [ RunTime:0.000000s ]
SQL: SELECT * FROM `hao_gear`  [ RunTime:0.000000s ]
SQL: SELECT * FROM `hao_music_cate`  [ RunTime:0.000000s ]
ERR: 1146:Table 'peixun.hao_music_cate' doesn't exist
 [ SQL语句 ] : SELECT * FROM `hao_music_cate` 
SQL: SELECT * FROM `hao_article` WHERE `cate_id` = 101 ORDER BY pubdate desc LIMIT 0,5   [ RunTime:0.000000s ]
SQL: SELECT * FROM `hao_article` WHERE `cate_id` = 95 ORDER BY sort asc LIMIT 0,1   [ RunTime:0.000000s ]
SQL: SELECT * FROM `hao_article` WHERE `cate_id` = 96 ORDER BY sort asc LIMIT 0,3   [ RunTime:0.000000s ]
SQL: DESCRIBE hao_category [ RunTime:0.000000s ]
SQL: SELECT * FROM `hao_category` WHERE ( id=97 ) LIMIT 1   [ RunTime:0.000000s ]
SQL: SELECT * FROM `hao_category` WHERE ( id=98 ) LIMIT 1   [ RunTime:0.000000s ]
SQL: SELECT * FROM `hao_category` WHERE ( id=99 ) LIMIT 1   [ RunTime:0.000000s ]
SQL: SELECT * FROM `hao_category` WHERE ( id=100 ) LIMIT 1   [ RunTime:0.000000s ]
INFO: [ view_parse ] --START--
INFO: [ template_filter ] --START--
INFO: Run Behavior\ContentReplaceBehavior [ RunTime:0.000000s ]
INFO: [ template_filter ] --END-- [ RunTime:0.000000s ]
NOTIC: [8] Use of undefined constant tid - assumed 'tid' D:\project\peixun\Application\Runtime\Cache\Home\2a94b8bda04ff446dcedd42276fc99ee.php 第 105 行.
NOTIC: [8] Use of undefined constant tid - assumed 'tid' D:\project\peixun\Application\Runtime\Cache\Home\2a94b8bda04ff446dcedd42276fc99ee.php 第 105 行.
NOTIC: [8] Use of undefined constant tid - assumed 'tid' D:\project\peixun\Application\Runtime\Cache\Home\2a94b8bda04ff446dcedd42276fc99ee.php 第 105 行.
NOTIC: [8] Use of undefined constant tid - assumed 'tid' D:\project\peixun\Application\Runtime\Cache\Home\2a94b8bda04ff446dcedd42276fc99ee.php 第 105 行.
NOTIC: [8] Use of undefined constant tid - assumed 'tid' D:\project\peixun\Application\Runtime\Cache\Home\2a94b8bda04ff446dcedd42276fc99ee.php 第 105 行.
NOTIC: [8] Use of undefined constant tid - assumed 'tid' D:\project\peixun\Application\Runtime\Cache\Home\2a94b8bda04ff446dcedd42276fc99ee.php 第 115 行.
NOTIC: [8] Use of undefined constant tid - assumed 'tid' D:\project\peixun\Application\Runtime\Cache\Home\2a94b8bda04ff446dcedd42276fc99ee.php 第 115 行.
NOTIC: [8] Use of undefined constant tid - assumed 'tid' D:\project\peixun\Application\Runtime\Cache\Home\2a94b8bda04ff446dcedd42276fc99ee.php 第 115 行.
NOTIC: [8] Use of undefined constant content - assumed 'content' D:\project\peixun\Application\Runtime\Cache\Home\2a94b8bda04ff446dcedd42276fc99ee.php 第 143 行.
NOTIC: [8] Use of undefined constant content - assumed 'content' D:\project\peixun\Application\Runtime\Cache\Home\2a94b8bda04ff446dcedd42276fc99ee.php 第 159 行.
NOTIC: [8] Use of undefined constant content - assumed 'content' D:\project\peixun\Application\Runtime\Cache\Home\2a94b8bda04ff446dcedd42276fc99ee.php 第 171 行.
NOTIC: [8] Use of undefined constant content - assumed 'content' D:\project\peixun\Application\Runtime\Cache\Home\2a94b8bda04ff446dcedd42276fc99ee.php 第 183 行.
INFO: Run Behavior\ParseTemplateBehavior [ RunTime:0.015625s ]
INFO: [ view_parse ] --END-- [ RunTime:0.015625s ]
INFO: [ view_filter ] --START--
INFO: Run Behavior\WriteHtmlCacheBehavior [ RunTime:0.000000s ]
INFO: [ view_filter ] --END-- [ RunTime:0.000000s ]
INFO: [ app_end ] --START--
INFO: Run Behavior\ShowPageTraceBehavior [ RunTime:0.000000s ]
INFO: [ app_end ] --END-- [ RunTime:0.000000s ]

[ 2017-08-22T18:11:24+08:00 ] 112.243.45.228 /
INFO: [ app_init ] --START--
INFO: Run Behavior\BuildLiteBehavior [ RunTime:0.000000s ]
INFO: [ app_init ] --END-- [ RunTime:0.000000s ]
INFO: [ app_begin ] --START--
INFO: Run Behavior\ReadHtmlCacheBehavior [ RunTime:0.000000s ]
INFO: [ app_begin ] --END-- [ RunTime:0.000000s ]
NOTIC: [8] A session had already been started - ignoring session_start() D:\project\peixun\ThinkPHP\Common\functions.php 第 1190 行.
SQL: DESCRIBE hao_category [ RunTime:0.000000s ]
SQL: SELECT * FROM `hao_category` WHERE `pid` = 0 AND `position` = 1 AND `hidden` = 2 ORDER BY sort asc  [ RunTime:0.000000s ]
SQL: SELECT * FROM `hao_category` WHERE `pid` = 0 AND `position` = 2 AND `hidden` = 2  [ RunTime:0.000000s ]
NOTIC: [2] Invalid argument supplied for foreach() D:\project\peixun\Application\Home\Controller\CommonController.class.php 第 13 行.
SQL: DESCRIBE hao_gear [ RunTime:0.000000s ]
SQL: SELECT * FROM `hao_gear` ORDER BY sort asc  [ RunTime:0.000000s ]
NOTIC: [2] Missing argument 1 for Home\Controller\CommonController::get_homeuser(), called in D:\project\peixun\Application\Home\Controller\CommonController.class.php on line 31 and defined D:\project\peixun\Application\Home\Controller\CommonController.class.php 第 70 行.
SQL: DESCRIBE hao_basic [ RunTime:0.000000s ]
SQL: SELECT * FROM `hao_basic` WHERE `bid` = 22 LIMIT 1   [ RunTime:0.000000s ]
SQL: DESCRIBE hao_goods [ RunTime:0.000000s ]
ERR: 1146:Table 'peixun.hao_goods' doesn't exist
 [ SQL语句 ] : DESCRIBE hao_goods
SQL: DESCRIBE hao_area [ RunTime:0.015625s ]
SQL: DESCRIBE hao_music_cate [ RunTime:0.000000s ]
ERR: 1146:Table 'peixun.hao_music_cate' doesn't exist
 [ SQL语句 ] : DESCRIBE hao_music_cate
SQL: DESCRIBE hao_article [ RunTime:0.000000s ]
SQL: SELECT * FROM `hao_goods` WHERE `if_index` = 1 LIMIT 1   [ RunTime:0.000000s ]
ERR: 1146:Table 'peixun.hao_goods' doesn't exist
 [ SQL语句 ] : SELECT * FROM `hao_goods` WHERE `if_index` = 1 LIMIT 1  
SQL: SELECT `name` FROM `hao_area` WHERE `id` = null LIMIT 1   [ RunTime:0.000000s ]
SQL: SELECT * FROM `hao_gear`  [ RunTime:0.000000s ]
SQL: SELECT * FROM `hao_music_cate`  [ RunTime:0.000000s ]
ERR: 1146:Table 'peixun.hao_music_cate' doesn't exist
 [ SQL语句 ] : SELECT * FROM `hao_music_cate` 
SQL: SELECT * FROM `hao_article` WHERE `cate_id` = 101 ORDER BY pubdate desc LIMIT 0,5   [ RunTime:0.000000s ]
SQL: SELECT * FROM `hao_article` WHERE `cate_id` = 95 ORDER BY sort asc LIMIT 0,1   [ RunTime:0.000000s ]
SQL: SELECT * FROM `hao_article` WHERE `cate_id` = 96 ORDER BY sort asc LIMIT 0,3   [ RunTime:0.000000s ]
SQL: DESCRIBE hao_category [ RunTime:0.000000s ]
SQL: SELECT * FROM `hao_category` WHERE ( id=97 ) LIMIT 1   [ RunTime:0.000000s ]
SQL: SELECT * FROM `hao_category` WHERE ( id=98 ) LIMIT 1   [ RunTime:0.000000s ]
SQL: SELECT * FROM `hao_category` WHERE ( id=99 ) LIMIT 1   [ RunTime:0.000000s ]
SQL: SELECT * FROM `hao_category` WHERE ( id=100 ) LIMIT 1   [ RunTime:0.000000s ]
INFO: [ view_parse ] --START--
INFO: [ template_filter ] --START--
INFO: Run Behavior\ContentReplaceBehavior [ RunTime:0.000000s ]
INFO: [ template_filter ] --END-- [ RunTime:0.000000s ]
NOTIC: [8] Use of undefined constant tid - assumed 'tid' D:\project\peixun\Application\Runtime\Cache\Home\2a94b8bda04ff446dcedd42276fc99ee.php 第 105 行.
NOTIC: [8] Use of undefined constant tid - assumed 'tid' D:\project\peixun\Application\Runtime\Cache\Home\2a94b8bda04ff446dcedd42276fc99ee.php 第 105 行.
NOTIC: [8] Use of undefined constant tid - assumed 'tid' D:\project\peixun\Application\Runtime\Cache\Home\2a94b8bda04ff446dcedd42276fc99ee.php 第 105 行.
NOTIC: [8] Use of undefined constant tid - assumed 'tid' D:\project\peixun\Application\Runtime\Cache\Home\2a94b8bda04ff446dcedd42276fc99ee.php 第 105 行.
NOTIC: [8] Use of undefined constant tid - assumed 'tid' D:\project\peixun\Application\Runtime\Cache\Home\2a94b8bda04ff446dcedd42276fc99ee.php 第 105 行.
NOTIC: [8] Use of undefined constant tid - assumed 'tid' D:\project\peixun\Application\Runtime\Cache\Home\2a94b8bda04ff446dcedd42276fc99ee.php 第 115 行.
NOTIC: [8] Use of undefined constant tid - assumed 'tid' D:\project\peixun\Application\Runtime\Cache\Home\2a94b8bda04ff446dcedd42276fc99ee.php 第 115 行.
NOTIC: [8] Use of undefined constant tid - assumed 'tid' D:\project\peixun\Application\Runtime\Cache\Home\2a94b8bda04ff446dcedd42276fc99ee.php 第 115 行.
NOTIC: [8] Use of undefined constant content - assumed 'content' D:\project\peixun\Application\Runtime\Cache\Home\2a94b8bda04ff446dcedd42276fc99ee.php 第 143 行.
NOTIC: [8] Use of undefined constant content - assumed 'content' D:\project\peixun\Application\Runtime\Cache\Home\2a94b8bda04ff446dcedd42276fc99ee.php 第 159 行.
NOTIC: [8] Use of undefined constant content - assumed 'content' D:\project\peixun\Application\Runtime\Cache\Home\2a94b8bda04ff446dcedd42276fc99ee.php 第 171 行.
NOTIC: [8] Use of undefined constant content - assumed 'content' D:\project\peixun\Application\Runtime\Cache\Home\2a94b8bda04ff446dcedd42276fc99ee.php 第 183 行.
INFO: Run Behavior\ParseTemplateBehavior [ RunTime:0.031250s ]
INFO: [ view_parse ] --END-- [ RunTime:0.031250s ]
INFO: [ view_filter ] --START--
INFO: Run Behavior\WriteHtmlCacheBehavior [ RunTime:0.000000s ]
INFO: [ view_filter ] --END-- [ RunTime:0.000000s ]
INFO: [ app_end ] --START--
INFO: Run Behavior\ShowPageTraceBehavior [ RunTime:0.000000s ]
INFO: [ app_end ] --END-- [ RunTime:0.000000s ]

