[ 2017-06-26T15:40:09+08:00 ] 127.0.0.1 /
INFO: [ app_init ] --START--
INFO: Run Behavior\BuildLiteBehavior [ RunTime:0.000000s ]
INFO: [ app_init ] --END-- [ RunTime:0.014001s ]
INFO: [ app_begin ] --START--
INFO: Run Behavior\ReadHtmlCacheBehavior [ RunTime:0.002001s ]
INFO: [ app_begin ] --END-- [ RunTime:0.002001s ]
SQL: DESCRIBE hao_category [ RunTime:0.031002s ]
SQL: SELECT * FROM `hao_category` WHERE `pid` = 0 AND `position` = 1 AND `hidden` = 2  [ RunTime:0.007000s ]
SQL: SELECT * FROM `hao_category` WHERE `pid` = 0 AND `position` = 2 AND `hidden` = 2  [ RunTime:0.001000s ]
SQL: SELECT * FROM `hao_category` WHERE `pid` = 72  [ RunTime:0.000000s ]
SQL: SELECT * FROM `hao_category` WHERE `pid` = 76  [ RunTime:0.000000s ]
SQL: SELECT * FROM `hao_category` WHERE `pid` = 80  [ RunTime:0.001000s ]
SQL: SELECT * FROM `hao_category` WHERE `pid` = 84  [ RunTime:0.000000s ]
SQL: DESCRIBE hao_gear [ RunTime:0.017001s ]
SQL: SELECT * FROM `hao_gear` ORDER BY sort asc  [ RunTime:0.002001s ]
SQL: DESCRIBE hao_additional [ RunTime:0.016000s ]
SQL: SELECT * FROM `hao_additional` WHERE `fujia_key` = 'toplogo' LIMIT 1   [ RunTime:0.009000s ]
SQL: SELECT * FROM `hao_additional` WHERE `fujia_key` = 'musicad' LIMIT 1   [ RunTime:0.001000s ]
SQL: SELECT * FROM `hao_additional` WHERE `fujia_key` = 'musicshow' LIMIT 1   [ RunTime:0.000000s ]
SQL: SELECT * FROM `hao_additional` WHERE `fujia_key` = 'navfooter' LIMIT 1   [ RunTime:0.000000s ]
SQL: DESCRIBE hao_basic [ RunTime:0.016001s ]
SQL: SELECT * FROM `hao_basic` WHERE `basic_key` = 'video_link' LIMIT 1   [ RunTime:0.001000s ]
SQL: DESCRIBE hao_sponsor [ RunTime:0.017001s ]
SQL: SELECT * FROM `hao_sponsor` WHERE `srcate` = 'chief'  [ RunTime:0.000000s ]
SQL: SELECT * FROM `hao_sponsor` WHERE `srcate` = 'union'  [ RunTime:0.000000s ]
SQL: SELECT * FROM `hao_sponsor` WHERE `srcate` = 'officer'  [ RunTime:0.000000s ]
NOTIC: [2] Missing argument 1 for Home\Controller\CommonController::get_homeuser(), called in E:\Epp\tppeixun\Application\Home\Controller\CommonController.class.php on line 40 and defined E:\Epp\tppeixun\Application\Home\Controller\CommonController.class.php 第 79 行.
SQL: DESCRIBE hao_goods [ RunTime:0.017001s ]
SQL: DESCRIBE hao_area [ RunTime:0.016001s ]
SQL: DESCRIBE hao_music_cate [ RunTime:0.016001s ]
SQL: DESCRIBE hao_article [ RunTime:0.016001s ]
SQL: SELECT * FROM `hao_goods` WHERE `if_index` = 1 LIMIT 1   [ RunTime:0.001000s ]
SQL: SELECT `name` FROM `hao_area` WHERE `id` = 175 LIMIT 1   [ RunTime:0.008000s ]
SQL: SELECT * FROM `hao_music_cate`  [ RunTime:0.000000s ]
SQL: SELECT * FROM `hao_article` WHERE `cate_id` = 71 ORDER BY sort asc LIMIT 0,9   [ RunTime:0.016001s ]
INFO: [ view_parse ] --START--
INFO: [ template_filter ] --START--
INFO: Run Behavior\ContentReplaceBehavior [ RunTime:0.000000s ]
INFO: [ template_filter ] --END-- [ RunTime:0.000000s ]
INFO: Run Behavior\ParseTemplateBehavior [ RunTime:0.088005s ]
INFO: [ view_parse ] --END-- [ RunTime:0.089006s ]
INFO: [ view_filter ] --START--
INFO: Run Behavior\WriteHtmlCacheBehavior [ RunTime:0.001000s ]
INFO: [ view_filter ] --END-- [ RunTime:0.001000s ]
INFO: [ app_end ] --START--
INFO: Run Behavior\ShowPageTraceBehavior [ RunTime:0.002000s ]
INFO: [ app_end ] --END-- [ RunTime:0.002000s ]

