[ 2017-04-26T19:33:41+08:00 ] 127.0.0.1 /
INFO: [ app_init ] --START--
INFO: Run Behavior\BuildLiteBehavior [ RunTime:0.000015s ]
INFO: [ app_init ] --END-- [ RunTime:0.026529s ]
INFO: [ app_begin ] --START--
INFO: Run Behavior\ReadHtmlCacheBehavior [ RunTime:0.001298s ]
INFO: [ app_begin ] --END-- [ RunTime:0.001360s ]
SQL: DESCRIBE hao_gear [ RunTime:0.097891s ]
SQL: SELECT * FROM `hao_gear`  [ RunTime:0.001180s ]
SQL: DESCRIBE hao_goods [ RunTime:0.029845s ]
SQL: SELECT * FROM `hao_goods` LIMIT 0,6   [ RunTime:0.015863s ]
SQL: DESCRIBE hao_article [ RunTime:0.039127s ]
SQL: SELECT * FROM `hao_article` WHERE `cate_id` = 20 ORDER BY addtime desc LIMIT 1   [ RunTime:0.024294s ]
SQL: DESCRIBE hao_category [ RunTime:0.034387s ]
SQL: SELECT * FROM `hao_category` WHERE `pid` = 0  [ RunTime:0.000482s ]
SQL: DESCRIBE hao_basic [ RunTime:0.018785s ]
SQL: SELECT * FROM `hao_basic` WHERE `basic_name` = 'webname' LIMIT 1   [ RunTime:0.000494s ]
INFO: [ view_parse ] --START--
INFO: [ template_filter ] --START--
INFO: Run Behavior\ContentReplaceBehavior [ RunTime:0.000078s ]
INFO: [ template_filter ] --END-- [ RunTime:0.000123s ]
INFO: Run Behavior\ParseTemplateBehavior [ RunTime:0.236112s ]
INFO: [ view_parse ] --END-- [ RunTime:0.236175s ]
INFO: [ view_filter ] --START--
INFO: Run Behavior\WriteHtmlCacheBehavior [ RunTime:0.010754s ]
INFO: [ view_filter ] --END-- [ RunTime:0.010801s ]
INFO: [ app_end ] --START--
INFO: Run Behavior\ShowPageTraceBehavior [ RunTime:0.001539s ]
INFO: [ app_end ] --END-- [ RunTime:0.001585s ]

[ 2017-04-26T19:33:43+08:00 ] 127.0.0.1 /index.php/Home/Index/area.html?upid=0
INFO: [ app_init ] --START--
INFO: Run Behavior\BuildLiteBehavior [ RunTime:0.000020s ]
INFO: [ app_init ] --END-- [ RunTime:0.000687s ]
INFO: [ app_begin ] --START--
INFO: Run Behavior\ReadHtmlCacheBehavior [ RunTime:0.002109s ]
INFO: [ app_begin ] --END-- [ RunTime:0.002182s ]
SQL: DESCRIBE hao_area [ RunTime:0.130399s ]
SQL: SELECT * FROM `hao_area` WHERE `upid` = '0'  [ RunTime:0.015402s ]

[ 2017-04-26T21:05:23+08:00 ] 127.0.0.1 /index.php/Home/down/index/id/5.html
INFO: [ app_init ] --START--
INFO: Run Behavior\BuildLiteBehavior [ RunTime:0.000014s ]
INFO: [ app_init ] --END-- [ RunTime:0.035425s ]
INFO: [ app_begin ] --START--
INFO: Run Behavior\ReadHtmlCacheBehavior [ RunTime:0.008319s ]
INFO: [ app_begin ] --END-- [ RunTime:0.008380s ]
NOTIC: [8] Undefined variable: cate_id D:\phpStudy\WWW\daka\Application\Home\Controller\DownController.class.php 第 20 行.
SQL: DESCRIBE hao_category [ RunTime:0.013744s ]
SQL: select * from hao_category where pid = 5 order by id asc [ RunTime:0.000472s ]
SQL: select * from hao_category where id = 5 [ RunTime:0.000285s ]
SQL: select * from hao_category where pid = 5 order by id asc [ RunTime:0.000271s ]
SQL: DESCRIBE hao_article [ RunTime:0.039513s ]
SQL: SELECT * FROM `hao_article` WHERE `cate_id` = '35'  [ RunTime:0.000861s ]
SQL: select * from hao_category where pid = 5 order by id asc [ RunTime:0.000425s ]
SQL: SELECT * FROM `hao_category` WHERE `id` = '35' LIMIT 1   [ RunTime:0.000445s ]
SQL: SELECT * FROM `hao_category` WHERE `pid` = 0  [ RunTime:0.000368s ]
SQL: DESCRIBE hao_basic [ RunTime:0.026862s ]
SQL: SELECT * FROM `hao_basic` WHERE `basic_name` = 'webname' LIMIT 1   [ RunTime:0.000433s ]
INFO: [ view_parse ] --START--
INFO: [ template_filter ] --START--
INFO: Run Behavior\ContentReplaceBehavior [ RunTime:0.000139s ]
INFO: [ template_filter ] --END-- [ RunTime:0.000230s ]
NOTIC: [8] Use of undefined constant id - assumed 'id' D:\phpStudy\WWW\daka\Application\Runtime\Cache\Home\bf977457fd4caf1bd5dde0a900fefa1b.php 第 68 行.
INFO: Run Behavior\ParseTemplateBehavior [ RunTime:0.271000s ]
INFO: [ view_parse ] --END-- [ RunTime:0.271067s ]
INFO: [ view_filter ] --START--
INFO: Run Behavior\WriteHtmlCacheBehavior [ RunTime:0.023186s ]
INFO: [ view_filter ] --END-- [ RunTime:0.023239s ]
INFO: [ app_end ] --START--
INFO: Run Behavior\ShowPageTraceBehavior [ RunTime:0.017060s ]
INFO: [ app_end ] --END-- [ RunTime:0.017125s ]

[ 2017-04-26T22:54:04+08:00 ] 127.0.0.1 /index.php/Home/down/index/id/5.html
INFO: [ app_init ] --START--
INFO: Run Behavior\BuildLiteBehavior [ RunTime:0.000013s ]
INFO: [ app_init ] --END-- [ RunTime:0.000469s ]
INFO: [ app_begin ] --START--
INFO: Run Behavior\ReadHtmlCacheBehavior [ RunTime:0.000838s ]
INFO: [ app_begin ] --END-- [ RunTime:0.000923s ]
NOTIC: [8] Undefined variable: cate_id D:\phpStudy\WWW\daka\Application\Home\Controller\DownController.class.php 第 20 行.
SQL: DESCRIBE hao_category [ RunTime:0.029922s ]
SQL: select * from hao_category where pid = 5 order by id asc [ RunTime:0.000521s ]
SQL: select * from hao_category where id = 5 [ RunTime:0.000346s ]
SQL: select * from hao_category where pid = 5 order by id asc [ RunTime:0.000376s ]
SQL: DESCRIBE hao_article [ RunTime:0.019692s ]
SQL: SELECT * FROM `hao_article` WHERE `cate_id` = '35'  [ RunTime:0.000686s ]
SQL: select * from hao_category where pid = 5 order by id asc [ RunTime:0.000457s ]
SQL: SELECT * FROM `hao_article` WHERE `cate_id` = '35'  [ RunTime:0.000424s ]

[ 2017-04-26T22:54:15+08:00 ] 127.0.0.1 /index.php/Home/down/index/id/5.html
INFO: [ app_init ] --START--
INFO: Run Behavior\BuildLiteBehavior [ RunTime:0.000018s ]
INFO: [ app_init ] --END-- [ RunTime:0.000738s ]
INFO: [ app_begin ] --START--
INFO: Run Behavior\ReadHtmlCacheBehavior [ RunTime:0.000787s ]
INFO: [ app_begin ] --END-- [ RunTime:0.000864s ]
NOTIC: [8] Undefined variable: cate_id D:\phpStudy\WWW\daka\Application\Home\Controller\DownController.class.php 第 20 行.
SQL: DESCRIBE hao_category [ RunTime:0.012272s ]
SQL: select * from hao_category where pid = 5 order by id asc [ RunTime:0.000528s ]
SQL: select * from hao_category where id = 5 [ RunTime:0.000505s ]
SQL: select * from hao_category where pid = 5 order by id asc [ RunTime:0.000432s ]
SQL: DESCRIBE hao_article [ RunTime:0.013634s ]
SQL: SELECT * FROM `hao_article` WHERE `cate_id` = '35'  [ RunTime:0.000468s ]
SQL: select * from hao_category where pid = 5 order by id asc [ RunTime:0.000356s ]
SQL: SELECT * FROM `hao_article` WHERE `cate_id` = '35'  [ RunTime:0.000365s ]

[ 2017-04-26T22:56:03+08:00 ] 127.0.0.1 /index.php/Home/down/index/id/5.html
INFO: [ app_init ] --START--
INFO: Run Behavior\BuildLiteBehavior [ RunTime:0.000015s ]
INFO: [ app_init ] --END-- [ RunTime:0.000487s ]
INFO: [ app_begin ] --START--
INFO: Run Behavior\ReadHtmlCacheBehavior [ RunTime:0.000551s ]
INFO: [ app_begin ] --END-- [ RunTime:0.000597s ]
NOTIC: [8] Undefined variable: cate_id D:\phpStudy\WWW\daka\Application\Home\Controller\DownController.class.php 第 20 行.
SQL: DESCRIBE hao_category [ RunTime:0.047250s ]
SQL: select * from hao_category where pid = 5 order by id asc [ RunTime:0.000364s ]
SQL: select * from hao_category where id = 5 [ RunTime:0.000349s ]
SQL: DESCRIBE hao_down [ RunTime:0.008409s ]
SQL: select * from hao_category where pid = 5 order by id asc [ RunTime:0.000405s ]
SQL: SELECT * FROM `hao_category` WHERE `id` = '35' LIMIT 1   [ RunTime:0.000319s ]
SQL: SELECT * FROM `hao_category` WHERE `pid` = 0  [ RunTime:0.000305s ]
SQL: DESCRIBE hao_basic [ RunTime:0.007309s ]
SQL: SELECT * FROM `hao_basic` WHERE `basic_name` = 'webname' LIMIT 1   [ RunTime:0.000311s ]
INFO: [ view_parse ] --START--
INFO: [ template_filter ] --START--
INFO: Run Behavior\ContentReplaceBehavior [ RunTime:0.000072s ]
INFO: [ template_filter ] --END-- [ RunTime:0.000118s ]
NOTIC: [8] Use of undefined constant id - assumed 'id' D:\phpStudy\WWW\daka\Application\Runtime\Cache\Home\bf977457fd4caf1bd5dde0a900fefa1b.php 第 68 行.
INFO: Run Behavior\ParseTemplateBehavior [ RunTime:0.098113s ]
INFO: [ view_parse ] --END-- [ RunTime:0.098192s ]
INFO: [ view_filter ] --START--
INFO: Run Behavior\WriteHtmlCacheBehavior [ RunTime:0.000481s ]
INFO: [ view_filter ] --END-- [ RunTime:0.000535s ]
INFO: [ app_end ] --START--
INFO: Run Behavior\ShowPageTraceBehavior [ RunTime:0.001466s ]
INFO: [ app_end ] --END-- [ RunTime:0.001582s ]

[ 2017-04-26T22:57:20+08:00 ] 127.0.0.1 /index.php/Home/down/index/id/5.html
INFO: [ app_init ] --START--
INFO: Run Behavior\BuildLiteBehavior [ RunTime:0.000019s ]
INFO: [ app_init ] --END-- [ RunTime:0.000562s ]
INFO: [ app_begin ] --START--
INFO: Run Behavior\ReadHtmlCacheBehavior [ RunTime:0.000582s ]
INFO: [ app_begin ] --END-- [ RunTime:0.000634s ]
NOTIC: [8] Undefined variable: cate_id D:\phpStudy\WWW\daka\Application\Home\Controller\DownController.class.php 第 20 行.
SQL: DESCRIBE hao_category [ RunTime:0.051113s ]
SQL: select * from hao_category where pid = 5 order by id asc [ RunTime:0.000398s ]
SQL: select * from hao_category where id = 5 [ RunTime:0.000301s ]
NOTIC: [8] Undefined variable: son_cate D:\phpStudy\WWW\daka\Application\Home\Controller\DownController.class.php 第 27 行.

[ 2017-04-26T22:57:40+08:00 ] 127.0.0.1 /index.php/Home/down/index/id/5.html
INFO: [ app_init ] --START--
INFO: Run Behavior\BuildLiteBehavior [ RunTime:0.000017s ]
INFO: [ app_init ] --END-- [ RunTime:0.000647s ]
INFO: [ app_begin ] --START--
INFO: Run Behavior\ReadHtmlCacheBehavior [ RunTime:0.000884s ]
INFO: [ app_begin ] --END-- [ RunTime:0.000967s ]
NOTIC: [8] Undefined variable: cate_id D:\phpStudy\WWW\daka\Application\Home\Controller\DownController.class.php 第 20 行.
SQL: DESCRIBE hao_category [ RunTime:0.013848s ]
SQL: select * from hao_category where pid = 5 order by id asc [ RunTime:0.000444s ]
SQL: select * from hao_category where id = 5 [ RunTime:0.000329s ]
SQL: select * from hao_category where pid = 5 order by id asc [ RunTime:0.000338s ]

[ 2017-04-26T23:01:06+08:00 ] 127.0.0.1 /index.php/Home/down/index/id/5.html
INFO: [ app_init ] --START--
INFO: Run Behavior\BuildLiteBehavior [ RunTime:0.000017s ]
INFO: [ app_init ] --END-- [ RunTime:0.000710s ]
INFO: [ app_begin ] --START--
INFO: Run Behavior\ReadHtmlCacheBehavior [ RunTime:0.000675s ]
INFO: [ app_begin ] --END-- [ RunTime:0.000743s ]
NOTIC: [8] Undefined variable: cate_id D:\phpStudy\WWW\daka\Application\Home\Controller\DownController.class.php 第 20 行.
SQL: DESCRIBE hao_category [ RunTime:0.012164s ]
SQL: select * from hao_category where pid = 5 order by id asc [ RunTime:0.000452s ]
SQL: select * from hao_category where id = 5 [ RunTime:0.000289s ]
SQL: select * from hao_category where pid = 5 order by id asc [ RunTime:0.000321s ]
SQL: DESCRIBE hao_down [ RunTime:0.009293s ]
SQL: SELECT * FROM `hao_down` WHERE `cate_id` = 35 ORDER BY id desc LIMIT 1   [ RunTime:0.000343s ]
ERR: 1054:Unknown column 'id' in 'order clause'
 [ SQL语句 ] : SELECT * FROM `hao_down` WHERE `cate_id` = 35 ORDER BY id desc LIMIT 1  
SQL: select * from hao_category where pid = 5 order by id asc [ RunTime:0.000478s ]
SQL: SELECT * FROM `hao_category` WHERE `id` = '35' LIMIT 1   [ RunTime:0.000355s ]
SQL: SELECT * FROM `hao_category` WHERE `pid` = 0  [ RunTime:0.000538s ]
SQL: DESCRIBE hao_basic [ RunTime:0.008980s ]
SQL: SELECT * FROM `hao_basic` WHERE `basic_name` = 'webname' LIMIT 1   [ RunTime:0.000314s ]
INFO: [ view_parse ] --START--
INFO: [ template_filter ] --START--
INFO: Run Behavior\ContentReplaceBehavior [ RunTime:0.000077s ]
INFO: [ template_filter ] --END-- [ RunTime:0.000124s ]
NOTIC: [8] Use of undefined constant id - assumed 'id' D:\phpStudy\WWW\daka\Application\Runtime\Cache\Home\bf977457fd4caf1bd5dde0a900fefa1b.php 第 68 行.
INFO: Run Behavior\ParseTemplateBehavior [ RunTime:0.104770s ]
INFO: [ view_parse ] --END-- [ RunTime:0.104811s ]
INFO: [ view_filter ] --START--
INFO: Run Behavior\WriteHtmlCacheBehavior [ RunTime:0.000421s ]
INFO: [ view_filter ] --END-- [ RunTime:0.000486s ]
INFO: [ app_end ] --START--
INFO: Run Behavior\ShowPageTraceBehavior [ RunTime:0.003149s ]
INFO: [ app_end ] --END-- [ RunTime:0.003260s ]

[ 2017-04-26T23:01:45+08:00 ] 127.0.0.1 /index.php/Home/down/index/id/5.html
INFO: [ app_init ] --START--
INFO: Run Behavior\BuildLiteBehavior [ RunTime:0.000023s ]
INFO: [ app_init ] --END-- [ RunTime:0.000790s ]
INFO: [ app_begin ] --START--
INFO: Run Behavior\ReadHtmlCacheBehavior [ RunTime:0.000918s ]
INFO: [ app_begin ] --END-- [ RunTime:0.001000s ]
NOTIC: [8] Undefined variable: cate_id D:\phpStudy\WWW\daka\Application\Home\Controller\DownController.class.php 第 20 行.
SQL: DESCRIBE hao_category [ RunTime:0.071085s ]
SQL: select * from hao_category where pid = 5 order by id asc [ RunTime:0.000798s ]
SQL: select * from hao_category where id = 5 [ RunTime:0.000588s ]
SQL: select * from hao_category where pid = 5 order by id asc [ RunTime:0.000667s ]
SQL: DESCRIBE hao_down [ RunTime:0.024550s ]
SQL: SELECT * FROM `hao_down` WHERE `cate_id` = 35 ORDER BY id desc LIMIT 1   [ RunTime:0.000292s ]
ERR: 1054:Unknown column 'id' in 'order clause'
 [ SQL语句 ] : SELECT * FROM `hao_down` WHERE `cate_id` = 35 ORDER BY id desc LIMIT 1  

[ 2017-04-26T23:03:00+08:00 ] 127.0.0.1 /index.php/Home/down/index/id/5.html
INFO: [ app_init ] --START--
INFO: Run Behavior\BuildLiteBehavior [ RunTime:0.000014s ]
INFO: [ app_init ] --END-- [ RunTime:0.000686s ]
INFO: [ app_begin ] --START--
INFO: Run Behavior\ReadHtmlCacheBehavior [ RunTime:0.001021s ]
INFO: [ app_begin ] --END-- [ RunTime:0.001110s ]
NOTIC: [8] Undefined variable: cate_id D:\phpStudy\WWW\daka\Application\Home\Controller\DownController.class.php 第 20 行.
SQL: DESCRIBE hao_category [ RunTime:0.011647s ]
SQL: select * from hao_category where pid = 5 order by id asc [ RunTime:0.000478s ]
SQL: select * from hao_category where id = 5 [ RunTime:0.000268s ]
SQL: select * from hao_category where pid = 5 order by id asc [ RunTime:0.000327s ]
SQL: DESCRIBE hao_down [ RunTime:0.008527s ]
SQL: SELECT * FROM `hao_down` WHERE `cate_id` = 35 ORDER BY id desc LIMIT 1   [ RunTime:0.000291s ]
ERR: 1054:Unknown column 'id' in 'order clause'
 [ SQL语句 ] : SELECT * FROM `hao_down` WHERE `cate_id` = 35 ORDER BY id desc LIMIT 1  

[ 2017-04-26T23:03:10+08:00 ] 127.0.0.1 /index.php/Home/down/index/id/5.html
INFO: [ app_init ] --START--
INFO: Run Behavior\BuildLiteBehavior [ RunTime:0.000019s ]
INFO: [ app_init ] --END-- [ RunTime:0.000583s ]
INFO: [ app_begin ] --START--
INFO: Run Behavior\ReadHtmlCacheBehavior [ RunTime:0.000741s ]
INFO: [ app_begin ] --END-- [ RunTime:0.000800s ]
NOTIC: [8] Undefined variable: cate_id D:\phpStudy\WWW\daka\Application\Home\Controller\DownController.class.php 第 20 行.
SQL: DESCRIBE hao_category [ RunTime:0.013075s ]
SQL: select * from hao_category where pid = 5 order by id asc [ RunTime:0.000590s ]
SQL: select * from hao_category where id = 5 [ RunTime:0.000423s ]
SQL: select * from hao_category where pid = 5 order by id asc [ RunTime:0.000354s ]
SQL: DESCRIBE hao_down [ RunTime:0.010171s ]
SQL: SELECT * FROM `hao_down` WHERE `cate_id` = 35 ORDER BY id desc LIMIT 1   [ RunTime:0.000309s ]
ERR: 1054:Unknown column 'id' in 'order clause'
 [ SQL语句 ] : SELECT * FROM `hao_down` WHERE `cate_id` = 35 ORDER BY id desc LIMIT 1  

[ 2017-04-26T23:03:26+08:00 ] 127.0.0.1 /index.php/Home/down/index/id/5.html
INFO: [ app_init ] --START--
INFO: Run Behavior\BuildLiteBehavior [ RunTime:0.000013s ]
INFO: [ app_init ] --END-- [ RunTime:0.000480s ]
INFO: [ app_begin ] --START--
INFO: Run Behavior\ReadHtmlCacheBehavior [ RunTime:0.000552s ]
INFO: [ app_begin ] --END-- [ RunTime:0.000606s ]
NOTIC: [8] Undefined variable: cate_id D:\phpStudy\WWW\daka\Application\Home\Controller\DownController.class.php 第 20 行.
SQL: DESCRIBE hao_category [ RunTime:0.014349s ]
SQL: select * from hao_category where pid = 5 order by id asc [ RunTime:0.000442s ]
SQL: select * from hao_category where id = 5 [ RunTime:0.000283s ]
SQL: select * from hao_category where pid = 5 order by id asc [ RunTime:0.000281s ]
SQL: DESCRIBE hao_down [ RunTime:0.011305s ]
SQL: SELECT * FROM `hao_down` WHERE `cate_id` = 35 ORDER BY did desc LIMIT 1   [ RunTime:0.000446s ]
SQL: select * from hao_category where pid = 5 order by id asc [ RunTime:0.000393s ]
SQL: SELECT * FROM `hao_category` WHERE `id` = '35' LIMIT 1   [ RunTime:0.000346s ]
SQL: SELECT * FROM `hao_category` WHERE `pid` = 0  [ RunTime:0.000336s ]
SQL: DESCRIBE hao_basic [ RunTime:0.008817s ]
SQL: SELECT * FROM `hao_basic` WHERE `basic_name` = 'webname' LIMIT 1   [ RunTime:0.000486s ]
INFO: [ view_parse ] --START--
INFO: [ template_filter ] --START--
INFO: Run Behavior\ContentReplaceBehavior [ RunTime:0.000073s ]
INFO: [ template_filter ] --END-- [ RunTime:0.000127s ]
NOTIC: [8] Use of undefined constant id - assumed 'id' D:\phpStudy\WWW\daka\Application\Runtime\Cache\Home\bf977457fd4caf1bd5dde0a900fefa1b.php 第 68 行.
INFO: Run Behavior\ParseTemplateBehavior [ RunTime:0.100506s ]
INFO: [ view_parse ] --END-- [ RunTime:0.100562s ]
INFO: [ view_filter ] --START--
INFO: Run Behavior\WriteHtmlCacheBehavior [ RunTime:0.000474s ]
INFO: [ view_filter ] --END-- [ RunTime:0.000508s ]
INFO: [ app_end ] --START--
INFO: Run Behavior\ShowPageTraceBehavior [ RunTime:0.002166s ]
INFO: [ app_end ] --END-- [ RunTime:0.002271s ]

[ 2017-04-26T23:03:42+08:00 ] 127.0.0.1 /index.php/Home/product/index/id/2.html
INFO: [ app_init ] --START--
INFO: Run Behavior\BuildLiteBehavior [ RunTime:0.000021s ]
INFO: [ app_init ] --END-- [ RunTime:0.000803s ]
INFO: [ app_begin ] --START--
INFO: Run Behavior\ReadHtmlCacheBehavior [ RunTime:0.000802s ]
INFO: [ app_begin ] --END-- [ RunTime:0.000876s ]
SQL: DESCRIBE hao_category [ RunTime:0.018755s ]
SQL: select * from hao_category where pid = 2 order by id asc [ RunTime:0.000455s ]
SQL: SELECT * FROM `hao_category` WHERE `id` = '21' LIMIT 1   [ RunTime:0.000348s ]
SQL: select * from hao_category where pid = 2 order by id asc [ RunTime:0.000337s ]
SQL: select * from hao_category where id = 2 [ RunTime:0.000409s ]
SQL: select * from hao_category where pid = 2 order by id asc [ RunTime:0.000612s ]
SQL: DESCRIBE hao_article [ RunTime:0.012570s ]
SQL: SELECT * FROM `hao_article` WHERE `cate_id` = '21'  [ RunTime:0.000475s ]
SQL: select * from hao_category where pid = 2 order by id asc [ RunTime:0.000373s ]
SQL: SELECT * FROM `hao_category` WHERE `id` = '21' LIMIT 1   [ RunTime:0.000332s ]
SQL: DESCRIBE hao_goods [ RunTime:0.016612s ]
SQL: select * from hao_exist where cate_id = 21 order by eid asc [ RunTime:0.049174s ]
SQL: select * from hao_existr_attr where eid = 5 [ RunTime:0.014468s ]
SQL: select * from hao_existr_attr where eid = 6 [ RunTime:0.000354s ]
SQL: select * from hao_existr_attr where eid = 7 [ RunTime:0.012003s ]
SQL: SELECT COUNT(*) AS tp_count FROM `hao_goods` WHERE `cate_id` = 21 LIMIT 1   [ RunTime:0.000466s ]
SQL: SELECT * FROM `hao_goods` WHERE `cate_id` = 21 LIMIT 0,8   [ RunTime:0.001110s ]
SQL: SELECT * FROM `hao_category` WHERE `pid` = 0  [ RunTime:0.000540s ]
SQL: DESCRIBE hao_basic [ RunTime:0.011692s ]
SQL: SELECT * FROM `hao_basic` WHERE `basic_name` = 'webname' LIMIT 1   [ RunTime:0.000397s ]
INFO: [ view_parse ] --START--
INFO: [ template_filter ] --START--
INFO: Run Behavior\ContentReplaceBehavior [ RunTime:0.000160s ]
INFO: [ template_filter ] --END-- [ RunTime:0.000224s ]
NOTIC: [8] Use of undefined constant id - assumed 'id' D:\phpStudy\WWW\daka\Application\Runtime\Cache\Home\3458861da0342b1f9413030055ee3fb6.php 第 68 行.
INFO: Run Behavior\ParseTemplateBehavior [ RunTime:0.185744s ]
INFO: [ view_parse ] --END-- [ RunTime:0.185812s ]
INFO: [ view_filter ] --START--
INFO: Run Behavior\WriteHtmlCacheBehavior [ RunTime:0.000665s ]
INFO: [ view_filter ] --END-- [ RunTime:0.000726s ]
INFO: [ app_end ] --START--
INFO: Run Behavior\ShowPageTraceBehavior [ RunTime:0.004531s ]
INFO: [ app_end ] --END-- [ RunTime:0.004617s ]

[ 2017-04-26T23:07:54+08:00 ] 127.0.0.1 /index.php/Home/product/other/id/22/cate_id/2.html
INFO: [ app_init ] --START--
INFO: Run Behavior\BuildLiteBehavior [ RunTime:0.000023s ]
INFO: [ app_init ] --END-- [ RunTime:0.001748s ]
INFO: [ app_begin ] --START--
INFO: Run Behavior\ReadHtmlCacheBehavior [ RunTime:0.000925s ]
INFO: [ app_begin ] --END-- [ RunTime:0.001052s ]
SQL: DESCRIBE hao_category [ RunTime:0.013900s ]
SQL: select * from hao_category where pid = 22 order by id asc [ RunTime:0.000432s ]
NOTIC: [8] Undefined offset: 0 D:\phpStudy\WWW\daka\Application\Home\Controller\CommonController.class.php 第 98 行.
SQL: SELECT * FROM `hao_category` WHERE `id` = null LIMIT 1   [ RunTime:0.000340s ]
SQL: select * from hao_category where pid = 22 order by id asc [ RunTime:0.000476s ]
SQL: select * from hao_category where id = 22 [ RunTime:0.000315s ]
SQL: select * from hao_category where pid = 22 order by id asc [ RunTime:0.000311s ]
SQL: DESCRIBE hao_article [ RunTime:0.009658s ]
NOTIC: [8] Undefined offset: 0 D:\phpStudy\WWW\daka\Application\Home\Controller\CommonController.class.php 第 13 行.
SQL: SELECT * FROM `hao_article` WHERE `cate_id` = null  [ RunTime:0.000503s ]
SQL: select * from hao_category where pid = 22 order by id asc [ RunTime:0.000449s ]
NOTIC: [8] Undefined offset: 0 D:\phpStudy\WWW\daka\Application\Home\Controller\CommonController.class.php 第 98 行.
SQL: SELECT * FROM `hao_category` WHERE `id` = null LIMIT 1   [ RunTime:0.000257s ]
SQL: DESCRIBE hao_goods [ RunTime:0.010361s ]
SQL: select * from hao_exist where cate_id = 21 order by eid asc [ RunTime:0.000516s ]
SQL: select * from hao_existr_attr where eid = 5 [ RunTime:0.000343s ]
SQL: select * from hao_existr_attr where eid = 6 [ RunTime:0.000269s ]
SQL: select * from hao_existr_attr where eid = 7 [ RunTime:0.000269s ]
SQL: SELECT COUNT(*) AS tp_count FROM `hao_goods` WHERE `cate_id` = 21 LIMIT 1   [ RunTime:0.000307s ]
SQL: SELECT * FROM `hao_goods` WHERE `cate_id` = 21 LIMIT 0,8   [ RunTime:0.000863s ]
SQL: SELECT * FROM `hao_category` WHERE `pid` = 0  [ RunTime:0.000291s ]
SQL: DESCRIBE hao_basic [ RunTime:0.009624s ]
SQL: SELECT * FROM `hao_basic` WHERE `basic_name` = 'webname' LIMIT 1   [ RunTime:0.000331s ]
INFO: [ view_parse ] --START--
INFO: [ template_filter ] --START--
INFO: Run Behavior\ContentReplaceBehavior [ RunTime:0.000135s ]
INFO: [ template_filter ] --END-- [ RunTime:0.000184s ]
INFO: Run Behavior\ParseTemplateBehavior [ RunTime:0.140768s ]
INFO: [ view_parse ] --END-- [ RunTime:0.140826s ]
INFO: [ view_filter ] --START--
INFO: Run Behavior\WriteHtmlCacheBehavior [ RunTime:0.000454s ]
INFO: [ view_filter ] --END-- [ RunTime:0.000503s ]
INFO: [ app_end ] --START--
INFO: Run Behavior\ShowPageTraceBehavior [ RunTime:0.001019s ]
INFO: [ app_end ] --END-- [ RunTime:0.001088s ]

[ 2017-04-26T23:07:55+08:00 ] 127.0.0.1 /index.php/Home/product/other/id/22/cate_id/2.html
INFO: [ app_init ] --START--
INFO: Run Behavior\BuildLiteBehavior [ RunTime:0.000021s ]
INFO: [ app_init ] --END-- [ RunTime:0.000936s ]
INFO: [ app_begin ] --START--
INFO: Run Behavior\ReadHtmlCacheBehavior [ RunTime:0.000971s ]
INFO: [ app_begin ] --END-- [ RunTime:0.001061s ]
SQL: DESCRIBE hao_category [ RunTime:0.017976s ]
SQL: select * from hao_category where pid = 22 order by id asc [ RunTime:0.000597s ]
NOTIC: [8] Undefined offset: 0 D:\phpStudy\WWW\daka\Application\Home\Controller\CommonController.class.php 第 98 行.
SQL: SELECT * FROM `hao_category` WHERE `id` = null LIMIT 1   [ RunTime:0.000491s ]
SQL: select * from hao_category where pid = 22 order by id asc [ RunTime:0.000397s ]
SQL: select * from hao_category where id = 22 [ RunTime:0.000342s ]
SQL: select * from hao_category where pid = 22 order by id asc [ RunTime:0.000310s ]
SQL: DESCRIBE hao_article [ RunTime:0.012412s ]
NOTIC: [8] Undefined offset: 0 D:\phpStudy\WWW\daka\Application\Home\Controller\CommonController.class.php 第 13 行.
SQL: SELECT * FROM `hao_article` WHERE `cate_id` = null  [ RunTime:0.000603s ]
SQL: select * from hao_category where pid = 22 order by id asc [ RunTime:0.000537s ]
NOTIC: [8] Undefined offset: 0 D:\phpStudy\WWW\daka\Application\Home\Controller\CommonController.class.php 第 98 行.
SQL: SELECT * FROM `hao_category` WHERE `id` = null LIMIT 1   [ RunTime:0.000436s ]
SQL: DESCRIBE hao_goods [ RunTime:0.012480s ]
SQL: select * from hao_exist where cate_id = 21 order by eid asc [ RunTime:0.000454s ]
SQL: select * from hao_existr_attr where eid = 5 [ RunTime:0.000353s ]
SQL: select * from hao_existr_attr where eid = 6 [ RunTime:0.000343s ]
SQL: select * from hao_existr_attr where eid = 7 [ RunTime:0.000342s ]
SQL: SELECT COUNT(*) AS tp_count FROM `hao_goods` WHERE `cate_id` = 21 LIMIT 1   [ RunTime:0.000531s ]
SQL: SELECT * FROM `hao_goods` WHERE `cate_id` = 21 LIMIT 0,8   [ RunTime:0.001081s ]
SQL: SELECT * FROM `hao_category` WHERE `pid` = 0  [ RunTime:0.000366s ]
SQL: DESCRIBE hao_basic [ RunTime:0.011005s ]
SQL: SELECT * FROM `hao_basic` WHERE `basic_name` = 'webname' LIMIT 1   [ RunTime:0.000576s ]
INFO: [ view_parse ] --START--
INFO: [ template_filter ] --START--
INFO: Run Behavior\ContentReplaceBehavior [ RunTime:0.000210s ]
INFO: [ template_filter ] --END-- [ RunTime:0.000287s ]
INFO: Run Behavior\ParseTemplateBehavior [ RunTime:0.162593s ]
INFO: [ view_parse ] --END-- [ RunTime:0.162668s ]
INFO: [ view_filter ] --START--
INFO: Run Behavior\WriteHtmlCacheBehavior [ RunTime:0.000597s ]
INFO: [ view_filter ] --END-- [ RunTime:0.000667s ]
INFO: [ app_end ] --START--
INFO: Run Behavior\ShowPageTraceBehavior [ RunTime:0.001412s ]
INFO: [ app_end ] --END-- [ RunTime:0.001500s ]

[ 2017-04-26T23:08:26+08:00 ] 127.0.0.1 /index.php/Home/product/other/id/22/cate_id/2.html
INFO: [ app_init ] --START--
INFO: Run Behavior\BuildLiteBehavior [ RunTime:0.000019s ]
INFO: [ app_init ] --END-- [ RunTime:0.000748s ]
INFO: [ app_begin ] --START--
INFO: Run Behavior\ReadHtmlCacheBehavior [ RunTime:0.000893s ]
INFO: [ app_begin ] --END-- [ RunTime:0.000965s ]
SQL: DESCRIBE hao_category [ RunTime:0.013733s ]
SQL: select * from hao_category where pid = 2 order by id asc [ RunTime:0.000449s ]
SQL: SELECT * FROM `hao_category` WHERE `id` = '21' LIMIT 1   [ RunTime:0.000282s ]
SQL: select * from hao_category where pid = 2 order by id asc [ RunTime:0.000350s ]
SQL: select * from hao_category where id = 2 [ RunTime:0.000330s ]
SQL: select * from hao_category where pid = 2 order by id asc [ RunTime:0.000349s ]
SQL: DESCRIBE hao_article [ RunTime:0.010771s ]
SQL: SELECT * FROM `hao_article` WHERE `cate_id` = '21'  [ RunTime:0.000416s ]
SQL: select * from hao_category where pid = 2 order by id asc [ RunTime:0.000420s ]
SQL: SELECT * FROM `hao_category` WHERE `id` = '21' LIMIT 1   [ RunTime:0.000384s ]
SQL: DESCRIBE hao_goods [ RunTime:0.011817s ]
SQL: select * from hao_exist where cate_id = 21 order by eid asc [ RunTime:0.000387s ]
SQL: select * from hao_existr_attr where eid = 5 [ RunTime:0.000325s ]
SQL: select * from hao_existr_attr where eid = 6 [ RunTime:0.000363s ]
SQL: select * from hao_existr_attr where eid = 7 [ RunTime:0.000290s ]
SQL: SELECT COUNT(*) AS tp_count FROM `hao_goods` WHERE `cate_id` = 21 LIMIT 1   [ RunTime:0.000524s ]
SQL: SELECT * FROM `hao_goods` WHERE `cate_id` = 21 LIMIT 0,8   [ RunTime:0.001022s ]
SQL: SELECT * FROM `hao_category` WHERE `pid` = 0  [ RunTime:0.000330s ]
SQL: DESCRIBE hao_basic [ RunTime:0.011894s ]
SQL: SELECT * FROM `hao_basic` WHERE `basic_name` = 'webname' LIMIT 1   [ RunTime:0.000338s ]
INFO: [ view_parse ] --START--
INFO: [ template_filter ] --START--
INFO: Run Behavior\ContentReplaceBehavior [ RunTime:0.000179s ]
INFO: [ template_filter ] --END-- [ RunTime:0.000253s ]
NOTIC: [8] Use of undefined constant id - assumed 'id' D:\phpStudy\WWW\daka\Application\Runtime\Cache\Home\5b947aa106a8490a9e2f1bafc1902aeb.php 第 68 行.
INFO: Run Behavior\ParseTemplateBehavior [ RunTime:0.151447s ]
INFO: [ view_parse ] --END-- [ RunTime:0.151499s ]
INFO: [ view_filter ] --START--
INFO: Run Behavior\WriteHtmlCacheBehavior [ RunTime:0.000591s ]
INFO: [ view_filter ] --END-- [ RunTime:0.000655s ]
INFO: [ app_end ] --START--
INFO: Run Behavior\ShowPageTraceBehavior [ RunTime:0.001146s ]
INFO: [ app_end ] --END-- [ RunTime:0.001220s ]

[ 2017-04-26T23:09:26+08:00 ] 127.0.0.1 /index.php/Home/product/other/id/22/cate_id/2.html
INFO: [ app_init ] --START--
INFO: Run Behavior\BuildLiteBehavior [ RunTime:0.000014s ]
INFO: [ app_init ] --END-- [ RunTime:0.000585s ]
INFO: [ app_begin ] --START--
INFO: Run Behavior\ReadHtmlCacheBehavior [ RunTime:0.000698s ]
INFO: [ app_begin ] --END-- [ RunTime:0.000769s ]
SQL: DESCRIBE hao_category [ RunTime:0.019509s ]
SQL: select * from hao_category where pid = 2 order by id asc [ RunTime:0.000584s ]
SQL: SELECT * FROM `hao_category` WHERE `id` = '21' LIMIT 1   [ RunTime:0.000461s ]
SQL: select * from hao_category where pid = 2 order by id asc [ RunTime:0.000412s ]
SQL: select * from hao_category where id = 2 [ RunTime:0.000362s ]
SQL: select * from hao_category where pid = 2 order by id asc [ RunTime:0.000351s ]
SQL: DESCRIBE hao_article [ RunTime:0.014523s ]
SQL: SELECT * FROM `hao_article` WHERE `cate_id` = '21'  [ RunTime:0.000559s ]
SQL: select * from hao_category where pid = 2 order by id asc [ RunTime:0.000420s ]
SQL: SELECT * FROM `hao_category` WHERE `id` = '21' LIMIT 1   [ RunTime:0.000476s ]
SQL: DESCRIBE hao_goods [ RunTime:0.012624s ]
SQL: select * from hao_exist where cate_id =  order by eid asc [ RunTime:0.000272s ]
ERR: 1064:You have an error in your SQL syntax; check the manual that corresponds to your MySQL server version for the right syntax to use near 'order by eid asc' at line 1
 [ SQL语句 ] : select * from hao_exist where cate_id =  order by eid asc
NOTIC: [2] Invalid argument supplied for foreach() D:\phpStudy\WWW\daka\Application\Home\Controller\ProductController.class.php 第 75 行.
SQL: SELECT COUNT(*) AS tp_count FROM `hao_goods` WHERE `cate_id` = 0 LIMIT 1   [ RunTime:0.000364s ]
SQL: SELECT * FROM `hao_goods` WHERE `cate_id` = 0 LIMIT 0,8   [ RunTime:0.000330s ]
SQL: SELECT * FROM `hao_category` WHERE `pid` = 0  [ RunTime:0.000297s ]
SQL: DESCRIBE hao_basic [ RunTime:0.009618s ]
SQL: SELECT * FROM `hao_basic` WHERE `basic_name` = 'webname' LIMIT 1   [ RunTime:0.000360s ]
INFO: [ view_parse ] --START--
INFO: [ template_filter ] --START--
INFO: Run Behavior\ContentReplaceBehavior [ RunTime:0.000167s ]
INFO: [ template_filter ] --END-- [ RunTime:0.000221s ]
NOTIC: [8] Use of undefined constant id - assumed 'id' D:\phpStudy\WWW\daka\Application\Runtime\Cache\Home\5b947aa106a8490a9e2f1bafc1902aeb.php 第 68 行.
INFO: Run Behavior\ParseTemplateBehavior [ RunTime:0.157628s ]
INFO: [ view_parse ] --END-- [ RunTime:0.157692s ]
INFO: [ view_filter ] --START--
INFO: Run Behavior\WriteHtmlCacheBehavior [ RunTime:0.000728s ]
INFO: [ view_filter ] --END-- [ RunTime:0.000816s ]
INFO: [ app_end ] --START--
INFO: Run Behavior\ShowPageTraceBehavior [ RunTime:0.001804s ]
INFO: [ app_end ] --END-- [ RunTime:0.001933s ]

[ 2017-04-26T23:11:21+08:00 ] 127.0.0.1 /index.php/Home/product/other/id/22/cate_id/2.html
INFO: [ app_init ] --START--
INFO: Run Behavior\BuildLiteBehavior [ RunTime:0.000019s ]
INFO: [ app_init ] --END-- [ RunTime:0.000701s ]
INFO: [ app_begin ] --START--
INFO: Run Behavior\ReadHtmlCacheBehavior [ RunTime:0.000779s ]
INFO: [ app_begin ] --END-- [ RunTime:0.000857s ]
SQL: DESCRIBE hao_category [ RunTime:0.018386s ]
SQL: select * from hao_category where pid = 2 order by id asc [ RunTime:0.000436s ]
SQL: SELECT * FROM `hao_category` WHERE `id` = '21' LIMIT 1   [ RunTime:0.000379s ]
SQL: select * from hao_category where pid = 2 order by id asc [ RunTime:0.000393s ]
SQL: select * from hao_category where id = 2 [ RunTime:0.000335s ]
SQL: select * from hao_category where pid = 2 order by id asc [ RunTime:0.000401s ]
SQL: DESCRIBE hao_article [ RunTime:0.011632s ]
SQL: SELECT * FROM `hao_article` WHERE `cate_id` = '21'  [ RunTime:0.000371s ]
NOTIC: [2] Invalid argument supplied for foreach() D:\phpStudy\WWW\daka\Application\Home\Controller\CommonController.class.php 第 95 行.
NOTIC: [8] Undefined offset: 0 D:\phpStudy\WWW\daka\Application\Home\Controller\CommonController.class.php 第 98 行.
SQL: SELECT * FROM `hao_category` WHERE `id` = null LIMIT 1   [ RunTime:0.000283s ]
SQL: DESCRIBE hao_goods [ RunTime:0.013834s ]
SQL: select * from hao_exist where cate_id =  order by eid asc [ RunTime:0.000240s ]
ERR: 1064:You have an error in your SQL syntax; check the manual that corresponds to your MySQL server version for the right syntax to use near 'order by eid asc' at line 1
 [ SQL语句 ] : select * from hao_exist where cate_id =  order by eid asc
NOTIC: [2] Invalid argument supplied for foreach() D:\phpStudy\WWW\daka\Application\Home\Controller\ProductController.class.php 第 75 行.
SQL: SELECT COUNT(*) AS tp_count FROM `hao_goods` WHERE `cate_id` = 0 LIMIT 1   [ RunTime:0.000422s ]
SQL: SELECT * FROM `hao_goods` WHERE `cate_id` = 0 LIMIT 0,8   [ RunTime:0.000398s ]
SQL: SELECT * FROM `hao_category` WHERE `pid` = 0  [ RunTime:0.000314s ]
SQL: DESCRIBE hao_basic [ RunTime:0.013312s ]
SQL: SELECT * FROM `hao_basic` WHERE `basic_name` = 'webname' LIMIT 1   [ RunTime:0.000317s ]
INFO: [ view_parse ] --START--
INFO: [ template_filter ] --START--
INFO: Run Behavior\ContentReplaceBehavior [ RunTime:0.000139s ]
INFO: [ template_filter ] --END-- [ RunTime:0.000191s ]
NOTIC: [8] Use of undefined constant id - assumed 'id' D:\phpStudy\WWW\daka\Application\Runtime\Cache\Home\5b947aa106a8490a9e2f1bafc1902aeb.php 第 68 行.
INFO: Run Behavior\ParseTemplateBehavior [ RunTime:0.171065s ]
INFO: [ view_parse ] --END-- [ RunTime:0.171114s ]
INFO: [ view_filter ] --START--
INFO: Run Behavior\WriteHtmlCacheBehavior [ RunTime:0.000402s ]
INFO: [ view_filter ] --END-- [ RunTime:0.000437s ]
INFO: [ app_end ] --START--
INFO: Run Behavior\ShowPageTraceBehavior [ RunTime:0.001148s ]
INFO: [ app_end ] --END-- [ RunTime:0.001227s ]

[ 2017-04-26T23:13:22+08:00 ] 127.0.0.1 /index.php/Home/product/other/id/22/cate_id/2.html
INFO: [ app_init ] --START--
INFO: Run Behavior\BuildLiteBehavior [ RunTime:0.000042s ]
INFO: [ app_init ] --END-- [ RunTime:0.000596s ]
INFO: [ app_begin ] --START--
INFO: Run Behavior\ReadHtmlCacheBehavior [ RunTime:0.002219s ]
INFO: [ app_begin ] --END-- [ RunTime:0.002279s ]

[ 2017-04-26T23:13:34+08:00 ] 127.0.0.1 /index.php/Home/product/other/id/22/cate_id/2.html
INFO: [ app_init ] --START--
INFO: Run Behavior\BuildLiteBehavior [ RunTime:0.000019s ]
INFO: [ app_init ] --END-- [ RunTime:0.000689s ]
INFO: [ app_begin ] --START--
INFO: Run Behavior\ReadHtmlCacheBehavior [ RunTime:0.000820s ]
INFO: [ app_begin ] --END-- [ RunTime:0.000902s ]
NOTIC: [8] Undefined variable: now_son D:\phpStudy\WWW\daka\Application\Home\Controller\ProductController.class.php 第 61 行.
SQL: DESCRIBE hao_category [ RunTime:0.014030s ]
SQL: select * from hao_category where pid = 2 order by id asc [ RunTime:0.000467s ]
SQL: select * from hao_category where id = 2 [ RunTime:0.000284s ]
SQL: select * from hao_category where pid = 2 order by id asc [ RunTime:0.000345s ]
SQL: DESCRIBE hao_article [ RunTime:0.009710s ]
SQL: SELECT * FROM `hao_article` WHERE `cate_id` = '21'  [ RunTime:0.000377s ]
SQL: SELECT * FROM `hao_category` WHERE `id` = '' LIMIT 1   [ RunTime:0.000328s ]
SQL: DESCRIBE hao_goods [ RunTime:0.010229s ]
SQL: select * from hao_exist where cate_id =  order by eid asc [ RunTime:0.000224s ]
ERR: 1064:You have an error in your SQL syntax; check the manual that corresponds to your MySQL server version for the right syntax to use near 'order by eid asc' at line 1
 [ SQL语句 ] : select * from hao_exist where cate_id =  order by eid asc
NOTIC: [2] Invalid argument supplied for foreach() D:\phpStudy\WWW\daka\Application\Home\Controller\ProductController.class.php 第 74 行.
SQL: SELECT COUNT(*) AS tp_count FROM `hao_goods` WHERE `cate_id` = 0 LIMIT 1   [ RunTime:0.000500s ]
SQL: SELECT * FROM `hao_goods` WHERE `cate_id` = 0 LIMIT 0,8   [ RunTime:0.000575s ]
SQL: SELECT * FROM `hao_category` WHERE `pid` = 0  [ RunTime:0.000451s ]
SQL: DESCRIBE hao_basic [ RunTime:0.009294s ]
SQL: SELECT * FROM `hao_basic` WHERE `basic_name` = 'webname' LIMIT 1   [ RunTime:0.000324s ]
INFO: [ view_parse ] --START--
INFO: [ template_filter ] --START--
INFO: Run Behavior\ContentReplaceBehavior [ RunTime:0.000132s ]
INFO: [ template_filter ] --END-- [ RunTime:0.000181s ]
NOTIC: [8] Use of undefined constant id - assumed 'id' D:\phpStudy\WWW\daka\Application\Runtime\Cache\Home\5b947aa106a8490a9e2f1bafc1902aeb.php 第 68 行.
INFO: Run Behavior\ParseTemplateBehavior [ RunTime:0.151000s ]
INFO: [ view_parse ] --END-- [ RunTime:0.151069s ]
INFO: [ view_filter ] --START--
INFO: Run Behavior\WriteHtmlCacheBehavior [ RunTime:0.000553s ]
INFO: [ view_filter ] --END-- [ RunTime:0.000591s ]
INFO: [ app_end ] --START--
INFO: Run Behavior\ShowPageTraceBehavior [ RunTime:0.001330s ]
INFO: [ app_end ] --END-- [ RunTime:0.001401s ]

[ 2017-04-26T23:13:53+08:00 ] 127.0.0.1 /index.php/Home/product/other/id/22/cate_id/2.html
INFO: [ app_init ] --START--
INFO: Run Behavior\BuildLiteBehavior [ RunTime:0.000014s ]
INFO: [ app_init ] --END-- [ RunTime:0.000750s ]
INFO: [ app_begin ] --START--
INFO: Run Behavior\ReadHtmlCacheBehavior [ RunTime:0.000928s ]
INFO: [ app_begin ] --END-- [ RunTime:0.000985s ]
NOTIC: [8] Undefined variable: now_son D:\phpStudy\WWW\daka\Application\Home\Controller\ProductController.class.php 第 61 行.
SQL: DESCRIBE hao_category [ RunTime:0.014269s ]
SQL: select * from hao_category where pid = 2 order by id asc [ RunTime:0.000397s ]
SQL: select * from hao_category where id = 2 [ RunTime:0.000277s ]
SQL: select * from hao_category where pid = 2 order by id asc [ RunTime:0.000301s ]
SQL: DESCRIBE hao_article [ RunTime:0.012657s ]
SQL: SELECT * FROM `hao_article` WHERE `cate_id` = '21'  [ RunTime:0.000401s ]
SQL: SELECT * FROM `hao_category` WHERE `id` = '' LIMIT 1   [ RunTime:0.000308s ]
SQL: SELECT * FROM `hao_category` WHERE `id` = '' LIMIT 1   [ RunTime:0.000287s ]

[ 2017-04-26T23:14:56+08:00 ] 127.0.0.1 /index.php/Home/product/other/id/22/cate_id/2.html
INFO: [ app_init ] --START--
INFO: Run Behavior\BuildLiteBehavior [ RunTime:0.000018s ]
INFO: [ app_init ] --END-- [ RunTime:0.000548s ]
INFO: [ app_begin ] --START--
INFO: Run Behavior\ReadHtmlCacheBehavior [ RunTime:0.000629s ]
INFO: [ app_begin ] --END-- [ RunTime:0.000680s ]
NOTIC: [8] Undefined variable: now_son D:\phpStudy\WWW\daka\Application\Home\Controller\ProductController.class.php 第 61 行.
SQL: DESCRIBE hao_category [ RunTime:0.013501s ]
SQL: select * from hao_category where pid = 2 order by id asc [ RunTime:0.000440s ]
SQL: select * from hao_category where id = 2 [ RunTime:0.000293s ]
SQL: select * from hao_category where pid = 2 order by id asc [ RunTime:0.000295s ]
SQL: DESCRIBE hao_article [ RunTime:0.010658s ]
SQL: SELECT * FROM `hao_article` WHERE `cate_id` = '21'  [ RunTime:0.000377s ]
SQL: SELECT * FROM `hao_category` WHERE `id` = '' LIMIT 1   [ RunTime:0.000278s ]

[ 2017-04-26T23:15:15+08:00 ] 127.0.0.1 /index.php/Home/product/other/id/22/cate_id/2.html
INFO: [ app_init ] --START--
INFO: Run Behavior\BuildLiteBehavior [ RunTime:0.000015s ]
INFO: [ app_init ] --END-- [ RunTime:0.001438s ]
INFO: [ app_begin ] --START--
INFO: Run Behavior\ReadHtmlCacheBehavior [ RunTime:0.000607s ]
INFO: [ app_begin ] --END-- [ RunTime:0.000653s ]
NOTIC: [8] Undefined variable: now_son D:\phpStudy\WWW\daka\Application\Home\Controller\ProductController.class.php 第 61 行.
SQL: DESCRIBE hao_category [ RunTime:0.012604s ]
SQL: select * from hao_category where pid = 2 order by id asc [ RunTime:0.000475s ]
SQL: select * from hao_category where id = 2 [ RunTime:0.000295s ]
SQL: select * from hao_category where pid = 2 order by id asc [ RunTime:0.000299s ]
SQL: DESCRIBE hao_article [ RunTime:0.011043s ]
SQL: SELECT * FROM `hao_article` WHERE `cate_id` = '21'  [ RunTime:0.000421s ]
SQL: SELECT * FROM `hao_category` WHERE `id` = '22' LIMIT 1   [ RunTime:0.000419s ]

[ 2017-04-26T23:15:24+08:00 ] 127.0.0.1 /index.php/Home/product/other/id/22/cate_id/2.html
INFO: [ app_init ] --START--
INFO: Run Behavior\BuildLiteBehavior [ RunTime:0.000020s ]
INFO: [ app_init ] --END-- [ RunTime:0.000904s ]
INFO: [ app_begin ] --START--
INFO: Run Behavior\ReadHtmlCacheBehavior [ RunTime:0.000783s ]
INFO: [ app_begin ] --END-- [ RunTime:0.000846s ]
NOTIC: [8] Undefined variable: now_son D:\phpStudy\WWW\daka\Application\Home\Controller\ProductController.class.php 第 61 行.
SQL: DESCRIBE hao_category [ RunTime:0.013637s ]
SQL: select * from hao_category where pid = 2 order by id asc [ RunTime:0.000465s ]
SQL: select * from hao_category where id = 2 [ RunTime:0.000416s ]
SQL: select * from hao_category where pid = 2 order by id asc [ RunTime:0.000343s ]
SQL: DESCRIBE hao_article [ RunTime:0.011775s ]
SQL: SELECT * FROM `hao_article` WHERE `cate_id` = '21'  [ RunTime:0.000436s ]
SQL: SELECT * FROM `hao_category` WHERE `id` = '22' LIMIT 1   [ RunTime:0.000454s ]
SQL: DESCRIBE hao_goods [ RunTime:0.010302s ]
SQL: select * from hao_exist where cate_id = 22 order by eid asc [ RunTime:0.000336s ]
SQL: SELECT COUNT(*) AS tp_count FROM `hao_goods` WHERE `cate_id` = 22 LIMIT 1   [ RunTime:0.000331s ]
SQL: SELECT * FROM `hao_goods` WHERE `cate_id` = 22 LIMIT 0,8   [ RunTime:0.000331s ]
SQL: SELECT * FROM `hao_category` WHERE `pid` = 0  [ RunTime:0.000339s ]
SQL: DESCRIBE hao_basic [ RunTime:0.010054s ]
SQL: SELECT * FROM `hao_basic` WHERE `basic_name` = 'webname' LIMIT 1   [ RunTime:0.000466s ]
INFO: [ view_parse ] --START--
INFO: [ template_filter ] --START--
INFO: Run Behavior\ContentReplaceBehavior [ RunTime:0.000141s ]
INFO: [ template_filter ] --END-- [ RunTime:0.000192s ]
NOTIC: [8] Use of undefined constant id - assumed 'id' D:\phpStudy\WWW\daka\Application\Runtime\Cache\Home\5b947aa106a8490a9e2f1bafc1902aeb.php 第 68 行.
INFO: Run Behavior\ParseTemplateBehavior [ RunTime:0.161267s ]
INFO: [ view_parse ] --END-- [ RunTime:0.161318s ]
INFO: [ view_filter ] --START--
INFO: Run Behavior\WriteHtmlCacheBehavior [ RunTime:0.000362s ]
INFO: [ view_filter ] --END-- [ RunTime:0.000394s ]
INFO: [ app_end ] --START--
INFO: Run Behavior\ShowPageTraceBehavior [ RunTime:0.001594s ]
INFO: [ app_end ] --END-- [ RunTime:0.001709s ]

[ 2017-04-26T23:15:29+08:00 ] 127.0.0.1 /index.php/Home/product/other/id/23/cate_id/2.html
INFO: [ app_init ] --START--
INFO: Run Behavior\BuildLiteBehavior [ RunTime:0.000014s ]
INFO: [ app_init ] --END-- [ RunTime:0.000643s ]
INFO: [ app_begin ] --START--
INFO: Run Behavior\ReadHtmlCacheBehavior [ RunTime:0.000804s ]
INFO: [ app_begin ] --END-- [ RunTime:0.000876s ]
NOTIC: [8] Undefined variable: now_son D:\phpStudy\WWW\daka\Application\Home\Controller\ProductController.class.php 第 61 行.
SQL: DESCRIBE hao_category [ RunTime:0.014684s ]
SQL: select * from hao_category where pid = 2 order by id asc [ RunTime:0.000454s ]
SQL: select * from hao_category where id = 2 [ RunTime:0.000301s ]
SQL: select * from hao_category where pid = 2 order by id asc [ RunTime:0.000311s ]
SQL: DESCRIBE hao_article [ RunTime:0.011293s ]
SQL: SELECT * FROM `hao_article` WHERE `cate_id` = '21'  [ RunTime:0.000485s ]
SQL: SELECT * FROM `hao_category` WHERE `id` = '23' LIMIT 1   [ RunTime:0.000299s ]
SQL: DESCRIBE hao_goods [ RunTime:0.011335s ]
SQL: select * from hao_exist where cate_id = 23 order by eid asc [ RunTime:0.000344s ]
SQL: SELECT COUNT(*) AS tp_count FROM `hao_goods` WHERE `cate_id` = 23 LIMIT 1   [ RunTime:0.000408s ]
SQL: SELECT * FROM `hao_goods` WHERE `cate_id` = 23 LIMIT 0,8   [ RunTime:0.000386s ]
SQL: SELECT * FROM `hao_category` WHERE `pid` = 0  [ RunTime:0.000362s ]
SQL: DESCRIBE hao_basic [ RunTime:0.010532s ]
SQL: SELECT * FROM `hao_basic` WHERE `basic_name` = 'webname' LIMIT 1   [ RunTime:0.000347s ]
INFO: [ view_parse ] --START--
INFO: [ template_filter ] --START--
INFO: Run Behavior\ContentReplaceBehavior [ RunTime:0.000181s ]
INFO: [ template_filter ] --END-- [ RunTime:0.000254s ]
NOTIC: [8] Use of undefined constant id - assumed 'id' D:\phpStudy\WWW\daka\Application\Runtime\Cache\Home\5b947aa106a8490a9e2f1bafc1902aeb.php 第 68 行.
INFO: Run Behavior\ParseTemplateBehavior [ RunTime:0.153735s ]
INFO: [ view_parse ] --END-- [ RunTime:0.153797s ]
INFO: [ view_filter ] --START--
INFO: Run Behavior\WriteHtmlCacheBehavior [ RunTime:0.000484s ]
INFO: [ view_filter ] --END-- [ RunTime:0.000529s ]
INFO: [ app_end ] --START--
INFO: Run Behavior\ShowPageTraceBehavior [ RunTime:0.001207s ]
INFO: [ app_end ] --END-- [ RunTime:0.001272s ]

[ 2017-04-26T23:15:32+08:00 ] 127.0.0.1 /index.php/Home/product/other/id/24/cate_id/2.html
INFO: [ app_init ] --START--
INFO: Run Behavior\BuildLiteBehavior [ RunTime:0.000031s ]
INFO: [ app_init ] --END-- [ RunTime:0.000996s ]
INFO: [ app_begin ] --START--
INFO: Run Behavior\ReadHtmlCacheBehavior [ RunTime:0.000676s ]
INFO: [ app_begin ] --END-- [ RunTime:0.000748s ]
NOTIC: [8] Undefined variable: now_son D:\phpStudy\WWW\daka\Application\Home\Controller\ProductController.class.php 第 61 行.
SQL: DESCRIBE hao_category [ RunTime:0.014169s ]
SQL: select * from hao_category where pid = 2 order by id asc [ RunTime:0.000535s ]
SQL: select * from hao_category where id = 2 [ RunTime:0.000350s ]
SQL: select * from hao_category where pid = 2 order by id asc [ RunTime:0.000323s ]
SQL: DESCRIBE hao_article [ RunTime:0.009506s ]
SQL: SELECT * FROM `hao_article` WHERE `cate_id` = '21'  [ RunTime:0.000467s ]
SQL: SELECT * FROM `hao_category` WHERE `id` = '24' LIMIT 1   [ RunTime:0.000361s ]
SQL: DESCRIBE hao_goods [ RunTime:0.009970s ]
SQL: select * from hao_exist where cate_id = 24 order by eid asc [ RunTime:0.000418s ]
SQL: SELECT COUNT(*) AS tp_count FROM `hao_goods` WHERE `cate_id` = 24 LIMIT 1   [ RunTime:0.000390s ]
SQL: SELECT * FROM `hao_goods` WHERE `cate_id` = 24 LIMIT 0,8   [ RunTime:0.000451s ]
SQL: SELECT * FROM `hao_category` WHERE `pid` = 0  [ RunTime:0.000371s ]
SQL: DESCRIBE hao_basic [ RunTime:0.010553s ]
SQL: SELECT * FROM `hao_basic` WHERE `basic_name` = 'webname' LIMIT 1   [ RunTime:0.000407s ]
INFO: [ view_parse ] --START--
INFO: [ template_filter ] --START--
INFO: Run Behavior\ContentReplaceBehavior [ RunTime:0.000227s ]
INFO: [ template_filter ] --END-- [ RunTime:0.000308s ]
NOTIC: [8] Use of undefined constant id - assumed 'id' D:\phpStudy\WWW\daka\Application\Runtime\Cache\Home\5b947aa106a8490a9e2f1bafc1902aeb.php 第 68 行.
INFO: Run Behavior\ParseTemplateBehavior [ RunTime:0.152184s ]
INFO: [ view_parse ] --END-- [ RunTime:0.152251s ]
INFO: [ view_filter ] --START--
INFO: Run Behavior\WriteHtmlCacheBehavior [ RunTime:0.000510s ]
INFO: [ view_filter ] --END-- [ RunTime:0.000565s ]
INFO: [ app_end ] --START--
INFO: Run Behavior\ShowPageTraceBehavior [ RunTime:0.000730s ]
INFO: [ app_end ] --END-- [ RunTime:0.000791s ]

[ 2017-04-26T23:15:35+08:00 ] 127.0.0.1 /index.php/Home/product/other/id/25/cate_id/2.html
INFO: [ app_init ] --START--
INFO: Run Behavior\BuildLiteBehavior [ RunTime:0.000038s ]
INFO: [ app_init ] --END-- [ RunTime:0.000881s ]
INFO: [ app_begin ] --START--
INFO: Run Behavior\ReadHtmlCacheBehavior [ RunTime:0.001002s ]
INFO: [ app_begin ] --END-- [ RunTime:0.001090s ]
NOTIC: [8] Undefined variable: now_son D:\phpStudy\WWW\daka\Application\Home\Controller\ProductController.class.php 第 61 行.
SQL: DESCRIBE hao_category [ RunTime:0.013961s ]
SQL: select * from hao_category where pid = 2 order by id asc [ RunTime:0.000662s ]
SQL: select * from hao_category where id = 2 [ RunTime:0.000338s ]
SQL: select * from hao_category where pid = 2 order by id asc [ RunTime:0.000361s ]
SQL: DESCRIBE hao_article [ RunTime:0.009754s ]
SQL: SELECT * FROM `hao_article` WHERE `cate_id` = '21'  [ RunTime:0.000373s ]
SQL: SELECT * FROM `hao_category` WHERE `id` = '25' LIMIT 1   [ RunTime:0.000311s ]
SQL: DESCRIBE hao_goods [ RunTime:0.009966s ]
SQL: select * from hao_exist where cate_id = 25 order by eid asc [ RunTime:0.000398s ]
SQL: SELECT COUNT(*) AS tp_count FROM `hao_goods` WHERE `cate_id` = 25 LIMIT 1   [ RunTime:0.000370s ]
SQL: SELECT * FROM `hao_goods` WHERE `cate_id` = 25 LIMIT 0,8   [ RunTime:0.000356s ]
SQL: SELECT * FROM `hao_category` WHERE `pid` = 0  [ RunTime:0.000361s ]
SQL: DESCRIBE hao_basic [ RunTime:0.010040s ]
SQL: SELECT * FROM `hao_basic` WHERE `basic_name` = 'webname' LIMIT 1   [ RunTime:0.000461s ]
INFO: [ view_parse ] --START--
INFO: [ template_filter ] --START--
INFO: Run Behavior\ContentReplaceBehavior [ RunTime:0.000130s ]
INFO: [ template_filter ] --END-- [ RunTime:0.000180s ]
NOTIC: [8] Use of undefined constant id - assumed 'id' D:\phpStudy\WWW\daka\Application\Runtime\Cache\Home\5b947aa106a8490a9e2f1bafc1902aeb.php 第 68 行.
INFO: Run Behavior\ParseTemplateBehavior [ RunTime:0.156312s ]
INFO: [ view_parse ] --END-- [ RunTime:0.156370s ]
INFO: [ view_filter ] --START--
INFO: Run Behavior\WriteHtmlCacheBehavior [ RunTime:0.000753s ]
INFO: [ view_filter ] --END-- [ RunTime:0.000811s ]
INFO: [ app_end ] --START--
INFO: Run Behavior\ShowPageTraceBehavior [ RunTime:0.001064s ]
INFO: [ app_end ] --END-- [ RunTime:0.001170s ]

[ 2017-04-26T23:15:39+08:00 ] 127.0.0.1 /index.php/Home/product/index/id/2.html
INFO: [ app_init ] --START--
INFO: Run Behavior\BuildLiteBehavior [ RunTime:0.000014s ]
INFO: [ app_init ] --END-- [ RunTime:0.000678s ]
INFO: [ app_begin ] --START--
INFO: Run Behavior\ReadHtmlCacheBehavior [ RunTime:0.000852s ]
INFO: [ app_begin ] --END-- [ RunTime:0.000937s ]
SQL: DESCRIBE hao_category [ RunTime:0.014166s ]
SQL: select * from hao_category where pid = 2 order by id asc [ RunTime:0.000394s ]
SQL: SELECT * FROM `hao_category` WHERE `id` = '21' LIMIT 1   [ RunTime:0.000266s ]
SQL: select * from hao_category where pid = 2 order by id asc [ RunTime:0.000292s ]
SQL: select * from hao_category where id = 2 [ RunTime:0.000301s ]
SQL: select * from hao_category where pid = 2 order by id asc [ RunTime:0.000352s ]
SQL: DESCRIBE hao_article [ RunTime:0.010857s ]
SQL: SELECT * FROM `hao_article` WHERE `cate_id` = '21'  [ RunTime:0.000449s ]
SQL: select * from hao_category where pid = 2 order by id asc [ RunTime:0.000394s ]
SQL: SELECT * FROM `hao_category` WHERE `id` = '21' LIMIT 1   [ RunTime:0.000331s ]
SQL: DESCRIBE hao_goods [ RunTime:0.010402s ]
SQL: select * from hao_exist where cate_id = 21 order by eid asc [ RunTime:0.000353s ]
SQL: select * from hao_existr_attr where eid = 5 [ RunTime:0.000363s ]
SQL: select * from hao_existr_attr where eid = 6 [ RunTime:0.000322s ]
SQL: select * from hao_existr_attr where eid = 7 [ RunTime:0.000540s ]
SQL: SELECT COUNT(*) AS tp_count FROM `hao_goods` WHERE `cate_id` = 21 LIMIT 1   [ RunTime:0.000445s ]
SQL: SELECT * FROM `hao_goods` WHERE `cate_id` = 21 LIMIT 0,8   [ RunTime:0.001046s ]
SQL: SELECT * FROM `hao_category` WHERE `pid` = 0  [ RunTime:0.000314s ]
SQL: DESCRIBE hao_basic [ RunTime:0.009722s ]
SQL: SELECT * FROM `hao_basic` WHERE `basic_name` = 'webname' LIMIT 1   [ RunTime:0.000346s ]
INFO: [ view_parse ] --START--
INFO: [ template_filter ] --START--
INFO: Run Behavior\ContentReplaceBehavior [ RunTime:0.000130s ]
INFO: [ template_filter ] --END-- [ RunTime:0.000181s ]
NOTIC: [8] Use of undefined constant id - assumed 'id' D:\phpStudy\WWW\daka\Application\Runtime\Cache\Home\3458861da0342b1f9413030055ee3fb6.php 第 68 行.
INFO: Run Behavior\ParseTemplateBehavior [ RunTime:0.148905s ]
INFO: [ view_parse ] --END-- [ RunTime:0.148949s ]
INFO: [ view_filter ] --START--
INFO: Run Behavior\WriteHtmlCacheBehavior [ RunTime:0.000359s ]
INFO: [ view_filter ] --END-- [ RunTime:0.000400s ]
INFO: [ app_end ] --START--
INFO: Run Behavior\ShowPageTraceBehavior [ RunTime:0.001216s ]
INFO: [ app_end ] --END-- [ RunTime:0.001301s ]

[ 2017-04-26T23:15:42+08:00 ] 127.0.0.1 /index.php/Home/product/detail/id/1/cate_id/2.html
INFO: [ app_init ] --START--
INFO: Run Behavior\BuildLiteBehavior [ RunTime:0.000018s ]
INFO: [ app_init ] --END-- [ RunTime:0.000728s ]
INFO: [ app_begin ] --START--
INFO: Run Behavior\ReadHtmlCacheBehavior [ RunTime:0.000929s ]
INFO: [ app_begin ] --END-- [ RunTime:0.001012s ]
SQL: DESCRIBE hao_goods [ RunTime:0.015168s ]
SQL: SELECT * FROM `hao_goods` WHERE `gid` = '1' LIMIT 1   [ RunTime:0.000778s ]
SQL: select he.exist_name,ha.attr_name from hao_exist as he,hao_existr_attr as ha where he.eid = ha.eid and ha.attr_id = 8 [ RunTime:0.000357s ]
SQL: select he.exist_name,ha.attr_name from hao_exist as he,hao_existr_attr as ha where he.eid = ha.eid and ha.attr_id = 1 [ RunTime:0.000273s ]
SQL: select he.exist_name,ha.attr_name from hao_exist as he,hao_existr_attr as ha where he.eid = ha.eid and ha.attr_id = 12 [ RunTime:0.000265s ]
SQL: DESCRIBE hao_category [ RunTime:0.010910s ]
SQL: select * from hao_category where id = 2 [ RunTime:0.000389s ]
SQL: select * from hao_category where pid = 2 order by id asc [ RunTime:0.000308s ]
SQL: SELECT * FROM `hao_category` WHERE `pid` = 0  [ RunTime:0.000458s ]
SQL: DESCRIBE hao_basic [ RunTime:0.014051s ]
SQL: SELECT * FROM `hao_basic` WHERE `basic_name` = 'webname' LIMIT 1   [ RunTime:0.000542s ]
INFO: [ view_parse ] --START--
INFO: [ template_filter ] --START--
INFO: Run Behavior\ContentReplaceBehavior [ RunTime:0.000214s ]
INFO: [ template_filter ] --END-- [ RunTime:0.000289s ]
NOTIC: [8] Use of undefined constant id - assumed 'id' D:\phpStudy\WWW\daka\Application\Runtime\Cache\Home\f63daca541365d43e0e0013fdf66e7d5.php 第 68 行.
NOTIC: [8] Undefined variable: now_son D:\phpStudy\WWW\daka\Application\Runtime\Cache\Home\f63daca541365d43e0e0013fdf66e7d5.php 第 84 行.
INFO: Run Behavior\ParseTemplateBehavior [ RunTime:0.190818s ]
INFO: [ view_parse ] --END-- [ RunTime:0.190901s ]
INFO: [ view_filter ] --START--
INFO: Run Behavior\WriteHtmlCacheBehavior [ RunTime:0.000520s ]
INFO: [ view_filter ] --END-- [ RunTime:0.000569s ]
INFO: [ app_end ] --START--
INFO: Run Behavior\ShowPageTraceBehavior [ RunTime:0.000874s ]
INFO: [ app_end ] --END-- [ RunTime:0.000933s ]

[ 2017-04-26T23:57:33+08:00 ] 127.0.0.1 /index.php/Home/about/index/id/1.html
INFO: [ app_init ] --START--
INFO: Run Behavior\BuildLiteBehavior [ RunTime:0.000013s ]
INFO: [ app_init ] --END-- [ RunTime:0.000493s ]
INFO: [ app_begin ] --START--
INFO: Run Behavior\ReadHtmlCacheBehavior [ RunTime:0.000511s ]
INFO: [ app_begin ] --END-- [ RunTime:0.000561s ]
SQL: DESCRIBE hao_category [ RunTime:0.014734s ]
SQL: select * from hao_category where pid = 1 order by id asc [ RunTime:0.000541s ]
SQL: select * from hao_category where id = 1 [ RunTime:0.000335s ]
SQL: select * from hao_category where pid = 1 order by id asc [ RunTime:0.000308s ]
SQL: DESCRIBE hao_article [ RunTime:0.016027s ]
SQL: SELECT * FROM `hao_article` WHERE `cate_id` = '19' LIMIT 1   [ RunTime:0.000446s ]
SQL: select * from hao_category where pid = 1 order by id asc [ RunTime:0.000370s ]
SQL: SELECT * FROM `hao_category` WHERE `id` = '19' LIMIT 1   [ RunTime:0.000284s ]
SQL: SELECT * FROM `hao_category` WHERE `pid` = 0  [ RunTime:0.000320s ]
SQL: DESCRIBE hao_basic [ RunTime:0.010649s ]
SQL: SELECT * FROM `hao_basic` WHERE `basic_name` = 'webname' LIMIT 1   [ RunTime:0.000438s ]
INFO: [ view_parse ] --START--
INFO: [ template_filter ] --START--
INFO: Run Behavior\ContentReplaceBehavior [ RunTime:0.000075s ]
INFO: [ template_filter ] --END-- [ RunTime:0.000129s ]
NOTIC: [8] Use of undefined constant id - assumed 'id' D:\phpStudy\WWW\daka\Application\Runtime\Cache\Home\3b9bb8f59aaa4d1691c827dd64ddfa9b.php 第 68 行.
INFO: Run Behavior\ParseTemplateBehavior [ RunTime:0.135629s ]
INFO: [ view_parse ] --END-- [ RunTime:0.135673s ]
INFO: [ view_filter ] --START--
INFO: Run Behavior\WriteHtmlCacheBehavior [ RunTime:0.000338s ]
INFO: [ view_filter ] --END-- [ RunTime:0.000369s ]
INFO: [ app_end ] --START--
INFO: Run Behavior\ShowPageTraceBehavior [ RunTime:0.001030s ]
INFO: [ app_end ] --END-- [ RunTime:0.001094s ]

[ 2017-04-26T23:57:36+08:00 ] 127.0.0.1 /index.php/Home/product/index/id/2.html
INFO: [ app_init ] --START--
INFO: Run Behavior\BuildLiteBehavior [ RunTime:0.000013s ]
INFO: [ app_init ] --END-- [ RunTime:0.000483s ]
INFO: [ app_begin ] --START--
INFO: Run Behavior\ReadHtmlCacheBehavior [ RunTime:0.000618s ]
INFO: [ app_begin ] --END-- [ RunTime:0.000669s ]
SQL: DESCRIBE hao_category [ RunTime:0.017344s ]
SQL: select * from hao_category where pid = 2 order by id asc [ RunTime:0.000449s ]
SQL: SELECT * FROM `hao_category` WHERE `id` = '21' LIMIT 1   [ RunTime:0.000371s ]
SQL: select * from hao_category where pid = 2 order by id asc [ RunTime:0.000324s ]
SQL: select * from hao_category where id = 2 [ RunTime:0.000271s ]
SQL: select * from hao_category where pid = 2 order by id asc [ RunTime:0.000397s ]
SQL: DESCRIBE hao_article [ RunTime:0.012425s ]
SQL: SELECT * FROM `hao_article` WHERE `cate_id` = '21'  [ RunTime:0.000517s ]
SQL: select * from hao_category where pid = 2 order by id asc [ RunTime:0.000520s ]
SQL: SELECT * FROM `hao_category` WHERE `id` = '21' LIMIT 1   [ RunTime:0.000436s ]
SQL: DESCRIBE hao_goods [ RunTime:0.011274s ]
SQL: select * from hao_exist where cate_id = 21 order by eid asc [ RunTime:0.001635s ]
SQL: select * from hao_existr_attr where eid = 5 [ RunTime:0.001429s ]
SQL: select * from hao_existr_attr where eid = 6 [ RunTime:0.000444s ]
SQL: select * from hao_existr_attr where eid = 7 [ RunTime:0.000359s ]
SQL: SELECT COUNT(*) AS tp_count FROM `hao_goods` WHERE `cate_id` = 21 LIMIT 1   [ RunTime:0.000381s ]
SQL: SELECT * FROM `hao_goods` WHERE `cate_id` = 21 LIMIT 0,8   [ RunTime:0.000973s ]
SQL: SELECT * FROM `hao_category` WHERE `pid` = 0  [ RunTime:0.000305s ]
SQL: DESCRIBE hao_basic [ RunTime:0.012128s ]
SQL: SELECT * FROM `hao_basic` WHERE `basic_name` = 'webname' LIMIT 1   [ RunTime:0.000406s ]
INFO: [ view_parse ] --START--
INFO: [ template_filter ] --START--
INFO: Run Behavior\ContentReplaceBehavior [ RunTime:0.000131s ]
INFO: [ template_filter ] --END-- [ RunTime:0.000186s ]
NOTIC: [8] Use of undefined constant id - assumed 'id' D:\phpStudy\WWW\daka\Application\Runtime\Cache\Home\3458861da0342b1f9413030055ee3fb6.php 第 68 行.
INFO: Run Behavior\ParseTemplateBehavior [ RunTime:0.146586s ]
INFO: [ view_parse ] --END-- [ RunTime:0.146634s ]
INFO: [ view_filter ] --START--
INFO: Run Behavior\WriteHtmlCacheBehavior [ RunTime:0.000374s ]
INFO: [ view_filter ] --END-- [ RunTime:0.000410s ]
INFO: [ app_end ] --START--
INFO: Run Behavior\ShowPageTraceBehavior [ RunTime:0.000985s ]
INFO: [ app_end ] --END-- [ RunTime:0.001065s ]

[ 2017-04-26T23:57:38+08:00 ] 127.0.0.1 /index.php/Home/solve/index/id/3.html
INFO: [ app_init ] --START--
INFO: Run Behavior\BuildLiteBehavior [ RunTime:0.000014s ]
INFO: [ app_init ] --END-- [ RunTime:0.000658s ]
INFO: [ app_begin ] --START--
INFO: Run Behavior\ReadHtmlCacheBehavior [ RunTime:0.000551s ]
INFO: [ app_begin ] --END-- [ RunTime:0.000601s ]
NOTIC: [8] Undefined variable: cate_id D:\phpStudy\WWW\daka\Application\Home\Controller\SolveController.class.php 第 18 行.
SQL: DESCRIBE hao_category [ RunTime:0.013563s ]
SQL: select * from hao_category where pid = 3 order by id asc [ RunTime:0.000436s ]
SQL: select * from hao_category where id = 3 [ RunTime:0.000282s ]
SQL: select * from hao_category where pid = 3 order by id asc [ RunTime:0.000245s ]
SQL: DESCRIBE hao_article [ RunTime:0.010464s ]
SQL: SELECT * FROM `hao_article` WHERE `cate_id` = '26'  [ RunTime:0.000592s ]
SQL: select * from hao_category where pid = 3 order by id asc [ RunTime:0.000413s ]
SQL: SELECT * FROM `hao_category` WHERE `id` = '26' LIMIT 1   [ RunTime:0.000299s ]
SQL: SELECT * FROM `hao_category` WHERE `pid` = 0  [ RunTime:0.000349s ]
SQL: DESCRIBE hao_basic [ RunTime:0.008997s ]
SQL: SELECT * FROM `hao_basic` WHERE `basic_name` = 'webname' LIMIT 1   [ RunTime:0.000406s ]
INFO: [ view_parse ] --START--
INFO: [ template_filter ] --START--
INFO: Run Behavior\ContentReplaceBehavior [ RunTime:0.000133s ]
INFO: [ template_filter ] --END-- [ RunTime:0.000235s ]
NOTIC: [8] Use of undefined constant id - assumed 'id' D:\phpStudy\WWW\daka\Application\Runtime\Cache\Home\39683444e3c04299c0541eff2ce5489c.php 第 68 行.
INFO: Run Behavior\ParseTemplateBehavior [ RunTime:0.174282s ]
INFO: [ view_parse ] --END-- [ RunTime:0.174330s ]
INFO: [ view_filter ] --START--
INFO: Run Behavior\WriteHtmlCacheBehavior [ RunTime:0.000438s ]
INFO: [ view_filter ] --END-- [ RunTime:0.000477s ]
INFO: [ app_end ] --START--
INFO: Run Behavior\ShowPageTraceBehavior [ RunTime:0.000799s ]
INFO: [ app_end ] --END-- [ RunTime:0.000847s ]

