[ 2017-07-13T00:19:50+08:00 ] 101.199.108.54 /
INFO: [ app_init ] --START--
INFO: Run Behavior\BuildLiteBehavior [ RunTime:0.000000s ]
INFO: [ app_init ] --END-- [ RunTime:0.000000s ]
INFO: [ app_begin ] --START--
INFO: Run Behavior\ReadHtmlCacheBehavior [ RunTime:0.000000s ]
INFO: [ app_begin ] --END-- [ RunTime:0.000000s ]
NOTIC: [8] A session had already been started - ignoring session_start() D:\project\peixun\ThinkPHP\Common\functions.php 第 1190 行.
SQL: DESCRIBE hao_category [ RunTime:0.000000s ]
SQL: SELECT * FROM `hao_category` WHERE `pid` = 0 AND `position` = 1 AND `hidden` = 2  [ RunTime:0.000000s ]
SQL: SELECT * FROM `hao_category` WHERE `pid` = 0 AND `position` = 2 AND `hidden` = 2  [ RunTime:0.000000s ]
NOTIC: [2] Invalid argument supplied for foreach() D:\project\peixun\Application\Home\Controller\CommonController.class.php 第 13 行.
SQL: DESCRIBE hao_gear [ RunTime:0.015625s ]
SQL: SELECT * FROM `hao_gear` ORDER BY sort asc  [ RunTime:0.000000s ]
NOTIC: [2] Missing argument 1 for Home\Controller\CommonController::get_homeuser(), called in D:\project\peixun\Application\Home\Controller\CommonController.class.php on line 31 and defined D:\project\peixun\Application\Home\Controller\CommonController.class.php 第 70 行.
SQL: DESCRIBE hao_goods [ RunTime:0.000000s ]
SQL: DESCRIBE hao_area [ RunTime:0.000000s ]
SQL: DESCRIBE hao_music_cate [ RunTime:0.000000s ]
ERR: 1146:Table 'peixun.hao_music_cate' doesn't exist
 [ SQL语句 ] : DESCRIBE hao_music_cate
SQL: DESCRIBE hao_article [ RunTime:0.000000s ]
SQL: SELECT * FROM `hao_goods` WHERE `if_index` = 1 LIMIT 1   [ RunTime:0.000000s ]
SQL: SELECT `name` FROM `hao_area` WHERE `id` = 175 LIMIT 1   [ RunTime:0.000000s ]
SQL: SELECT * FROM `hao_music_cate`  [ RunTime:0.000000s ]
ERR: 1146:Table 'peixun.hao_music_cate' doesn't exist
 [ SQL语句 ] : SELECT * FROM `hao_music_cate` 
SQL: SELECT * FROM `hao_article` WHERE `cate_id` = 71 ORDER BY sort asc LIMIT 0,9   [ RunTime:0.000000s ]
INFO: [ view_parse ] --START--
INFO: [ template_filter ] --START--
INFO: Run Behavior\ContentReplaceBehavior [ RunTime:0.000000s ]
INFO: [ template_filter ] --END-- [ RunTime:0.000000s ]
INFO: Run Behavior\ParseTemplateBehavior [ RunTime:0.015626s ]
INFO: [ view_parse ] --END-- [ RunTime:0.015626s ]
INFO: [ view_filter ] --START--
INFO: Run Behavior\WriteHtmlCacheBehavior [ RunTime:0.000000s ]
INFO: [ view_filter ] --END-- [ RunTime:0.015625s ]
INFO: [ app_end ] --START--
INFO: Run Behavior\ShowPageTraceBehavior [ RunTime:0.000000s ]
INFO: [ app_end ] --END-- [ RunTime:0.000000s ]

[ 2017-07-13T08:32:05+08:00 ] 119.40.58.2 /
INFO: [ app_init ] --START--
INFO: Run Behavior\BuildLiteBehavior [ RunTime:0.000000s ]
INFO: [ app_init ] --END-- [ RunTime:0.015625s ]
INFO: [ app_begin ] --START--
INFO: Run Behavior\ReadHtmlCacheBehavior [ RunTime:0.015626s ]
INFO: [ app_begin ] --END-- [ RunTime:0.015626s ]
NOTIC: [8] A session had already been started - ignoring session_start() D:\project\peixun\ThinkPHP\Common\functions.php 第 1190 行.
SQL: DESCRIBE hao_category [ RunTime:0.046877s ]
SQL: SELECT * FROM `hao_category` WHERE `pid` = 0 AND `position` = 1 AND `hidden` = 2  [ RunTime:0.000000s ]
SQL: SELECT * FROM `hao_category` WHERE `pid` = 0 AND `position` = 2 AND `hidden` = 2  [ RunTime:0.000000s ]
NOTIC: [2] Invalid argument supplied for foreach() D:\project\peixun\Application\Home\Controller\CommonController.class.php 第 13 行.
SQL: DESCRIBE hao_gear [ RunTime:0.031251s ]
SQL: SELECT * FROM `hao_gear` ORDER BY sort asc  [ RunTime:0.000000s ]
NOTIC: [2] Missing argument 1 for Home\Controller\CommonController::get_homeuser(), called in D:\project\peixun\Application\Home\Controller\CommonController.class.php on line 31 and defined D:\project\peixun\Application\Home\Controller\CommonController.class.php 第 70 行.
SQL: DESCRIBE hao_goods [ RunTime:0.015626s ]
SQL: DESCRIBE hao_area [ RunTime:0.078128s ]
SQL: DESCRIBE hao_music_cate [ RunTime:0.015626s ]
ERR: 1146:Table 'peixun.hao_music_cate' doesn't exist
 [ SQL语句 ] : DESCRIBE hao_music_cate
SQL: DESCRIBE hao_article [ RunTime:0.046876s ]
SQL: SELECT * FROM `hao_goods` WHERE `if_index` = 1 LIMIT 1   [ RunTime:0.000000s ]
SQL: SELECT `name` FROM `hao_area` WHERE `id` = 175 LIMIT 1   [ RunTime:0.000000s ]
SQL: SELECT * FROM `hao_music_cate`  [ RunTime:0.000000s ]
ERR: 1146:Table 'peixun.hao_music_cate' doesn't exist
 [ SQL语句 ] : SELECT * FROM `hao_music_cate` 
SQL: SELECT * FROM `hao_article` WHERE `cate_id` = 71 ORDER BY sort asc LIMIT 0,9   [ RunTime:0.000000s ]
INFO: [ view_parse ] --START--
INFO: [ template_filter ] --START--
INFO: Run Behavior\ContentReplaceBehavior [ RunTime:0.000000s ]
INFO: [ template_filter ] --END-- [ RunTime:0.000000s ]
INFO: Run Behavior\ParseTemplateBehavior [ RunTime:0.109379s ]
INFO: [ view_parse ] --END-- [ RunTime:0.109379s ]
INFO: [ view_filter ] --START--
INFO: Run Behavior\WriteHtmlCacheBehavior [ RunTime:0.015626s ]
INFO: [ view_filter ] --END-- [ RunTime:0.015626s ]
INFO: [ app_end ] --START--
INFO: Run Behavior\ShowPageTraceBehavior [ RunTime:0.000000s ]
INFO: [ app_end ] --END-- [ RunTime:0.000000s ]

[ 2017-07-13T08:32:25+08:00 ] 119.40.58.2 /index.php/Home/indexarticle/index/id/90
INFO: [ app_init ] --START--
INFO: Run Behavior\BuildLiteBehavior [ RunTime:0.000000s ]
INFO: [ app_init ] --END-- [ RunTime:0.000000s ]
INFO: [ app_begin ] --START--
INFO: Run Behavior\ReadHtmlCacheBehavior [ RunTime:0.000000s ]
INFO: [ app_begin ] --END-- [ RunTime:0.000000s ]
NOTIC: [8] A session had already been started - ignoring session_start() D:\project\peixun\ThinkPHP\Common\functions.php 第 1190 行.
SQL: DESCRIBE hao_category [ RunTime:0.000000s ]
SQL: SELECT * FROM `hao_category` WHERE `pid` = 0 AND `position` = 1 AND `hidden` = 2  [ RunTime:0.000000s ]
SQL: SELECT * FROM `hao_category` WHERE `pid` = 0 AND `position` = 2 AND `hidden` = 2  [ RunTime:0.000000s ]
NOTIC: [2] Invalid argument supplied for foreach() D:\project\peixun\Application\Home\Controller\CommonController.class.php 第 13 行.
SQL: SELECT * FROM `hao_category` WHERE `id` = 90 LIMIT 1   [ RunTime:0.000000s ]
NOTIC: [2] Missing argument 1 for Home\Controller\CommonController::get_homeuser(), called in D:\project\peixun\Application\Home\Controller\CommonController.class.php on line 31 and defined D:\project\peixun\Application\Home\Controller\CommonController.class.php 第 70 行.
SQL: SELECT * FROM `hao_category` WHERE `id` = 90 LIMIT 1   [ RunTime:0.000000s ]
INFO: [ view_parse ] --START--
INFO: [ template_filter ] --START--
INFO: Run Behavior\ContentReplaceBehavior [ RunTime:0.000000s ]
INFO: [ template_filter ] --END-- [ RunTime:0.000000s ]
INFO: Run Behavior\ParseTemplateBehavior [ RunTime:0.031251s ]
INFO: [ view_parse ] --END-- [ RunTime:0.031251s ]
INFO: [ view_filter ] --START--
INFO: Run Behavior\WriteHtmlCacheBehavior [ RunTime:0.000000s ]
INFO: [ view_filter ] --END-- [ RunTime:0.000000s ]
INFO: [ app_end ] --START--
INFO: Run Behavior\ShowPageTraceBehavior [ RunTime:0.000000s ]
INFO: [ app_end ] --END-- [ RunTime:0.000000s ]

[ 2017-07-13T08:32:34+08:00 ] 119.40.58.2 /
INFO: [ app_init ] --START--
INFO: Run Behavior\BuildLiteBehavior [ RunTime:0.000000s ]
INFO: [ app_init ] --END-- [ RunTime:0.000000s ]
INFO: [ app_begin ] --START--
INFO: Run Behavior\ReadHtmlCacheBehavior [ RunTime:0.000000s ]
INFO: [ app_begin ] --END-- [ RunTime:0.000000s ]
NOTIC: [8] A session had already been started - ignoring session_start() D:\project\peixun\ThinkPHP\Common\functions.php 第 1190 行.
SQL: DESCRIBE hao_category [ RunTime:0.000000s ]
SQL: SELECT * FROM `hao_category` WHERE `pid` = 0 AND `position` = 1 AND `hidden` = 2  [ RunTime:0.000000s ]
SQL: SELECT * FROM `hao_category` WHERE `pid` = 0 AND `position` = 2 AND `hidden` = 2  [ RunTime:0.000000s ]
NOTIC: [2] Invalid argument supplied for foreach() D:\project\peixun\Application\Home\Controller\CommonController.class.php 第 13 行.
SQL: DESCRIBE hao_gear [ RunTime:0.000000s ]
SQL: SELECT * FROM `hao_gear` ORDER BY sort asc  [ RunTime:0.000000s ]
NOTIC: [2] Missing argument 1 for Home\Controller\CommonController::get_homeuser(), called in D:\project\peixun\Application\Home\Controller\CommonController.class.php on line 31 and defined D:\project\peixun\Application\Home\Controller\CommonController.class.php 第 70 行.
SQL: DESCRIBE hao_goods [ RunTime:0.000000s ]
SQL: DESCRIBE hao_area [ RunTime:0.000000s ]
SQL: DESCRIBE hao_music_cate [ RunTime:0.015626s ]
ERR: 1146:Table 'peixun.hao_music_cate' doesn't exist
 [ SQL语句 ] : DESCRIBE hao_music_cate
SQL: DESCRIBE hao_article [ RunTime:0.000000s ]
SQL: SELECT * FROM `hao_goods` WHERE `if_index` = 1 LIMIT 1   [ RunTime:0.000000s ]
SQL: SELECT `name` FROM `hao_area` WHERE `id` = 175 LIMIT 1   [ RunTime:0.000000s ]
SQL: SELECT * FROM `hao_music_cate`  [ RunTime:0.000000s ]
ERR: 1146:Table 'peixun.hao_music_cate' doesn't exist
 [ SQL语句 ] : SELECT * FROM `hao_music_cate` 
SQL: SELECT * FROM `hao_article` WHERE `cate_id` = 71 ORDER BY sort asc LIMIT 0,9   [ RunTime:0.000000s ]
INFO: [ view_parse ] --START--
INFO: [ template_filter ] --START--
INFO: Run Behavior\ContentReplaceBehavior [ RunTime:0.000000s ]
INFO: [ template_filter ] --END-- [ RunTime:0.000000s ]
INFO: Run Behavior\ParseTemplateBehavior [ RunTime:0.015625s ]
INFO: [ view_parse ] --END-- [ RunTime:0.015625s ]
INFO: [ view_filter ] --START--
INFO: Run Behavior\WriteHtmlCacheBehavior [ RunTime:0.000000s ]
INFO: [ view_filter ] --END-- [ RunTime:0.000000s ]
INFO: [ app_end ] --START--
INFO: Run Behavior\ShowPageTraceBehavior [ RunTime:0.000000s ]
INFO: [ app_end ] --END-- [ RunTime:0.000000s ]

[ 2017-07-13T08:32:35+08:00 ] 119.40.58.2 /index.php/Home/listarticle/index/id/86
INFO: [ app_init ] --START--
INFO: Run Behavior\BuildLiteBehavior [ RunTime:0.000000s ]
INFO: [ app_init ] --END-- [ RunTime:0.000000s ]
INFO: [ app_begin ] --START--
INFO: Run Behavior\ReadHtmlCacheBehavior [ RunTime:0.000000s ]
INFO: [ app_begin ] --END-- [ RunTime:0.000000s ]
NOTIC: [8] A session had already been started - ignoring session_start() D:\project\peixun\ThinkPHP\Common\functions.php 第 1190 行.
SQL: DESCRIBE hao_category [ RunTime:0.000000s ]
SQL: SELECT * FROM `hao_category` WHERE `pid` = 0 AND `position` = 1 AND `hidden` = 2  [ RunTime:0.000000s ]
SQL: SELECT * FROM `hao_category` WHERE `pid` = 0 AND `position` = 2 AND `hidden` = 2  [ RunTime:0.000000s ]
NOTIC: [2] Invalid argument supplied for foreach() D:\project\peixun\Application\Home\Controller\CommonController.class.php 第 13 行.
SQL: SELECT * FROM `hao_category` WHERE `id` = 86 LIMIT 1   [ RunTime:0.000000s ]
NOTIC: [2] Missing argument 1 for Home\Controller\CommonController::get_homeuser(), called in D:\project\peixun\Application\Home\Controller\CommonController.class.php on line 31 and defined D:\project\peixun\Application\Home\Controller\CommonController.class.php 第 70 行.
SQL: DESCRIBE hao_article [ RunTime:0.000000s ]
SQL: SELECT COUNT(*) AS tp_count FROM `hao_article` LIMIT 1   [ RunTime:0.000000s ]
SQL: SELECT * FROM `hao_article` WHERE `cate_id` = 86 LIMIT 0,16   [ RunTime:0.000000s ]
INFO: [ view_parse ] --START--
INFO: [ template_filter ] --START--
INFO: Run Behavior\ContentReplaceBehavior [ RunTime:0.000000s ]
INFO: [ template_filter ] --END-- [ RunTime:0.000000s ]
INFO: Run Behavior\ParseTemplateBehavior [ RunTime:0.078128s ]
INFO: [ view_parse ] --END-- [ RunTime:0.078128s ]
INFO: [ view_filter ] --START--
INFO: Run Behavior\WriteHtmlCacheBehavior [ RunTime:0.000000s ]
INFO: [ view_filter ] --END-- [ RunTime:0.000000s ]
INFO: [ app_end ] --START--
INFO: Run Behavior\ShowPageTraceBehavior [ RunTime:0.000000s ]
INFO: [ app_end ] --END-- [ RunTime:0.000000s ]

[ 2017-07-13T08:32:43+08:00 ] 119.40.58.2 /index.php/Home/prove/index/id/87
INFO: [ app_init ] --START--
INFO: Run Behavior\BuildLiteBehavior [ RunTime:0.000000s ]
INFO: [ app_init ] --END-- [ RunTime:0.000000s ]
INFO: [ app_begin ] --START--
INFO: Run Behavior\ReadHtmlCacheBehavior [ RunTime:0.000000s ]
INFO: [ app_begin ] --END-- [ RunTime:0.000000s ]
NOTIC: [8] A session had already been started - ignoring session_start() D:\project\peixun\ThinkPHP\Common\functions.php 第 1190 行.
ERR: 无法加载控制器:Prove

[ 2017-07-13T08:32:46+08:00 ] 119.40.58.2 /index.php/Home/listarticle/index/id/88
INFO: [ app_init ] --START--
INFO: Run Behavior\BuildLiteBehavior [ RunTime:0.000000s ]
INFO: [ app_init ] --END-- [ RunTime:0.000000s ]
INFO: [ app_begin ] --START--
INFO: Run Behavior\ReadHtmlCacheBehavior [ RunTime:0.000000s ]
INFO: [ app_begin ] --END-- [ RunTime:0.000000s ]
NOTIC: [8] A session had already been started - ignoring session_start() D:\project\peixun\ThinkPHP\Common\functions.php 第 1190 行.
SQL: DESCRIBE hao_category [ RunTime:0.000000s ]
SQL: SELECT * FROM `hao_category` WHERE `pid` = 0 AND `position` = 1 AND `hidden` = 2  [ RunTime:0.000000s ]
SQL: SELECT * FROM `hao_category` WHERE `pid` = 0 AND `position` = 2 AND `hidden` = 2  [ RunTime:0.000000s ]
NOTIC: [2] Invalid argument supplied for foreach() D:\project\peixun\Application\Home\Controller\CommonController.class.php 第 13 行.
SQL: SELECT * FROM `hao_category` WHERE `id` = 88 LIMIT 1   [ RunTime:0.000000s ]
NOTIC: [2] Missing argument 1 for Home\Controller\CommonController::get_homeuser(), called in D:\project\peixun\Application\Home\Controller\CommonController.class.php on line 31 and defined D:\project\peixun\Application\Home\Controller\CommonController.class.php 第 70 行.
SQL: DESCRIBE hao_article [ RunTime:0.000000s ]
SQL: SELECT COUNT(*) AS tp_count FROM `hao_article` LIMIT 1   [ RunTime:0.000000s ]
SQL: SELECT * FROM `hao_article` WHERE `cate_id` = 88 LIMIT 0,16   [ RunTime:0.000000s ]
INFO: [ view_parse ] --START--
INFO: [ template_filter ] --START--
INFO: Run Behavior\ContentReplaceBehavior [ RunTime:0.000000s ]
INFO: [ template_filter ] --END-- [ RunTime:0.000000s ]
INFO: Run Behavior\ParseTemplateBehavior [ RunTime:0.015626s ]
INFO: [ view_parse ] --END-- [ RunTime:0.015626s ]
INFO: [ view_filter ] --START--
INFO: Run Behavior\WriteHtmlCacheBehavior [ RunTime:0.000000s ]
INFO: [ view_filter ] --END-- [ RunTime:0.000000s ]
INFO: [ app_end ] --START--
INFO: Run Behavior\ShowPageTraceBehavior [ RunTime:0.000000s ]
INFO: [ app_end ] --END-- [ RunTime:0.000000s ]

[ 2017-07-13T08:32:49+08:00 ] 119.40.58.2 /index.php/Home/listarticle/index/id/88
INFO: [ app_init ] --START--
INFO: Run Behavior\BuildLiteBehavior [ RunTime:0.000000s ]
INFO: [ app_init ] --END-- [ RunTime:0.000000s ]
INFO: [ app_begin ] --START--
INFO: Run Behavior\ReadHtmlCacheBehavior [ RunTime:0.000000s ]
INFO: [ app_begin ] --END-- [ RunTime:0.000000s ]
NOTIC: [8] A session had already been started - ignoring session_start() D:\project\peixun\ThinkPHP\Common\functions.php 第 1190 行.
SQL: DESCRIBE hao_category [ RunTime:0.000000s ]
SQL: SELECT * FROM `hao_category` WHERE `pid` = 0 AND `position` = 1 AND `hidden` = 2  [ RunTime:0.000000s ]
SQL: SELECT * FROM `hao_category` WHERE `pid` = 0 AND `position` = 2 AND `hidden` = 2  [ RunTime:0.000000s ]
NOTIC: [2] Invalid argument supplied for foreach() D:\project\peixun\Application\Home\Controller\CommonController.class.php 第 13 行.
SQL: SELECT * FROM `hao_category` WHERE `id` = 88 LIMIT 1   [ RunTime:0.000000s ]
NOTIC: [2] Missing argument 1 for Home\Controller\CommonController::get_homeuser(), called in D:\project\peixun\Application\Home\Controller\CommonController.class.php on line 31 and defined D:\project\peixun\Application\Home\Controller\CommonController.class.php 第 70 行.
SQL: DESCRIBE hao_article [ RunTime:0.000000s ]
SQL: SELECT COUNT(*) AS tp_count FROM `hao_article` LIMIT 1   [ RunTime:0.000000s ]
SQL: SELECT * FROM `hao_article` WHERE `cate_id` = 88 LIMIT 0,16   [ RunTime:0.000000s ]
INFO: [ view_parse ] --START--
INFO: [ template_filter ] --START--
INFO: Run Behavior\ContentReplaceBehavior [ RunTime:0.000000s ]
INFO: [ template_filter ] --END-- [ RunTime:0.000000s ]
INFO: Run Behavior\ParseTemplateBehavior [ RunTime:0.015625s ]
INFO: [ view_parse ] --END-- [ RunTime:0.015625s ]
INFO: [ view_filter ] --START--
INFO: Run Behavior\WriteHtmlCacheBehavior [ RunTime:0.000000s ]
INFO: [ view_filter ] --END-- [ RunTime:0.000000s ]
INFO: [ app_end ] --START--
INFO: Run Behavior\ShowPageTraceBehavior [ RunTime:0.000000s ]
INFO: [ app_end ] --END-- [ RunTime:0.000000s ]

[ 2017-07-13T08:32:50+08:00 ] 106.120.160.119 /
INFO: [ app_init ] --START--
INFO: Run Behavior\BuildLiteBehavior [ RunTime:0.000000s ]
INFO: [ app_init ] --END-- [ RunTime:0.000000s ]
INFO: [ app_begin ] --START--
INFO: Run Behavior\ReadHtmlCacheBehavior [ RunTime:0.000000s ]
INFO: [ app_begin ] --END-- [ RunTime:0.000000s ]
NOTIC: [8] A session had already been started - ignoring session_start() D:\project\peixun\ThinkPHP\Common\functions.php 第 1190 行.
SQL: DESCRIBE hao_category [ RunTime:0.000000s ]
SQL: SELECT * FROM `hao_category` WHERE `pid` = 0 AND `position` = 1 AND `hidden` = 2  [ RunTime:0.000000s ]
SQL: SELECT * FROM `hao_category` WHERE `pid` = 0 AND `position` = 2 AND `hidden` = 2  [ RunTime:0.000000s ]
NOTIC: [2] Invalid argument supplied for foreach() D:\project\peixun\Application\Home\Controller\CommonController.class.php 第 13 行.
SQL: DESCRIBE hao_gear [ RunTime:0.000000s ]
SQL: SELECT * FROM `hao_gear` ORDER BY sort asc  [ RunTime:0.000000s ]
NOTIC: [2] Missing argument 1 for Home\Controller\CommonController::get_homeuser(), called in D:\project\peixun\Application\Home\Controller\CommonController.class.php on line 31 and defined D:\project\peixun\Application\Home\Controller\CommonController.class.php 第 70 行.
SQL: DESCRIBE hao_goods [ RunTime:0.000000s ]
SQL: DESCRIBE hao_area [ RunTime:0.000000s ]
SQL: DESCRIBE hao_music_cate [ RunTime:0.015626s ]
ERR: 1146:Table 'peixun.hao_music_cate' doesn't exist
 [ SQL语句 ] : DESCRIBE hao_music_cate
SQL: DESCRIBE hao_article [ RunTime:0.000000s ]
SQL: SELECT * FROM `hao_goods` WHERE `if_index` = 1 LIMIT 1   [ RunTime:0.000000s ]
SQL: SELECT `name` FROM `hao_area` WHERE `id` = 175 LIMIT 1   [ RunTime:0.000000s ]
SQL: SELECT * FROM `hao_music_cate`  [ RunTime:0.000000s ]
ERR: 1146:Table 'peixun.hao_music_cate' doesn't exist
 [ SQL语句 ] : SELECT * FROM `hao_music_cate` 
SQL: SELECT * FROM `hao_article` WHERE `cate_id` = 71 ORDER BY sort asc LIMIT 0,9   [ RunTime:0.000000s ]
INFO: [ view_parse ] --START--
INFO: [ template_filter ] --START--
INFO: Run Behavior\ContentReplaceBehavior [ RunTime:0.000000s ]
INFO: [ template_filter ] --END-- [ RunTime:0.000000s ]
INFO: Run Behavior\ParseTemplateBehavior [ RunTime:0.015625s ]
INFO: [ view_parse ] --END-- [ RunTime:0.015625s ]
INFO: [ view_filter ] --START--
INFO: Run Behavior\WriteHtmlCacheBehavior [ RunTime:0.000000s ]
INFO: [ view_filter ] --END-- [ RunTime:0.000000s ]
INFO: [ app_end ] --START--
INFO: Run Behavior\ShowPageTraceBehavior [ RunTime:0.000000s ]
INFO: [ app_end ] --END-- [ RunTime:0.000000s ]

[ 2017-07-13T08:32:53+08:00 ] 119.40.58.2 /index.php/Home/listarticle/index/id/89
INFO: [ app_init ] --START--
INFO: Run Behavior\BuildLiteBehavior [ RunTime:0.000000s ]
INFO: [ app_init ] --END-- [ RunTime:0.000000s ]
INFO: [ app_begin ] --START--
INFO: Run Behavior\ReadHtmlCacheBehavior [ RunTime:0.000000s ]
INFO: [ app_begin ] --END-- [ RunTime:0.000000s ]
NOTIC: [8] A session had already been started - ignoring session_start() D:\project\peixun\ThinkPHP\Common\functions.php 第 1190 行.
SQL: DESCRIBE hao_category [ RunTime:0.000000s ]
SQL: SELECT * FROM `hao_category` WHERE `pid` = 0 AND `position` = 1 AND `hidden` = 2  [ RunTime:0.000000s ]
SQL: SELECT * FROM `hao_category` WHERE `pid` = 0 AND `position` = 2 AND `hidden` = 2  [ RunTime:0.000000s ]
NOTIC: [2] Invalid argument supplied for foreach() D:\project\peixun\Application\Home\Controller\CommonController.class.php 第 13 行.
SQL: SELECT * FROM `hao_category` WHERE `id` = 89 LIMIT 1   [ RunTime:0.000000s ]
NOTIC: [2] Missing argument 1 for Home\Controller\CommonController::get_homeuser(), called in D:\project\peixun\Application\Home\Controller\CommonController.class.php on line 31 and defined D:\project\peixun\Application\Home\Controller\CommonController.class.php 第 70 行.
SQL: DESCRIBE hao_article [ RunTime:0.000000s ]
SQL: SELECT COUNT(*) AS tp_count FROM `hao_article` LIMIT 1   [ RunTime:0.000000s ]
SQL: SELECT * FROM `hao_article` WHERE `cate_id` = 89 LIMIT 0,16   [ RunTime:0.000000s ]
INFO: [ view_parse ] --START--
INFO: [ template_filter ] --START--
INFO: Run Behavior\ContentReplaceBehavior [ RunTime:0.000000s ]
INFO: [ template_filter ] --END-- [ RunTime:0.000000s ]
INFO: Run Behavior\ParseTemplateBehavior [ RunTime:0.031252s ]
INFO: [ view_parse ] --END-- [ RunTime:0.031252s ]
INFO: [ view_filter ] --START--
INFO: Run Behavior\WriteHtmlCacheBehavior [ RunTime:0.000000s ]
INFO: [ view_filter ] --END-- [ RunTime:0.000000s ]
INFO: [ app_end ] --START--
INFO: Run Behavior\ShowPageTraceBehavior [ RunTime:0.000000s ]
INFO: [ app_end ] --END-- [ RunTime:0.000000s ]

[ 2017-07-13T08:32:56+08:00 ] 119.40.58.2 /index.php/Home/indexarticle/index/id/90
INFO: [ app_init ] --START--
INFO: Run Behavior\BuildLiteBehavior [ RunTime:0.000000s ]
INFO: [ app_init ] --END-- [ RunTime:0.000000s ]
INFO: [ app_begin ] --START--
INFO: Run Behavior\ReadHtmlCacheBehavior [ RunTime:0.015626s ]
INFO: [ app_begin ] --END-- [ RunTime:0.015626s ]
NOTIC: [8] A session had already been started - ignoring session_start() D:\project\peixun\ThinkPHP\Common\functions.php 第 1190 行.
SQL: DESCRIBE hao_category [ RunTime:0.000000s ]
SQL: SELECT * FROM `hao_category` WHERE `pid` = 0 AND `position` = 1 AND `hidden` = 2  [ RunTime:0.000000s ]
SQL: SELECT * FROM `hao_category` WHERE `pid` = 0 AND `position` = 2 AND `hidden` = 2  [ RunTime:0.000000s ]
NOTIC: [2] Invalid argument supplied for foreach() D:\project\peixun\Application\Home\Controller\CommonController.class.php 第 13 行.
SQL: SELECT * FROM `hao_category` WHERE `id` = 90 LIMIT 1   [ RunTime:0.000000s ]
NOTIC: [2] Missing argument 1 for Home\Controller\CommonController::get_homeuser(), called in D:\project\peixun\Application\Home\Controller\CommonController.class.php on line 31 and defined D:\project\peixun\Application\Home\Controller\CommonController.class.php 第 70 行.
SQL: SELECT * FROM `hao_category` WHERE `id` = 90 LIMIT 1   [ RunTime:0.000000s ]
INFO: [ view_parse ] --START--
INFO: [ template_filter ] --START--
INFO: Run Behavior\ContentReplaceBehavior [ RunTime:0.000000s ]
INFO: [ template_filter ] --END-- [ RunTime:0.000000s ]
INFO: Run Behavior\ParseTemplateBehavior [ RunTime:0.015626s ]
INFO: [ view_parse ] --END-- [ RunTime:0.015626s ]
INFO: [ view_filter ] --START--
INFO: Run Behavior\WriteHtmlCacheBehavior [ RunTime:0.000000s ]
INFO: [ view_filter ] --END-- [ RunTime:0.000000s ]
INFO: [ app_end ] --START--
INFO: Run Behavior\ShowPageTraceBehavior [ RunTime:0.000000s ]
INFO: [ app_end ] --END-- [ RunTime:0.000000s ]

[ 2017-07-13T08:32:58+08:00 ] 119.40.58.2 /
INFO: [ app_init ] --START--
INFO: Run Behavior\BuildLiteBehavior [ RunTime:0.000000s ]
INFO: [ app_init ] --END-- [ RunTime:0.000000s ]
INFO: [ app_begin ] --START--
INFO: Run Behavior\ReadHtmlCacheBehavior [ RunTime:0.000000s ]
INFO: [ app_begin ] --END-- [ RunTime:0.000000s ]
NOTIC: [8] A session had already been started - ignoring session_start() D:\project\peixun\ThinkPHP\Common\functions.php 第 1190 行.
SQL: DESCRIBE hao_category [ RunTime:0.000000s ]
SQL: SELECT * FROM `hao_category` WHERE `pid` = 0 AND `position` = 1 AND `hidden` = 2  [ RunTime:0.000000s ]
SQL: SELECT * FROM `hao_category` WHERE `pid` = 0 AND `position` = 2 AND `hidden` = 2  [ RunTime:0.000000s ]
NOTIC: [2] Invalid argument supplied for foreach() D:\project\peixun\Application\Home\Controller\CommonController.class.php 第 13 行.
SQL: DESCRIBE hao_gear [ RunTime:0.000000s ]
SQL: SELECT * FROM `hao_gear` ORDER BY sort asc  [ RunTime:0.000000s ]
NOTIC: [2] Missing argument 1 for Home\Controller\CommonController::get_homeuser(), called in D:\project\peixun\Application\Home\Controller\CommonController.class.php on line 31 and defined D:\project\peixun\Application\Home\Controller\CommonController.class.php 第 70 行.
SQL: DESCRIBE hao_goods [ RunTime:0.000000s ]
SQL: DESCRIBE hao_area [ RunTime:0.000000s ]
SQL: DESCRIBE hao_music_cate [ RunTime:0.015626s ]
ERR: 1146:Table 'peixun.hao_music_cate' doesn't exist
 [ SQL语句 ] : DESCRIBE hao_music_cate
SQL: DESCRIBE hao_article [ RunTime:0.000000s ]
SQL: SELECT * FROM `hao_goods` WHERE `if_index` = 1 LIMIT 1   [ RunTime:0.000000s ]
SQL: SELECT `name` FROM `hao_area` WHERE `id` = 175 LIMIT 1   [ RunTime:0.000000s ]
SQL: SELECT * FROM `hao_music_cate`  [ RunTime:0.000000s ]
ERR: 1146:Table 'peixun.hao_music_cate' doesn't exist
 [ SQL语句 ] : SELECT * FROM `hao_music_cate` 
SQL: SELECT * FROM `hao_article` WHERE `cate_id` = 71 ORDER BY sort asc LIMIT 0,9   [ RunTime:0.000000s ]
INFO: [ view_parse ] --START--
INFO: [ template_filter ] --START--
INFO: Run Behavior\ContentReplaceBehavior [ RunTime:0.000000s ]
INFO: [ template_filter ] --END-- [ RunTime:0.000000s ]
INFO: Run Behavior\ParseTemplateBehavior [ RunTime:0.015626s ]
INFO: [ view_parse ] --END-- [ RunTime:0.015626s ]
INFO: [ view_filter ] --START--
INFO: Run Behavior\WriteHtmlCacheBehavior [ RunTime:0.000000s ]
INFO: [ view_filter ] --END-- [ RunTime:0.000000s ]
INFO: [ app_end ] --START--
INFO: Run Behavior\ShowPageTraceBehavior [ RunTime:0.000000s ]
INFO: [ app_end ] --END-- [ RunTime:0.000000s ]

[ 2017-07-13T08:33:05+08:00 ] 101.199.108.119 /
INFO: [ app_init ] --START--
INFO: Run Behavior\BuildLiteBehavior [ RunTime:0.000000s ]
INFO: [ app_init ] --END-- [ RunTime:0.000000s ]
INFO: [ app_begin ] --START--
INFO: Run Behavior\ReadHtmlCacheBehavior [ RunTime:0.000000s ]
INFO: [ app_begin ] --END-- [ RunTime:0.000000s ]
NOTIC: [8] A session had already been started - ignoring session_start() D:\project\peixun\ThinkPHP\Common\functions.php 第 1190 行.
SQL: DESCRIBE hao_category [ RunTime:0.000000s ]
SQL: SELECT * FROM `hao_category` WHERE `pid` = 0 AND `position` = 1 AND `hidden` = 2  [ RunTime:0.000000s ]
SQL: SELECT * FROM `hao_category` WHERE `pid` = 0 AND `position` = 2 AND `hidden` = 2  [ RunTime:0.000000s ]
NOTIC: [2] Invalid argument supplied for foreach() D:\project\peixun\Application\Home\Controller\CommonController.class.php 第 13 行.
SQL: DESCRIBE hao_gear [ RunTime:0.000000s ]
SQL: SELECT * FROM `hao_gear` ORDER BY sort asc  [ RunTime:0.000000s ]
NOTIC: [2] Missing argument 1 for Home\Controller\CommonController::get_homeuser(), called in D:\project\peixun\Application\Home\Controller\CommonController.class.php on line 31 and defined D:\project\peixun\Application\Home\Controller\CommonController.class.php 第 70 行.
SQL: DESCRIBE hao_goods [ RunTime:0.000000s ]
SQL: DESCRIBE hao_area [ RunTime:0.000000s ]
SQL: DESCRIBE hao_music_cate [ RunTime:0.015626s ]
ERR: 1146:Table 'peixun.hao_music_cate' doesn't exist
 [ SQL语句 ] : DESCRIBE hao_music_cate
SQL: DESCRIBE hao_article [ RunTime:0.000000s ]
SQL: SELECT * FROM `hao_goods` WHERE `if_index` = 1 LIMIT 1   [ RunTime:0.000000s ]
SQL: SELECT `name` FROM `hao_area` WHERE `id` = 175 LIMIT 1   [ RunTime:0.000000s ]
SQL: SELECT * FROM `hao_music_cate`  [ RunTime:0.000000s ]
ERR: 1146:Table 'peixun.hao_music_cate' doesn't exist
 [ SQL语句 ] : SELECT * FROM `hao_music_cate` 
SQL: SELECT * FROM `hao_article` WHERE `cate_id` = 71 ORDER BY sort asc LIMIT 0,9   [ RunTime:0.000000s ]
INFO: [ view_parse ] --START--
INFO: [ template_filter ] --START--
INFO: Run Behavior\ContentReplaceBehavior [ RunTime:0.000000s ]
INFO: [ template_filter ] --END-- [ RunTime:0.000000s ]
INFO: Run Behavior\ParseTemplateBehavior [ RunTime:0.015626s ]
INFO: [ view_parse ] --END-- [ RunTime:0.015626s ]
INFO: [ view_filter ] --START--
INFO: Run Behavior\WriteHtmlCacheBehavior [ RunTime:0.000000s ]
INFO: [ view_filter ] --END-- [ RunTime:0.000000s ]
INFO: [ app_end ] --START--
INFO: Run Behavior\ShowPageTraceBehavior [ RunTime:0.000000s ]
INFO: [ app_end ] --END-- [ RunTime:0.000000s ]

[ 2017-07-13T09:36:18+08:00 ] 127.0.0.1 /
INFO: [ app_init ] --START--
INFO: Run Behavior\BuildLiteBehavior [ RunTime:0.000000s ]
INFO: [ app_init ] --END-- [ RunTime:0.001000s ]
INFO: [ app_begin ] --START--
INFO: Run Behavior\ReadHtmlCacheBehavior [ RunTime:0.001000s ]
INFO: [ app_begin ] --END-- [ RunTime:0.001000s ]
SQL: DESCRIBE hao_category [ RunTime:0.003000s ]
SQL: SELECT * FROM `hao_category` WHERE `pid` = 0 AND `position` = 1 AND `hidden` = 2  [ RunTime:0.001000s ]
SQL: SELECT * FROM `hao_category` WHERE `pid` = 0 AND `position` = 2 AND `hidden` = 2  [ RunTime:0.000000s ]
NOTIC: [2] Invalid argument supplied for foreach() F:\code\peixun\Application\Home\Controller\CommonController.class.php 第 13 行.
SQL: DESCRIBE hao_gear [ RunTime:0.003000s ]
SQL: SELECT * FROM `hao_gear` ORDER BY sort asc  [ RunTime:0.000000s ]
NOTIC: [2] Missing argument 1 for Home\Controller\CommonController::get_homeuser(), called in F:\code\peixun\Application\Home\Controller\CommonController.class.php on line 31 and defined F:\code\peixun\Application\Home\Controller\CommonController.class.php 第 70 行.
SQL: DESCRIBE hao_goods [ RunTime:0.003000s ]
SQL: DESCRIBE hao_area [ RunTime:0.003001s ]
SQL: DESCRIBE hao_music_cate [ RunTime:0.002000s ]
ERR: 1146:Table 'peixun.hao_music_cate' doesn't exist
 [ SQL语句 ] : DESCRIBE hao_music_cate
SQL: DESCRIBE hao_article [ RunTime:0.002000s ]
SQL: SELECT * FROM `hao_goods` WHERE `if_index` = 1 LIMIT 1   [ RunTime:0.000000s ]
SQL: SELECT `name` FROM `hao_area` WHERE `id` = 175 LIMIT 1   [ RunTime:0.000000s ]
SQL: SELECT * FROM `hao_music_cate`  [ RunTime:0.000000s ]
ERR: 1146:Table 'peixun.hao_music_cate' doesn't exist
 [ SQL语句 ] : SELECT * FROM `hao_music_cate` 
SQL: SELECT * FROM `hao_article` WHERE `cate_id` = 71 ORDER BY sort asc LIMIT 0,9   [ RunTime:0.000000s ]
INFO: [ view_parse ] --START--
INFO: [ template_filter ] --START--
INFO: Run Behavior\ContentReplaceBehavior [ RunTime:0.000000s ]
INFO: [ template_filter ] --END-- [ RunTime:0.001001s ]
INFO: Run Behavior\ParseTemplateBehavior [ RunTime:0.011001s ]
INFO: [ view_parse ] --END-- [ RunTime:0.011001s ]
INFO: [ view_filter ] --START--
INFO: Run Behavior\WriteHtmlCacheBehavior [ RunTime:0.000000s ]
INFO: [ view_filter ] --END-- [ RunTime:0.000000s ]
INFO: [ app_end ] --START--
INFO: Run Behavior\ShowPageTraceBehavior [ RunTime:0.001000s ]
INFO: [ app_end ] --END-- [ RunTime:0.001000s ]

[ 2017-07-13T09:36:20+08:00 ] 127.0.0.1 /index.php/Home/prove/index/id/87
INFO: [ app_init ] --START--
INFO: Run Behavior\BuildLiteBehavior [ RunTime:0.000000s ]
INFO: [ app_init ] --END-- [ RunTime:0.000000s ]
INFO: [ app_begin ] --START--
INFO: Run Behavior\ReadHtmlCacheBehavior [ RunTime:0.000000s ]
INFO: [ app_begin ] --END-- [ RunTime:0.000000s ]
ERR: 无法加载控制器:Prove

[ 2017-07-13T09:36:22+08:00 ] 127.0.0.1 /index.php/Home/listarticle/index/id/86
INFO: [ app_init ] --START--
INFO: Run Behavior\BuildLiteBehavior [ RunTime:0.000000s ]
INFO: [ app_init ] --END-- [ RunTime:0.000000s ]
INFO: [ app_begin ] --START--
INFO: Run Behavior\ReadHtmlCacheBehavior [ RunTime:0.001000s ]
INFO: [ app_begin ] --END-- [ RunTime:0.001000s ]
SQL: DESCRIBE hao_category [ RunTime:0.005000s ]
SQL: SELECT * FROM `hao_category` WHERE `pid` = 0 AND `position` = 1 AND `hidden` = 2  [ RunTime:0.001000s ]
SQL: SELECT * FROM `hao_category` WHERE `pid` = 0 AND `position` = 2 AND `hidden` = 2  [ RunTime:0.000000s ]
NOTIC: [2] Invalid argument supplied for foreach() F:\code\peixun\Application\Home\Controller\CommonController.class.php 第 13 行.
SQL: SELECT * FROM `hao_category` WHERE `id` = 86 LIMIT 1   [ RunTime:0.000000s ]
NOTIC: [2] Missing argument 1 for Home\Controller\CommonController::get_homeuser(), called in F:\code\peixun\Application\Home\Controller\CommonController.class.php on line 31 and defined F:\code\peixun\Application\Home\Controller\CommonController.class.php 第 70 行.
SQL: DESCRIBE hao_article [ RunTime:0.004000s ]
SQL: SELECT COUNT(*) AS tp_count FROM `hao_article` LIMIT 1   [ RunTime:0.000000s ]
SQL: SELECT * FROM `hao_article` WHERE `cate_id` = 86 LIMIT 0,16   [ RunTime:0.001000s ]
INFO: [ view_parse ] --START--
INFO: [ template_filter ] --START--
INFO: Run Behavior\ContentReplaceBehavior [ RunTime:0.000000s ]
INFO: [ template_filter ] --END-- [ RunTime:0.000000s ]
INFO: Run Behavior\ParseTemplateBehavior [ RunTime:0.014000s ]
INFO: [ view_parse ] --END-- [ RunTime:0.014000s ]
INFO: [ view_filter ] --START--
INFO: Run Behavior\WriteHtmlCacheBehavior [ RunTime:0.000000s ]
INFO: [ view_filter ] --END-- [ RunTime:0.000000s ]
INFO: [ app_end ] --START--
INFO: Run Behavior\ShowPageTraceBehavior [ RunTime:0.000000s ]
INFO: [ app_end ] --END-- [ RunTime:0.000000s ]

[ 2017-07-13T09:36:24+08:00 ] 127.0.0.1 /index.php/Home/listarticle/index/id/88
INFO: [ app_init ] --START--
INFO: Run Behavior\BuildLiteBehavior [ RunTime:0.001000s ]
INFO: [ app_init ] --END-- [ RunTime:0.001000s ]
INFO: [ app_begin ] --START--
INFO: Run Behavior\ReadHtmlCacheBehavior [ RunTime:0.000000s ]
INFO: [ app_begin ] --END-- [ RunTime:0.001000s ]
SQL: DESCRIBE hao_category [ RunTime:0.006000s ]
SQL: SELECT * FROM `hao_category` WHERE `pid` = 0 AND `position` = 1 AND `hidden` = 2  [ RunTime:0.000000s ]
SQL: SELECT * FROM `hao_category` WHERE `pid` = 0 AND `position` = 2 AND `hidden` = 2  [ RunTime:0.000000s ]
NOTIC: [2] Invalid argument supplied for foreach() F:\code\peixun\Application\Home\Controller\CommonController.class.php 第 13 行.
SQL: SELECT * FROM `hao_category` WHERE `id` = 88 LIMIT 1   [ RunTime:0.001000s ]
NOTIC: [2] Missing argument 1 for Home\Controller\CommonController::get_homeuser(), called in F:\code\peixun\Application\Home\Controller\CommonController.class.php on line 31 and defined F:\code\peixun\Application\Home\Controller\CommonController.class.php 第 70 行.
SQL: DESCRIBE hao_article [ RunTime:0.005000s ]
SQL: SELECT COUNT(*) AS tp_count FROM `hao_article` LIMIT 1   [ RunTime:0.000000s ]
SQL: SELECT * FROM `hao_article` WHERE `cate_id` = 88 LIMIT 0,16   [ RunTime:0.001000s ]
INFO: [ view_parse ] --START--
INFO: [ template_filter ] --START--
INFO: Run Behavior\ContentReplaceBehavior [ RunTime:0.000000s ]
INFO: [ template_filter ] --END-- [ RunTime:0.000000s ]
INFO: Run Behavior\ParseTemplateBehavior [ RunTime:0.016000s ]
INFO: [ view_parse ] --END-- [ RunTime:0.016000s ]
INFO: [ view_filter ] --START--
INFO: Run Behavior\WriteHtmlCacheBehavior [ RunTime:0.000000s ]
INFO: [ view_filter ] --END-- [ RunTime:0.000000s ]
INFO: [ app_end ] --START--
INFO: Run Behavior\ShowPageTraceBehavior [ RunTime:0.001001s ]
INFO: [ app_end ] --END-- [ RunTime:0.001001s ]

[ 2017-07-13T09:36:28+08:00 ] 127.0.0.1 /index.php/Home/listarticle/index/id/86
INFO: [ app_init ] --START--
INFO: Run Behavior\BuildLiteBehavior [ RunTime:0.000000s ]
INFO: [ app_init ] --END-- [ RunTime:0.001000s ]
INFO: [ app_begin ] --START--
INFO: Run Behavior\ReadHtmlCacheBehavior [ RunTime:0.000000s ]
INFO: [ app_begin ] --END-- [ RunTime:0.001000s ]
SQL: DESCRIBE hao_category [ RunTime:0.005000s ]
SQL: SELECT * FROM `hao_category` WHERE `pid` = 0 AND `position` = 1 AND `hidden` = 2  [ RunTime:0.000000s ]
SQL: SELECT * FROM `hao_category` WHERE `pid` = 0 AND `position` = 2 AND `hidden` = 2  [ RunTime:0.000000s ]
NOTIC: [2] Invalid argument supplied for foreach() F:\code\peixun\Application\Home\Controller\CommonController.class.php 第 13 行.
SQL: SELECT * FROM `hao_category` WHERE `id` = 86 LIMIT 1   [ RunTime:0.000000s ]
NOTIC: [2] Missing argument 1 for Home\Controller\CommonController::get_homeuser(), called in F:\code\peixun\Application\Home\Controller\CommonController.class.php on line 31 and defined F:\code\peixun\Application\Home\Controller\CommonController.class.php 第 70 行.
SQL: DESCRIBE hao_article [ RunTime:0.006000s ]
SQL: SELECT COUNT(*) AS tp_count FROM `hao_article` LIMIT 1   [ RunTime:0.000000s ]
SQL: SELECT * FROM `hao_article` WHERE `cate_id` = 86 LIMIT 0,16   [ RunTime:0.001000s ]
INFO: [ view_parse ] --START--
INFO: [ template_filter ] --START--
INFO: Run Behavior\ContentReplaceBehavior [ RunTime:0.000000s ]
INFO: [ template_filter ] --END-- [ RunTime:0.000000s ]
INFO: Run Behavior\ParseTemplateBehavior [ RunTime:0.017001s ]
INFO: [ view_parse ] --END-- [ RunTime:0.017001s ]
INFO: [ view_filter ] --START--
INFO: Run Behavior\WriteHtmlCacheBehavior [ RunTime:0.000000s ]
INFO: [ view_filter ] --END-- [ RunTime:0.000000s ]
INFO: [ app_end ] --START--
INFO: Run Behavior\ShowPageTraceBehavior [ RunTime:0.000000s ]
INFO: [ app_end ] --END-- [ RunTime:0.000000s ]

[ 2017-07-13T09:36:29+08:00 ] 127.0.0.1 /index.php/Home/listarticle/index/id/88
INFO: [ app_init ] --START--
INFO: Run Behavior\BuildLiteBehavior [ RunTime:0.000000s ]
INFO: [ app_init ] --END-- [ RunTime:0.001000s ]
INFO: [ app_begin ] --START--
INFO: Run Behavior\ReadHtmlCacheBehavior [ RunTime:0.001000s ]
INFO: [ app_begin ] --END-- [ RunTime:0.001000s ]
SQL: DESCRIBE hao_category [ RunTime:0.005000s ]
SQL: SELECT * FROM `hao_category` WHERE `pid` = 0 AND `position` = 1 AND `hidden` = 2  [ RunTime:0.001000s ]
SQL: SELECT * FROM `hao_category` WHERE `pid` = 0 AND `position` = 2 AND `hidden` = 2  [ RunTime:0.000000s ]
NOTIC: [2] Invalid argument supplied for foreach() F:\code\peixun\Application\Home\Controller\CommonController.class.php 第 13 行.
SQL: SELECT * FROM `hao_category` WHERE `id` = 88 LIMIT 1   [ RunTime:0.000000s ]
NOTIC: [2] Missing argument 1 for Home\Controller\CommonController::get_homeuser(), called in F:\code\peixun\Application\Home\Controller\CommonController.class.php on line 31 and defined F:\code\peixun\Application\Home\Controller\CommonController.class.php 第 70 行.
SQL: DESCRIBE hao_article [ RunTime:0.005001s ]
SQL: SELECT COUNT(*) AS tp_count FROM `hao_article` LIMIT 1   [ RunTime:0.001000s ]
SQL: SELECT * FROM `hao_article` WHERE `cate_id` = 88 LIMIT 0,16   [ RunTime:0.001000s ]
INFO: [ view_parse ] --START--
INFO: [ template_filter ] --START--
INFO: Run Behavior\ContentReplaceBehavior [ RunTime:0.000000s ]
INFO: [ template_filter ] --END-- [ RunTime:0.000000s ]
INFO: Run Behavior\ParseTemplateBehavior [ RunTime:0.016001s ]
INFO: [ view_parse ] --END-- [ RunTime:0.016001s ]
INFO: [ view_filter ] --START--
INFO: Run Behavior\WriteHtmlCacheBehavior [ RunTime:0.001000s ]
INFO: [ view_filter ] --END-- [ RunTime:0.001000s ]
INFO: [ app_end ] --START--
INFO: Run Behavior\ShowPageTraceBehavior [ RunTime:0.001000s ]
INFO: [ app_end ] --END-- [ RunTime:0.001000s ]

[ 2017-07-13T09:36:33+08:00 ] 127.0.0.1 /index.php/Home/listarticle/index/id/88
INFO: [ app_init ] --START--
INFO: Run Behavior\BuildLiteBehavior [ RunTime:0.000000s ]
INFO: [ app_init ] --END-- [ RunTime:0.001000s ]
INFO: [ app_begin ] --START--
INFO: Run Behavior\ReadHtmlCacheBehavior [ RunTime:0.001000s ]
INFO: [ app_begin ] --END-- [ RunTime:0.001000s ]
SQL: DESCRIBE hao_category [ RunTime:0.006001s ]
SQL: SELECT * FROM `hao_category` WHERE `pid` = 0 AND `position` = 1 AND `hidden` = 2  [ RunTime:0.001000s ]
SQL: SELECT * FROM `hao_category` WHERE `pid` = 0 AND `position` = 2 AND `hidden` = 2  [ RunTime:0.000000s ]
NOTIC: [2] Invalid argument supplied for foreach() F:\code\peixun\Application\Home\Controller\CommonController.class.php 第 13 行.
SQL: SELECT * FROM `hao_category` WHERE `id` = 88 LIMIT 1   [ RunTime:0.000000s ]
NOTIC: [2] Missing argument 1 for Home\Controller\CommonController::get_homeuser(), called in F:\code\peixun\Application\Home\Controller\CommonController.class.php on line 31 and defined F:\code\peixun\Application\Home\Controller\CommonController.class.php 第 70 行.
SQL: DESCRIBE hao_article [ RunTime:0.004000s ]
SQL: SELECT COUNT(*) AS tp_count FROM `hao_article` LIMIT 1   [ RunTime:0.000000s ]
SQL: SELECT * FROM `hao_article` WHERE `cate_id` = 88 LIMIT 0,16   [ RunTime:0.001000s ]
INFO: [ view_parse ] --START--
INFO: [ template_filter ] --START--
INFO: Run Behavior\ContentReplaceBehavior [ RunTime:0.000000s ]
INFO: [ template_filter ] --END-- [ RunTime:0.000000s ]
INFO: Run Behavior\ParseTemplateBehavior [ RunTime:0.015001s ]
INFO: [ view_parse ] --END-- [ RunTime:0.015001s ]
INFO: [ view_filter ] --START--
INFO: Run Behavior\WriteHtmlCacheBehavior [ RunTime:0.001000s ]
INFO: [ view_filter ] --END-- [ RunTime:0.001000s ]
INFO: [ app_end ] --START--
INFO: Run Behavior\ShowPageTraceBehavior [ RunTime:0.001000s ]
INFO: [ app_end ] --END-- [ RunTime:0.001000s ]

[ 2017-07-13T09:36:43+08:00 ] 127.0.0.1 /index.php/Home/listarticle/index/id/86
INFO: [ app_init ] --START--
INFO: Run Behavior\BuildLiteBehavior [ RunTime:0.000000s ]
INFO: [ app_init ] --END-- [ RunTime:0.000000s ]
INFO: [ app_begin ] --START--
INFO: Run Behavior\ReadHtmlCacheBehavior [ RunTime:0.000000s ]
INFO: [ app_begin ] --END-- [ RunTime:0.000000s ]
SQL: DESCRIBE hao_category [ RunTime:0.006000s ]
SQL: SELECT * FROM `hao_category` WHERE `pid` = 0 AND `position` = 1 AND `hidden` = 2  [ RunTime:0.001000s ]
SQL: SELECT * FROM `hao_category` WHERE `pid` = 0 AND `position` = 2 AND `hidden` = 2  [ RunTime:0.001000s ]
NOTIC: [2] Invalid argument supplied for foreach() F:\code\peixun\Application\Home\Controller\CommonController.class.php 第 13 行.
SQL: SELECT * FROM `hao_category` WHERE `id` = 86 LIMIT 1   [ RunTime:0.001000s ]
NOTIC: [2] Missing argument 1 for Home\Controller\CommonController::get_homeuser(), called in F:\code\peixun\Application\Home\Controller\CommonController.class.php on line 31 and defined F:\code\peixun\Application\Home\Controller\CommonController.class.php 第 70 行.
SQL: DESCRIBE hao_article [ RunTime:0.005001s ]
SQL: SELECT COUNT(*) AS tp_count FROM `hao_article` LIMIT 1   [ RunTime:0.001000s ]
SQL: SELECT * FROM `hao_article` WHERE `cate_id` = 86 LIMIT 0,16   [ RunTime:0.001000s ]
INFO: [ view_parse ] --START--
INFO: [ template_filter ] --START--
INFO: Run Behavior\ContentReplaceBehavior [ RunTime:0.000000s ]
INFO: [ template_filter ] --END-- [ RunTime:0.000000s ]
INFO: Run Behavior\ParseTemplateBehavior [ RunTime:0.015001s ]
INFO: [ view_parse ] --END-- [ RunTime:0.016001s ]
INFO: [ view_filter ] --START--
INFO: Run Behavior\WriteHtmlCacheBehavior [ RunTime:0.000000s ]
INFO: [ view_filter ] --END-- [ RunTime:0.000000s ]
INFO: [ app_end ] --START--
INFO: Run Behavior\ShowPageTraceBehavior [ RunTime:0.001000s ]
INFO: [ app_end ] --END-- [ RunTime:0.001000s ]

[ 2017-07-13T09:36:45+08:00 ] 127.0.0.1 /index.php/Home/listarticle/index/id/88
INFO: [ app_init ] --START--
INFO: Run Behavior\BuildLiteBehavior [ RunTime:0.000000s ]
INFO: [ app_init ] --END-- [ RunTime:0.001000s ]
INFO: [ app_begin ] --START--
INFO: Run Behavior\ReadHtmlCacheBehavior [ RunTime:0.001000s ]
INFO: [ app_begin ] --END-- [ RunTime:0.001000s ]
SQL: DESCRIBE hao_category [ RunTime:0.004000s ]
SQL: SELECT * FROM `hao_category` WHERE `pid` = 0 AND `position` = 1 AND `hidden` = 2  [ RunTime:0.000000s ]
SQL: SELECT * FROM `hao_category` WHERE `pid` = 0 AND `position` = 2 AND `hidden` = 2  [ RunTime:0.001000s ]
NOTIC: [2] Invalid argument supplied for foreach() F:\code\peixun\Application\Home\Controller\CommonController.class.php 第 13 行.
SQL: SELECT * FROM `hao_category` WHERE `id` = 88 LIMIT 1   [ RunTime:0.000000s ]
NOTIC: [2] Missing argument 1 for Home\Controller\CommonController::get_homeuser(), called in F:\code\peixun\Application\Home\Controller\CommonController.class.php on line 31 and defined F:\code\peixun\Application\Home\Controller\CommonController.class.php 第 70 行.
SQL: DESCRIBE hao_article [ RunTime:0.005001s ]
SQL: SELECT COUNT(*) AS tp_count FROM `hao_article` LIMIT 1   [ RunTime:0.000000s ]
SQL: SELECT * FROM `hao_article` WHERE `cate_id` = 88 LIMIT 0,16   [ RunTime:0.001000s ]
INFO: [ view_parse ] --START--
INFO: [ template_filter ] --START--
INFO: Run Behavior\ContentReplaceBehavior [ RunTime:0.000000s ]
INFO: [ template_filter ] --END-- [ RunTime:0.000000s ]
INFO: Run Behavior\ParseTemplateBehavior [ RunTime:0.014001s ]
INFO: [ view_parse ] --END-- [ RunTime:0.014001s ]
INFO: [ view_filter ] --START--
INFO: Run Behavior\WriteHtmlCacheBehavior [ RunTime:0.001000s ]
INFO: [ view_filter ] --END-- [ RunTime:0.001000s ]
INFO: [ app_end ] --START--
INFO: Run Behavior\ShowPageTraceBehavior [ RunTime:0.000000s ]
INFO: [ app_end ] --END-- [ RunTime:0.000000s ]

[ 2017-07-13T09:36:47+08:00 ] 127.0.0.1 /index.php/Home/listarticle/index/id/89
INFO: [ app_init ] --START--
INFO: Run Behavior\BuildLiteBehavior [ RunTime:0.000000s ]
INFO: [ app_init ] --END-- [ RunTime:0.000000s ]
INFO: [ app_begin ] --START--
INFO: Run Behavior\ReadHtmlCacheBehavior [ RunTime:0.001000s ]
INFO: [ app_begin ] --END-- [ RunTime:0.001000s ]
SQL: DESCRIBE hao_category [ RunTime:0.006001s ]
SQL: SELECT * FROM `hao_category` WHERE `pid` = 0 AND `position` = 1 AND `hidden` = 2  [ RunTime:0.001000s ]
SQL: SELECT * FROM `hao_category` WHERE `pid` = 0 AND `position` = 2 AND `hidden` = 2  [ RunTime:0.001000s ]
NOTIC: [2] Invalid argument supplied for foreach() F:\code\peixun\Application\Home\Controller\CommonController.class.php 第 13 行.
SQL: SELECT * FROM `hao_category` WHERE `id` = 89 LIMIT 1   [ RunTime:0.000000s ]
NOTIC: [2] Missing argument 1 for Home\Controller\CommonController::get_homeuser(), called in F:\code\peixun\Application\Home\Controller\CommonController.class.php on line 31 and defined F:\code\peixun\Application\Home\Controller\CommonController.class.php 第 70 行.
SQL: DESCRIBE hao_article [ RunTime:0.006000s ]
SQL: SELECT COUNT(*) AS tp_count FROM `hao_article` LIMIT 1   [ RunTime:0.001000s ]
SQL: SELECT * FROM `hao_article` WHERE `cate_id` = 89 LIMIT 0,16   [ RunTime:0.001000s ]
INFO: [ view_parse ] --START--
INFO: [ template_filter ] --START--
INFO: Run Behavior\ContentReplaceBehavior [ RunTime:0.000000s ]
INFO: [ template_filter ] --END-- [ RunTime:0.000000s ]
INFO: Run Behavior\ParseTemplateBehavior [ RunTime:0.015001s ]
INFO: [ view_parse ] --END-- [ RunTime:0.015001s ]
INFO: [ view_filter ] --START--
INFO: Run Behavior\WriteHtmlCacheBehavior [ RunTime:0.001000s ]
INFO: [ view_filter ] --END-- [ RunTime:0.001000s ]
INFO: [ app_end ] --START--
INFO: Run Behavior\ShowPageTraceBehavior [ RunTime:0.001000s ]
INFO: [ app_end ] --END-- [ RunTime:0.001000s ]

[ 2017-07-13T09:36:49+08:00 ] 127.0.0.1 /index.php/Home/indexarticle/index/id/90
INFO: [ app_init ] --START--
INFO: Run Behavior\BuildLiteBehavior [ RunTime:0.000000s ]
INFO: [ app_init ] --END-- [ RunTime:0.002001s ]
INFO: [ app_begin ] --START--
INFO: Run Behavior\ReadHtmlCacheBehavior [ RunTime:0.001000s ]
INFO: [ app_begin ] --END-- [ RunTime:0.001000s ]
SQL: DESCRIBE hao_category [ RunTime:0.006000s ]
SQL: SELECT * FROM `hao_category` WHERE `pid` = 0 AND `position` = 1 AND `hidden` = 2  [ RunTime:0.001000s ]
SQL: SELECT * FROM `hao_category` WHERE `pid` = 0 AND `position` = 2 AND `hidden` = 2  [ RunTime:0.000000s ]
NOTIC: [2] Invalid argument supplied for foreach() F:\code\peixun\Application\Home\Controller\CommonController.class.php 第 13 行.
SQL: SELECT * FROM `hao_category` WHERE `id` = 90 LIMIT 1   [ RunTime:0.000000s ]
NOTIC: [2] Missing argument 1 for Home\Controller\CommonController::get_homeuser(), called in F:\code\peixun\Application\Home\Controller\CommonController.class.php on line 31 and defined F:\code\peixun\Application\Home\Controller\CommonController.class.php 第 70 行.
SQL: SELECT * FROM `hao_category` WHERE `id` = 90 LIMIT 1   [ RunTime:0.000000s ]
INFO: [ view_parse ] --START--
INFO: [ template_filter ] --START--
INFO: Run Behavior\ContentReplaceBehavior [ RunTime:0.000000s ]
INFO: [ template_filter ] --END-- [ RunTime:0.000000s ]
INFO: Run Behavior\ParseTemplateBehavior [ RunTime:0.014001s ]
INFO: [ view_parse ] --END-- [ RunTime:0.014001s ]
INFO: [ view_filter ] --START--
INFO: Run Behavior\WriteHtmlCacheBehavior [ RunTime:0.000000s ]
INFO: [ view_filter ] --END-- [ RunTime:0.000000s ]
INFO: [ app_end ] --START--
INFO: Run Behavior\ShowPageTraceBehavior [ RunTime:0.001000s ]
INFO: [ app_end ] --END-- [ RunTime:0.001000s ]

[ 2017-07-13T09:36:58+08:00 ] 127.0.0.1 /
INFO: [ app_init ] --START--
INFO: Run Behavior\BuildLiteBehavior [ RunTime:0.000000s ]
INFO: [ app_init ] --END-- [ RunTime:0.000000s ]
INFO: [ app_begin ] --START--
INFO: Run Behavior\ReadHtmlCacheBehavior [ RunTime:0.000000s ]
INFO: [ app_begin ] --END-- [ RunTime:0.000000s ]
SQL: DESCRIBE hao_category [ RunTime:0.005001s ]
SQL: SELECT * FROM `hao_category` WHERE `pid` = 0 AND `position` = 1 AND `hidden` = 2  [ RunTime:0.001000s ]
SQL: SELECT * FROM `hao_category` WHERE `pid` = 0 AND `position` = 2 AND `hidden` = 2  [ RunTime:0.000000s ]
NOTIC: [2] Invalid argument supplied for foreach() F:\code\peixun\Application\Home\Controller\CommonController.class.php 第 13 行.
SQL: DESCRIBE hao_gear [ RunTime:0.003000s ]
SQL: SELECT * FROM `hao_gear` ORDER BY sort asc  [ RunTime:0.000000s ]
NOTIC: [2] Missing argument 1 for Home\Controller\CommonController::get_homeuser(), called in F:\code\peixun\Application\Home\Controller\CommonController.class.php on line 31 and defined F:\code\peixun\Application\Home\Controller\CommonController.class.php 第 70 行.
SQL: DESCRIBE hao_goods [ RunTime:0.004000s ]
SQL: DESCRIBE hao_area [ RunTime:0.003000s ]
SQL: DESCRIBE hao_music_cate [ RunTime:0.003001s ]
ERR: 1146:Table 'peixun.hao_music_cate' doesn't exist
 [ SQL语句 ] : DESCRIBE hao_music_cate
SQL: DESCRIBE hao_article [ RunTime:0.004000s ]
SQL: SELECT * FROM `hao_goods` WHERE `if_index` = 1 LIMIT 1   [ RunTime:0.000000s ]
SQL: SELECT `name` FROM `hao_area` WHERE `id` = 175 LIMIT 1   [ RunTime:0.001000s ]
SQL: SELECT * FROM `hao_music_cate`  [ RunTime:0.000000s ]
ERR: 1146:Table 'peixun.hao_music_cate' doesn't exist
 [ SQL语句 ] : SELECT * FROM `hao_music_cate` 
SQL: SELECT * FROM `hao_article` WHERE `cate_id` = 71 ORDER BY sort asc LIMIT 0,9   [ RunTime:0.001000s ]
INFO: [ view_parse ] --START--
INFO: [ template_filter ] --START--
INFO: Run Behavior\ContentReplaceBehavior [ RunTime:0.000000s ]
INFO: [ template_filter ] --END-- [ RunTime:0.000000s ]
INFO: Run Behavior\ParseTemplateBehavior [ RunTime:0.012001s ]
INFO: [ view_parse ] --END-- [ RunTime:0.012001s ]
INFO: [ view_filter ] --START--
INFO: Run Behavior\WriteHtmlCacheBehavior [ RunTime:0.001000s ]
INFO: [ view_filter ] --END-- [ RunTime:0.001000s ]
INFO: [ app_end ] --START--
INFO: Run Behavior\ShowPageTraceBehavior [ RunTime:0.000000s ]
INFO: [ app_end ] --END-- [ RunTime:0.000000s ]

[ 2017-07-13T17:03:19+08:00 ] 127.0.0.1 /
INFO: [ app_init ] --START--
INFO: Run Behavior\BuildLiteBehavior [ RunTime:0.000000s ]
INFO: [ app_init ] --END-- [ RunTime:0.001000s ]
INFO: [ app_begin ] --START--
INFO: Run Behavior\ReadHtmlCacheBehavior [ RunTime:0.001000s ]
INFO: [ app_begin ] --END-- [ RunTime:0.001000s ]
SQL: DESCRIBE hao_category [ RunTime:0.003000s ]
SQL: SELECT * FROM `hao_category` WHERE `pid` = 0 AND `position` = 1 AND `hidden` = 2  [ RunTime:0.001000s ]
SQL: SELECT * FROM `hao_category` WHERE `pid` = 0 AND `position` = 2 AND `hidden` = 2  [ RunTime:0.000000s ]
NOTIC: [2] Invalid argument supplied for foreach() F:\code\peixun\Application\Home\Controller\CommonController.class.php 第 13 行.
SQL: DESCRIBE hao_gear [ RunTime:0.003000s ]
SQL: SELECT * FROM `hao_gear` ORDER BY sort asc  [ RunTime:0.000000s ]
NOTIC: [2] Missing argument 1 for Home\Controller\CommonController::get_homeuser(), called in F:\code\peixun\Application\Home\Controller\CommonController.class.php on line 31 and defined F:\code\peixun\Application\Home\Controller\CommonController.class.php 第 70 行.
SQL: DESCRIBE hao_goods [ RunTime:0.001000s ]
ERR: 1146:Table 'peixun.hao_goods' doesn't exist
 [ SQL语句 ] : DESCRIBE hao_goods
SQL: DESCRIBE hao_area [ RunTime:0.002001s ]
SQL: DESCRIBE hao_music_cate [ RunTime:0.002000s ]
ERR: 1146:Table 'peixun.hao_music_cate' doesn't exist
 [ SQL语句 ] : DESCRIBE hao_music_cate
SQL: DESCRIBE hao_article [ RunTime:0.003000s ]
SQL: SELECT * FROM `hao_goods` WHERE `if_index` = 1 LIMIT 1   [ RunTime:0.000000s ]
ERR: 1146:Table 'peixun.hao_goods' doesn't exist
 [ SQL语句 ] : SELECT * FROM `hao_goods` WHERE `if_index` = 1 LIMIT 1  
SQL: SELECT `name` FROM `hao_area` WHERE `id` = null LIMIT 1   [ RunTime:0.000000s ]
SQL: SELECT * FROM `hao_music_cate`  [ RunTime:0.001000s ]
ERR: 1146:Table 'peixun.hao_music_cate' doesn't exist
 [ SQL语句 ] : SELECT * FROM `hao_music_cate` 
SQL: SELECT * FROM `hao_article` WHERE `cate_id` = 71 ORDER BY sort asc LIMIT 0,9   [ RunTime:0.000000s ]
INFO: [ view_parse ] --START--
INFO: [ template_filter ] --START--
INFO: Run Behavior\ContentReplaceBehavior [ RunTime:0.000000s ]
INFO: [ template_filter ] --END-- [ RunTime:0.000000s ]
INFO: Run Behavior\ParseTemplateBehavior [ RunTime:0.012001s ]
INFO: [ view_parse ] --END-- [ RunTime:0.012001s ]
INFO: [ view_filter ] --START--
INFO: Run Behavior\WriteHtmlCacheBehavior [ RunTime:0.001000s ]
INFO: [ view_filter ] --END-- [ RunTime:0.001000s ]
INFO: [ app_end ] --START--
INFO: Run Behavior\ShowPageTraceBehavior [ RunTime:0.000000s ]
INFO: [ app_end ] --END-- [ RunTime:0.000000s ]

[ 2017-07-13T17:03:22+08:00 ] 127.0.0.1 /index.php/Home/user/login.html
INFO: [ app_init ] --START--
INFO: Run Behavior\BuildLiteBehavior [ RunTime:0.000000s ]
INFO: [ app_init ] --END-- [ RunTime:0.000000s ]
INFO: [ app_begin ] --START--
INFO: Run Behavior\ReadHtmlCacheBehavior [ RunTime:0.001000s ]
INFO: [ app_begin ] --END-- [ RunTime:0.001000s ]
SQL: DESCRIBE hao_category [ RunTime:0.005000s ]
SQL: SELECT * FROM `hao_category` WHERE `pid` = 0 AND `position` = 1 AND `hidden` = 2  [ RunTime:0.000000s ]
SQL: SELECT * FROM `hao_category` WHERE `pid` = 0 AND `position` = 2 AND `hidden` = 2  [ RunTime:0.001000s ]
NOTIC: [2] Invalid argument supplied for foreach() F:\code\peixun\Application\Home\Controller\CommonController.class.php 第 13 行.
SQL: DESCRIBE hao_gear [ RunTime:0.003000s ]
SQL: SELECT * FROM `hao_gear` ORDER BY sort asc  [ RunTime:0.000000s ]
NOTIC: [2] Missing argument 1 for Home\Controller\CommonController::get_homeuser(), called in F:\code\peixun\Application\Home\Controller\CommonController.class.php on line 31 and defined F:\code\peixun\Application\Home\Controller\CommonController.class.php 第 70 行.
SQL: DESCRIBE hao_auth_group [ RunTime:0.004000s ]
SQL: SELECT * FROM `hao_auth_group`  [ RunTime:0.000000s ]
INFO: [ view_parse ] --START--
INFO: [ template_filter ] --START--
INFO: Run Behavior\ContentReplaceBehavior [ RunTime:0.000000s ]
INFO: [ template_filter ] --END-- [ RunTime:0.000000s ]
INFO: Run Behavior\ParseTemplateBehavior [ RunTime:0.010000s ]
INFO: [ view_parse ] --END-- [ RunTime:0.010000s ]
INFO: [ view_filter ] --START--
INFO: Run Behavior\WriteHtmlCacheBehavior [ RunTime:0.000000s ]
INFO: [ view_filter ] --END-- [ RunTime:0.000000s ]
INFO: [ app_end ] --START--
INFO: Run Behavior\ShowPageTraceBehavior [ RunTime:0.001000s ]
INFO: [ app_end ] --END-- [ RunTime:0.001000s ]

[ 2017-07-13T17:03:28+08:00 ] 127.0.0.1 /index.php/Home/user/login.html
INFO: [ app_init ] --START--
INFO: Run Behavior\BuildLiteBehavior [ RunTime:0.000000s ]
INFO: [ app_init ] --END-- [ RunTime:0.000000s ]
INFO: [ app_begin ] --START--
INFO: Run Behavior\ReadHtmlCacheBehavior [ RunTime:0.001000s ]
INFO: [ app_begin ] --END-- [ RunTime:0.001000s ]
SQL: DESCRIBE hao_category [ RunTime:0.006000s ]
SQL: SELECT * FROM `hao_category` WHERE `pid` = 0 AND `position` = 1 AND `hidden` = 2  [ RunTime:0.000000s ]
SQL: SELECT * FROM `hao_category` WHERE `pid` = 0 AND `position` = 2 AND `hidden` = 2  [ RunTime:0.000000s ]
NOTIC: [2] Invalid argument supplied for foreach() F:\code\peixun\Application\Home\Controller\CommonController.class.php 第 13 行.
SQL: DESCRIBE hao_gear [ RunTime:0.005000s ]
SQL: SELECT * FROM `hao_gear` ORDER BY sort asc  [ RunTime:0.001000s ]
NOTIC: [2] Missing argument 1 for Home\Controller\CommonController::get_homeuser(), called in F:\code\peixun\Application\Home\Controller\CommonController.class.php on line 31 and defined F:\code\peixun\Application\Home\Controller\CommonController.class.php 第 70 行.
SQL: DESCRIBE hao_auth_group [ RunTime:0.004001s ]
SQL: SELECT * FROM `hao_auth_group`  [ RunTime:0.000000s ]
SQL: DESCRIBE hao_member [ RunTime:0.005000s ]
SQL: SELECT * FROM `hao_member` WHERE `member_name` = 'ADMIN' AND `member_password` = '73acd9a5972130b75066c82595a1fae3' LIMIT 1   [ RunTime:0.001000s ]
INFO: [ view_parse ] --START--
INFO: [ template_filter ] --START--
INFO: Run Behavior\ContentReplaceBehavior [ RunTime:0.001000s ]
INFO: [ template_filter ] --END-- [ RunTime:0.001000s ]
INFO: Run Behavior\ParseTemplateBehavior [ RunTime:0.007000s ]
INFO: [ view_parse ] --END-- [ RunTime:0.007000s ]
INFO: [ view_filter ] --START--
INFO: Run Behavior\WriteHtmlCacheBehavior [ RunTime:0.000000s ]
INFO: [ view_filter ] --END-- [ RunTime:0.000000s ]

[ 2017-07-13T17:03:32+08:00 ] 127.0.0.1 /index.php/Home/user/login.html
INFO: [ app_init ] --START--
INFO: Run Behavior\BuildLiteBehavior [ RunTime:0.000000s ]
INFO: [ app_init ] --END-- [ RunTime:0.000000s ]
INFO: [ app_begin ] --START--
INFO: Run Behavior\ReadHtmlCacheBehavior [ RunTime:0.000000s ]
INFO: [ app_begin ] --END-- [ RunTime:0.001000s ]
SQL: DESCRIBE hao_category [ RunTime:0.005000s ]
SQL: SELECT * FROM `hao_category` WHERE `pid` = 0 AND `position` = 1 AND `hidden` = 2  [ RunTime:0.000000s ]
SQL: SELECT * FROM `hao_category` WHERE `pid` = 0 AND `position` = 2 AND `hidden` = 2  [ RunTime:0.000000s ]
NOTIC: [2] Invalid argument supplied for foreach() F:\code\peixun\Application\Home\Controller\CommonController.class.php 第 13 行.
SQL: DESCRIBE hao_gear [ RunTime:0.006000s ]
SQL: SELECT * FROM `hao_gear` ORDER BY sort asc  [ RunTime:0.001000s ]
NOTIC: [2] Missing argument 1 for Home\Controller\CommonController::get_homeuser(), called in F:\code\peixun\Application\Home\Controller\CommonController.class.php on line 31 and defined F:\code\peixun\Application\Home\Controller\CommonController.class.php 第 70 行.
SQL: DESCRIBE hao_auth_group [ RunTime:0.005001s ]
SQL: SELECT * FROM `hao_auth_group`  [ RunTime:0.000000s ]
INFO: [ view_parse ] --START--
INFO: [ template_filter ] --START--
INFO: Run Behavior\ContentReplaceBehavior [ RunTime:0.000000s ]
INFO: [ template_filter ] --END-- [ RunTime:0.000000s ]
INFO: Run Behavior\ParseTemplateBehavior [ RunTime:0.011000s ]
INFO: [ view_parse ] --END-- [ RunTime:0.011000s ]
INFO: [ view_filter ] --START--
INFO: Run Behavior\WriteHtmlCacheBehavior [ RunTime:0.000000s ]
INFO: [ view_filter ] --END-- [ RunTime:0.000000s ]
INFO: [ app_end ] --START--
INFO: Run Behavior\ShowPageTraceBehavior [ RunTime:0.001001s ]
INFO: [ app_end ] --END-- [ RunTime:0.001001s ]

[ 2017-07-13T17:03:39+08:00 ] 127.0.0.1 /index.php/Home/user/login.html
INFO: [ app_init ] --START--
INFO: Run Behavior\BuildLiteBehavior [ RunTime:0.000000s ]
INFO: [ app_init ] --END-- [ RunTime:0.000000s ]
INFO: [ app_begin ] --START--
INFO: Run Behavior\ReadHtmlCacheBehavior [ RunTime:0.001000s ]
INFO: [ app_begin ] --END-- [ RunTime:0.001000s ]
SQL: DESCRIBE hao_category [ RunTime:0.004000s ]
SQL: SELECT * FROM `hao_category` WHERE `pid` = 0 AND `position` = 1 AND `hidden` = 2  [ RunTime:0.001000s ]
SQL: SELECT * FROM `hao_category` WHERE `pid` = 0 AND `position` = 2 AND `hidden` = 2  [ RunTime:0.000000s ]
NOTIC: [2] Invalid argument supplied for foreach() F:\code\peixun\Application\Home\Controller\CommonController.class.php 第 13 行.
SQL: DESCRIBE hao_gear [ RunTime:0.004001s ]
SQL: SELECT * FROM `hao_gear` ORDER BY sort asc  [ RunTime:0.000000s ]
NOTIC: [2] Missing argument 1 for Home\Controller\CommonController::get_homeuser(), called in F:\code\peixun\Application\Home\Controller\CommonController.class.php on line 31 and defined F:\code\peixun\Application\Home\Controller\CommonController.class.php 第 70 行.
SQL: DESCRIBE hao_auth_group [ RunTime:0.004000s ]
SQL: SELECT * FROM `hao_auth_group`  [ RunTime:0.000000s ]
SQL: DESCRIBE hao_member [ RunTime:0.004000s ]
SQL: SELECT * FROM `hao_member` WHERE `member_name` = 'admin' AND `member_password` = '21232f297a57a5a743894a0e4a801fc3' LIMIT 1   [ RunTime:0.000000s ]
INFO: [ view_parse ] --START--
INFO: [ template_filter ] --START--
INFO: Run Behavior\ContentReplaceBehavior [ RunTime:0.000000s ]
INFO: [ template_filter ] --END-- [ RunTime:0.000000s ]
INFO: Run Behavior\ParseTemplateBehavior [ RunTime:0.008001s ]
INFO: [ view_parse ] --END-- [ RunTime:0.008001s ]
INFO: [ view_filter ] --START--
INFO: Run Behavior\WriteHtmlCacheBehavior [ RunTime:0.000000s ]
INFO: [ view_filter ] --END-- [ RunTime:0.000000s ]

[ 2017-07-13T17:03:43+08:00 ] 127.0.0.1 /index.php/Home/user/login.html
INFO: [ app_init ] --START--
INFO: Run Behavior\BuildLiteBehavior [ RunTime:0.000000s ]
INFO: [ app_init ] --END-- [ RunTime:0.001000s ]
INFO: [ app_begin ] --START--
INFO: Run Behavior\ReadHtmlCacheBehavior [ RunTime:0.001000s ]
INFO: [ app_begin ] --END-- [ RunTime:0.001000s ]
SQL: DESCRIBE hao_category [ RunTime:0.006001s ]
SQL: SELECT * FROM `hao_category` WHERE `pid` = 0 AND `position` = 1 AND `hidden` = 2  [ RunTime:0.001000s ]
SQL: SELECT * FROM `hao_category` WHERE `pid` = 0 AND `position` = 2 AND `hidden` = 2  [ RunTime:0.001000s ]
NOTIC: [2] Invalid argument supplied for foreach() F:\code\peixun\Application\Home\Controller\CommonController.class.php 第 13 行.
SQL: DESCRIBE hao_gear [ RunTime:0.005000s ]
SQL: SELECT * FROM `hao_gear` ORDER BY sort asc  [ RunTime:0.000000s ]
NOTIC: [2] Missing argument 1 for Home\Controller\CommonController::get_homeuser(), called in F:\code\peixun\Application\Home\Controller\CommonController.class.php on line 31 and defined F:\code\peixun\Application\Home\Controller\CommonController.class.php 第 70 行.
SQL: DESCRIBE hao_auth_group [ RunTime:0.005000s ]
SQL: SELECT * FROM `hao_auth_group`  [ RunTime:0.000000s ]
INFO: [ view_parse ] --START--
INFO: [ template_filter ] --START--
INFO: Run Behavior\ContentReplaceBehavior [ RunTime:0.000000s ]
INFO: [ template_filter ] --END-- [ RunTime:0.000000s ]
INFO: Run Behavior\ParseTemplateBehavior [ RunTime:0.010001s ]
INFO: [ view_parse ] --END-- [ RunTime:0.010001s ]
INFO: [ view_filter ] --START--
INFO: Run Behavior\WriteHtmlCacheBehavior [ RunTime:0.000000s ]
INFO: [ view_filter ] --END-- [ RunTime:0.000000s ]
INFO: [ app_end ] --START--
INFO: Run Behavior\ShowPageTraceBehavior [ RunTime:0.000000s ]
INFO: [ app_end ] --END-- [ RunTime:0.000000s ]

[ 2017-07-13T17:08:25+08:00 ] 127.0.0.1 /index.php/Home/user/login.html
INFO: [ app_init ] --START--
INFO: Run Behavior\BuildLiteBehavior [ RunTime:0.000000s ]
INFO: [ app_init ] --END-- [ RunTime:0.001000s ]
INFO: [ app_begin ] --START--
INFO: Run Behavior\ReadHtmlCacheBehavior [ RunTime:0.001000s ]
INFO: [ app_begin ] --END-- [ RunTime:0.001000s ]
SQL: DESCRIBE hao_category [ RunTime:0.006000s ]
SQL: SELECT * FROM `hao_category` WHERE `pid` = 0 AND `position` = 1 AND `hidden` = 2  [ RunTime:0.001000s ]
SQL: SELECT * FROM `hao_category` WHERE `pid` = 0 AND `position` = 2 AND `hidden` = 2  [ RunTime:0.000000s ]
NOTIC: [2] Invalid argument supplied for foreach() F:\code\peixun\Application\Home\Controller\CommonController.class.php 第 13 行.
SQL: DESCRIBE hao_gear [ RunTime:0.005000s ]
SQL: SELECT * FROM `hao_gear` ORDER BY sort asc  [ RunTime:0.000000s ]
NOTIC: [2] Missing argument 1 for Home\Controller\CommonController::get_homeuser(), called in F:\code\peixun\Application\Home\Controller\CommonController.class.php on line 31 and defined F:\code\peixun\Application\Home\Controller\CommonController.class.php 第 70 行.
SQL: DESCRIBE hao_auth_group [ RunTime:0.005001s ]
SQL: SELECT * FROM `hao_auth_group`  [ RunTime:0.000000s ]
INFO: [ view_parse ] --START--
INFO: [ template_filter ] --START--
INFO: Run Behavior\ContentReplaceBehavior [ RunTime:0.000000s ]
INFO: [ template_filter ] --END-- [ RunTime:0.000000s ]
INFO: Run Behavior\ParseTemplateBehavior [ RunTime:0.007000s ]
INFO: [ view_parse ] --END-- [ RunTime:0.007000s ]
INFO: [ view_filter ] --START--
INFO: Run Behavior\WriteHtmlCacheBehavior [ RunTime:0.000000s ]
INFO: [ view_filter ] --END-- [ RunTime:0.000000s ]
INFO: [ app_end ] --START--
INFO: Run Behavior\ShowPageTraceBehavior [ RunTime:0.001000s ]
INFO: [ app_end ] --END-- [ RunTime:0.001000s ]

[ 2017-07-13T17:08:32+08:00 ] 127.0.0.1 /index.php/Home/user/login.html
INFO: [ app_init ] --START--
INFO: Run Behavior\BuildLiteBehavior [ RunTime:0.000000s ]
INFO: [ app_init ] --END-- [ RunTime:0.001000s ]
INFO: [ app_begin ] --START--
INFO: Run Behavior\ReadHtmlCacheBehavior [ RunTime:0.001000s ]
INFO: [ app_begin ] --END-- [ RunTime:0.001000s ]
SQL: DESCRIBE hao_category [ RunTime:0.004000s ]
SQL: SELECT * FROM `hao_category` WHERE `pid` = 0 AND `position` = 1 AND `hidden` = 2  [ RunTime:0.001000s ]
SQL: SELECT * FROM `hao_category` WHERE `pid` = 0 AND `position` = 2 AND `hidden` = 2  [ RunTime:0.000000s ]
NOTIC: [2] Invalid argument supplied for foreach() F:\code\peixun\Application\Home\Controller\CommonController.class.php 第 13 行.
SQL: DESCRIBE hao_gear [ RunTime:0.003000s ]
SQL: SELECT * FROM `hao_gear` ORDER BY sort asc  [ RunTime:0.000000s ]
NOTIC: [2] Missing argument 1 for Home\Controller\CommonController::get_homeuser(), called in F:\code\peixun\Application\Home\Controller\CommonController.class.php on line 31 and defined F:\code\peixun\Application\Home\Controller\CommonController.class.php 第 70 行.
SQL: DESCRIBE hao_auth_group [ RunTime:0.003000s ]
SQL: SELECT * FROM `hao_auth_group`  [ RunTime:0.000000s ]
SQL: DESCRIBE hao_member [ RunTime:0.003001s ]
SQL: SELECT * FROM `hao_member` WHERE `member_name` = 'admin' AND `member_password` = '21232f297a57a5a743894a0e4a801fc3' LIMIT 1   [ RunTime:0.000000s ]
INFO: [ view_parse ] --START--
INFO: [ template_filter ] --START--
INFO: Run Behavior\ContentReplaceBehavior [ RunTime:0.000000s ]
INFO: [ template_filter ] --END-- [ RunTime:0.000000s ]
INFO: Run Behavior\ParseTemplateBehavior [ RunTime:0.007000s ]
INFO: [ view_parse ] --END-- [ RunTime:0.008000s ]
INFO: [ view_filter ] --START--
INFO: Run Behavior\WriteHtmlCacheBehavior [ RunTime:0.000000s ]
INFO: [ view_filter ] --END-- [ RunTime:0.000000s ]

[ 2017-07-13T17:08:36+08:00 ] 127.0.0.1 /index.php/Home/user/login.html
INFO: [ app_init ] --START--
INFO: Run Behavior\BuildLiteBehavior [ RunTime:0.000000s ]
INFO: [ app_init ] --END-- [ RunTime:0.001000s ]
INFO: [ app_begin ] --START--
INFO: Run Behavior\ReadHtmlCacheBehavior [ RunTime:0.001000s ]
INFO: [ app_begin ] --END-- [ RunTime:0.001000s ]
SQL: DESCRIBE hao_category [ RunTime:0.004001s ]
SQL: SELECT * FROM `hao_category` WHERE `pid` = 0 AND `position` = 1 AND `hidden` = 2  [ RunTime:0.001000s ]
SQL: SELECT * FROM `hao_category` WHERE `pid` = 0 AND `position` = 2 AND `hidden` = 2  [ RunTime:0.000000s ]
NOTIC: [2] Invalid argument supplied for foreach() F:\code\peixun\Application\Home\Controller\CommonController.class.php 第 13 行.
SQL: DESCRIBE hao_gear [ RunTime:0.003000s ]
SQL: SELECT * FROM `hao_gear` ORDER BY sort asc  [ RunTime:0.000000s ]
NOTIC: [2] Missing argument 1 for Home\Controller\CommonController::get_homeuser(), called in F:\code\peixun\Application\Home\Controller\CommonController.class.php on line 31 and defined F:\code\peixun\Application\Home\Controller\CommonController.class.php 第 70 行.
SQL: DESCRIBE hao_auth_group [ RunTime:0.003000s ]
SQL: SELECT * FROM `hao_auth_group`  [ RunTime:0.000000s ]
INFO: [ view_parse ] --START--
INFO: [ template_filter ] --START--
INFO: Run Behavior\ContentReplaceBehavior [ RunTime:0.000000s ]
INFO: [ template_filter ] --END-- [ RunTime:0.000000s ]
INFO: Run Behavior\ParseTemplateBehavior [ RunTime:0.006000s ]
INFO: [ view_parse ] --END-- [ RunTime:0.006000s ]
INFO: [ view_filter ] --START--
INFO: Run Behavior\WriteHtmlCacheBehavior [ RunTime:0.000000s ]
INFO: [ view_filter ] --END-- [ RunTime:0.000000s ]
INFO: [ app_end ] --START--
INFO: Run Behavior\ShowPageTraceBehavior [ RunTime:0.001000s ]
INFO: [ app_end ] --END-- [ RunTime:0.001000s ]

[ 2017-07-13T17:09:19+08:00 ] 127.0.0.1 /index.php/Home/user/login.html
INFO: [ app_init ] --START--
INFO: Run Behavior\BuildLiteBehavior [ RunTime:0.000000s ]
INFO: [ app_init ] --END-- [ RunTime:0.000000s ]
INFO: [ app_begin ] --START--
INFO: Run Behavior\ReadHtmlCacheBehavior [ RunTime:0.001000s ]
INFO: [ app_begin ] --END-- [ RunTime:0.001000s ]
SQL: DESCRIBE hao_category [ RunTime:0.006000s ]
SQL: SELECT * FROM `hao_category` WHERE `pid` = 0 AND `position` = 1 AND `hidden` = 2  [ RunTime:0.001000s ]
SQL: SELECT * FROM `hao_category` WHERE `pid` = 0 AND `position` = 2 AND `hidden` = 2  [ RunTime:0.000000s ]
NOTIC: [2] Invalid argument supplied for foreach() F:\code\peixun\Application\Home\Controller\CommonController.class.php 第 13 行.
SQL: DESCRIBE hao_gear [ RunTime:0.005000s ]
SQL: SELECT * FROM `hao_gear` ORDER BY sort asc  [ RunTime:0.000000s ]
NOTIC: [2] Missing argument 1 for Home\Controller\CommonController::get_homeuser(), called in F:\code\peixun\Application\Home\Controller\CommonController.class.php on line 31 and defined F:\code\peixun\Application\Home\Controller\CommonController.class.php 第 70 行.
SQL: DESCRIBE hao_auth_group [ RunTime:0.004001s ]
SQL: SELECT * FROM `hao_auth_group`  [ RunTime:0.001000s ]
INFO: [ view_parse ] --START--
INFO: [ template_filter ] --START--
INFO: Run Behavior\ContentReplaceBehavior [ RunTime:0.000000s ]
INFO: [ template_filter ] --END-- [ RunTime:0.000000s ]
INFO: Run Behavior\ParseTemplateBehavior [ RunTime:0.010000s ]
INFO: [ view_parse ] --END-- [ RunTime:0.010000s ]
INFO: [ view_filter ] --START--
INFO: Run Behavior\WriteHtmlCacheBehavior [ RunTime:0.000000s ]
INFO: [ view_filter ] --END-- [ RunTime:0.000000s ]
INFO: [ app_end ] --START--
INFO: Run Behavior\ShowPageTraceBehavior [ RunTime:0.001000s ]
INFO: [ app_end ] --END-- [ RunTime:0.001000s ]

