[ 2017-09-04T09:23:26+08:00 ] 123.131.24.141 /
INFO: [ app_init ] --START--
INFO: Run Behavior\BuildLiteBehavior [ RunTime:0.000000s ]
INFO: [ app_init ] --END-- [ RunTime:0.000000s ]
INFO: [ app_begin ] --START--
INFO: Run Behavior\ReadHtmlCacheBehavior [ RunTime:0.000000s ]
INFO: [ app_begin ] --END-- [ RunTime:0.000000s ]
NOTIC: [8] A session had already been started - ignoring session_start() D:\project\peixun\ThinkPHP\Common\functions.php 第 1190 行.
SQL: DESCRIBE hao_category [ RunTime:0.000000s ]
SQL: SELECT * FROM `hao_category` WHERE `pid` = 0 AND `position` = 1 AND `hidden` = 2 ORDER BY sort asc  [ RunTime:0.000000s ]
SQL: SELECT * FROM `hao_category` WHERE `pid` = 0 AND `position` = 2 AND `hidden` = 2  [ RunTime:0.000000s ]
NOTIC: [2] Invalid argument supplied for foreach() D:\project\peixun\Application\Home\Controller\CommonController.class.php 第 13 行.
SQL: DESCRIBE hao_gear [ RunTime:0.000000s ]
SQL: SELECT * FROM `hao_gear` ORDER BY sort asc  [ RunTime:0.000000s ]
NOTIC: [2] Missing argument 1 for Home\Controller\CommonController::get_homeuser(), called in D:\project\peixun\Application\Home\Controller\CommonController.class.php on line 31 and defined D:\project\peixun\Application\Home\Controller\CommonController.class.php 第 70 行.
SQL: DESCRIBE hao_basic [ RunTime:0.015611s ]
SQL: SELECT * FROM `hao_basic` WHERE `bid` = 22 LIMIT 1   [ RunTime:0.000000s ]
SQL: DESCRIBE hao_goods [ RunTime:0.000000s ]
ERR: 1146:Table 'peixun.hao_goods' doesn't exist
 [ SQL语句 ] : DESCRIBE hao_goods
SQL: DESCRIBE hao_area [ RunTime:0.000000s ]
SQL: DESCRIBE hao_music_cate [ RunTime:0.000000s ]
ERR: 1146:Table 'peixun.hao_music_cate' doesn't exist
 [ SQL语句 ] : DESCRIBE hao_music_cate
SQL: DESCRIBE hao_article [ RunTime:0.000000s ]
SQL: SELECT * FROM `hao_goods` WHERE `if_index` = 1 LIMIT 1   [ RunTime:0.000000s ]
ERR: 1146:Table 'peixun.hao_goods' doesn't exist
 [ SQL语句 ] : SELECT * FROM `hao_goods` WHERE `if_index` = 1 LIMIT 1  
SQL: SELECT `name` FROM `hao_area` WHERE `id` = null LIMIT 1   [ RunTime:0.000000s ]
SQL: SELECT * FROM `hao_gear`  [ RunTime:0.000000s ]
SQL: SELECT * FROM `hao_music_cate`  [ RunTime:0.000000s ]
ERR: 1146:Table 'peixun.hao_music_cate' doesn't exist
 [ SQL语句 ] : SELECT * FROM `hao_music_cate` 
SQL: SELECT * FROM `hao_article` WHERE `cate_id` = 101 ORDER BY pubdate desc LIMIT 0,5   [ RunTime:0.015612s ]
SQL: SELECT * FROM `hao_article` WHERE `cate_id` = 95 ORDER BY sort asc LIMIT 0,1   [ RunTime:0.000000s ]
SQL: SELECT * FROM `hao_article` WHERE `cate_id` = 96 ORDER BY sort asc LIMIT 0,3   [ RunTime:0.000000s ]
SQL: DESCRIBE hao_category [ RunTime:0.000000s ]
SQL: SELECT * FROM `hao_category` WHERE ( id=97 ) LIMIT 1   [ RunTime:0.000000s ]
SQL: SELECT * FROM `hao_category` WHERE ( id=98 ) LIMIT 1   [ RunTime:0.000000s ]
SQL: SELECT * FROM `hao_category` WHERE ( id=99 ) LIMIT 1   [ RunTime:0.000000s ]
SQL: SELECT * FROM `hao_category` WHERE ( id=100 ) LIMIT 1   [ RunTime:0.000000s ]
INFO: [ view_parse ] --START--
INFO: [ template_filter ] --START--
INFO: Run Behavior\ContentReplaceBehavior [ RunTime:0.000000s ]
INFO: [ template_filter ] --END-- [ RunTime:0.000000s ]
NOTIC: [8] Use of undefined constant tid - assumed 'tid' D:\project\peixun\Application\Runtime\Cache\Home\2a94b8bda04ff446dcedd42276fc99ee.php 第 105 行.
NOTIC: [8] Use of undefined constant tid - assumed 'tid' D:\project\peixun\Application\Runtime\Cache\Home\2a94b8bda04ff446dcedd42276fc99ee.php 第 105 行.
NOTIC: [8] Use of undefined constant tid - assumed 'tid' D:\project\peixun\Application\Runtime\Cache\Home\2a94b8bda04ff446dcedd42276fc99ee.php 第 105 行.
NOTIC: [8] Use of undefined constant tid - assumed 'tid' D:\project\peixun\Application\Runtime\Cache\Home\2a94b8bda04ff446dcedd42276fc99ee.php 第 105 行.
NOTIC: [8] Use of undefined constant tid - assumed 'tid' D:\project\peixun\Application\Runtime\Cache\Home\2a94b8bda04ff446dcedd42276fc99ee.php 第 105 行.
NOTIC: [8] Use of undefined constant tid - assumed 'tid' D:\project\peixun\Application\Runtime\Cache\Home\2a94b8bda04ff446dcedd42276fc99ee.php 第 115 行.
NOTIC: [8] Use of undefined constant tid - assumed 'tid' D:\project\peixun\Application\Runtime\Cache\Home\2a94b8bda04ff446dcedd42276fc99ee.php 第 115 行.
NOTIC: [8] Use of undefined constant tid - assumed 'tid' D:\project\peixun\Application\Runtime\Cache\Home\2a94b8bda04ff446dcedd42276fc99ee.php 第 115 行.
NOTIC: [8] Use of undefined constant content - assumed 'content' D:\project\peixun\Application\Runtime\Cache\Home\2a94b8bda04ff446dcedd42276fc99ee.php 第 143 行.
NOTIC: [8] Use of undefined constant content - assumed 'content' D:\project\peixun\Application\Runtime\Cache\Home\2a94b8bda04ff446dcedd42276fc99ee.php 第 159 行.
NOTIC: [8] Use of undefined constant content - assumed 'content' D:\project\peixun\Application\Runtime\Cache\Home\2a94b8bda04ff446dcedd42276fc99ee.php 第 171 行.
NOTIC: [8] Use of undefined constant content - assumed 'content' D:\project\peixun\Application\Runtime\Cache\Home\2a94b8bda04ff446dcedd42276fc99ee.php 第 183 行.
INFO: Run Behavior\ParseTemplateBehavior [ RunTime:0.015611s ]
INFO: [ view_parse ] --END-- [ RunTime:0.015611s ]
INFO: [ view_filter ] --START--
INFO: Run Behavior\WriteHtmlCacheBehavior [ RunTime:0.000000s ]
INFO: [ view_filter ] --END-- [ RunTime:0.000000s ]
INFO: [ app_end ] --START--
INFO: Run Behavior\ShowPageTraceBehavior [ RunTime:0.000000s ]
INFO: [ app_end ] --END-- [ RunTime:0.000000s ]

[ 2017-09-04T09:24:17+08:00 ] 123.131.24.141 /index.php/Home/micarticle/index/id/89
INFO: [ app_init ] --START--
INFO: Run Behavior\BuildLiteBehavior [ RunTime:0.000000s ]
INFO: [ app_init ] --END-- [ RunTime:0.000000s ]
INFO: [ app_begin ] --START--
INFO: Run Behavior\ReadHtmlCacheBehavior [ RunTime:0.000000s ]
INFO: [ app_begin ] --END-- [ RunTime:0.000000s ]
NOTIC: [8] A session had already been started - ignoring session_start() D:\project\peixun\ThinkPHP\Common\functions.php 第 1190 行.
SQL: DESCRIBE hao_category [ RunTime:0.031226s ]
SQL: SELECT * FROM `hao_category` WHERE `pid` = 0 AND `position` = 1 AND `hidden` = 2 ORDER BY sort asc  [ RunTime:0.000000s ]
SQL: SELECT * FROM `hao_category` WHERE `pid` = 0 AND `position` = 2 AND `hidden` = 2  [ RunTime:0.000000s ]
NOTIC: [2] Invalid argument supplied for foreach() D:\project\peixun\Application\Home\Controller\CommonController.class.php 第 13 行.
SQL: SELECT * FROM `hao_category` WHERE `id` = 89 LIMIT 1   [ RunTime:0.000000s ]
NOTIC: [2] Missing argument 1 for Home\Controller\CommonController::get_homeuser(), called in D:\project\peixun\Application\Home\Controller\CommonController.class.php on line 31 and defined D:\project\peixun\Application\Home\Controller\CommonController.class.php 第 70 行.
SQL: DESCRIBE hao_category [ RunTime:0.015612s ]
SQL: SELECT * FROM `hao_category` WHERE ( id=89 ) LIMIT 1   [ RunTime:0.000000s ]
NOTIC: [8] Use of undefined constant catename - assumed 'catename' D:\project\peixun\Application\Home\Controller\MicarticleController.class.php 第 11 行.
SQL: SELECT * FROM `hao_category` WHERE `id` = 89 LIMIT 1   [ RunTime:0.000000s ]
SQL: SELECT * FROM `hao_category` WHERE `pid` = 89  [ RunTime:0.000000s ]
NOTIC: [8] Use of undefined constant category - assumed 'category' D:\project\peixun\Application\Home\Controller\MicarticleController.class.php 第 17 行.
SQL: SELECT * FROM `hao_category` WHERE ( id=89 ) LIMIT 1   [ RunTime:0.000000s ]
SQL: SELECT * FROM `hao_category`  [ RunTime:0.000000s ]
SQL: DESCRIBE hao_article [ RunTime:0.000000s ]
SQL: SELECT * FROM `hao_category` WHERE `id` = 89 LIMIT 1   [ RunTime:0.000000s ]
SQL: SELECT * FROM `hao_category` WHERE `pid` = 89  [ RunTime:0.000000s ]
NOTIC: [8] Use of undefined constant id - assumed 'id' D:\project\peixun\Application\Home\Controller\MicarticleController.class.php 第 39 行.
SQL: SELECT COUNT(*) AS tp_count FROM `hao_article` WHERE `cate_id` IN ('89','101') ORDER BY tid desc LIMIT 1   [ RunTime:0.000000s ]
SQL: SELECT * FROM `hao_article` WHERE `cate_id` IN ('89','101') ORDER BY tid desc LIMIT 0,6   [ RunTime:0.000000s ]
INFO: [ view_parse ] --START--
INFO: [ template_filter ] --START--
INFO: Run Behavior\ContentReplaceBehavior [ RunTime:0.000000s ]
INFO: [ template_filter ] --END-- [ RunTime:0.000000s ]
NOTIC: [8] Use of undefined constant id - assumed 'id' D:\project\peixun\Application\Runtime\Cache\Home\86d5a95b43ab9c45e4041053d4863185.php 第 55 行.
NOTIC: [8] Use of undefined constant pid - assumed 'pid' D:\project\peixun\Application\Runtime\Cache\Home\86d5a95b43ab9c45e4041053d4863185.php 第 74 行.
NOTIC: [8] Use of undefined constant id - assumed 'id' D:\project\peixun\Application\Runtime\Cache\Home\86d5a95b43ab9c45e4041053d4863185.php 第 75 行.
INFO: Run Behavior\ParseTemplateBehavior [ RunTime:0.031226s ]
INFO: [ view_parse ] --END-- [ RunTime:0.031226s ]
INFO: [ view_filter ] --START--
INFO: Run Behavior\WriteHtmlCacheBehavior [ RunTime:0.000000s ]
INFO: [ view_filter ] --END-- [ RunTime:0.000000s ]
INFO: [ app_end ] --START--
INFO: Run Behavior\ShowPageTraceBehavior [ RunTime:0.000000s ]
INFO: [ app_end ] --END-- [ RunTime:0.000000s ]

[ 2017-09-04T09:24:20+08:00 ] 123.131.24.141 /index.php/Home/micarticle/indextop/id/89
INFO: [ app_init ] --START--
INFO: Run Behavior\BuildLiteBehavior [ RunTime:0.000000s ]
INFO: [ app_init ] --END-- [ RunTime:0.000000s ]
INFO: [ app_begin ] --START--
INFO: Run Behavior\ReadHtmlCacheBehavior [ RunTime:0.000000s ]
INFO: [ app_begin ] --END-- [ RunTime:0.000000s ]
NOTIC: [8] A session had already been started - ignoring session_start() D:\project\peixun\ThinkPHP\Common\functions.php 第 1190 行.
SQL: DESCRIBE hao_category [ RunTime:0.015613s ]
SQL: SELECT * FROM `hao_category` WHERE `pid` = 0 AND `position` = 1 AND `hidden` = 2 ORDER BY sort asc  [ RunTime:0.000000s ]
SQL: SELECT * FROM `hao_category` WHERE `pid` = 0 AND `position` = 2 AND `hidden` = 2  [ RunTime:0.000000s ]
NOTIC: [2] Invalid argument supplied for foreach() D:\project\peixun\Application\Home\Controller\CommonController.class.php 第 13 行.
SQL: SELECT * FROM `hao_category` WHERE `id` = 89 LIMIT 1   [ RunTime:0.000000s ]
NOTIC: [2] Missing argument 1 for Home\Controller\CommonController::get_homeuser(), called in D:\project\peixun\Application\Home\Controller\CommonController.class.php on line 31 and defined D:\project\peixun\Application\Home\Controller\CommonController.class.php 第 70 行.
SQL: DESCRIBE hao_category [ RunTime:0.000000s ]
SQL: SELECT * FROM `hao_category` WHERE ( id=89 ) LIMIT 1   [ RunTime:0.000000s ]
NOTIC: [8] Use of undefined constant catename - assumed 'catename' D:\project\peixun\Application\Home\Controller\MicarticleController.class.php 第 11 行.
SQL: SELECT * FROM `hao_category` WHERE `id` = 89 LIMIT 1   [ RunTime:0.000000s ]
SQL: SELECT * FROM `hao_category` WHERE `pid` = 89  [ RunTime:0.000000s ]
NOTIC: [8] Use of undefined constant category - assumed 'category' D:\project\peixun\Application\Home\Controller\MicarticleController.class.php 第 17 行.
SQL: SELECT * FROM `hao_category` WHERE ( id=89 ) LIMIT 1   [ RunTime:0.000000s ]
SQL: SELECT * FROM `hao_category`  [ RunTime:0.000000s ]
SQL: DESCRIBE hao_article [ RunTime:0.000000s ]
SQL: SELECT * FROM `hao_category` WHERE `id` = 89 LIMIT 1   [ RunTime:0.000000s ]
SQL: SELECT * FROM `hao_category` WHERE `pid` = 89  [ RunTime:0.000000s ]
NOTIC: [8] Use of undefined constant id - assumed 'id' D:\project\peixun\Application\Home\Controller\MicarticleController.class.php 第 104 行.
SQL: SELECT COUNT(*) AS tp_count FROM `hao_article` WHERE `cate_id` IN ('89','101') LIMIT 1   [ RunTime:0.000000s ]
SQL: SELECT * FROM `hao_article` WHERE `cate_id` IN ('89','101') LIMIT 0,6   [ RunTime:0.000000s ]
INFO: [ view_parse ] --START--
INFO: [ template_filter ] --START--
INFO: Run Behavior\ContentReplaceBehavior [ RunTime:0.000000s ]
INFO: [ template_filter ] --END-- [ RunTime:0.000000s ]
NOTIC: [8] Use of undefined constant id - assumed 'id' D:\project\peixun\Application\Runtime\Cache\Home\fea86e335fdce9a60f2a4917f4149e23.php 第 55 行.
NOTIC: [8] Use of undefined constant pid - assumed 'pid' D:\project\peixun\Application\Runtime\Cache\Home\fea86e335fdce9a60f2a4917f4149e23.php 第 74 行.
NOTIC: [8] Use of undefined constant id - assumed 'id' D:\project\peixun\Application\Runtime\Cache\Home\fea86e335fdce9a60f2a4917f4149e23.php 第 75 行.
INFO: Run Behavior\ParseTemplateBehavior [ RunTime:0.062452s ]
INFO: [ view_parse ] --END-- [ RunTime:0.062452s ]
INFO: [ view_filter ] --START--
INFO: Run Behavior\WriteHtmlCacheBehavior [ RunTime:0.000000s ]
INFO: [ view_filter ] --END-- [ RunTime:0.000000s ]
INFO: [ app_end ] --START--
INFO: Run Behavior\ShowPageTraceBehavior [ RunTime:0.000000s ]
INFO: [ app_end ] --END-- [ RunTime:0.000000s ]

[ 2017-09-04T09:24:21+08:00 ] 123.131.24.141 /index.php/Home/micarticle/inde/id/89
INFO: [ app_init ] --START--
INFO: Run Behavior\BuildLiteBehavior [ RunTime:0.000000s ]
INFO: [ app_init ] --END-- [ RunTime:0.000000s ]
INFO: [ app_begin ] --START--
INFO: Run Behavior\ReadHtmlCacheBehavior [ RunTime:0.000000s ]
INFO: [ app_begin ] --END-- [ RunTime:0.000000s ]
NOTIC: [8] A session had already been started - ignoring session_start() D:\project\peixun\ThinkPHP\Common\functions.php 第 1190 行.
SQL: DESCRIBE hao_category [ RunTime:0.015613s ]
SQL: SELECT * FROM `hao_category` WHERE `pid` = 0 AND `position` = 1 AND `hidden` = 2 ORDER BY sort asc  [ RunTime:0.000000s ]
SQL: SELECT * FROM `hao_category` WHERE `pid` = 0 AND `position` = 2 AND `hidden` = 2  [ RunTime:0.000000s ]
NOTIC: [2] Invalid argument supplied for foreach() D:\project\peixun\Application\Home\Controller\CommonController.class.php 第 13 行.
SQL: SELECT * FROM `hao_category` WHERE `id` = 89 LIMIT 1   [ RunTime:0.000000s ]
NOTIC: [2] Missing argument 1 for Home\Controller\CommonController::get_homeuser(), called in D:\project\peixun\Application\Home\Controller\CommonController.class.php on line 31 and defined D:\project\peixun\Application\Home\Controller\CommonController.class.php 第 70 行.
SQL: DESCRIBE hao_category [ RunTime:0.000000s ]
SQL: SELECT * FROM `hao_category` WHERE ( id=89 ) LIMIT 1   [ RunTime:0.000000s ]
NOTIC: [8] Use of undefined constant catename - assumed 'catename' D:\project\peixun\Application\Home\Controller\MicarticleController.class.php 第 11 行.
SQL: SELECT * FROM `hao_category` WHERE `id` = 89 LIMIT 1   [ RunTime:0.000000s ]
SQL: SELECT * FROM `hao_category` WHERE `pid` = 89  [ RunTime:0.000000s ]
NOTIC: [8] Use of undefined constant category - assumed 'category' D:\project\peixun\Application\Home\Controller\MicarticleController.class.php 第 17 行.
SQL: SELECT * FROM `hao_category` WHERE ( id=89 ) LIMIT 1   [ RunTime:0.000000s ]
SQL: SELECT * FROM `hao_category`  [ RunTime:0.000000s ]
SQL: DESCRIBE hao_article [ RunTime:0.000000s ]
SQL: SELECT * FROM `hao_category` WHERE `id` = 89 LIMIT 1   [ RunTime:0.000000s ]
SQL: SELECT * FROM `hao_category` WHERE `pid` = 89  [ RunTime:0.000000s ]
NOTIC: [8] Use of undefined constant id - assumed 'id' D:\project\peixun\Application\Home\Controller\MicarticleController.class.php 第 73 行.
SQL: SELECT COUNT(*) AS tp_count FROM `hao_article` WHERE `cate_id` IN ('89','101') ORDER BY tid desc LIMIT 1   [ RunTime:0.000000s ]
SQL: SELECT * FROM `hao_article` WHERE `cate_id` IN ('89','101') ORDER BY tid desc LIMIT 0,6   [ RunTime:0.000000s ]
INFO: [ view_parse ] --START--
INFO: [ template_filter ] --START--
INFO: Run Behavior\ContentReplaceBehavior [ RunTime:0.000000s ]
INFO: [ template_filter ] --END-- [ RunTime:0.000000s ]
NOTIC: [8] Use of undefined constant id - assumed 'id' D:\project\peixun\Application\Runtime\Cache\Home\86d5a95b43ab9c45e4041053d4863185.php 第 55 行.
NOTIC: [8] Use of undefined constant pid - assumed 'pid' D:\project\peixun\Application\Runtime\Cache\Home\86d5a95b43ab9c45e4041053d4863185.php 第 74 行.
NOTIC: [8] Use of undefined constant id - assumed 'id' D:\project\peixun\Application\Runtime\Cache\Home\86d5a95b43ab9c45e4041053d4863185.php 第 75 行.
INFO: Run Behavior\ParseTemplateBehavior [ RunTime:0.000000s ]
INFO: [ view_parse ] --END-- [ RunTime:0.000000s ]
INFO: [ view_filter ] --START--
INFO: Run Behavior\WriteHtmlCacheBehavior [ RunTime:0.000000s ]
INFO: [ view_filter ] --END-- [ RunTime:0.000000s ]
INFO: [ app_end ] --START--
INFO: Run Behavior\ShowPageTraceBehavior [ RunTime:0.000000s ]
INFO: [ app_end ] --END-- [ RunTime:0.000000s ]

[ 2017-09-04T09:24:22+08:00 ] 123.131.24.141 /index.php/Home/micarticle/index/id/89
INFO: [ app_init ] --START--
INFO: Run Behavior\BuildLiteBehavior [ RunTime:0.000000s ]
INFO: [ app_init ] --END-- [ RunTime:0.000000s ]
INFO: [ app_begin ] --START--
INFO: Run Behavior\ReadHtmlCacheBehavior [ RunTime:0.000000s ]
INFO: [ app_begin ] --END-- [ RunTime:0.000000s ]
NOTIC: [8] A session had already been started - ignoring session_start() D:\project\peixun\ThinkPHP\Common\functions.php 第 1190 行.
SQL: DESCRIBE hao_category [ RunTime:0.000000s ]
SQL: SELECT * FROM `hao_category` WHERE `pid` = 0 AND `position` = 1 AND `hidden` = 2 ORDER BY sort asc  [ RunTime:0.000000s ]
SQL: SELECT * FROM `hao_category` WHERE `pid` = 0 AND `position` = 2 AND `hidden` = 2  [ RunTime:0.000000s ]
NOTIC: [2] Invalid argument supplied for foreach() D:\project\peixun\Application\Home\Controller\CommonController.class.php 第 13 行.
SQL: SELECT * FROM `hao_category` WHERE `id` = 89 LIMIT 1   [ RunTime:0.000000s ]
NOTIC: [2] Missing argument 1 for Home\Controller\CommonController::get_homeuser(), called in D:\project\peixun\Application\Home\Controller\CommonController.class.php on line 31 and defined D:\project\peixun\Application\Home\Controller\CommonController.class.php 第 70 行.
SQL: DESCRIBE hao_category [ RunTime:0.000000s ]
SQL: SELECT * FROM `hao_category` WHERE ( id=89 ) LIMIT 1   [ RunTime:0.000000s ]
NOTIC: [8] Use of undefined constant catename - assumed 'catename' D:\project\peixun\Application\Home\Controller\MicarticleController.class.php 第 11 行.
SQL: SELECT * FROM `hao_category` WHERE `id` = 89 LIMIT 1   [ RunTime:0.000000s ]
SQL: SELECT * FROM `hao_category` WHERE `pid` = 89  [ RunTime:0.000000s ]
NOTIC: [8] Use of undefined constant category - assumed 'category' D:\project\peixun\Application\Home\Controller\MicarticleController.class.php 第 17 行.
SQL: SELECT * FROM `hao_category` WHERE ( id=89 ) LIMIT 1   [ RunTime:0.000000s ]
SQL: SELECT * FROM `hao_category`  [ RunTime:0.000000s ]
SQL: DESCRIBE hao_article [ RunTime:0.000000s ]
SQL: SELECT * FROM `hao_category` WHERE `id` = 89 LIMIT 1   [ RunTime:0.000000s ]
SQL: SELECT * FROM `hao_category` WHERE `pid` = 89  [ RunTime:0.015613s ]
NOTIC: [8] Use of undefined constant id - assumed 'id' D:\project\peixun\Application\Home\Controller\MicarticleController.class.php 第 39 行.
SQL: SELECT COUNT(*) AS tp_count FROM `hao_article` WHERE `cate_id` IN ('89','101') ORDER BY tid desc LIMIT 1   [ RunTime:0.000000s ]
SQL: SELECT * FROM `hao_article` WHERE `cate_id` IN ('89','101') ORDER BY tid desc LIMIT 0,6   [ RunTime:0.000000s ]
INFO: [ view_parse ] --START--
INFO: [ template_filter ] --START--
INFO: Run Behavior\ContentReplaceBehavior [ RunTime:0.000000s ]
INFO: [ template_filter ] --END-- [ RunTime:0.000000s ]
NOTIC: [8] Use of undefined constant id - assumed 'id' D:\project\peixun\Application\Runtime\Cache\Home\86d5a95b43ab9c45e4041053d4863185.php 第 55 行.
NOTIC: [8] Use of undefined constant pid - assumed 'pid' D:\project\peixun\Application\Runtime\Cache\Home\86d5a95b43ab9c45e4041053d4863185.php 第 74 行.
NOTIC: [8] Use of undefined constant id - assumed 'id' D:\project\peixun\Application\Runtime\Cache\Home\86d5a95b43ab9c45e4041053d4863185.php 第 75 行.
INFO: Run Behavior\ParseTemplateBehavior [ RunTime:0.015613s ]
INFO: [ view_parse ] --END-- [ RunTime:0.015613s ]
INFO: [ view_filter ] --START--
INFO: Run Behavior\WriteHtmlCacheBehavior [ RunTime:0.000000s ]
INFO: [ view_filter ] --END-- [ RunTime:0.000000s ]
INFO: [ app_end ] --START--
INFO: Run Behavior\ShowPageTraceBehavior [ RunTime:0.000000s ]
INFO: [ app_end ] --END-- [ RunTime:0.000000s ]

[ 2017-09-04T09:24:25+08:00 ] 123.131.24.141 /index.php/Home/Micarticle/index/id/89/p/2.html
INFO: [ app_init ] --START--
INFO: Run Behavior\BuildLiteBehavior [ RunTime:0.000000s ]
INFO: [ app_init ] --END-- [ RunTime:0.000000s ]
INFO: [ app_begin ] --START--
INFO: Run Behavior\ReadHtmlCacheBehavior [ RunTime:0.000000s ]
INFO: [ app_begin ] --END-- [ RunTime:0.000000s ]
NOTIC: [8] A session had already been started - ignoring session_start() D:\project\peixun\ThinkPHP\Common\functions.php 第 1190 行.
SQL: DESCRIBE hao_category [ RunTime:0.000000s ]
SQL: SELECT * FROM `hao_category` WHERE `pid` = 0 AND `position` = 1 AND `hidden` = 2 ORDER BY sort asc  [ RunTime:0.000000s ]
SQL: SELECT * FROM `hao_category` WHERE `pid` = 0 AND `position` = 2 AND `hidden` = 2  [ RunTime:0.000000s ]
NOTIC: [2] Invalid argument supplied for foreach() D:\project\peixun\Application\Home\Controller\CommonController.class.php 第 13 行.
SQL: SELECT * FROM `hao_category` WHERE `id` = 89 LIMIT 1   [ RunTime:0.000000s ]
NOTIC: [2] Missing argument 1 for Home\Controller\CommonController::get_homeuser(), called in D:\project\peixun\Application\Home\Controller\CommonController.class.php on line 31 and defined D:\project\peixun\Application\Home\Controller\CommonController.class.php 第 70 行.
SQL: DESCRIBE hao_category [ RunTime:0.000000s ]
SQL: SELECT * FROM `hao_category` WHERE ( id=89 ) LIMIT 1   [ RunTime:0.000000s ]
NOTIC: [8] Use of undefined constant catename - assumed 'catename' D:\project\peixun\Application\Home\Controller\MicarticleController.class.php 第 11 行.
SQL: SELECT * FROM `hao_category` WHERE `id` = 89 LIMIT 1   [ RunTime:0.000000s ]
SQL: SELECT * FROM `hao_category` WHERE `pid` = 89  [ RunTime:0.000000s ]
NOTIC: [8] Use of undefined constant category - assumed 'category' D:\project\peixun\Application\Home\Controller\MicarticleController.class.php 第 17 行.
SQL: SELECT * FROM `hao_category` WHERE ( id=89 ) LIMIT 1   [ RunTime:0.000000s ]
SQL: SELECT * FROM `hao_category`  [ RunTime:0.000000s ]
SQL: DESCRIBE hao_article [ RunTime:0.000000s ]
SQL: SELECT * FROM `hao_category` WHERE `id` = 89 LIMIT 1   [ RunTime:0.000000s ]
SQL: SELECT * FROM `hao_category` WHERE `pid` = 89  [ RunTime:0.000000s ]
NOTIC: [8] Use of undefined constant id - assumed 'id' D:\project\peixun\Application\Home\Controller\MicarticleController.class.php 第 39 行.
SQL: SELECT COUNT(*) AS tp_count FROM `hao_article` WHERE `cate_id` IN ('89','101') ORDER BY tid desc LIMIT 1   [ RunTime:0.000000s ]
SQL: SELECT * FROM `hao_article` WHERE `cate_id` IN ('89','101') ORDER BY tid desc LIMIT 6,6   [ RunTime:0.000000s ]
INFO: [ view_parse ] --START--
INFO: [ template_filter ] --START--
INFO: Run Behavior\ContentReplaceBehavior [ RunTime:0.000000s ]
INFO: [ template_filter ] --END-- [ RunTime:0.000000s ]
NOTIC: [8] Use of undefined constant id - assumed 'id' D:\project\peixun\Application\Runtime\Cache\Home\86d5a95b43ab9c45e4041053d4863185.php 第 55 行.
NOTIC: [8] Use of undefined constant pid - assumed 'pid' D:\project\peixun\Application\Runtime\Cache\Home\86d5a95b43ab9c45e4041053d4863185.php 第 74 行.
NOTIC: [8] Use of undefined constant id - assumed 'id' D:\project\peixun\Application\Runtime\Cache\Home\86d5a95b43ab9c45e4041053d4863185.php 第 75 行.
INFO: Run Behavior\ParseTemplateBehavior [ RunTime:0.015613s ]
INFO: [ view_parse ] --END-- [ RunTime:0.015613s ]
INFO: [ view_filter ] --START--
INFO: Run Behavior\WriteHtmlCacheBehavior [ RunTime:0.000000s ]
INFO: [ view_filter ] --END-- [ RunTime:0.000000s ]
INFO: [ app_end ] --START--
INFO: Run Behavior\ShowPageTraceBehavior [ RunTime:0.000000s ]
INFO: [ app_end ] --END-- [ RunTime:0.000000s ]

[ 2017-09-04T09:24:30+08:00 ] 123.131.24.141 /index.php/Home/article/index/id/24.html
INFO: [ app_init ] --START--
INFO: Run Behavior\BuildLiteBehavior [ RunTime:0.000000s ]
INFO: [ app_init ] --END-- [ RunTime:0.000000s ]
INFO: [ app_begin ] --START--
INFO: Run Behavior\ReadHtmlCacheBehavior [ RunTime:0.000000s ]
INFO: [ app_begin ] --END-- [ RunTime:0.000000s ]
NOTIC: [8] A session had already been started - ignoring session_start() D:\project\peixun\ThinkPHP\Common\functions.php 第 1190 行.
SQL: DESCRIBE hao_category [ RunTime:0.000000s ]
SQL: SELECT * FROM `hao_category` WHERE `pid` = 0 AND `position` = 1 AND `hidden` = 2 ORDER BY sort asc  [ RunTime:0.000000s ]
SQL: SELECT * FROM `hao_category` WHERE `pid` = 0 AND `position` = 2 AND `hidden` = 2  [ RunTime:0.000000s ]
NOTIC: [2] Invalid argument supplied for foreach() D:\project\peixun\Application\Home\Controller\CommonController.class.php 第 13 行.
SQL: SELECT * FROM `hao_category` WHERE `id` = 24 LIMIT 1   [ RunTime:0.000000s ]
NOTIC: [2] Missing argument 1 for Home\Controller\CommonController::get_homeuser(), called in D:\project\peixun\Application\Home\Controller\CommonController.class.php on line 31 and defined D:\project\peixun\Application\Home\Controller\CommonController.class.php 第 70 行.
SQL: DESCRIBE hao_article [ RunTime:0.000000s ]
SQL: SELECT * FROM `hao_article` WHERE ( tid=24 ) LIMIT 1   [ RunTime:0.000000s ]
NOTIC: [8] Use of undefined constant title - assumed 'title' D:\project\peixun\Application\Home\Controller\ArticleController.class.php 第 12 行.
SQL: DESCRIBE hao_category [ RunTime:0.000000s ]
SQL: SELECT * FROM `hao_article` WHERE ( tid=24 ) LIMIT 1   [ RunTime:0.000000s ]
NOTIC: [8] Use of undefined constant cate_id - assumed 'cate_id' D:\project\peixun\Application\Home\Controller\ArticleController.class.php 第 26 行.
SQL: SELECT * FROM `hao_category` WHERE ( id=89 ) LIMIT 1   [ RunTime:0.000000s ]
NOTIC: [8] Use of undefined constant cate_id - assumed 'cate_id' D:\project\peixun\Application\Home\Controller\ArticleController.class.php 第 27 行.
NOTIC: [8] Use of undefined constant cate_id - assumed 'cate_id' D:\project\peixun\Application\Home\Controller\ArticleController.class.php 第 30 行.
SQL: SELECT * FROM `hao_category` WHERE `id` = 89 LIMIT 1   [ RunTime:0.000000s ]
SQL: SELECT * FROM `hao_category` WHERE `pid` = 89  [ RunTime:0.000000s ]
SQL: DESCRIBE hao_article [ RunTime:0.000000s ]
SQL: SELECT `cate_id` FROM `hao_article` WHERE `tid` = 24 LIMIT 1   [ RunTime:0.000000s ]
SQL: select tid from hao_article where tid > 24 and cate_id = 89 order by tid asc limit 0,1 [ RunTime:0.000000s ]
SQL: select tid from hao_article where tid < 24 and cate_id = 89 order by tid desc limit 0,1 [ RunTime:0.000000s ]
SQL: SELECT * FROM `hao_article` WHERE `tid` = 25 LIMIT 1   [ RunTime:0.000000s ]
SQL: SELECT * FROM `hao_article` WHERE `tid` = 23 LIMIT 1   [ RunTime:0.000000s ]
SQL: SELECT * FROM `hao_article` WHERE ( tid=24 ) LIMIT 1   [ RunTime:0.000000s ]
INFO: [ view_parse ] --START--
INFO: [ template_filter ] --START--
INFO: Run Behavior\ContentReplaceBehavior [ RunTime:0.000000s ]
INFO: [ template_filter ] --END-- [ RunTime:0.000000s ]
NOTIC: [8] Use of undefined constant body - assumed 'body' D:\project\peixun\Application\Runtime\Cache\Home\2ac6c1276904b87404ed678dbabb985c.php 第 143 行.
INFO: Run Behavior\ParseTemplateBehavior [ RunTime:0.015613s ]
INFO: [ view_parse ] --END-- [ RunTime:0.015613s ]
INFO: [ view_filter ] --START--
INFO: Run Behavior\WriteHtmlCacheBehavior [ RunTime:0.000000s ]
INFO: [ view_filter ] --END-- [ RunTime:0.000000s ]
INFO: [ app_end ] --START--
INFO: Run Behavior\ShowPageTraceBehavior [ RunTime:0.000000s ]
INFO: [ app_end ] --END-- [ RunTime:0.000000s ]

[ 2017-09-04T09:24:35+08:00 ] 123.131.24.141 /index.php/Home/indexarticle/index/id/90
INFO: [ app_init ] --START--
INFO: Run Behavior\BuildLiteBehavior [ RunTime:0.000000s ]
INFO: [ app_init ] --END-- [ RunTime:0.000000s ]
INFO: [ app_begin ] --START--
INFO: Run Behavior\ReadHtmlCacheBehavior [ RunTime:0.000000s ]
INFO: [ app_begin ] --END-- [ RunTime:0.000000s ]
NOTIC: [8] A session had already been started - ignoring session_start() D:\project\peixun\ThinkPHP\Common\functions.php 第 1190 行.
SQL: DESCRIBE hao_category [ RunTime:0.000000s ]
SQL: SELECT * FROM `hao_category` WHERE `pid` = 0 AND `position` = 1 AND `hidden` = 2 ORDER BY sort asc  [ RunTime:0.000000s ]
SQL: SELECT * FROM `hao_category` WHERE `pid` = 0 AND `position` = 2 AND `hidden` = 2  [ RunTime:0.000000s ]
NOTIC: [2] Invalid argument supplied for foreach() D:\project\peixun\Application\Home\Controller\CommonController.class.php 第 13 行.
SQL: SELECT * FROM `hao_category` WHERE `id` = 90 LIMIT 1   [ RunTime:0.000000s ]
NOTIC: [2] Missing argument 1 for Home\Controller\CommonController::get_homeuser(), called in D:\project\peixun\Application\Home\Controller\CommonController.class.php on line 31 and defined D:\project\peixun\Application\Home\Controller\CommonController.class.php 第 70 行.
SQL: DESCRIBE hao_category [ RunTime:0.000000s ]
SQL: SELECT * FROM `hao_category` WHERE ( id=90 ) LIMIT 1   [ RunTime:0.000000s ]
NOTIC: [8] Use of undefined constant catename - assumed 'catename' D:\project\peixun\Application\Home\Controller\IndexarticleController.class.php 第 11 行.
SQL: SELECT * FROM `hao_category` WHERE `id` = 90 LIMIT 1   [ RunTime:0.000000s ]
INFO: [ view_parse ] --START--
INFO: [ template_filter ] --START--
INFO: Run Behavior\ContentReplaceBehavior [ RunTime:0.000000s ]
INFO: [ template_filter ] --END-- [ RunTime:0.000000s ]
NOTIC: [8] Use of undefined constant content - assumed 'content' D:\project\peixun\Application\Runtime\Cache\Home\2a0173f053cc0b323e9ce1db5c34eb2e.php 第 80 行.
INFO: Run Behavior\ParseTemplateBehavior [ RunTime:0.015613s ]
INFO: [ view_parse ] --END-- [ RunTime:0.015613s ]
INFO: [ view_filter ] --START--
INFO: Run Behavior\WriteHtmlCacheBehavior [ RunTime:0.000000s ]
INFO: [ view_filter ] --END-- [ RunTime:0.000000s ]
INFO: [ app_end ] --START--
INFO: Run Behavior\ShowPageTraceBehavior [ RunTime:0.000000s ]
INFO: [ app_end ] --END-- [ RunTime:0.000000s ]

[ 2017-09-04T10:01:03+08:00 ] 61.149.85.206 /index.php/Home/user/login.html
INFO: [ app_init ] --START--
INFO: Run Behavior\BuildLiteBehavior [ RunTime:0.000000s ]
INFO: [ app_init ] --END-- [ RunTime:0.000000s ]
INFO: [ app_begin ] --START--
INFO: Run Behavior\ReadHtmlCacheBehavior [ RunTime:0.000000s ]
INFO: [ app_begin ] --END-- [ RunTime:0.000000s ]
NOTIC: [8] A session had already been started - ignoring session_start() D:\project\peixun\ThinkPHP\Common\functions.php 第 1190 行.
SQL: DESCRIBE hao_category [ RunTime:0.015620s ]
SQL: SELECT * FROM `hao_category` WHERE `pid` = 0 AND `position` = 1 AND `hidden` = 2 ORDER BY sort asc  [ RunTime:0.000000s ]
SQL: SELECT * FROM `hao_category` WHERE `pid` = 0 AND `position` = 2 AND `hidden` = 2  [ RunTime:0.000000s ]
NOTIC: [2] Invalid argument supplied for foreach() D:\project\peixun\Application\Home\Controller\CommonController.class.php 第 13 行.
SQL: DESCRIBE hao_gear [ RunTime:0.000000s ]
SQL: SELECT * FROM `hao_gear` ORDER BY sort asc  [ RunTime:0.000000s ]
NOTIC: [2] Missing argument 1 for Home\Controller\CommonController::get_homeuser(), called in D:\project\peixun\Application\Home\Controller\CommonController.class.php on line 31 and defined D:\project\peixun\Application\Home\Controller\CommonController.class.php 第 70 行.
SQL: DESCRIBE hao_auth_group [ RunTime:0.000000s ]
SQL: SELECT * FROM `hao_auth_group`  [ RunTime:0.000000s ]
SQL: DESCRIBE hao_member [ RunTime:0.000000s ]
SQL: SELECT * FROM `hao_member` WHERE `member_name` = '123345' AND `member_password` = 'e10adc3949ba59abbe56e057f20f883e' LIMIT 1   [ RunTime:0.000000s ]
INFO: [ view_parse ] --START--
INFO: [ template_filter ] --START--
INFO: Run Behavior\ContentReplaceBehavior [ RunTime:0.000000s ]
INFO: [ template_filter ] --END-- [ RunTime:0.000000s ]
INFO: Run Behavior\ParseTemplateBehavior [ RunTime:0.015620s ]
INFO: [ view_parse ] --END-- [ RunTime:0.015620s ]
INFO: [ view_filter ] --START--
INFO: Run Behavior\WriteHtmlCacheBehavior [ RunTime:0.000000s ]
INFO: [ view_filter ] --END-- [ RunTime:0.000000s ]

[ 2017-09-04T10:01:03+08:00 ] 61.149.85.206 /index.php/Home/user/login.html
INFO: [ app_init ] --START--
INFO: Run Behavior\BuildLiteBehavior [ RunTime:0.000000s ]
INFO: [ app_init ] --END-- [ RunTime:0.000000s ]
INFO: [ app_begin ] --START--
INFO: Run Behavior\ReadHtmlCacheBehavior [ RunTime:0.000000s ]
INFO: [ app_begin ] --END-- [ RunTime:0.000000s ]
NOTIC: [8] A session had already been started - ignoring session_start() D:\project\peixun\ThinkPHP\Common\functions.php 第 1190 行.
SQL: DESCRIBE hao_category [ RunTime:0.000000s ]
SQL: SELECT * FROM `hao_category` WHERE `pid` = 0 AND `position` = 1 AND `hidden` = 2 ORDER BY sort asc  [ RunTime:0.000000s ]
SQL: SELECT * FROM `hao_category` WHERE `pid` = 0 AND `position` = 2 AND `hidden` = 2  [ RunTime:0.000000s ]
NOTIC: [2] Invalid argument supplied for foreach() D:\project\peixun\Application\Home\Controller\CommonController.class.php 第 13 行.
SQL: DESCRIBE hao_gear [ RunTime:0.000000s ]
SQL: SELECT * FROM `hao_gear` ORDER BY sort asc  [ RunTime:0.000000s ]
NOTIC: [2] Missing argument 1 for Home\Controller\CommonController::get_homeuser(), called in D:\project\peixun\Application\Home\Controller\CommonController.class.php on line 31 and defined D:\project\peixun\Application\Home\Controller\CommonController.class.php 第 70 行.
SQL: DESCRIBE hao_auth_group [ RunTime:0.000000s ]
SQL: SELECT * FROM `hao_auth_group`  [ RunTime:0.000000s ]
SQL: DESCRIBE hao_member [ RunTime:0.000000s ]
SQL: SELECT * FROM `hao_member` WHERE `member_name` = '123345' AND `member_password` = 'e10adc3949ba59abbe56e057f20f883e' LIMIT 1   [ RunTime:0.000000s ]
INFO: [ view_parse ] --START--
INFO: [ template_filter ] --START--
INFO: Run Behavior\ContentReplaceBehavior [ RunTime:0.000000s ]
INFO: [ template_filter ] --END-- [ RunTime:0.000000s ]
INFO: Run Behavior\ParseTemplateBehavior [ RunTime:0.015620s ]
INFO: [ view_parse ] --END-- [ RunTime:0.015620s ]
INFO: [ view_filter ] --START--
INFO: Run Behavior\WriteHtmlCacheBehavior [ RunTime:0.000000s ]
INFO: [ view_filter ] --END-- [ RunTime:0.000000s ]

