[ 2017-04-15T16:23:42+08:00 ] 127.0.0.1 /
INFO: [ app_init ] --START--
INFO: Run Behavior\BuildLiteBehavior [ RunTime:0.000000s ]
INFO: [ app_init ] --END-- [ RunTime:0.007000s ]
INFO: [ app_begin ] --START--
INFO: Run Behavior\ReadHtmlCacheBehavior [ RunTime:0.013000s ]
INFO: [ app_begin ] --END-- [ RunTime:0.013000s ]
SQL: DESCRIBE hao_gear [ RunTime:0.057003s ]
SQL: SELECT * FROM `hao_gear` WHERE `if_index` = 1  [ RunTime:0.000000s ]
SQL: DESCRIBE hao_goods [ RunTime:0.038002s ]
SQL: SELECT * FROM `hao_goods` WHERE `vid` = 1 ORDER BY gid asc LIMIT 0,3   [ RunTime:0.001000s ]
SQL: SELECT * FROM `hao_goods` WHERE `vid` = 2 ORDER BY gid asc LIMIT 0,4   [ RunTime:0.000000s ]
SQL: DESCRIBE hao_article [ RunTime:0.051003s ]
SQL: SELECT * FROM `hao_article` WHERE `cate_id` = 16 ORDER BY tid asc LIMIT 1,6   [ RunTime:0.029002s ]
SQL: SELECT * FROM `hao_goods` WHERE `vid` = 3 ORDER BY gid asc LIMIT 0,2   [ RunTime:0.000000s ]
SQL: SELECT * FROM `hao_goods` WHERE `vid` = 2 ORDER BY gid asc LIMIT 0,2   [ RunTime:0.001000s ]
SQL: DESCRIBE hao_category [ RunTime:0.041002s ]
SQL: SELECT * FROM `hao_category` WHERE `pid` = 0  [ RunTime:0.000000s ]
SQL: DESCRIBE hao_style [ RunTime:0.049002s ]
SQL: DESCRIBE hao_cate [ RunTime:0.030002s ]
SQL: SELECT * FROM `hao_style`  [ RunTime:0.000000s ]
SQL: SELECT * FROM `hao_cate`  [ RunTime:0.001000s ]
INFO: [ view_parse ] --START--
NOTIC: [2] file_get_contents(./Application/Home/View/public/sidebar.html): failed to open stream: No such file or directory E:\Epp\haohai\ThinkPHP\Library\Think\Template.class.php 第 692 行.
INFO: [ template_filter ] --START--
INFO: Run Behavior\ContentReplaceBehavior [ RunTime:0.001000s ]
INFO: [ template_filter ] --END-- [ RunTime:0.001000s ]
NOTIC: [8] Undefined index: title E:\Epp\haohai\Application\Runtime\Cache\Home\2a94b8bda04ff446dcedd42276fc99ee.php 第 272 行.
NOTIC: [8] Undefined index: title E:\Epp\haohai\Application\Runtime\Cache\Home\2a94b8bda04ff446dcedd42276fc99ee.php 第 272 行.
INFO: Run Behavior\ParseTemplateBehavior [ RunTime:0.131008s ]
INFO: [ view_parse ] --END-- [ RunTime:0.131008s ]
INFO: [ view_filter ] --START--
INFO: Run Behavior\WriteHtmlCacheBehavior [ RunTime:0.012001s ]
INFO: [ view_filter ] --END-- [ RunTime:0.012001s ]
INFO: [ app_end ] --START--
INFO: Run Behavior\ShowPageTraceBehavior [ RunTime:0.008000s ]
INFO: [ app_end ] --END-- [ RunTime:0.008000s ]

[ 2017-04-15T16:23:43+08:00 ] 127.0.0.1 /index.php/Home/Index/area.html?upid=0
INFO: [ app_init ] --START--
INFO: Run Behavior\BuildLiteBehavior [ RunTime:0.000000s ]
INFO: [ app_init ] --END-- [ RunTime:0.000000s ]
INFO: [ app_begin ] --START--
INFO: Run Behavior\ReadHtmlCacheBehavior [ RunTime:0.001001s ]
INFO: [ app_begin ] --END-- [ RunTime:0.001001s ]
SQL: DESCRIBE hao_area [ RunTime:0.070004s ]
SQL: SELECT * FROM `hao_area` WHERE `upid` = '0'  [ RunTime:0.013001s ]

[ 2017-04-15T16:28:40+08:00 ] 127.0.0.1 /
INFO: [ app_init ] --START--
INFO: Run Behavior\BuildLiteBehavior [ RunTime:0.000000s ]
INFO: [ app_init ] --END-- [ RunTime:0.023002s ]
INFO: [ app_begin ] --START--
INFO: Run Behavior\ReadHtmlCacheBehavior [ RunTime:0.061003s ]
INFO: [ app_begin ] --END-- [ RunTime:0.062003s ]
SQL: DESCRIBE hao_gear [ RunTime:0.011000s ]
SQL: SELECT * FROM `hao_gear` WHERE `if_index` = 1  [ RunTime:0.000000s ]
SQL: DESCRIBE hao_goods [ RunTime:0.013001s ]
SQL: SELECT * FROM `hao_goods` WHERE `vid` = 1 ORDER BY gid asc LIMIT 0,3   [ RunTime:0.000000s ]
SQL: SELECT * FROM `hao_goods` WHERE `vid` = 2 ORDER BY gid asc LIMIT 0,4   [ RunTime:0.000000s ]
SQL: DESCRIBE hao_article [ RunTime:0.012001s ]
SQL: SELECT * FROM `hao_article` WHERE `cate_id` = 16 ORDER BY tid asc LIMIT 1,6   [ RunTime:0.001000s ]
SQL: SELECT * FROM `hao_goods` WHERE `vid` = 3 ORDER BY gid asc LIMIT 0,2   [ RunTime:0.000000s ]
SQL: SELECT * FROM `hao_goods` WHERE `vid` = 2 ORDER BY gid asc LIMIT 0,2   [ RunTime:0.001000s ]
SQL: DESCRIBE hao_category [ RunTime:0.012001s ]
SQL: SELECT * FROM `hao_category` WHERE `pid` = 0  [ RunTime:0.000000s ]
SQL: DESCRIBE hao_style [ RunTime:0.011000s ]
SQL: DESCRIBE hao_cate [ RunTime:0.010001s ]
SQL: SELECT * FROM `hao_style`  [ RunTime:0.000000s ]
SQL: SELECT * FROM `hao_cate`  [ RunTime:0.049003s ]
INFO: [ view_parse ] --START--
NOTIC: [2] file_get_contents(./Application/Home/View/public/sidebar.html): failed to open stream: No such file or directory E:\Epp\haohai\ThinkPHP\Library\Think\Template.class.php 第 692 行.
INFO: [ template_filter ] --START--
INFO: Run Behavior\ContentReplaceBehavior [ RunTime:0.000000s ]
INFO: [ template_filter ] --END-- [ RunTime:0.000000s ]
NOTIC: [8] Undefined index: title E:\Epp\haohai\Application\Runtime\Cache\Home\2a94b8bda04ff446dcedd42276fc99ee.php 第 272 行.
NOTIC: [8] Undefined index: title E:\Epp\haohai\Application\Runtime\Cache\Home\2a94b8bda04ff446dcedd42276fc99ee.php 第 272 行.
INFO: Run Behavior\ParseTemplateBehavior [ RunTime:0.524030s ]
INFO: [ view_parse ] --END-- [ RunTime:0.524030s ]
INFO: [ view_filter ] --START--
INFO: Run Behavior\WriteHtmlCacheBehavior [ RunTime:0.028001s ]
INFO: [ view_filter ] --END-- [ RunTime:0.028001s ]
INFO: [ app_end ] --START--
INFO: Run Behavior\ShowPageTraceBehavior [ RunTime:0.035002s ]
INFO: [ app_end ] --END-- [ RunTime:0.035002s ]

[ 2017-04-15T16:28:41+08:00 ] 127.0.0.1 /index.php/Home/Index/area.html?upid=0
INFO: [ app_init ] --START--
INFO: Run Behavior\BuildLiteBehavior [ RunTime:0.000000s ]
INFO: [ app_init ] --END-- [ RunTime:0.001000s ]
INFO: [ app_begin ] --START--
INFO: Run Behavior\ReadHtmlCacheBehavior [ RunTime:0.001000s ]
INFO: [ app_begin ] --END-- [ RunTime:0.001000s ]
SQL: DESCRIBE hao_area [ RunTime:0.022001s ]
SQL: SELECT * FROM `hao_area` WHERE `upid` = '0'  [ RunTime:0.000000s ]

[ 2017-04-15T17:02:03+08:00 ] 127.0.0.1 /index.php/Home/Index/area.html?upid=0
INFO: [ app_init ] --START--
INFO: Run Behavior\BuildLiteBehavior [ RunTime:0.000000s ]
INFO: [ app_init ] --END-- [ RunTime:0.022001s ]
INFO: [ app_begin ] --START--
INFO: Run Behavior\ReadHtmlCacheBehavior [ RunTime:0.014001s ]
INFO: [ app_begin ] --END-- [ RunTime:0.014001s ]
SQL: DESCRIBE hao_area [ RunTime:0.031001s ]
SQL: SELECT * FROM `hao_area` WHERE `upid` = '0'  [ RunTime:0.007000s ]

[ 2017-04-15T17:32:41+08:00 ] 127.0.0.1 /index.php/Home/hjz/index/id/7.html
INFO: [ app_init ] --START--
INFO: Run Behavior\BuildLiteBehavior [ RunTime:0.000000s ]
INFO: [ app_init ] --END-- [ RunTime:0.086005s ]
INFO: [ app_begin ] --START--
INFO: Run Behavior\ReadHtmlCacheBehavior [ RunTime:0.039003s ]
INFO: [ app_begin ] --END-- [ RunTime:0.039003s ]
SQL: DESCRIBE hao_category [ RunTime:0.031002s ]
SQL: SELECT * FROM `hao_category` WHERE `id` = '7' LIMIT 1   [ RunTime:0.001000s ]
SQL: SELECT * FROM `hao_category` WHERE `pid` = 0  [ RunTime:0.001000s ]
SQL: DESCRIBE hao_style [ RunTime:0.110006s ]
SQL: DESCRIBE hao_cate [ RunTime:0.017001s ]
SQL: SELECT * FROM `hao_style`  [ RunTime:0.016001s ]
SQL: SELECT * FROM `hao_cate`  [ RunTime:0.001000s ]
INFO: [ view_parse ] --START--
NOTIC: [2] file_get_contents(./Application/Home/View/public/sidebar.html): failed to open stream: No such file or directory E:\Epp\haohai\ThinkPHP\Library\Think\Template.class.php 第 692 行.
INFO: [ template_filter ] --START--
INFO: Run Behavior\ContentReplaceBehavior [ RunTime:0.000000s ]
INFO: [ template_filter ] --END-- [ RunTime:0.000000s ]
INFO: Run Behavior\ParseTemplateBehavior [ RunTime:0.140008s ]
INFO: [ view_parse ] --END-- [ RunTime:0.140008s ]
INFO: [ view_filter ] --START--
INFO: Run Behavior\WriteHtmlCacheBehavior [ RunTime:0.020002s ]
INFO: [ view_filter ] --END-- [ RunTime:0.020002s ]
INFO: [ app_end ] --START--
INFO: Run Behavior\ShowPageTraceBehavior [ RunTime:0.007000s ]
INFO: [ app_end ] --END-- [ RunTime:0.007000s ]

[ 2017-04-15T17:32:42+08:00 ] 127.0.0.1 /index.php/Home/Index/area.html?upid=0
INFO: [ app_init ] --START--
INFO: Run Behavior\BuildLiteBehavior [ RunTime:0.000000s ]
INFO: [ app_init ] --END-- [ RunTime:0.000000s ]
INFO: [ app_begin ] --START--
INFO: Run Behavior\ReadHtmlCacheBehavior [ RunTime:0.001000s ]
INFO: [ app_begin ] --END-- [ RunTime:0.001000s ]
SQL: DESCRIBE hao_area [ RunTime:0.160009s ]
SQL: SELECT * FROM `hao_area` WHERE `upid` = '0'  [ RunTime:0.170010s ]

