[ 2017-05-02T08:09:39+08:00 ] 127.0.0.1 /
INFO: [ app_init ] --START--
INFO: Run Behavior\BuildLiteBehavior [ RunTime:0.000000s ]
INFO: [ app_init ] --END-- [ RunTime:0.001000s ]
INFO: [ app_begin ] --START--
INFO: Run Behavior\ReadHtmlCacheBehavior [ RunTime:0.001000s ]
INFO: [ app_begin ] --END-- [ RunTime:0.001000s ]
SQL: DESCRIBE hao_gear [ RunTime:0.012001s ]
SQL: SELECT * FROM `hao_gear`  [ RunTime:0.001000s ]
SQL: DESCRIBE hao_goods [ RunTime:0.017001s ]
SQL: SELECT * FROM `hao_goods` LIMIT 0,6   [ RunTime:0.002000s ]
SQL: DESCRIBE hao_article [ RunTime:0.014001s ]
SQL: SELECT * FROM `hao_article` WHERE `cate_id` = 20 ORDER BY addtime desc LIMIT 1   [ RunTime:0.001000s ]
SQL: DESCRIBE hao_category [ RunTime:0.016001s ]
SQL: SELECT * FROM `hao_category` WHERE `pid` = 0  [ RunTime:0.001000s ]
SQL: DESCRIBE hao_basic [ RunTime:0.013001s ]
SQL: SELECT * FROM `hao_basic` WHERE `basic_name` = 'webname' LIMIT 1   [ RunTime:0.001000s ]
SQL: SELECT * FROM `hao_basic` WHERE `basic_name` = 'Record' LIMIT 1   [ RunTime:0.000000s ]
SQL: SELECT * FROM `hao_basic` WHERE `basic_name` = 'qq' LIMIT 1   [ RunTime:0.000000s ]
SQL: DESCRIBE hao_additional [ RunTime:0.013000s ]
SQL: SELECT * FROM `hao_additional` WHERE `fujia_key` = 'button_logo' LIMIT 1   [ RunTime:0.001001s ]
SQL: SELECT * FROM `hao_additional` WHERE `fujia_key` = 'button_wx' LIMIT 1   [ RunTime:0.000000s ]
INFO: [ view_parse ] --START--
INFO: [ template_filter ] --START--
INFO: Run Behavior\ContentReplaceBehavior [ RunTime:0.000000s ]
INFO: [ template_filter ] --END-- [ RunTime:0.000000s ]
INFO: Run Behavior\ParseTemplateBehavior [ RunTime:0.018001s ]
INFO: [ view_parse ] --END-- [ RunTime:0.018001s ]
INFO: [ view_filter ] --START--
INFO: Run Behavior\WriteHtmlCacheBehavior [ RunTime:0.001000s ]
INFO: [ view_filter ] --END-- [ RunTime:0.001000s ]
INFO: [ app_end ] --START--
INFO: Run Behavior\ShowPageTraceBehavior [ RunTime:0.002000s ]
INFO: [ app_end ] --END-- [ RunTime:0.002000s ]

[ 2017-05-02T08:09:40+08:00 ] 127.0.0.1 /index.php/Home/Index/area.html?upid=0
INFO: [ app_init ] --START--
INFO: Run Behavior\BuildLiteBehavior [ RunTime:0.000000s ]
INFO: [ app_init ] --END-- [ RunTime:0.002000s ]
INFO: [ app_begin ] --START--
INFO: Run Behavior\ReadHtmlCacheBehavior [ RunTime:0.001000s ]
INFO: [ app_begin ] --END-- [ RunTime:0.001000s ]
SQL: DESCRIBE hao_area [ RunTime:0.015000s ]
SQL: SELECT * FROM `hao_area` WHERE `upid` = '0'  [ RunTime:0.001001s ]

[ 2017-05-02T08:41:00+08:00 ] 127.0.0.1 /index.php/Home/about/news/id/20/cate_id/1.html
INFO: [ app_init ] --START--
INFO: Run Behavior\BuildLiteBehavior [ RunTime:0.000000s ]
INFO: [ app_init ] --END-- [ RunTime:0.001000s ]
INFO: [ app_begin ] --START--
INFO: Run Behavior\ReadHtmlCacheBehavior [ RunTime:0.001000s ]
INFO: [ app_begin ] --END-- [ RunTime:0.001000s ]
SQL: DESCRIBE hao_article [ RunTime:0.016000s ]
SQL: DESCRIBE hao_category [ RunTime:0.012001s ]
SQL: select * from hao_category where pid = 1 order by id asc [ RunTime:0.001000s ]
SQL: select * from hao_category where id = 1 [ RunTime:0.001000s ]
SQL: SELECT * FROM `hao_category` WHERE `id` = '20' LIMIT 1   [ RunTime:0.018001s ]
SQL: select * from hao_article where cate_id = 20 order by addtime desc limit 0,3 [ RunTime:0.001000s ]
SQL: select * from hao_article where cate_id = 20 order by addtime desc limit 3,100 [ RunTime:0.001000s ]
SQL: SELECT * FROM `hao_category` WHERE `pid` = 0  [ RunTime:0.001001s ]
SQL: DESCRIBE hao_basic [ RunTime:0.014000s ]
SQL: SELECT * FROM `hao_basic` WHERE `basic_name` = 'webname' LIMIT 1   [ RunTime:0.001000s ]
SQL: SELECT * FROM `hao_basic` WHERE `basic_name` = 'Record' LIMIT 1   [ RunTime:0.001000s ]
SQL: SELECT * FROM `hao_basic` WHERE `basic_name` = 'qq' LIMIT 1   [ RunTime:0.001001s ]
SQL: DESCRIBE hao_additional [ RunTime:0.014000s ]
SQL: SELECT * FROM `hao_additional` WHERE `fujia_key` = 'button_logo' LIMIT 1   [ RunTime:0.001000s ]
SQL: SELECT * FROM `hao_additional` WHERE `fujia_key` = 'button_wx' LIMIT 1   [ RunTime:0.001000s ]
INFO: [ view_parse ] --START--
INFO: [ template_filter ] --START--
INFO: Run Behavior\ContentReplaceBehavior [ RunTime:0.000000s ]
INFO: [ template_filter ] --END-- [ RunTime:0.000000s ]
NOTIC: [8] Use of undefined constant id - assumed 'id' E:\Epp\daka\Application\Runtime\Cache\Home\8152f9569160ec56c244983ef2d41494.php 第 67 行.
INFO: Run Behavior\ParseTemplateBehavior [ RunTime:0.056003s ]
INFO: [ view_parse ] --END-- [ RunTime:0.057003s ]
INFO: [ view_filter ] --START--
INFO: Run Behavior\WriteHtmlCacheBehavior [ RunTime:0.000000s ]
INFO: [ view_filter ] --END-- [ RunTime:0.000000s ]
INFO: [ app_end ] --START--
INFO: Run Behavior\ShowPageTraceBehavior [ RunTime:0.001000s ]
INFO: [ app_end ] --END-- [ RunTime:0.001000s ]

[ 2017-05-02T08:41:06+08:00 ] 127.0.0.1 /index.php/Home/about/detail/id/26/cate_id/1/son_id/20.html
INFO: [ app_init ] --START--
INFO: Run Behavior\BuildLiteBehavior [ RunTime:0.000000s ]
INFO: [ app_init ] --END-- [ RunTime:0.001000s ]
INFO: [ app_begin ] --START--
INFO: Run Behavior\ReadHtmlCacheBehavior [ RunTime:0.000000s ]
INFO: [ app_begin ] --END-- [ RunTime:0.001000s ]
SQL: DESCRIBE hao_article [ RunTime:0.019001s ]
SQL: SELECT * FROM `hao_article` WHERE `tid` = '26' LIMIT 1   [ RunTime:0.001000s ]
SQL: DESCRIBE hao_category [ RunTime:0.011000s ]
SQL: select * from hao_category where pid = 1 order by id asc [ RunTime:0.001000s ]
SQL: select * from hao_category where id = 1 [ RunTime:0.000000s ]
SQL: SELECT * FROM `hao_category` WHERE `pid` = 0  [ RunTime:0.000000s ]
SQL: DESCRIBE hao_basic [ RunTime:0.013001s ]
SQL: SELECT * FROM `hao_basic` WHERE `basic_name` = 'webname' LIMIT 1   [ RunTime:0.000000s ]
SQL: SELECT * FROM `hao_basic` WHERE `basic_name` = 'Record' LIMIT 1   [ RunTime:0.000000s ]
SQL: SELECT * FROM `hao_basic` WHERE `basic_name` = 'qq' LIMIT 1   [ RunTime:0.000000s ]
SQL: DESCRIBE hao_additional [ RunTime:0.012001s ]
SQL: SELECT * FROM `hao_additional` WHERE `fujia_key` = 'button_logo' LIMIT 1   [ RunTime:0.001000s ]
SQL: SELECT * FROM `hao_additional` WHERE `fujia_key` = 'button_wx' LIMIT 1   [ RunTime:0.000000s ]
INFO: [ view_parse ] --START--
INFO: [ template_filter ] --START--
INFO: Run Behavior\ContentReplaceBehavior [ RunTime:0.000000s ]
INFO: [ template_filter ] --END-- [ RunTime:0.000000s ]
NOTIC: [8] Use of undefined constant id - assumed 'id' E:\Epp\daka\Application\Runtime\Cache\Home\a30808de49e2443dedaba42de1308541.php 第 67 行.
NOTIC: [8] Undefined variable: now_son E:\Epp\daka\Application\Runtime\Cache\Home\a30808de49e2443dedaba42de1308541.php 第 72 行.
INFO: Run Behavior\ParseTemplateBehavior [ RunTime:0.043002s ]
INFO: [ view_parse ] --END-- [ RunTime:0.044002s ]
INFO: [ view_filter ] --START--
INFO: Run Behavior\WriteHtmlCacheBehavior [ RunTime:0.001001s ]
INFO: [ view_filter ] --END-- [ RunTime:0.001001s ]
INFO: [ app_end ] --START--
INFO: Run Behavior\ShowPageTraceBehavior [ RunTime:0.001000s ]
INFO: [ app_end ] --END-- [ RunTime:0.001000s ]

[ 2017-05-02T08:41:11+08:00 ] 127.0.0.1 /index.php/Home/Index/area.html?upid=0
INFO: [ app_init ] --START--
INFO: Run Behavior\BuildLiteBehavior [ RunTime:0.000000s ]
INFO: [ app_init ] --END-- [ RunTime:0.001000s ]
INFO: [ app_begin ] --START--
INFO: Run Behavior\ReadHtmlCacheBehavior [ RunTime:0.001000s ]
INFO: [ app_begin ] --END-- [ RunTime:0.001000s ]
SQL: DESCRIBE hao_area [ RunTime:0.019001s ]
SQL: SELECT * FROM `hao_area` WHERE `upid` = '0'  [ RunTime:0.001000s ]

[ 2017-05-02T08:41:49+08:00 ] 127.0.0.1 /index.php/Home/product/index/id/2.html
INFO: [ app_init ] --START--
INFO: Run Behavior\BuildLiteBehavior [ RunTime:0.001000s ]
INFO: [ app_init ] --END-- [ RunTime:0.001000s ]
INFO: [ app_begin ] --START--
INFO: Run Behavior\ReadHtmlCacheBehavior [ RunTime:0.001000s ]
INFO: [ app_begin ] --END-- [ RunTime:0.002000s ]
SQL: DESCRIBE hao_category [ RunTime:0.014001s ]
SQL: select * from hao_category where pid = 2 order by id asc [ RunTime:0.001000s ]
SQL: SELECT * FROM `hao_category` WHERE `id` = '21' LIMIT 1   [ RunTime:0.001000s ]
SQL: select * from hao_category where pid = 2 order by id asc [ RunTime:0.001000s ]
SQL: select * from hao_category where id = 2 [ RunTime:0.000000s ]
SQL: select * from hao_category where pid = 2 order by id asc [ RunTime:0.001000s ]
SQL: DESCRIBE hao_article [ RunTime:0.012001s ]
SQL: SELECT * FROM `hao_article` WHERE `cate_id` = '21'  [ RunTime:0.001000s ]
SQL: select * from hao_category where pid = 2 order by id asc [ RunTime:0.001000s ]
SQL: SELECT * FROM `hao_category` WHERE `id` = '21' LIMIT 1   [ RunTime:0.001000s ]
SQL: DESCRIBE hao_goods [ RunTime:0.013001s ]
SQL: select * from hao_exist where cate_id = 21 order by eid asc [ RunTime:0.001000s ]
SQL: select * from hao_existr_attr where eid = 5 [ RunTime:0.001000s ]
SQL: select * from hao_existr_attr where eid = 6 [ RunTime:0.001000s ]
SQL: select * from hao_existr_attr where eid = 7 [ RunTime:0.000000s ]
SQL: SELECT COUNT(*) AS tp_count FROM `hao_goods` WHERE `cate_id` = 21 LIMIT 1   [ RunTime:0.000000s ]
SQL: SELECT * FROM `hao_goods` WHERE `cate_id` = 21 LIMIT 0,8   [ RunTime:0.006001s ]
SQL: SELECT * FROM `hao_category` WHERE `pid` = 0  [ RunTime:0.000000s ]
SQL: DESCRIBE hao_basic [ RunTime:0.012000s ]
SQL: SELECT * FROM `hao_basic` WHERE `basic_name` = 'webname' LIMIT 1   [ RunTime:0.001000s ]
SQL: SELECT * FROM `hao_basic` WHERE `basic_name` = 'Record' LIMIT 1   [ RunTime:0.000000s ]
SQL: SELECT * FROM `hao_basic` WHERE `basic_name` = 'qq' LIMIT 1   [ RunTime:0.001001s ]
SQL: DESCRIBE hao_additional [ RunTime:0.017000s ]
SQL: SELECT * FROM `hao_additional` WHERE `fujia_key` = 'button_logo' LIMIT 1   [ RunTime:0.001001s ]
SQL: SELECT * FROM `hao_additional` WHERE `fujia_key` = 'button_wx' LIMIT 1   [ RunTime:0.001000s ]
INFO: [ view_parse ] --START--
INFO: [ template_filter ] --START--
INFO: Run Behavior\ContentReplaceBehavior [ RunTime:0.000000s ]
INFO: [ template_filter ] --END-- [ RunTime:0.000000s ]
NOTIC: [8] Use of undefined constant id - assumed 'id' E:\Epp\daka\Application\Runtime\Cache\Home\3458861da0342b1f9413030055ee3fb6.php 第 68 行.
INFO: Run Behavior\ParseTemplateBehavior [ RunTime:0.042002s ]
INFO: [ view_parse ] --END-- [ RunTime:0.042002s ]
INFO: [ view_filter ] --START--
INFO: Run Behavior\WriteHtmlCacheBehavior [ RunTime:0.001000s ]
INFO: [ view_filter ] --END-- [ RunTime:0.001000s ]
INFO: [ app_end ] --START--
INFO: Run Behavior\ShowPageTraceBehavior [ RunTime:0.001000s ]
INFO: [ app_end ] --END-- [ RunTime:0.002000s ]

[ 2017-05-02T08:43:51+08:00 ] 127.0.0.1 /
INFO: [ app_init ] --START--
INFO: Run Behavior\BuildLiteBehavior [ RunTime:0.000000s ]
INFO: [ app_init ] --END-- [ RunTime:0.001000s ]
INFO: [ app_begin ] --START--
INFO: Run Behavior\ReadHtmlCacheBehavior [ RunTime:0.001000s ]
INFO: [ app_begin ] --END-- [ RunTime:0.001000s ]
SQL: DESCRIBE hao_gear [ RunTime:0.012001s ]
SQL: SELECT * FROM `hao_gear`  [ RunTime:0.001000s ]
SQL: DESCRIBE hao_goods [ RunTime:0.012001s ]
SQL: SELECT * FROM `hao_goods` LIMIT 0,6   [ RunTime:0.004000s ]
SQL: DESCRIBE hao_article [ RunTime:0.016001s ]
SQL: SELECT * FROM `hao_article` WHERE `cate_id` = 20 ORDER BY addtime desc LIMIT 1   [ RunTime:0.000000s ]
SQL: DESCRIBE hao_category [ RunTime:0.012001s ]
SQL: SELECT * FROM `hao_category` WHERE `pid` = 0  [ RunTime:0.001000s ]
SQL: DESCRIBE hao_basic [ RunTime:0.011000s ]
SQL: SELECT * FROM `hao_basic` WHERE `basic_name` = 'webname' LIMIT 1   [ RunTime:0.000000s ]
SQL: SELECT * FROM `hao_basic` WHERE `basic_name` = 'Record' LIMIT 1   [ RunTime:0.001001s ]
SQL: SELECT * FROM `hao_basic` WHERE `basic_name` = 'qq' LIMIT 1   [ RunTime:0.000000s ]
SQL: DESCRIBE hao_additional [ RunTime:0.013000s ]
SQL: SELECT * FROM `hao_additional` WHERE `fujia_key` = 'button_logo' LIMIT 1   [ RunTime:0.001000s ]
SQL: SELECT * FROM `hao_additional` WHERE `fujia_key` = 'button_wx' LIMIT 1   [ RunTime:0.000000s ]
INFO: [ view_parse ] --START--
INFO: [ template_filter ] --START--
INFO: Run Behavior\ContentReplaceBehavior [ RunTime:0.000000s ]
INFO: [ template_filter ] --END-- [ RunTime:0.000000s ]
INFO: Run Behavior\ParseTemplateBehavior [ RunTime:0.031002s ]
INFO: [ view_parse ] --END-- [ RunTime:0.031002s ]
INFO: [ view_filter ] --START--
INFO: Run Behavior\WriteHtmlCacheBehavior [ RunTime:0.000000s ]
INFO: [ view_filter ] --END-- [ RunTime:0.000000s ]
INFO: [ app_end ] --START--
INFO: Run Behavior\ShowPageTraceBehavior [ RunTime:0.001000s ]
INFO: [ app_end ] --END-- [ RunTime:0.001000s ]

[ 2017-05-02T08:43:52+08:00 ] 127.0.0.1 /index.php/Home/Index/area.html?upid=0
INFO: [ app_init ] --START--
INFO: Run Behavior\BuildLiteBehavior [ RunTime:0.000000s ]
INFO: [ app_init ] --END-- [ RunTime:0.000000s ]
INFO: [ app_begin ] --START--
INFO: Run Behavior\ReadHtmlCacheBehavior [ RunTime:0.002000s ]
INFO: [ app_begin ] --END-- [ RunTime:0.002000s ]
SQL: DESCRIBE hao_area [ RunTime:0.018001s ]
SQL: SELECT * FROM `hao_area` WHERE `upid` = '0'  [ RunTime:0.002000s ]

[ 2017-05-02T08:43:56+08:00 ] 127.0.0.1 /index.php/Home/product/detail/id/1/cate_id/2.html
INFO: [ app_init ] --START--
INFO: Run Behavior\BuildLiteBehavior [ RunTime:0.000000s ]
INFO: [ app_init ] --END-- [ RunTime:0.000000s ]
INFO: [ app_begin ] --START--
INFO: Run Behavior\ReadHtmlCacheBehavior [ RunTime:0.001000s ]
INFO: [ app_begin ] --END-- [ RunTime:0.001000s ]
SQL: DESCRIBE hao_goods [ RunTime:0.019001s ]
SQL: SELECT * FROM `hao_goods` WHERE `gid` = '1' LIMIT 1   [ RunTime:0.004001s ]
SQL: select he.exist_name,ha.attr_name from hao_exist as he,hao_existr_attr as ha where he.eid = ha.eid and ha.attr_id = 8 [ RunTime:0.001000s ]
SQL: select he.exist_name,ha.attr_name from hao_exist as he,hao_existr_attr as ha where he.eid = ha.eid and ha.attr_id = 1 [ RunTime:0.000000s ]
SQL: select he.exist_name,ha.attr_name from hao_exist as he,hao_existr_attr as ha where he.eid = ha.eid and ha.attr_id = 12 [ RunTime:0.001000s ]
SQL: DESCRIBE hao_category [ RunTime:0.011001s ]
SQL: select * from hao_category where id = 2 [ RunTime:0.001000s ]
SQL: select * from hao_category where pid = 2 order by id asc [ RunTime:0.001000s ]
SQL: SELECT * FROM `hao_category` WHERE `pid` = 0  [ RunTime:0.001000s ]
SQL: DESCRIBE hao_basic [ RunTime:0.016001s ]
SQL: SELECT * FROM `hao_basic` WHERE `basic_name` = 'webname' LIMIT 1   [ RunTime:0.001000s ]
SQL: SELECT * FROM `hao_basic` WHERE `basic_name` = 'Record' LIMIT 1   [ RunTime:0.001000s ]
SQL: SELECT * FROM `hao_basic` WHERE `basic_name` = 'qq' LIMIT 1   [ RunTime:0.001000s ]
SQL: DESCRIBE hao_additional [ RunTime:0.014001s ]
SQL: SELECT * FROM `hao_additional` WHERE `fujia_key` = 'button_logo' LIMIT 1   [ RunTime:0.000000s ]
SQL: SELECT * FROM `hao_additional` WHERE `fujia_key` = 'button_wx' LIMIT 1   [ RunTime:0.001000s ]
INFO: [ view_parse ] --START--
INFO: [ template_filter ] --START--
INFO: Run Behavior\ContentReplaceBehavior [ RunTime:0.000000s ]
INFO: [ template_filter ] --END-- [ RunTime:0.000000s ]
NOTIC: [8] Use of undefined constant id - assumed 'id' E:\Epp\daka\Application\Runtime\Cache\Home\f63daca541365d43e0e0013fdf66e7d5.php 第 68 行.
NOTIC: [8] Undefined variable: now_son E:\Epp\daka\Application\Runtime\Cache\Home\f63daca541365d43e0e0013fdf66e7d5.php 第 84 行.
INFO: Run Behavior\ParseTemplateBehavior [ RunTime:0.053003s ]
INFO: [ view_parse ] --END-- [ RunTime:0.053003s ]
INFO: [ view_filter ] --START--
INFO: Run Behavior\WriteHtmlCacheBehavior [ RunTime:0.001000s ]
INFO: [ view_filter ] --END-- [ RunTime:0.001000s ]
INFO: [ app_end ] --START--
INFO: Run Behavior\ShowPageTraceBehavior [ RunTime:0.000000s ]
INFO: [ app_end ] --END-- [ RunTime:0.000000s ]

[ 2017-05-02T08:44:00+08:00 ] 127.0.0.1 /index.php/Home/Index/area.html?upid=0
INFO: [ app_init ] --START--
INFO: Run Behavior\BuildLiteBehavior [ RunTime:0.001000s ]
INFO: [ app_init ] --END-- [ RunTime:0.001000s ]
INFO: [ app_begin ] --START--
INFO: Run Behavior\ReadHtmlCacheBehavior [ RunTime:0.000000s ]
INFO: [ app_begin ] --END-- [ RunTime:0.001000s ]
SQL: DESCRIBE hao_area [ RunTime:0.019001s ]
SQL: SELECT * FROM `hao_area` WHERE `upid` = '0'  [ RunTime:0.002000s ]

[ 2017-05-02T08:44:03+08:00 ] 127.0.0.1 /index.php/Home/product/detail/id/2/cate_id/2.html
INFO: [ app_init ] --START--
INFO: Run Behavior\BuildLiteBehavior [ RunTime:0.000000s ]
INFO: [ app_init ] --END-- [ RunTime:0.001000s ]
INFO: [ app_begin ] --START--
INFO: Run Behavior\ReadHtmlCacheBehavior [ RunTime:0.001000s ]
INFO: [ app_begin ] --END-- [ RunTime:0.001000s ]
SQL: DESCRIBE hao_goods [ RunTime:0.022001s ]
SQL: SELECT * FROM `hao_goods` WHERE `gid` = '2' LIMIT 1   [ RunTime:0.003001s ]
SQL: select he.exist_name,ha.attr_name from hao_exist as he,hao_existr_attr as ha where he.eid = ha.eid and ha.attr_id = 5 [ RunTime:0.001000s ]
SQL: select he.exist_name,ha.attr_name from hao_exist as he,hao_existr_attr as ha where he.eid = ha.eid and ha.attr_id = 1 [ RunTime:0.001000s ]
SQL: select he.exist_name,ha.attr_name from hao_exist as he,hao_existr_attr as ha where he.eid = ha.eid and ha.attr_id = 7 [ RunTime:0.001000s ]
SQL: DESCRIBE hao_category [ RunTime:0.014001s ]
SQL: select * from hao_category where id = 2 [ RunTime:0.001000s ]
SQL: select * from hao_category where pid = 2 order by id asc [ RunTime:0.001000s ]
SQL: SELECT * FROM `hao_category` WHERE `pid` = 0  [ RunTime:0.001000s ]
SQL: DESCRIBE hao_basic [ RunTime:0.015001s ]
SQL: SELECT * FROM `hao_basic` WHERE `basic_name` = 'webname' LIMIT 1   [ RunTime:0.001000s ]
SQL: SELECT * FROM `hao_basic` WHERE `basic_name` = 'Record' LIMIT 1   [ RunTime:0.001000s ]
SQL: SELECT * FROM `hao_basic` WHERE `basic_name` = 'qq' LIMIT 1   [ RunTime:0.001000s ]
SQL: DESCRIBE hao_additional [ RunTime:0.012001s ]
SQL: SELECT * FROM `hao_additional` WHERE `fujia_key` = 'button_logo' LIMIT 1   [ RunTime:0.001000s ]
SQL: SELECT * FROM `hao_additional` WHERE `fujia_key` = 'button_wx' LIMIT 1   [ RunTime:0.001000s ]
INFO: [ view_parse ] --START--
INFO: [ template_filter ] --START--
INFO: Run Behavior\ContentReplaceBehavior [ RunTime:0.000000s ]
INFO: [ template_filter ] --END-- [ RunTime:0.000000s ]
NOTIC: [8] Use of undefined constant id - assumed 'id' E:\Epp\daka\Application\Runtime\Cache\Home\f63daca541365d43e0e0013fdf66e7d5.php 第 68 行.
NOTIC: [8] Undefined variable: now_son E:\Epp\daka\Application\Runtime\Cache\Home\f63daca541365d43e0e0013fdf66e7d5.php 第 84 行.
INFO: Run Behavior\ParseTemplateBehavior [ RunTime:0.015001s ]
INFO: [ view_parse ] --END-- [ RunTime:0.015001s ]
INFO: [ view_filter ] --START--
INFO: Run Behavior\WriteHtmlCacheBehavior [ RunTime:0.001000s ]
INFO: [ view_filter ] --END-- [ RunTime:0.001000s ]
INFO: [ app_end ] --START--
INFO: Run Behavior\ShowPageTraceBehavior [ RunTime:0.000000s ]
INFO: [ app_end ] --END-- [ RunTime:0.000000s ]

[ 2017-05-02T08:44:10+08:00 ] 127.0.0.1 /index.php/Home/Index/area.html?upid=0
INFO: [ app_init ] --START--
INFO: Run Behavior\BuildLiteBehavior [ RunTime:0.000000s ]
INFO: [ app_init ] --END-- [ RunTime:0.001000s ]
INFO: [ app_begin ] --START--
INFO: Run Behavior\ReadHtmlCacheBehavior [ RunTime:0.001000s ]
INFO: [ app_begin ] --END-- [ RunTime:0.001000s ]
SQL: DESCRIBE hao_area [ RunTime:0.015001s ]
SQL: SELECT * FROM `hao_area` WHERE `upid` = '0'  [ RunTime:0.001000s ]

[ 2017-05-02T08:44:31+08:00 ] 127.0.0.1 /
INFO: [ app_init ] --START--
INFO: Run Behavior\BuildLiteBehavior [ RunTime:0.000000s ]
INFO: [ app_init ] --END-- [ RunTime:0.000000s ]
INFO: [ app_begin ] --START--
INFO: Run Behavior\ReadHtmlCacheBehavior [ RunTime:0.001000s ]
INFO: [ app_begin ] --END-- [ RunTime:0.001000s ]
SQL: DESCRIBE hao_gear [ RunTime:0.017001s ]
SQL: SELECT * FROM `hao_gear`  [ RunTime:0.001000s ]
SQL: DESCRIBE hao_goods [ RunTime:0.015001s ]
SQL: SELECT * FROM `hao_goods` LIMIT 0,6   [ RunTime:0.006000s ]
SQL: DESCRIBE hao_article [ RunTime:0.011001s ]
SQL: SELECT * FROM `hao_article` WHERE `cate_id` = 20 ORDER BY addtime desc LIMIT 1   [ RunTime:0.001000s ]
SQL: DESCRIBE hao_category [ RunTime:0.013001s ]
SQL: SELECT * FROM `hao_category` WHERE `pid` = 0  [ RunTime:0.000000s ]
SQL: DESCRIBE hao_basic [ RunTime:0.012000s ]
SQL: SELECT * FROM `hao_basic` WHERE `basic_name` = 'webname' LIMIT 1   [ RunTime:0.000000s ]
SQL: SELECT * FROM `hao_basic` WHERE `basic_name` = 'Record' LIMIT 1   [ RunTime:0.000000s ]
SQL: SELECT * FROM `hao_basic` WHERE `basic_name` = 'qq' LIMIT 1   [ RunTime:0.000000s ]
SQL: DESCRIBE hao_additional [ RunTime:0.011000s ]
SQL: SELECT * FROM `hao_additional` WHERE `fujia_key` = 'button_logo' LIMIT 1   [ RunTime:0.000000s ]
SQL: SELECT * FROM `hao_additional` WHERE `fujia_key` = 'button_wx' LIMIT 1   [ RunTime:0.000000s ]
INFO: [ view_parse ] --START--
INFO: [ template_filter ] --START--
INFO: Run Behavior\ContentReplaceBehavior [ RunTime:0.000000s ]
INFO: [ template_filter ] --END-- [ RunTime:0.000000s ]
INFO: Run Behavior\ParseTemplateBehavior [ RunTime:0.013001s ]
INFO: [ view_parse ] --END-- [ RunTime:0.013001s ]
INFO: [ view_filter ] --START--
INFO: Run Behavior\WriteHtmlCacheBehavior [ RunTime:0.000000s ]
INFO: [ view_filter ] --END-- [ RunTime:0.000000s ]
INFO: [ app_end ] --START--
INFO: Run Behavior\ShowPageTraceBehavior [ RunTime:0.001000s ]
INFO: [ app_end ] --END-- [ RunTime:0.001000s ]

[ 2017-05-02T08:44:32+08:00 ] 127.0.0.1 /index.php/Home/Index/area.html?upid=0
INFO: [ app_init ] --START--
INFO: Run Behavior\BuildLiteBehavior [ RunTime:0.000000s ]
INFO: [ app_init ] --END-- [ RunTime:0.000000s ]
INFO: [ app_begin ] --START--
INFO: Run Behavior\ReadHtmlCacheBehavior [ RunTime:0.000000s ]
INFO: [ app_begin ] --END-- [ RunTime:0.001000s ]
SQL: DESCRIBE hao_area [ RunTime:0.015001s ]
SQL: SELECT * FROM `hao_area` WHERE `upid` = '0'  [ RunTime:0.001000s ]

[ 2017-05-02T08:54:05+08:00 ] 127.0.0.1 /
INFO: [ app_init ] --START--
INFO: Run Behavior\BuildLiteBehavior [ RunTime:0.000000s ]
INFO: [ app_init ] --END-- [ RunTime:0.002000s ]
INFO: [ app_begin ] --START--
INFO: Run Behavior\ReadHtmlCacheBehavior [ RunTime:0.002000s ]
INFO: [ app_begin ] --END-- [ RunTime:0.002000s ]
SQL: DESCRIBE hao_gear [ RunTime:0.014001s ]
SQL: SELECT * FROM `hao_gear`  [ RunTime:0.001000s ]
SQL: DESCRIBE hao_goods [ RunTime:0.014001s ]
SQL: SELECT * FROM `hao_goods` LIMIT 0,6   [ RunTime:0.008001s ]
SQL: DESCRIBE hao_article [ RunTime:0.014001s ]
SQL: SELECT * FROM `hao_article` WHERE `cate_id` = 20 ORDER BY addtime desc LIMIT 1   [ RunTime:0.002000s ]
SQL: DESCRIBE hao_category [ RunTime:0.014000s ]
SQL: SELECT * FROM `hao_category` WHERE `pid` = 0  [ RunTime:0.003001s ]
SQL: DESCRIBE hao_basic [ RunTime:0.017001s ]
SQL: SELECT * FROM `hao_basic` WHERE `basic_name` = 'webname' LIMIT 1   [ RunTime:0.001000s ]
SQL: SELECT * FROM `hao_basic` WHERE `basic_name` = 'Record' LIMIT 1   [ RunTime:0.002000s ]
SQL: SELECT * FROM `hao_basic` WHERE `basic_name` = 'qq' LIMIT 1   [ RunTime:0.001000s ]
SQL: DESCRIBE hao_additional [ RunTime:0.013001s ]
SQL: SELECT * FROM `hao_additional` WHERE `fujia_key` = 'button_logo' LIMIT 1   [ RunTime:0.001000s ]
SQL: SELECT * FROM `hao_additional` WHERE `fujia_key` = 'button_wx' LIMIT 1   [ RunTime:0.001000s ]
INFO: [ view_parse ] --START--
INFO: [ template_filter ] --START--
INFO: Run Behavior\ContentReplaceBehavior [ RunTime:0.000000s ]
INFO: [ template_filter ] --END-- [ RunTime:0.000000s ]
INFO: Run Behavior\ParseTemplateBehavior [ RunTime:0.057004s ]
INFO: [ view_parse ] --END-- [ RunTime:0.057004s ]
INFO: [ view_filter ] --START--
INFO: Run Behavior\WriteHtmlCacheBehavior [ RunTime:0.011000s ]
INFO: [ view_filter ] --END-- [ RunTime:0.011000s ]
INFO: [ app_end ] --START--
INFO: Run Behavior\ShowPageTraceBehavior [ RunTime:0.015001s ]
INFO: [ app_end ] --END-- [ RunTime:0.015001s ]

[ 2017-05-02T08:54:06+08:00 ] 127.0.0.1 /index.php/Home/Index/area.html?upid=0
INFO: [ app_init ] --START--
INFO: Run Behavior\BuildLiteBehavior [ RunTime:0.000000s ]
INFO: [ app_init ] --END-- [ RunTime:0.002000s ]
INFO: [ app_begin ] --START--
INFO: Run Behavior\ReadHtmlCacheBehavior [ RunTime:0.001000s ]
INFO: [ app_begin ] --END-- [ RunTime:0.002000s ]
SQL: DESCRIBE hao_area [ RunTime:0.013001s ]
SQL: SELECT * FROM `hao_area` WHERE `upid` = '0'  [ RunTime:0.000000s ]

[ 2017-05-02T08:57:06+08:00 ] 127.0.0.1 /
INFO: [ app_init ] --START--
INFO: Run Behavior\BuildLiteBehavior [ RunTime:0.000000s ]
INFO: [ app_init ] --END-- [ RunTime:0.001000s ]
INFO: [ app_begin ] --START--
INFO: Run Behavior\ReadHtmlCacheBehavior [ RunTime:0.001000s ]
INFO: [ app_begin ] --END-- [ RunTime:0.001000s ]
SQL: DESCRIBE hao_gear [ RunTime:0.014001s ]
SQL: SELECT * FROM `hao_gear`  [ RunTime:0.001000s ]
SQL: DESCRIBE hao_goods [ RunTime:0.014001s ]
SQL: SELECT * FROM `hao_goods` LIMIT 0,6   [ RunTime:0.004000s ]
SQL: DESCRIBE hao_article [ RunTime:0.014001s ]
SQL: SELECT * FROM `hao_article` WHERE `cate_id` = 20 ORDER BY addtime desc LIMIT 1   [ RunTime:0.001000s ]
SQL: DESCRIBE hao_category [ RunTime:0.012000s ]
SQL: SELECT * FROM `hao_category` WHERE `pid` = 0  [ RunTime:0.001000s ]
SQL: DESCRIBE hao_basic [ RunTime:0.013001s ]
SQL: SELECT * FROM `hao_basic` WHERE `basic_name` = 'webname' LIMIT 1   [ RunTime:0.001000s ]
SQL: SELECT * FROM `hao_basic` WHERE `basic_name` = 'Record' LIMIT 1   [ RunTime:0.000000s ]
SQL: SELECT * FROM `hao_basic` WHERE `basic_name` = 'qq' LIMIT 1   [ RunTime:0.000000s ]
SQL: DESCRIBE hao_additional [ RunTime:0.013001s ]
SQL: SELECT * FROM `hao_additional` WHERE `fujia_key` = 'button_logo' LIMIT 1   [ RunTime:0.001000s ]
SQL: SELECT * FROM `hao_additional` WHERE `fujia_key` = 'button_wx' LIMIT 1   [ RunTime:0.001000s ]
INFO: [ view_parse ] --START--
INFO: [ template_filter ] --START--
INFO: Run Behavior\ContentReplaceBehavior [ RunTime:0.000000s ]
INFO: [ template_filter ] --END-- [ RunTime:0.000000s ]
INFO: Run Behavior\ParseTemplateBehavior [ RunTime:0.016001s ]
INFO: [ view_parse ] --END-- [ RunTime:0.016001s ]
INFO: [ view_filter ] --START--
INFO: Run Behavior\WriteHtmlCacheBehavior [ RunTime:0.001000s ]
INFO: [ view_filter ] --END-- [ RunTime:0.001000s ]
INFO: [ app_end ] --START--
INFO: Run Behavior\ShowPageTraceBehavior [ RunTime:0.001000s ]
INFO: [ app_end ] --END-- [ RunTime:0.001000s ]

[ 2017-05-02T08:57:07+08:00 ] 127.0.0.1 /index.php/Home/Index/area.html?upid=0
INFO: [ app_init ] --START--
INFO: Run Behavior\BuildLiteBehavior [ RunTime:0.000000s ]
INFO: [ app_init ] --END-- [ RunTime:0.001000s ]
INFO: [ app_begin ] --START--
INFO: Run Behavior\ReadHtmlCacheBehavior [ RunTime:0.001000s ]
INFO: [ app_begin ] --END-- [ RunTime:0.001000s ]
SQL: DESCRIBE hao_area [ RunTime:0.019001s ]
SQL: SELECT * FROM `hao_area` WHERE `upid` = '0'  [ RunTime:0.001000s ]

[ 2017-05-02T11:04:06+08:00 ] 127.0.0.1 /
INFO: [ app_init ] --START--
INFO: Run Behavior\BuildLiteBehavior [ RunTime:0.000000s ]
INFO: [ app_init ] --END-- [ RunTime:0.001000s ]
INFO: [ app_begin ] --START--
INFO: Run Behavior\ReadHtmlCacheBehavior [ RunTime:0.003000s ]
INFO: [ app_begin ] --END-- [ RunTime:0.003000s ]
SQL: DESCRIBE hao_gear [ RunTime:0.043002s ]
SQL: SELECT * FROM `hao_gear`  [ RunTime:0.000000s ]
SQL: DESCRIBE hao_goods [ RunTime:0.022001s ]
SQL: SELECT * FROM `hao_goods` LIMIT 0,6   [ RunTime:0.002000s ]
SQL: DESCRIBE hao_article [ RunTime:0.050003s ]
SQL: SELECT * FROM `hao_article` WHERE `cate_id` = 20 ORDER BY addtime desc LIMIT 1   [ RunTime:0.012001s ]
SQL: DESCRIBE hao_category [ RunTime:0.033002s ]
SQL: SELECT * FROM `hao_category` WHERE `pid` = 0  [ RunTime:0.000000s ]
SQL: DESCRIBE hao_basic [ RunTime:0.049003s ]
SQL: SELECT * FROM `hao_basic` WHERE `basic_name` = 'webname' LIMIT 1   [ RunTime:0.006000s ]
SQL: SELECT * FROM `hao_basic` WHERE `basic_name` = 'Record' LIMIT 1   [ RunTime:0.000000s ]
SQL: SELECT * FROM `hao_basic` WHERE `basic_name` = 'qq' LIMIT 1   [ RunTime:0.001000s ]
SQL: DESCRIBE hao_additional [ RunTime:0.040003s ]
SQL: SELECT * FROM `hao_additional` WHERE `fujia_key` = 'button_logo' LIMIT 1   [ RunTime:0.001000s ]
SQL: SELECT * FROM `hao_additional` WHERE `fujia_key` = 'button_wx' LIMIT 1   [ RunTime:0.000000s ]
INFO: [ view_parse ] --START--
INFO: [ template_filter ] --START--
INFO: Run Behavior\ContentReplaceBehavior [ RunTime:0.000000s ]
INFO: [ template_filter ] --END-- [ RunTime:0.000000s ]
INFO: Run Behavior\ParseTemplateBehavior [ RunTime:0.065004s ]
INFO: [ view_parse ] --END-- [ RunTime:0.065004s ]
INFO: [ view_filter ] --START--
INFO: Run Behavior\WriteHtmlCacheBehavior [ RunTime:0.019001s ]
INFO: [ view_filter ] --END-- [ RunTime:0.019001s ]
INFO: [ app_end ] --START--
INFO: Run Behavior\ShowPageTraceBehavior [ RunTime:0.013001s ]
INFO: [ app_end ] --END-- [ RunTime:0.013001s ]

[ 2017-05-02T11:04:07+08:00 ] 127.0.0.1 /index.php/Home/Index/area.html?upid=0
INFO: [ app_init ] --START--
INFO: Run Behavior\BuildLiteBehavior [ RunTime:0.000000s ]
INFO: [ app_init ] --END-- [ RunTime:0.001000s ]
INFO: [ app_begin ] --START--
INFO: Run Behavior\ReadHtmlCacheBehavior [ RunTime:0.002000s ]
INFO: [ app_begin ] --END-- [ RunTime:0.002000s ]
SQL: DESCRIBE hao_area [ RunTime:0.058004s ]
SQL: SELECT * FROM `hao_area` WHERE `upid` = '0'  [ RunTime:0.044002s ]

[ 2017-05-02T11:04:09+08:00 ] 127.0.0.1 /index.php/Home/product/index/id/2.html
INFO: [ app_init ] --START--
INFO: Run Behavior\BuildLiteBehavior [ RunTime:0.000000s ]
INFO: [ app_init ] --END-- [ RunTime:0.001000s ]
INFO: [ app_begin ] --START--
INFO: Run Behavior\ReadHtmlCacheBehavior [ RunTime:0.002000s ]
INFO: [ app_begin ] --END-- [ RunTime:0.002000s ]
SQL: DESCRIBE hao_category [ RunTime:0.018001s ]
SQL: select * from hao_category where pid = 2 order by id asc [ RunTime:0.000000s ]
SQL: SELECT * FROM `hao_category` WHERE `id` = '21' LIMIT 1   [ RunTime:0.000000s ]
SQL: select * from hao_category where pid = 2 order by id asc [ RunTime:0.000000s ]
SQL: select * from hao_category where id = 2 [ RunTime:0.000000s ]
SQL: select * from hao_category where pid = 2 order by id asc [ RunTime:0.000000s ]
SQL: DESCRIBE hao_article [ RunTime:0.014000s ]
SQL: SELECT * FROM `hao_article` WHERE `cate_id` = '21'  [ RunTime:0.000000s ]
SQL: select * from hao_category where pid = 2 order by id asc [ RunTime:0.001001s ]
SQL: SELECT * FROM `hao_category` WHERE `id` = '21' LIMIT 1   [ RunTime:0.000000s ]
SQL: DESCRIBE hao_goods [ RunTime:0.015000s ]
SQL: select * from hao_exist where cate_id = 21 order by eid asc [ RunTime:0.043003s ]
SQL: select * from hao_existr_attr where eid = 5 [ RunTime:0.034002s ]
SQL: select * from hao_existr_attr where eid = 6 [ RunTime:0.001000s ]
SQL: select * from hao_existr_attr where eid = 7 [ RunTime:0.000000s ]
SQL: SELECT COUNT(*) AS tp_count FROM `hao_goods` WHERE `cate_id` = 21 LIMIT 1   [ RunTime:0.001000s ]
SQL: SELECT * FROM `hao_goods` WHERE `cate_id` = 21 LIMIT 0,8   [ RunTime:0.003000s ]
SQL: SELECT * FROM `hao_category` WHERE `pid` = 0  [ RunTime:0.000000s ]
SQL: DESCRIBE hao_basic [ RunTime:0.015001s ]
SQL: SELECT * FROM `hao_basic` WHERE `basic_name` = 'webname' LIMIT 1   [ RunTime:0.000000s ]
SQL: SELECT * FROM `hao_basic` WHERE `basic_name` = 'Record' LIMIT 1   [ RunTime:0.001000s ]
SQL: SELECT * FROM `hao_basic` WHERE `basic_name` = 'qq' LIMIT 1   [ RunTime:0.000000s ]
SQL: DESCRIBE hao_additional [ RunTime:0.015001s ]
SQL: SELECT * FROM `hao_additional` WHERE `fujia_key` = 'button_logo' LIMIT 1   [ RunTime:0.001000s ]
SQL: SELECT * FROM `hao_additional` WHERE `fujia_key` = 'button_wx' LIMIT 1   [ RunTime:0.000000s ]
INFO: [ view_parse ] --START--
INFO: [ template_filter ] --START--
INFO: Run Behavior\ContentReplaceBehavior [ RunTime:0.000000s ]
INFO: [ template_filter ] --END-- [ RunTime:0.000000s ]
NOTIC: [8] Use of undefined constant id - assumed 'id' E:\Epp\daka\Application\Runtime\Cache\Home\3458861da0342b1f9413030055ee3fb6.php 第 68 行.
INFO: Run Behavior\ParseTemplateBehavior [ RunTime:0.060003s ]
INFO: [ view_parse ] --END-- [ RunTime:0.060003s ]
INFO: [ view_filter ] --START--
INFO: Run Behavior\WriteHtmlCacheBehavior [ RunTime:0.001000s ]
INFO: [ view_filter ] --END-- [ RunTime:0.001000s ]
INFO: [ app_end ] --START--
INFO: Run Behavior\ShowPageTraceBehavior [ RunTime:0.002000s ]
INFO: [ app_end ] --END-- [ RunTime:0.002000s ]

[ 2017-05-02T15:40:42+08:00 ] 127.0.0.1 /
INFO: [ app_init ] --START--
INFO: Run Behavior\BuildLiteBehavior [ RunTime:0.000000s ]
INFO: [ app_init ] --END-- [ RunTime:0.001000s ]
INFO: [ app_begin ] --START--
INFO: Run Behavior\ReadHtmlCacheBehavior [ RunTime:0.003000s ]
INFO: [ app_begin ] --END-- [ RunTime:0.003000s ]
SQL: DESCRIBE hao_gear [ RunTime:0.016001s ]
SQL: SELECT * FROM `hao_gear`  [ RunTime:0.001000s ]
SQL: DESCRIBE hao_goods [ RunTime:0.015001s ]
SQL: SELECT * FROM `hao_goods` LIMIT 0,6   [ RunTime:0.002000s ]
SQL: DESCRIBE hao_article [ RunTime:0.042003s ]
SQL: SELECT * FROM `hao_article` WHERE `cate_id` = 20 ORDER BY addtime desc LIMIT 1   [ RunTime:0.025001s ]
SQL: DESCRIBE hao_category [ RunTime:0.014001s ]
SQL: SELECT * FROM `hao_category` WHERE `pid` = 0  [ RunTime:0.000000s ]
SQL: DESCRIBE hao_basic [ RunTime:0.020001s ]
SQL: SELECT * FROM `hao_basic` WHERE `basic_name` = 'webname' LIMIT 1   [ RunTime:0.006001s ]
SQL: SELECT * FROM `hao_basic` WHERE `basic_name` = 'Record' LIMIT 1   [ RunTime:0.000000s ]
SQL: SELECT * FROM `hao_basic` WHERE `basic_name` = 'qq' LIMIT 1   [ RunTime:0.001000s ]
SQL: DESCRIBE hao_additional [ RunTime:0.041002s ]
SQL: SELECT * FROM `hao_additional` WHERE `fujia_key` = 'button_logo' LIMIT 1   [ RunTime:0.001000s ]
SQL: SELECT * FROM `hao_additional` WHERE `fujia_key` = 'button_wx' LIMIT 1   [ RunTime:0.001000s ]
INFO: [ view_parse ] --START--
INFO: [ template_filter ] --START--
INFO: Run Behavior\ContentReplaceBehavior [ RunTime:0.000000s ]
INFO: [ template_filter ] --END-- [ RunTime:0.000000s ]
INFO: Run Behavior\ParseTemplateBehavior [ RunTime:0.072004s ]
INFO: [ view_parse ] --END-- [ RunTime:0.072004s ]
INFO: [ view_filter ] --START--
INFO: Run Behavior\WriteHtmlCacheBehavior [ RunTime:0.012001s ]
INFO: [ view_filter ] --END-- [ RunTime:0.012001s ]
INFO: [ app_end ] --START--
INFO: Run Behavior\ShowPageTraceBehavior [ RunTime:0.011000s ]
INFO: [ app_end ] --END-- [ RunTime:0.011000s ]

[ 2017-05-02T15:40:44+08:00 ] 127.0.0.1 /index.php/Home/Index/area.html?upid=0
INFO: [ app_init ] --START--
INFO: Run Behavior\BuildLiteBehavior [ RunTime:0.000000s ]
INFO: [ app_init ] --END-- [ RunTime:0.001001s ]
INFO: [ app_begin ] --START--
INFO: Run Behavior\ReadHtmlCacheBehavior [ RunTime:0.002000s ]
INFO: [ app_begin ] --END-- [ RunTime:0.002000s ]
SQL: DESCRIBE hao_area [ RunTime:0.052003s ]
SQL: SELECT * FROM `hao_area` WHERE `upid` = '0'  [ RunTime:0.027001s ]

[ 2017-05-02T15:56:32+08:00 ] 127.0.0.1 /
INFO: [ app_init ] --START--
INFO: Run Behavior\BuildLiteBehavior [ RunTime:0.000000s ]
INFO: [ app_init ] --END-- [ RunTime:0.001000s ]
INFO: [ app_begin ] --START--
INFO: Run Behavior\ReadHtmlCacheBehavior [ RunTime:0.002000s ]
INFO: [ app_begin ] --END-- [ RunTime:0.002000s ]
SQL: DESCRIBE hao_gear [ RunTime:0.014001s ]
SQL: SELECT * FROM `hao_gear`  [ RunTime:0.000000s ]
SQL: DESCRIBE hao_goods [ RunTime:0.015001s ]
SQL: SELECT * FROM `hao_goods` LIMIT 0,6   [ RunTime:0.007000s ]
SQL: DESCRIBE hao_article [ RunTime:0.014001s ]
SQL: SELECT * FROM `hao_article` WHERE `cate_id` = 20 ORDER BY addtime desc LIMIT 1   [ RunTime:0.000000s ]
SQL: DESCRIBE hao_category [ RunTime:0.016001s ]
SQL: SELECT * FROM `hao_category` WHERE `pid` = 0  [ RunTime:0.001000s ]
SQL: DESCRIBE hao_basic [ RunTime:0.012001s ]
SQL: SELECT * FROM `hao_basic` WHERE `basic_name` = 'webname' LIMIT 1   [ RunTime:0.000000s ]
SQL: SELECT * FROM `hao_basic` WHERE `basic_name` = 'Record' LIMIT 1   [ RunTime:0.001000s ]
SQL: SELECT * FROM `hao_basic` WHERE `basic_name` = 'qq' LIMIT 1   [ RunTime:0.000000s ]
SQL: DESCRIBE hao_additional [ RunTime:0.011001s ]
SQL: SELECT * FROM `hao_additional` WHERE `fujia_key` = 'button_logo' LIMIT 1   [ RunTime:0.000000s ]
SQL: SELECT * FROM `hao_additional` WHERE `fujia_key` = 'button_wx' LIMIT 1   [ RunTime:0.000000s ]
INFO: [ view_parse ] --START--
INFO: [ template_filter ] --START--
INFO: Run Behavior\ContentReplaceBehavior [ RunTime:0.000000s ]
INFO: [ template_filter ] --END-- [ RunTime:0.001000s ]
INFO: Run Behavior\ParseTemplateBehavior [ RunTime:0.041003s ]
INFO: [ view_parse ] --END-- [ RunTime:0.041003s ]
INFO: [ view_filter ] --START--
INFO: Run Behavior\WriteHtmlCacheBehavior [ RunTime:0.010000s ]
INFO: [ view_filter ] --END-- [ RunTime:0.010000s ]
INFO: [ app_end ] --START--
INFO: Run Behavior\ShowPageTraceBehavior [ RunTime:0.011001s ]
INFO: [ app_end ] --END-- [ RunTime:0.011001s ]

[ 2017-05-02T15:56:33+08:00 ] 127.0.0.1 /index.php/Home/Index/area.html?upid=0
INFO: [ app_init ] --START--
INFO: Run Behavior\BuildLiteBehavior [ RunTime:0.000000s ]
INFO: [ app_init ] --END-- [ RunTime:0.001000s ]
INFO: [ app_begin ] --START--
INFO: Run Behavior\ReadHtmlCacheBehavior [ RunTime:0.002000s ]
INFO: [ app_begin ] --END-- [ RunTime:0.002000s ]
SQL: DESCRIBE hao_area [ RunTime:0.014000s ]
SQL: SELECT * FROM `hao_area` WHERE `upid` = '0'  [ RunTime:0.001001s ]

[ 2017-05-02T17:34:29+08:00 ] 127.0.0.1 /
INFO: [ app_init ] --START--
INFO: Run Behavior\BuildLiteBehavior [ RunTime:0.000000s ]
INFO: [ app_init ] --END-- [ RunTime:0.001000s ]
INFO: [ app_begin ] --START--
INFO: Run Behavior\ReadHtmlCacheBehavior [ RunTime:0.003000s ]
INFO: [ app_begin ] --END-- [ RunTime:0.003000s ]
SQL: DESCRIBE hao_gear [ RunTime:0.040002s ]
SQL: SELECT * FROM `hao_gear`  [ RunTime:0.028002s ]
SQL: DESCRIBE hao_goods [ RunTime:0.017001s ]
SQL: SELECT * FROM `hao_goods` LIMIT 0,6   [ RunTime:0.004000s ]
SQL: DESCRIBE hao_article [ RunTime:0.041002s ]
SQL: SELECT * FROM `hao_article` WHERE `cate_id` = 20 ORDER BY addtime desc LIMIT 1   [ RunTime:0.029002s ]
SQL: DESCRIBE hao_category [ RunTime:0.018001s ]
SQL: SELECT * FROM `hao_category` WHERE `pid` = 0  [ RunTime:0.002000s ]
SQL: DESCRIBE hao_basic [ RunTime:0.025001s ]
SQL: SELECT * FROM `hao_basic` WHERE `basic_name` = 'webname' LIMIT 1   [ RunTime:0.001000s ]
SQL: SELECT * FROM `hao_basic` WHERE `basic_name` = 'Record' LIMIT 1   [ RunTime:0.011000s ]
SQL: SELECT * FROM `hao_basic` WHERE `basic_name` = 'qq' LIMIT 1   [ RunTime:0.001000s ]
SQL: DESCRIBE hao_additional [ RunTime:0.051003s ]
SQL: SELECT * FROM `hao_additional` WHERE `fujia_key` = 'button_logo' LIMIT 1   [ RunTime:0.001000s ]
SQL: SELECT * FROM `hao_additional` WHERE `fujia_key` = 'button_wx' LIMIT 1   [ RunTime:0.001000s ]
INFO: [ view_parse ] --START--
INFO: [ template_filter ] --START--
INFO: Run Behavior\ContentReplaceBehavior [ RunTime:0.000000s ]
INFO: [ template_filter ] --END-- [ RunTime:0.000000s ]
INFO: Run Behavior\ParseTemplateBehavior [ RunTime:0.113006s ]
INFO: [ view_parse ] --END-- [ RunTime:0.113006s ]
INFO: [ view_filter ] --START--
INFO: Run Behavior\WriteHtmlCacheBehavior [ RunTime:0.021001s ]
INFO: [ view_filter ] --END-- [ RunTime:0.021001s ]
INFO: [ app_end ] --START--
INFO: Run Behavior\ShowPageTraceBehavior [ RunTime:0.013000s ]
INFO: [ app_end ] --END-- [ RunTime:0.014001s ]

[ 2017-05-02T17:34:31+08:00 ] 127.0.0.1 /index.php/Home/Index/area.html?upid=0
INFO: [ app_init ] --START--
INFO: Run Behavior\BuildLiteBehavior [ RunTime:0.000000s ]
INFO: [ app_init ] --END-- [ RunTime:0.000000s ]
INFO: [ app_begin ] --START--
INFO: Run Behavior\ReadHtmlCacheBehavior [ RunTime:0.003000s ]
INFO: [ app_begin ] --END-- [ RunTime:0.004000s ]
SQL: DESCRIBE hao_area [ RunTime:0.055003s ]
SQL: SELECT * FROM `hao_area` WHERE `upid` = '0'  [ RunTime:0.026001s ]

[ 2017-05-02T17:34:54+08:00 ] 127.0.0.1 /
INFO: [ app_init ] --START--
INFO: Run Behavior\BuildLiteBehavior [ RunTime:0.000000s ]
INFO: [ app_init ] --END-- [ RunTime:0.001000s ]
INFO: [ app_begin ] --START--
INFO: Run Behavior\ReadHtmlCacheBehavior [ RunTime:0.002001s ]
INFO: [ app_begin ] --END-- [ RunTime:0.002001s ]
SQL: DESCRIBE hao_gear [ RunTime:0.014000s ]
SQL: SELECT * FROM `hao_gear`  [ RunTime:0.000000s ]
SQL: DESCRIBE hao_goods [ RunTime:0.014000s ]
SQL: SELECT * FROM `hao_goods` LIMIT 0,6   [ RunTime:0.002000s ]
SQL: DESCRIBE hao_article [ RunTime:0.015000s ]
SQL: SELECT * FROM `hao_article` WHERE `cate_id` = 20 ORDER BY addtime desc LIMIT 1   [ RunTime:0.001000s ]
SQL: DESCRIBE hao_category [ RunTime:0.015001s ]
SQL: SELECT * FROM `hao_category` WHERE `pid` = 0  [ RunTime:0.001000s ]
SQL: DESCRIBE hao_basic [ RunTime:0.012001s ]
SQL: SELECT * FROM `hao_basic` WHERE `basic_name` = 'webname' LIMIT 1   [ RunTime:0.000000s ]
SQL: SELECT * FROM `hao_basic` WHERE `basic_name` = 'Record' LIMIT 1   [ RunTime:0.001000s ]
SQL: SELECT * FROM `hao_basic` WHERE `basic_name` = 'qq' LIMIT 1   [ RunTime:0.000000s ]
SQL: DESCRIBE hao_additional [ RunTime:0.014001s ]
SQL: SELECT * FROM `hao_additional` WHERE `fujia_key` = 'button_logo' LIMIT 1   [ RunTime:0.001000s ]
SQL: SELECT * FROM `hao_additional` WHERE `fujia_key` = 'button_wx' LIMIT 1   [ RunTime:0.000000s ]
INFO: [ view_parse ] --START--
INFO: [ template_filter ] --START--
INFO: Run Behavior\ContentReplaceBehavior [ RunTime:0.000000s ]
INFO: [ template_filter ] --END-- [ RunTime:0.000000s ]
INFO: Run Behavior\ParseTemplateBehavior [ RunTime:0.034002s ]
INFO: [ view_parse ] --END-- [ RunTime:0.034002s ]
INFO: [ view_filter ] --START--
INFO: Run Behavior\WriteHtmlCacheBehavior [ RunTime:0.002000s ]
INFO: [ view_filter ] --END-- [ RunTime:0.002000s ]
INFO: [ app_end ] --START--
INFO: Run Behavior\ShowPageTraceBehavior [ RunTime:0.003000s ]
INFO: [ app_end ] --END-- [ RunTime:0.003000s ]

[ 2017-05-02T17:34:55+08:00 ] 127.0.0.1 /index.php/Home/Index/area.html?upid=0
INFO: [ app_init ] --START--
INFO: Run Behavior\BuildLiteBehavior [ RunTime:0.000000s ]
INFO: [ app_init ] --END-- [ RunTime:0.001000s ]
INFO: [ app_begin ] --START--
INFO: Run Behavior\ReadHtmlCacheBehavior [ RunTime:0.003000s ]
INFO: [ app_begin ] --END-- [ RunTime:0.003000s ]
SQL: DESCRIBE hao_area [ RunTime:0.014000s ]
SQL: SELECT * FROM `hao_area` WHERE `upid` = '0'  [ RunTime:0.001000s ]

[ 2017-05-02T18:12:37+08:00 ] 127.0.0.1 /
INFO: [ app_init ] --START--
INFO: Run Behavior\BuildLiteBehavior [ RunTime:0.000000s ]
INFO: [ app_init ] --END-- [ RunTime:0.000000s ]
INFO: [ app_begin ] --START--
INFO: Run Behavior\ReadHtmlCacheBehavior [ RunTime:0.001000s ]
INFO: [ app_begin ] --END-- [ RunTime:0.002000s ]
SQL: DESCRIBE hao_gear [ RunTime:0.012001s ]
SQL: SELECT * FROM `hao_gear`  [ RunTime:0.001000s ]
SQL: DESCRIBE hao_goods [ RunTime:0.014001s ]
SQL: SELECT * FROM `hao_goods` LIMIT 0,6   [ RunTime:0.005000s ]
SQL: DESCRIBE hao_article [ RunTime:0.043003s ]
SQL: SELECT * FROM `hao_article` WHERE `cate_id` = 20 ORDER BY addtime desc LIMIT 1   [ RunTime:0.020001s ]
SQL: DESCRIBE hao_category [ RunTime:0.017001s ]
SQL: SELECT * FROM `hao_category` WHERE `pid` = 0  [ RunTime:0.001000s ]
SQL: DESCRIBE hao_basic [ RunTime:0.013001s ]
SQL: SELECT * FROM `hao_basic` WHERE `basic_name` = 'webname' LIMIT 1   [ RunTime:0.000000s ]
SQL: SELECT * FROM `hao_basic` WHERE `basic_name` = 'Record' LIMIT 1   [ RunTime:0.001000s ]
SQL: SELECT * FROM `hao_basic` WHERE `basic_name` = 'qq' LIMIT 1   [ RunTime:0.000000s ]
SQL: DESCRIBE hao_additional [ RunTime:0.012001s ]
SQL: SELECT * FROM `hao_additional` WHERE `fujia_key` = 'button_logo' LIMIT 1   [ RunTime:0.001000s ]
SQL: SELECT * FROM `hao_additional` WHERE `fujia_key` = 'button_wx' LIMIT 1   [ RunTime:0.000000s ]
INFO: [ view_parse ] --START--
INFO: [ template_filter ] --START--
INFO: Run Behavior\ContentReplaceBehavior [ RunTime:0.000000s ]
INFO: [ template_filter ] --END-- [ RunTime:0.000000s ]
INFO: Run Behavior\ParseTemplateBehavior [ RunTime:0.039003s ]
INFO: [ view_parse ] --END-- [ RunTime:0.039003s ]
INFO: [ view_filter ] --START--
INFO: Run Behavior\WriteHtmlCacheBehavior [ RunTime:0.002000s ]
INFO: [ view_filter ] --END-- [ RunTime:0.002000s ]
INFO: [ app_end ] --START--
INFO: Run Behavior\ShowPageTraceBehavior [ RunTime:0.002000s ]
INFO: [ app_end ] --END-- [ RunTime:0.002000s ]

[ 2017-05-02T18:12:38+08:00 ] 127.0.0.1 /index.php/Home/Index/area.html?upid=0
INFO: [ app_init ] --START--
INFO: Run Behavior\BuildLiteBehavior [ RunTime:0.000000s ]
INFO: [ app_init ] --END-- [ RunTime:0.001000s ]
INFO: [ app_begin ] --START--
INFO: Run Behavior\ReadHtmlCacheBehavior [ RunTime:0.003000s ]
INFO: [ app_begin ] --END-- [ RunTime:0.003000s ]
SQL: DESCRIBE hao_area [ RunTime:0.069004s ]
SQL: SELECT * FROM `hao_area` WHERE `upid` = '0'  [ RunTime:0.024001s ]

[ 2017-05-02T18:12:43+08:00 ] 127.0.0.1 /index.php/Home/product/index/id/2.html
INFO: [ app_init ] --START--
INFO: Run Behavior\BuildLiteBehavior [ RunTime:0.000000s ]
INFO: [ app_init ] --END-- [ RunTime:0.000000s ]
INFO: [ app_begin ] --START--
INFO: Run Behavior\ReadHtmlCacheBehavior [ RunTime:0.001000s ]
INFO: [ app_begin ] --END-- [ RunTime:0.001000s ]
SQL: DESCRIBE hao_category [ RunTime:0.016001s ]
SQL: select * from hao_category where pid = 2 order by id asc [ RunTime:0.001000s ]
SQL: SELECT * FROM `hao_category` WHERE `id` = '21' LIMIT 1   [ RunTime:0.001000s ]
SQL: select * from hao_category where pid = 2 order by id asc [ RunTime:0.000000s ]
SQL: select * from hao_category where id = 2 [ RunTime:0.000000s ]
SQL: select * from hao_category where pid = 2 order by id asc [ RunTime:0.001000s ]
SQL: DESCRIBE hao_article [ RunTime:0.014001s ]
SQL: SELECT * FROM `hao_article` WHERE `cate_id` = '21'  [ RunTime:0.001000s ]
SQL: select * from hao_category where pid = 2 order by id asc [ RunTime:0.001000s ]
SQL: SELECT * FROM `hao_category` WHERE `id` = '21' LIMIT 1   [ RunTime:0.000000s ]
SQL: DESCRIBE hao_goods [ RunTime:0.015001s ]
SQL: select * from hao_exist where cate_id = 21 order by eid asc [ RunTime:0.001000s ]
SQL: select * from hao_existr_attr where eid = 5 [ RunTime:0.000000s ]
SQL: select * from hao_existr_attr where eid = 6 [ RunTime:0.001000s ]
SQL: select * from hao_existr_attr where eid = 7 [ RunTime:0.000000s ]
SQL: SELECT COUNT(*) AS tp_count FROM `hao_goods` WHERE `cate_id` = 21 LIMIT 1   [ RunTime:0.000000s ]
SQL: SELECT * FROM `hao_goods` WHERE `cate_id` = 21 LIMIT 0,8   [ RunTime:0.005001s ]
SQL: SELECT * FROM `hao_category` WHERE `pid` = 0  [ RunTime:0.001000s ]
SQL: DESCRIBE hao_basic [ RunTime:0.012000s ]
SQL: SELECT * FROM `hao_basic` WHERE `basic_name` = 'webname' LIMIT 1   [ RunTime:0.000000s ]
SQL: SELECT * FROM `hao_basic` WHERE `basic_name` = 'Record' LIMIT 1   [ RunTime:0.000000s ]
SQL: SELECT * FROM `hao_basic` WHERE `basic_name` = 'qq' LIMIT 1   [ RunTime:0.000000s ]
SQL: DESCRIBE hao_additional [ RunTime:0.019002s ]
SQL: SELECT * FROM `hao_additional` WHERE `fujia_key` = 'button_logo' LIMIT 1   [ RunTime:0.001000s ]
SQL: SELECT * FROM `hao_additional` WHERE `fujia_key` = 'button_wx' LIMIT 1   [ RunTime:0.000000s ]
INFO: [ view_parse ] --START--
INFO: [ template_filter ] --START--
INFO: Run Behavior\ContentReplaceBehavior [ RunTime:0.000000s ]
INFO: [ template_filter ] --END-- [ RunTime:0.000000s ]
NOTIC: [8] Use of undefined constant id - assumed 'id' E:\Epp\daka\Application\Runtime\Cache\Home\3458861da0342b1f9413030055ee3fb6.php 第 68 行.
INFO: Run Behavior\ParseTemplateBehavior [ RunTime:0.053003s ]
INFO: [ view_parse ] --END-- [ RunTime:0.053003s ]
INFO: [ view_filter ] --START--
INFO: Run Behavior\WriteHtmlCacheBehavior [ RunTime:0.001000s ]
INFO: [ view_filter ] --END-- [ RunTime:0.001000s ]
INFO: [ app_end ] --START--
INFO: Run Behavior\ShowPageTraceBehavior [ RunTime:0.001000s ]
INFO: [ app_end ] --END-- [ RunTime:0.001000s ]

[ 2017-05-02T18:12:45+08:00 ] 127.0.0.1 /index.php/Home/product/detail/id/6/cate_id/2.html
INFO: [ app_init ] --START--
INFO: Run Behavior\BuildLiteBehavior [ RunTime:0.000000s ]
INFO: [ app_init ] --END-- [ RunTime:0.000000s ]
INFO: [ app_begin ] --START--
INFO: Run Behavior\ReadHtmlCacheBehavior [ RunTime:0.000000s ]
INFO: [ app_begin ] --END-- [ RunTime:0.000000s ]
SQL: DESCRIBE hao_goods [ RunTime:0.014001s ]
SQL: SELECT * FROM `hao_goods` WHERE `gid` = '6' LIMIT 1   [ RunTime:0.001000s ]
SQL: select he.exist_name,ha.attr_name from hao_exist as he,hao_existr_attr as ha where he.eid = ha.eid and ha.attr_id = 3 [ RunTime:0.000000s ]
SQL: select he.exist_name,ha.attr_name from hao_exist as he,hao_existr_attr as ha where he.eid = ha.eid and ha.attr_id = 5 [ RunTime:0.000000s ]
SQL: select he.exist_name,ha.attr_name from hao_exist as he,hao_existr_attr as ha where he.eid = ha.eid and ha.attr_id = 12 [ RunTime:0.000000s ]
SQL: DESCRIBE hao_category [ RunTime:0.013001s ]
SQL: select * from hao_category where id = 2 [ RunTime:0.001000s ]
SQL: select * from hao_category where pid = 2 order by id asc [ RunTime:0.000000s ]
SQL: SELECT * FROM `hao_category` WHERE `pid` = 0  [ RunTime:0.000000s ]
SQL: DESCRIBE hao_basic [ RunTime:0.012001s ]
SQL: SELECT * FROM `hao_basic` WHERE `basic_name` = 'webname' LIMIT 1   [ RunTime:0.001000s ]
SQL: SELECT * FROM `hao_basic` WHERE `basic_name` = 'Record' LIMIT 1   [ RunTime:0.000000s ]
SQL: SELECT * FROM `hao_basic` WHERE `basic_name` = 'qq' LIMIT 1   [ RunTime:0.001000s ]
SQL: DESCRIBE hao_additional [ RunTime:0.014001s ]
SQL: SELECT * FROM `hao_additional` WHERE `fujia_key` = 'button_logo' LIMIT 1   [ RunTime:0.000000s ]
SQL: SELECT * FROM `hao_additional` WHERE `fujia_key` = 'button_wx' LIMIT 1   [ RunTime:0.000000s ]
INFO: [ view_parse ] --START--
INFO: [ template_filter ] --START--
INFO: Run Behavior\ContentReplaceBehavior [ RunTime:0.000000s ]
INFO: [ template_filter ] --END-- [ RunTime:0.000000s ]
NOTIC: [8] Use of undefined constant id - assumed 'id' E:\Epp\daka\Application\Runtime\Cache\Home\f63daca541365d43e0e0013fdf66e7d5.php 第 68 行.
NOTIC: [8] Undefined variable: now_son E:\Epp\daka\Application\Runtime\Cache\Home\f63daca541365d43e0e0013fdf66e7d5.php 第 84 行.
INFO: Run Behavior\ParseTemplateBehavior [ RunTime:0.045002s ]
INFO: [ view_parse ] --END-- [ RunTime:0.045002s ]
INFO: [ view_filter ] --START--
INFO: Run Behavior\WriteHtmlCacheBehavior [ RunTime:0.000000s ]
INFO: [ view_filter ] --END-- [ RunTime:0.000000s ]
INFO: [ app_end ] --START--
INFO: Run Behavior\ShowPageTraceBehavior [ RunTime:0.000000s ]
INFO: [ app_end ] --END-- [ RunTime:0.000000s ]

[ 2017-05-02T18:15:57+08:00 ] 127.0.0.1 /index.php/Home/product/detail/id/6/cate_id/2.html
INFO: [ app_init ] --START--
INFO: Run Behavior\BuildLiteBehavior [ RunTime:0.000000s ]
INFO: [ app_init ] --END-- [ RunTime:0.001000s ]
INFO: [ app_begin ] --START--
INFO: Run Behavior\ReadHtmlCacheBehavior [ RunTime:0.001000s ]
INFO: [ app_begin ] --END-- [ RunTime:0.001000s ]
SQL: DESCRIBE hao_goods [ RunTime:0.014001s ]
SQL: SELECT * FROM `hao_goods` WHERE `gid` = '6' LIMIT 1   [ RunTime:0.001000s ]
SQL: select he.exist_name,ha.attr_name from hao_exist as he,hao_existr_attr as ha where he.eid = ha.eid and ha.attr_id = 3 [ RunTime:0.001000s ]
SQL: select he.exist_name,ha.attr_name from hao_exist as he,hao_existr_attr as ha where he.eid = ha.eid and ha.attr_id = 5 [ RunTime:0.000000s ]
SQL: select he.exist_name,ha.attr_name from hao_exist as he,hao_existr_attr as ha where he.eid = ha.eid and ha.attr_id = 12 [ RunTime:0.001000s ]
SQL: DESCRIBE hao_category [ RunTime:0.013001s ]
SQL: select * from hao_category where id = 2 [ RunTime:0.001000s ]
SQL: select * from hao_category where pid = 2 order by id asc [ RunTime:0.001000s ]
SQL: SELECT * FROM `hao_category` WHERE `pid` = 0  [ RunTime:0.001000s ]
SQL: DESCRIBE hao_basic [ RunTime:0.012001s ]
SQL: SELECT * FROM `hao_basic` WHERE `basic_name` = 'webname' LIMIT 1   [ RunTime:0.001000s ]
SQL: SELECT * FROM `hao_basic` WHERE `basic_name` = 'Record' LIMIT 1   [ RunTime:0.001000s ]
SQL: SELECT * FROM `hao_basic` WHERE `basic_name` = 'qq' LIMIT 1   [ RunTime:0.000000s ]
SQL: DESCRIBE hao_additional [ RunTime:0.014001s ]
SQL: SELECT * FROM `hao_additional` WHERE `fujia_key` = 'button_logo' LIMIT 1   [ RunTime:0.001000s ]
SQL: SELECT * FROM `hao_additional` WHERE `fujia_key` = 'button_wx' LIMIT 1   [ RunTime:0.000000s ]
INFO: [ view_parse ] --START--
INFO: [ template_filter ] --START--
INFO: Run Behavior\ContentReplaceBehavior [ RunTime:0.000000s ]
INFO: [ template_filter ] --END-- [ RunTime:0.000000s ]
NOTIC: [8] Use of undefined constant id - assumed 'id' E:\Epp\daka\Application\Runtime\Cache\Home\f63daca541365d43e0e0013fdf66e7d5.php 第 68 行.
NOTIC: [8] Undefined variable: now_son E:\Epp\daka\Application\Runtime\Cache\Home\f63daca541365d43e0e0013fdf66e7d5.php 第 84 行.
INFO: Run Behavior\ParseTemplateBehavior [ RunTime:0.019001s ]
INFO: [ view_parse ] --END-- [ RunTime:0.019001s ]
INFO: [ view_filter ] --START--
INFO: Run Behavior\WriteHtmlCacheBehavior [ RunTime:0.001000s ]
INFO: [ view_filter ] --END-- [ RunTime:0.001000s ]
INFO: [ app_end ] --START--
INFO: Run Behavior\ShowPageTraceBehavior [ RunTime:0.001000s ]
INFO: [ app_end ] --END-- [ RunTime:0.001000s ]

[ 2017-05-02T18:16:28+08:00 ] 127.0.0.1 /index.php/Home/product/detail/id/6/cate_id/2.html
INFO: [ app_init ] --START--
INFO: Run Behavior\BuildLiteBehavior [ RunTime:0.000000s ]
INFO: [ app_init ] --END-- [ RunTime:0.001000s ]
INFO: [ app_begin ] --START--
INFO: Run Behavior\ReadHtmlCacheBehavior [ RunTime:0.002000s ]
INFO: [ app_begin ] --END-- [ RunTime:0.002000s ]
SQL: DESCRIBE hao_goods [ RunTime:0.014001s ]
SQL: SELECT * FROM `hao_goods` WHERE `gid` = '6' LIMIT 1   [ RunTime:0.001000s ]
SQL: select he.exist_name,ha.attr_name from hao_exist as he,hao_existr_attr as ha where he.eid = ha.eid and ha.attr_id = 3 [ RunTime:0.000000s ]
SQL: select he.exist_name,ha.attr_name from hao_exist as he,hao_existr_attr as ha where he.eid = ha.eid and ha.attr_id = 5 [ RunTime:0.001000s ]
SQL: select he.exist_name,ha.attr_name from hao_exist as he,hao_existr_attr as ha where he.eid = ha.eid and ha.attr_id = 12 [ RunTime:0.000000s ]
SQL: DESCRIBE hao_category [ RunTime:0.015001s ]
SQL: select * from hao_category where id = 2 [ RunTime:0.001000s ]
SQL: select * from hao_category where pid = 2 order by id asc [ RunTime:0.000000s ]
SQL: SELECT * FROM `hao_category` WHERE `pid` = 0  [ RunTime:0.000000s ]
SQL: DESCRIBE hao_basic [ RunTime:0.014001s ]
SQL: SELECT * FROM `hao_basic` WHERE `basic_name` = 'webname' LIMIT 1   [ RunTime:0.001000s ]
SQL: SELECT * FROM `hao_basic` WHERE `basic_name` = 'Record' LIMIT 1   [ RunTime:0.001000s ]
SQL: SELECT * FROM `hao_basic` WHERE `basic_name` = 'qq' LIMIT 1   [ RunTime:0.000000s ]
SQL: DESCRIBE hao_additional [ RunTime:0.012000s ]
SQL: SELECT * FROM `hao_additional` WHERE `fujia_key` = 'button_logo' LIMIT 1   [ RunTime:0.001000s ]
SQL: SELECT * FROM `hao_additional` WHERE `fujia_key` = 'button_wx' LIMIT 1   [ RunTime:0.001001s ]
INFO: [ view_parse ] --START--
INFO: [ template_filter ] --START--
INFO: Run Behavior\ContentReplaceBehavior [ RunTime:0.000000s ]
INFO: [ template_filter ] --END-- [ RunTime:0.000000s ]
NOTIC: [8] Use of undefined constant id - assumed 'id' E:\Epp\daka\Application\Runtime\Cache\Home\f63daca541365d43e0e0013fdf66e7d5.php 第 68 行.
NOTIC: [8] Undefined variable: now_son E:\Epp\daka\Application\Runtime\Cache\Home\f63daca541365d43e0e0013fdf66e7d5.php 第 84 行.
INFO: Run Behavior\ParseTemplateBehavior [ RunTime:0.023001s ]
INFO: [ view_parse ] --END-- [ RunTime:0.023001s ]
INFO: [ view_filter ] --START--
INFO: Run Behavior\WriteHtmlCacheBehavior [ RunTime:0.002000s ]
INFO: [ view_filter ] --END-- [ RunTime:0.002000s ]
INFO: [ app_end ] --START--
INFO: Run Behavior\ShowPageTraceBehavior [ RunTime:0.003000s ]
INFO: [ app_end ] --END-- [ RunTime:0.003000s ]

