[ 2017-06-17T09:08:28+08:00 ] 127.0.0.1 /
INFO: [ app_init ] --START--
INFO: Run Behavior\BuildLiteBehavior [ RunTime:0.000000s ]
INFO: [ app_init ] --END-- [ RunTime:0.017001s ]
INFO: [ app_begin ] --START--
INFO: Run Behavior\ReadHtmlCacheBehavior [ RunTime:0.002000s ]
INFO: [ app_begin ] --END-- [ RunTime:0.002000s ]
SQL: DESCRIBE hao_category [ RunTime:0.059003s ]
SQL: SELECT * FROM `hao_category` WHERE `pid` = 0 AND `position` = 1 AND `hidden` = 2  [ RunTime:0.001000s ]
SQL: SELECT * FROM `hao_category` WHERE `pid` = 0 AND `position` = 2 AND `hidden` = 2  [ RunTime:0.001000s ]
SQL: DESCRIBE hao_basic [ RunTime:0.052003s ]
SQL: SELECT * FROM `hao_basic` WHERE `basic_name` = 'top_yuyue' LIMIT 1   [ RunTime:0.007000s ]
SQL: SELECT * FROM `hao_basic` WHERE `basic_name` = 'bottom_tel' LIMIT 1   [ RunTime:0.000000s ]
SQL: SELECT * FROM `hao_basic` WHERE `basic_name` = 'address' LIMIT 1   [ RunTime:0.000000s ]
SQL: SELECT * FROM `hao_basic` WHERE `basic_name` = 'bottom_desc' LIMIT 1   [ RunTime:0.000000s ]
SQL: SELECT * FROM `hao_basic` WHERE `basic_name` = 'Record' LIMIT 1   [ RunTime:0.000000s ]
SQL: SELECT * FROM `hao_basic` WHERE `basic_name` = 'search_top' LIMIT 1   [ RunTime:0.000000s ]
SQL: DESCRIBE hao_additional [ RunTime:0.043003s ]
SQL: SELECT * FROM `hao_additional` WHERE `fujia_key` = 'button_wx' LIMIT 1   [ RunTime:0.000000s ]
SQL: DESCRIBE hao_gear [ RunTime:0.035002s ]
SQL: SELECT * FROM `hao_gear`  [ RunTime:0.000000s ]
SQL: DESCRIBE hao_article [ RunTime:0.051003s ]
SQL: SELECT * FROM `hao_article` WHERE `cate_id` = 63 ORDER BY sort asc LIMIT 0,4   [ RunTime:0.039002s ]
SQL: SELECT * FROM `hao_article` WHERE `cate_id` = 64 ORDER BY sort asc  [ RunTime:0.002000s ]
SQL: SELECT * FROM `hao_article` WHERE `cate_id` = 65 ORDER BY sort asc LIMIT 1   [ RunTime:0.001000s ]
SQL: SELECT * FROM `hao_category` WHERE `pid` = 0  [ RunTime:0.001000s ]
SQL: SELECT * FROM `hao_basic` WHERE `basic_name` = 'webname' LIMIT 1   [ RunTime:0.000000s ]
SQL: SELECT * FROM `hao_basic` WHERE `basic_name` = 'Record' LIMIT 1   [ RunTime:0.001000s ]
SQL: SELECT * FROM `hao_basic` WHERE `basic_name` = 'qq' LIMIT 1   [ RunTime:0.001000s ]
SQL: SELECT * FROM `hao_additional` WHERE `fujia_key` = 'button_logo' LIMIT 1   [ RunTime:0.001000s ]
SQL: SELECT * FROM `hao_additional` WHERE `fujia_key` = 'button_wx' LIMIT 1   [ RunTime:0.001000s ]
INFO: [ view_parse ] --START--
INFO: [ template_filter ] --START--
INFO: Run Behavior\ContentReplaceBehavior [ RunTime:0.000000s ]
INFO: [ template_filter ] --END-- [ RunTime:0.000000s ]
NOTIC: [8] Undefined index: catename E:\Epp\qingchunpao\Application\Runtime\Cache\Home\2a94b8bda04ff446dcedd42276fc99ee.php 第 72 行.
NOTIC: [8] Undefined index: catename E:\Epp\qingchunpao\Application\Runtime\Cache\Home\2a94b8bda04ff446dcedd42276fc99ee.php 第 72 行.
NOTIC: [8] Undefined index: catename E:\Epp\qingchunpao\Application\Runtime\Cache\Home\2a94b8bda04ff446dcedd42276fc99ee.php 第 72 行.
NOTIC: [8] Undefined index: catename E:\Epp\qingchunpao\Application\Runtime\Cache\Home\2a94b8bda04ff446dcedd42276fc99ee.php 第 76 行.
INFO: Run Behavior\ParseTemplateBehavior [ RunTime:0.204012s ]
INFO: [ view_parse ] --END-- [ RunTime:0.204012s ]
INFO: [ view_filter ] --START--
INFO: Run Behavior\WriteHtmlCacheBehavior [ RunTime:0.017001s ]
INFO: [ view_filter ] --END-- [ RunTime:0.017001s ]
INFO: [ app_end ] --START--
INFO: Run Behavior\ShowPageTraceBehavior [ RunTime:0.006000s ]
INFO: [ app_end ] --END-- [ RunTime:0.006000s ]

[ 2017-06-17T09:08:37+08:00 ] 127.0.0.1 /
INFO: [ app_init ] --START--
INFO: Run Behavior\BuildLiteBehavior [ RunTime:0.000000s ]
INFO: [ app_init ] --END-- [ RunTime:0.000000s ]
INFO: [ app_begin ] --START--
INFO: Run Behavior\ReadHtmlCacheBehavior [ RunTime:0.001000s ]
INFO: [ app_begin ] --END-- [ RunTime:0.002000s ]
SQL: DESCRIBE hao_category [ RunTime:0.029002s ]
SQL: SELECT * FROM `hao_category` WHERE `pid` = 0 AND `position` = 1 AND `hidden` = 2  [ RunTime:0.001000s ]
SQL: SELECT * FROM `hao_category` WHERE `pid` = 0 AND `position` = 2 AND `hidden` = 2  [ RunTime:0.000000s ]
SQL: DESCRIBE hao_basic [ RunTime:0.020001s ]
SQL: SELECT * FROM `hao_basic` WHERE `basic_name` = 'top_yuyue' LIMIT 1   [ RunTime:0.002000s ]
SQL: SELECT * FROM `hao_basic` WHERE `basic_name` = 'bottom_tel' LIMIT 1   [ RunTime:0.001000s ]
SQL: SELECT * FROM `hao_basic` WHERE `basic_name` = 'address' LIMIT 1   [ RunTime:0.001001s ]
SQL: SELECT * FROM `hao_basic` WHERE `basic_name` = 'bottom_desc' LIMIT 1   [ RunTime:0.000000s ]
SQL: SELECT * FROM `hao_basic` WHERE `basic_name` = 'Record' LIMIT 1   [ RunTime:0.000000s ]
SQL: SELECT * FROM `hao_basic` WHERE `basic_name` = 'search_top' LIMIT 1   [ RunTime:0.001000s ]
SQL: DESCRIBE hao_additional [ RunTime:0.018001s ]
SQL: SELECT * FROM `hao_additional` WHERE `fujia_key` = 'button_wx' LIMIT 1   [ RunTime:0.001000s ]
SQL: DESCRIBE hao_gear [ RunTime:0.017001s ]
SQL: SELECT * FROM `hao_gear`  [ RunTime:0.001000s ]
SQL: DESCRIBE hao_article [ RunTime:0.017001s ]
SQL: SELECT * FROM `hao_article` WHERE `cate_id` = 63 ORDER BY sort asc LIMIT 0,4   [ RunTime:0.001000s ]
SQL: SELECT * FROM `hao_article` WHERE `cate_id` = 64 ORDER BY sort asc  [ RunTime:0.001000s ]
SQL: SELECT * FROM `hao_article` WHERE `cate_id` = 65 ORDER BY sort asc LIMIT 1   [ RunTime:0.000000s ]
SQL: SELECT * FROM `hao_category` WHERE `pid` = 0  [ RunTime:0.000000s ]
SQL: SELECT * FROM `hao_basic` WHERE `basic_name` = 'webname' LIMIT 1   [ RunTime:0.001000s ]
SQL: SELECT * FROM `hao_basic` WHERE `basic_name` = 'Record' LIMIT 1   [ RunTime:0.000000s ]
SQL: SELECT * FROM `hao_basic` WHERE `basic_name` = 'qq' LIMIT 1   [ RunTime:0.000000s ]
SQL: SELECT * FROM `hao_additional` WHERE `fujia_key` = 'button_logo' LIMIT 1   [ RunTime:0.000000s ]
SQL: SELECT * FROM `hao_additional` WHERE `fujia_key` = 'button_wx' LIMIT 1   [ RunTime:0.000000s ]
INFO: [ view_parse ] --START--
INFO: [ template_filter ] --START--
INFO: Run Behavior\ContentReplaceBehavior [ RunTime:0.000000s ]
INFO: [ template_filter ] --END-- [ RunTime:0.000000s ]
NOTIC: [8] Undefined index: catename E:\Epp\qingchunpao\Application\Runtime\Cache\Home\2a94b8bda04ff446dcedd42276fc99ee.php 第 72 行.
NOTIC: [8] Undefined index: catename E:\Epp\qingchunpao\Application\Runtime\Cache\Home\2a94b8bda04ff446dcedd42276fc99ee.php 第 72 行.
NOTIC: [8] Undefined index: catename E:\Epp\qingchunpao\Application\Runtime\Cache\Home\2a94b8bda04ff446dcedd42276fc99ee.php 第 72 行.
NOTIC: [8] Undefined index: catename E:\Epp\qingchunpao\Application\Runtime\Cache\Home\2a94b8bda04ff446dcedd42276fc99ee.php 第 76 行.
INFO: Run Behavior\ParseTemplateBehavior [ RunTime:0.022001s ]
INFO: [ view_parse ] --END-- [ RunTime:0.022001s ]
INFO: [ view_filter ] --START--
INFO: Run Behavior\WriteHtmlCacheBehavior [ RunTime:0.001001s ]
INFO: [ view_filter ] --END-- [ RunTime:0.001001s ]
INFO: [ app_end ] --START--
INFO: Run Behavior\ShowPageTraceBehavior [ RunTime:0.002000s ]
INFO: [ app_end ] --END-- [ RunTime:0.002000s ]

[ 2017-06-17T09:08:38+08:00 ] 127.0.0.1 /index.php/home/about/index/id/40
INFO: [ app_init ] --START--
INFO: Run Behavior\BuildLiteBehavior [ RunTime:0.000000s ]
INFO: [ app_init ] --END-- [ RunTime:0.001000s ]
INFO: [ app_begin ] --START--
INFO: Run Behavior\ReadHtmlCacheBehavior [ RunTime:0.002000s ]
INFO: [ app_begin ] --END-- [ RunTime:0.002000s ]
SQL: DESCRIBE hao_category [ RunTime:0.017000s ]
SQL: SELECT * FROM `hao_category` WHERE `pid` = 0 AND `position` = 1 AND `hidden` = 2  [ RunTime:0.000000s ]
SQL: SELECT * FROM `hao_category` WHERE `pid` = 0 AND `position` = 2 AND `hidden` = 2  [ RunTime:0.001000s ]
SQL: DESCRIBE hao_basic [ RunTime:0.016001s ]
SQL: SELECT * FROM `hao_basic` WHERE `basic_name` = 'top_yuyue' LIMIT 1   [ RunTime:0.000000s ]
SQL: SELECT * FROM `hao_basic` WHERE `basic_name` = 'bottom_tel' LIMIT 1   [ RunTime:0.000000s ]
SQL: SELECT * FROM `hao_basic` WHERE `basic_name` = 'address' LIMIT 1   [ RunTime:0.000000s ]
SQL: SELECT * FROM `hao_basic` WHERE `basic_name` = 'bottom_desc' LIMIT 1   [ RunTime:0.000000s ]
SQL: SELECT * FROM `hao_basic` WHERE `basic_name` = 'Record' LIMIT 1   [ RunTime:0.000000s ]
SQL: SELECT * FROM `hao_basic` WHERE `basic_name` = 'search_top' LIMIT 1   [ RunTime:0.000000s ]
SQL: DESCRIBE hao_additional [ RunTime:0.021001s ]
SQL: SELECT * FROM `hao_additional` WHERE `fujia_key` = 'button_wx' LIMIT 1   [ RunTime:0.000000s ]
SQL: SELECT * FROM `hao_category` WHERE `id` = 40  [ RunTime:0.001000s ]
SQL: DESCRIBE hao_article [ RunTime:0.016001s ]
SQL: SELECT * FROM `hao_article` WHERE `cate_id` = 46 ORDER BY sort asc LIMIT 0,4   [ RunTime:0.000000s ]
SQL: SELECT * FROM `hao_category` WHERE `id` = 46 LIMIT 1   [ RunTime:0.000000s ]
SQL: SELECT * FROM `hao_article` WHERE `cate_id` = 47 ORDER BY sort asc LIMIT 0,1   [ RunTime:0.000000s ]
SQL: SELECT * FROM `hao_category` WHERE `id` = 47 LIMIT 1   [ RunTime:0.001000s ]
SQL: SELECT * FROM `hao_category` WHERE `pid` = 0  [ RunTime:0.000000s ]
SQL: SELECT * FROM `hao_basic` WHERE `basic_name` = 'webname' LIMIT 1   [ RunTime:0.000000s ]
SQL: SELECT * FROM `hao_basic` WHERE `basic_name` = 'Record' LIMIT 1   [ RunTime:0.000000s ]
SQL: SELECT * FROM `hao_basic` WHERE `basic_name` = 'qq' LIMIT 1   [ RunTime:0.000000s ]
SQL: SELECT * FROM `hao_additional` WHERE `fujia_key` = 'button_logo' LIMIT 1   [ RunTime:0.000000s ]
SQL: SELECT * FROM `hao_additional` WHERE `fujia_key` = 'button_wx' LIMIT 1   [ RunTime:0.000000s ]
INFO: [ view_parse ] --START--
INFO: [ template_filter ] --START--
INFO: Run Behavior\ContentReplaceBehavior [ RunTime:0.000000s ]
INFO: [ template_filter ] --END-- [ RunTime:0.000000s ]
NOTIC: [8] Undefined variable: tag E:\Epp\qingchunpao\Application\Runtime\Cache\Home\3b9bb8f59aaa4d1691c827dd64ddfa9b.php 第 44 行.
INFO: Run Behavior\ParseTemplateBehavior [ RunTime:0.021001s ]
INFO: [ view_parse ] --END-- [ RunTime:0.021001s ]
INFO: [ view_filter ] --START--
INFO: Run Behavior\WriteHtmlCacheBehavior [ RunTime:0.001000s ]
INFO: [ view_filter ] --END-- [ RunTime:0.001000s ]
INFO: [ app_end ] --START--
INFO: Run Behavior\ShowPageTraceBehavior [ RunTime:0.001000s ]
INFO: [ app_end ] --END-- [ RunTime:0.001000s ]

[ 2017-06-17T09:08:40+08:00 ] 127.0.0.1 /index.php/home/health/index/id/41
INFO: [ app_init ] --START--
INFO: Run Behavior\BuildLiteBehavior [ RunTime:0.000000s ]
INFO: [ app_init ] --END-- [ RunTime:0.001000s ]
INFO: [ app_begin ] --START--
INFO: Run Behavior\ReadHtmlCacheBehavior [ RunTime:0.001000s ]
INFO: [ app_begin ] --END-- [ RunTime:0.001000s ]
SQL: DESCRIBE hao_category [ RunTime:0.018001s ]
SQL: SELECT * FROM `hao_category` WHERE `pid` = 0 AND `position` = 1 AND `hidden` = 2  [ RunTime:0.001000s ]
SQL: SELECT * FROM `hao_category` WHERE `pid` = 0 AND `position` = 2 AND `hidden` = 2  [ RunTime:0.001000s ]
SQL: DESCRIBE hao_basic [ RunTime:0.016001s ]
SQL: SELECT * FROM `hao_basic` WHERE `basic_name` = 'top_yuyue' LIMIT 1   [ RunTime:0.000000s ]
SQL: SELECT * FROM `hao_basic` WHERE `basic_name` = 'bottom_tel' LIMIT 1   [ RunTime:0.001000s ]
SQL: SELECT * FROM `hao_basic` WHERE `basic_name` = 'address' LIMIT 1   [ RunTime:0.001000s ]
SQL: SELECT * FROM `hao_basic` WHERE `basic_name` = 'bottom_desc' LIMIT 1   [ RunTime:0.000000s ]
SQL: SELECT * FROM `hao_basic` WHERE `basic_name` = 'Record' LIMIT 1   [ RunTime:0.000000s ]
SQL: SELECT * FROM `hao_basic` WHERE `basic_name` = 'search_top' LIMIT 1   [ RunTime:0.001000s ]
SQL: DESCRIBE hao_additional [ RunTime:0.016001s ]
SQL: SELECT * FROM `hao_additional` WHERE `fujia_key` = 'button_wx' LIMIT 1   [ RunTime:0.001000s ]
SQL: SELECT * FROM `hao_category` WHERE `id` = 41  [ RunTime:0.000000s ]
SQL: DESCRIBE hao_article [ RunTime:0.017001s ]
SQL: SELECT * FROM `hao_category` WHERE `pid` = 41  [ RunTime:0.001000s ]
SQL: SELECT * FROM `hao_article` WHERE `cate_id` = 48 ORDER BY sort asc LIMIT 0,1   [ RunTime:0.000000s ]
SQL: SELECT * FROM `hao_article` WHERE `cate_id` = 49 ORDER BY sort asc LIMIT 0,1   [ RunTime:0.001000s ]
SQL: SELECT * FROM `hao_article` WHERE `cate_id` = 50 ORDER BY sort asc LIMIT 0,1   [ RunTime:0.000000s ]
SQL: SELECT * FROM `hao_article` WHERE `cate_id` = 51 ORDER BY sort asc LIMIT 0,1   [ RunTime:0.001000s ]
SQL: SELECT * FROM `hao_article` WHERE `cate_id` = 52 ORDER BY sort asc LIMIT 0,1   [ RunTime:0.000000s ]
SQL: SELECT * FROM `hao_article` WHERE `cate_id` = 53 ORDER BY sort asc LIMIT 0,1   [ RunTime:0.001000s ]
SQL: SELECT * FROM `hao_category` WHERE `pid` = 0  [ RunTime:0.001000s ]
SQL: SELECT * FROM `hao_basic` WHERE `basic_name` = 'webname' LIMIT 1   [ RunTime:0.000000s ]
SQL: SELECT * FROM `hao_basic` WHERE `basic_name` = 'Record' LIMIT 1   [ RunTime:0.000000s ]
SQL: SELECT * FROM `hao_basic` WHERE `basic_name` = 'qq' LIMIT 1   [ RunTime:0.000000s ]
SQL: SELECT * FROM `hao_additional` WHERE `fujia_key` = 'button_logo' LIMIT 1   [ RunTime:0.000000s ]
SQL: SELECT * FROM `hao_additional` WHERE `fujia_key` = 'button_wx' LIMIT 1   [ RunTime:0.001000s ]
INFO: [ view_parse ] --START--
INFO: [ template_filter ] --START--
INFO: Run Behavior\ContentReplaceBehavior [ RunTime:0.000000s ]
INFO: [ template_filter ] --END-- [ RunTime:0.000000s ]
INFO: Run Behavior\ParseTemplateBehavior [ RunTime:0.006001s ]
INFO: [ view_parse ] --END-- [ RunTime:0.006001s ]
INFO: [ view_filter ] --START--
INFO: Run Behavior\WriteHtmlCacheBehavior [ RunTime:0.001000s ]
INFO: [ view_filter ] --END-- [ RunTime:0.001000s ]
INFO: [ app_end ] --START--
INFO: Run Behavior\ShowPageTraceBehavior [ RunTime:0.001000s ]
INFO: [ app_end ] --END-- [ RunTime:0.001000s ]

[ 2017-06-17T09:08:41+08:00 ] 127.0.0.1 /index.php/home/personal/index/id/42
INFO: [ app_init ] --START--
INFO: Run Behavior\BuildLiteBehavior [ RunTime:0.000000s ]
INFO: [ app_init ] --END-- [ RunTime:0.001000s ]
INFO: [ app_begin ] --START--
INFO: Run Behavior\ReadHtmlCacheBehavior [ RunTime:0.000000s ]
INFO: [ app_begin ] --END-- [ RunTime:0.000000s ]
SQL: DESCRIBE hao_category [ RunTime:0.021001s ]
SQL: SELECT * FROM `hao_category` WHERE `pid` = 0 AND `position` = 1 AND `hidden` = 2  [ RunTime:0.001000s ]
SQL: SELECT * FROM `hao_category` WHERE `pid` = 0 AND `position` = 2 AND `hidden` = 2  [ RunTime:0.001000s ]
SQL: DESCRIBE hao_basic [ RunTime:0.016001s ]
SQL: SELECT * FROM `hao_basic` WHERE `basic_name` = 'top_yuyue' LIMIT 1   [ RunTime:0.001000s ]
SQL: SELECT * FROM `hao_basic` WHERE `basic_name` = 'bottom_tel' LIMIT 1   [ RunTime:0.001000s ]
SQL: SELECT * FROM `hao_basic` WHERE `basic_name` = 'address' LIMIT 1   [ RunTime:0.001000s ]
SQL: SELECT * FROM `hao_basic` WHERE `basic_name` = 'bottom_desc' LIMIT 1   [ RunTime:0.000000s ]
SQL: SELECT * FROM `hao_basic` WHERE `basic_name` = 'Record' LIMIT 1   [ RunTime:0.000000s ]
SQL: SELECT * FROM `hao_basic` WHERE `basic_name` = 'search_top' LIMIT 1   [ RunTime:0.001000s ]
SQL: DESCRIBE hao_additional [ RunTime:0.018001s ]
SQL: SELECT * FROM `hao_additional` WHERE `fujia_key` = 'button_wx' LIMIT 1   [ RunTime:0.001000s ]
SQL: SELECT * FROM `hao_category` WHERE `id` = 42  [ RunTime:0.000000s ]
SQL: DESCRIBE hao_article [ RunTime:0.017001s ]
SQL: SELECT * FROM `hao_article` WHERE `cate_id` = 42 ORDER BY sort asc  [ RunTime:0.002000s ]
SQL: SELECT * FROM `hao_category` WHERE `pid` = 0  [ RunTime:0.001001s ]
SQL: SELECT * FROM `hao_basic` WHERE `basic_name` = 'webname' LIMIT 1   [ RunTime:0.000000s ]
SQL: SELECT * FROM `hao_basic` WHERE `basic_name` = 'Record' LIMIT 1   [ RunTime:0.000000s ]
SQL: SELECT * FROM `hao_basic` WHERE `basic_name` = 'qq' LIMIT 1   [ RunTime:0.000000s ]
SQL: SELECT * FROM `hao_additional` WHERE `fujia_key` = 'button_logo' LIMIT 1   [ RunTime:0.000000s ]
SQL: SELECT * FROM `hao_additional` WHERE `fujia_key` = 'button_wx' LIMIT 1   [ RunTime:0.000000s ]
INFO: [ view_parse ] --START--
INFO: [ template_filter ] --START--
INFO: Run Behavior\ContentReplaceBehavior [ RunTime:0.000000s ]
INFO: [ template_filter ] --END-- [ RunTime:0.000000s ]
NOTIC: [8] Undefined variable: tag E:\Epp\qingchunpao\Application\Runtime\Cache\Home\234c96bd7cd8162248b6749002ab886c.php 第 44 行.
INFO: Run Behavior\ParseTemplateBehavior [ RunTime:0.014001s ]
INFO: [ view_parse ] --END-- [ RunTime:0.014001s ]
INFO: [ view_filter ] --START--
INFO: Run Behavior\WriteHtmlCacheBehavior [ RunTime:0.000000s ]
INFO: [ view_filter ] --END-- [ RunTime:0.000000s ]
INFO: [ app_end ] --START--
INFO: Run Behavior\ShowPageTraceBehavior [ RunTime:0.000000s ]
INFO: [ app_end ] --END-- [ RunTime:0.000000s ]

[ 2017-06-17T09:21:29+08:00 ] 127.0.0.1 /
INFO: [ app_init ] --START--
INFO: Run Behavior\BuildLiteBehavior [ RunTime:0.000000s ]
INFO: [ app_init ] --END-- [ RunTime:0.000000s ]
INFO: [ app_begin ] --START--
INFO: Run Behavior\ReadHtmlCacheBehavior [ RunTime:0.001000s ]
INFO: [ app_begin ] --END-- [ RunTime:0.001000s ]
SQL: DESCRIBE hao_category [ RunTime:0.018001s ]
SQL: SELECT * FROM `hao_category` WHERE `pid` = 0 AND `position` = 1 AND `hidden` = 2  [ RunTime:0.000000s ]
SQL: SELECT * FROM `hao_category` WHERE `pid` = 0 AND `position` = 2 AND `hidden` = 2  [ RunTime:0.001000s ]
SQL: DESCRIBE hao_basic [ RunTime:0.015001s ]
SQL: SELECT * FROM `hao_basic` WHERE `basic_name` = 'top_yuyue' LIMIT 1   [ RunTime:0.001000s ]
SQL: SELECT * FROM `hao_basic` WHERE `basic_name` = 'bottom_tel' LIMIT 1   [ RunTime:0.000000s ]
SQL: SELECT * FROM `hao_basic` WHERE `basic_name` = 'address' LIMIT 1   [ RunTime:0.000000s ]
SQL: SELECT * FROM `hao_basic` WHERE `basic_name` = 'bottom_desc' LIMIT 1   [ RunTime:0.000000s ]
SQL: SELECT * FROM `hao_basic` WHERE `basic_name` = 'Record' LIMIT 1   [ RunTime:0.000000s ]
SQL: SELECT * FROM `hao_basic` WHERE `basic_name` = 'search_top' LIMIT 1   [ RunTime:0.001000s ]
SQL: DESCRIBE hao_additional [ RunTime:0.017001s ]
SQL: SELECT * FROM `hao_additional` WHERE `fujia_key` = 'button_wx' LIMIT 1   [ RunTime:0.000000s ]
SQL: DESCRIBE hao_gear [ RunTime:0.017001s ]
SQL: SELECT * FROM `hao_gear`  [ RunTime:0.000000s ]
SQL: DESCRIBE hao_article [ RunTime:0.016001s ]
SQL: SELECT * FROM `hao_article` WHERE `cate_id` = 63 ORDER BY sort asc LIMIT 0,4   [ RunTime:0.000000s ]
SQL: SELECT * FROM `hao_article` WHERE `cate_id` = 64 ORDER BY sort asc  [ RunTime:0.000000s ]
SQL: SELECT * FROM `hao_article` WHERE `cate_id` = 65 ORDER BY sort asc LIMIT 1   [ RunTime:0.001000s ]
SQL: SELECT * FROM `hao_category` WHERE `pid` = 0  [ RunTime:0.000000s ]
SQL: SELECT * FROM `hao_basic` WHERE `basic_name` = 'webname' LIMIT 1   [ RunTime:0.000000s ]
SQL: SELECT * FROM `hao_basic` WHERE `basic_name` = 'Record' LIMIT 1   [ RunTime:0.000000s ]
SQL: SELECT * FROM `hao_basic` WHERE `basic_name` = 'qq' LIMIT 1   [ RunTime:0.001000s ]
SQL: SELECT * FROM `hao_additional` WHERE `fujia_key` = 'button_logo' LIMIT 1   [ RunTime:0.000000s ]
SQL: SELECT * FROM `hao_additional` WHERE `fujia_key` = 'button_wx' LIMIT 1   [ RunTime:0.000000s ]
INFO: [ view_parse ] --START--
INFO: [ template_filter ] --START--
INFO: Run Behavior\ContentReplaceBehavior [ RunTime:0.000000s ]
INFO: [ template_filter ] --END-- [ RunTime:0.000000s ]
NOTIC: [8] Undefined index: catename E:\Epp\qingchunpao\Application\Runtime\Cache\Home\2a94b8bda04ff446dcedd42276fc99ee.php 第 72 行.
NOTIC: [8] Undefined index: catename E:\Epp\qingchunpao\Application\Runtime\Cache\Home\2a94b8bda04ff446dcedd42276fc99ee.php 第 72 行.
NOTIC: [8] Undefined index: catename E:\Epp\qingchunpao\Application\Runtime\Cache\Home\2a94b8bda04ff446dcedd42276fc99ee.php 第 72 行.
NOTIC: [8] Undefined index: catename E:\Epp\qingchunpao\Application\Runtime\Cache\Home\2a94b8bda04ff446dcedd42276fc99ee.php 第 76 行.
INFO: Run Behavior\ParseTemplateBehavior [ RunTime:0.021002s ]
INFO: [ view_parse ] --END-- [ RunTime:0.021002s ]
INFO: [ view_filter ] --START--
INFO: Run Behavior\WriteHtmlCacheBehavior [ RunTime:0.000000s ]
INFO: [ view_filter ] --END-- [ RunTime:0.001000s ]
INFO: [ app_end ] --START--
INFO: Run Behavior\ShowPageTraceBehavior [ RunTime:0.001000s ]
INFO: [ app_end ] --END-- [ RunTime:0.001000s ]

[ 2017-06-17T09:21:46+08:00 ] 127.0.0.1 /
INFO: [ app_init ] --START--
INFO: Run Behavior\BuildLiteBehavior [ RunTime:0.001000s ]
INFO: [ app_init ] --END-- [ RunTime:0.001000s ]
INFO: [ app_begin ] --START--
INFO: Run Behavior\ReadHtmlCacheBehavior [ RunTime:0.001000s ]
INFO: [ app_begin ] --END-- [ RunTime:0.001000s ]
SQL: DESCRIBE hao_category [ RunTime:0.021002s ]
SQL: SELECT * FROM `hao_category` WHERE `pid` = 0 AND `position` = 1 AND `hidden` = 2  [ RunTime:0.000000s ]
SQL: SELECT * FROM `hao_category` WHERE `pid` = 0 AND `position` = 2 AND `hidden` = 2  [ RunTime:0.001000s ]
SQL: DESCRIBE hao_basic [ RunTime:0.017001s ]
SQL: SELECT * FROM `hao_basic` WHERE `basic_name` = 'top_yuyue' LIMIT 1   [ RunTime:0.001000s ]
SQL: SELECT * FROM `hao_basic` WHERE `basic_name` = 'bottom_tel' LIMIT 1   [ RunTime:0.000000s ]
SQL: SELECT * FROM `hao_basic` WHERE `basic_name` = 'address' LIMIT 1   [ RunTime:0.001000s ]
SQL: SELECT * FROM `hao_basic` WHERE `basic_name` = 'bottom_desc' LIMIT 1   [ RunTime:0.000000s ]
SQL: SELECT * FROM `hao_basic` WHERE `basic_name` = 'Record' LIMIT 1   [ RunTime:0.000000s ]
SQL: SELECT * FROM `hao_basic` WHERE `basic_name` = 'search_top' LIMIT 1   [ RunTime:0.000000s ]
SQL: DESCRIBE hao_additional [ RunTime:0.015001s ]
SQL: SELECT * FROM `hao_additional` WHERE `fujia_key` = 'button_wx' LIMIT 1   [ RunTime:0.001000s ]
SQL: DESCRIBE hao_gear [ RunTime:0.014001s ]
SQL: SELECT * FROM `hao_gear`  [ RunTime:0.000000s ]
SQL: DESCRIBE hao_article [ RunTime:0.018001s ]
SQL: SELECT * FROM `hao_article` WHERE `cate_id` = 63 ORDER BY sort asc LIMIT 0,4   [ RunTime:0.000000s ]
SQL: SELECT * FROM `hao_article` WHERE `cate_id` = 64 ORDER BY sort asc  [ RunTime:0.001000s ]
SQL: SELECT * FROM `hao_article` WHERE `cate_id` = 65 ORDER BY sort asc LIMIT 1   [ RunTime:0.001000s ]
SQL: SELECT * FROM `hao_category` WHERE `pid` = 0  [ RunTime:0.000000s ]
SQL: SELECT * FROM `hao_basic` WHERE `basic_name` = 'webname' LIMIT 1   [ RunTime:0.001000s ]
SQL: SELECT * FROM `hao_basic` WHERE `basic_name` = 'Record' LIMIT 1   [ RunTime:0.000000s ]
SQL: SELECT * FROM `hao_basic` WHERE `basic_name` = 'qq' LIMIT 1   [ RunTime:0.001000s ]
SQL: SELECT * FROM `hao_additional` WHERE `fujia_key` = 'button_logo' LIMIT 1   [ RunTime:0.000000s ]
SQL: SELECT * FROM `hao_additional` WHERE `fujia_key` = 'button_wx' LIMIT 1   [ RunTime:0.000000s ]
INFO: [ view_parse ] --START--
INFO: [ template_filter ] --START--
INFO: Run Behavior\ContentReplaceBehavior [ RunTime:0.000000s ]
INFO: [ template_filter ] --END-- [ RunTime:0.000000s ]
NOTIC: [8] Undefined index: catename E:\Epp\qingchunpao\Application\Runtime\Cache\Home\2a94b8bda04ff446dcedd42276fc99ee.php 第 72 行.
NOTIC: [8] Undefined index: catename E:\Epp\qingchunpao\Application\Runtime\Cache\Home\2a94b8bda04ff446dcedd42276fc99ee.php 第 72 行.
NOTIC: [8] Undefined index: catename E:\Epp\qingchunpao\Application\Runtime\Cache\Home\2a94b8bda04ff446dcedd42276fc99ee.php 第 72 行.
NOTIC: [8] Undefined index: catename E:\Epp\qingchunpao\Application\Runtime\Cache\Home\2a94b8bda04ff446dcedd42276fc99ee.php 第 76 行.
INFO: Run Behavior\ParseTemplateBehavior [ RunTime:0.017001s ]
INFO: [ view_parse ] --END-- [ RunTime:0.017001s ]
INFO: [ view_filter ] --START--
INFO: Run Behavior\WriteHtmlCacheBehavior [ RunTime:0.001000s ]
INFO: [ view_filter ] --END-- [ RunTime:0.001000s ]
INFO: [ app_end ] --START--
INFO: Run Behavior\ShowPageTraceBehavior [ RunTime:0.001000s ]
INFO: [ app_end ] --END-- [ RunTime:0.001000s ]

[ 2017-06-17T09:35:32+08:00 ] 127.0.0.1 /
INFO: [ app_init ] --START--
INFO: Run Behavior\BuildLiteBehavior [ RunTime:0.000000s ]
INFO: [ app_init ] --END-- [ RunTime:0.001000s ]
INFO: [ app_begin ] --START--
INFO: Run Behavior\ReadHtmlCacheBehavior [ RunTime:0.001000s ]
INFO: [ app_begin ] --END-- [ RunTime:0.001000s ]
SQL: DESCRIBE hao_category [ RunTime:0.018001s ]
SQL: SELECT * FROM `hao_category` WHERE `pid` = 0 AND `position` = 1 AND `hidden` = 2  [ RunTime:0.000000s ]
SQL: SELECT * FROM `hao_category` WHERE `pid` = 0 AND `position` = 2 AND `hidden` = 2  [ RunTime:0.001000s ]
SQL: DESCRIBE hao_basic [ RunTime:0.017001s ]
SQL: SELECT * FROM `hao_basic` WHERE `basic_name` = 'top_yuyue' LIMIT 1   [ RunTime:0.001000s ]
SQL: SELECT * FROM `hao_basic` WHERE `basic_name` = 'bottom_tel' LIMIT 1   [ RunTime:0.000000s ]
SQL: SELECT * FROM `hao_basic` WHERE `basic_name` = 'address' LIMIT 1   [ RunTime:0.000000s ]
SQL: SELECT * FROM `hao_basic` WHERE `basic_name` = 'bottom_desc' LIMIT 1   [ RunTime:0.000000s ]
SQL: SELECT * FROM `hao_basic` WHERE `basic_name` = 'Record' LIMIT 1   [ RunTime:0.000000s ]
SQL: SELECT * FROM `hao_basic` WHERE `basic_name` = 'search_top' LIMIT 1   [ RunTime:0.001000s ]
SQL: DESCRIBE hao_additional [ RunTime:0.016001s ]
SQL: SELECT * FROM `hao_additional` WHERE `fujia_key` = 'button_wx' LIMIT 1   [ RunTime:0.000000s ]
SQL: DESCRIBE hao_gear [ RunTime:0.014001s ]
SQL: SELECT * FROM `hao_gear`  [ RunTime:0.000000s ]
SQL: DESCRIBE hao_article [ RunTime:0.018001s ]
SQL: SELECT * FROM `hao_article` WHERE `cate_id` = 63 ORDER BY sort asc LIMIT 0,4   [ RunTime:0.000000s ]
SQL: SELECT * FROM `hao_article` WHERE `cate_id` = 64 ORDER BY sort asc  [ RunTime:0.001000s ]
SQL: SELECT * FROM `hao_article` WHERE `cate_id` = 65 ORDER BY sort asc LIMIT 1   [ RunTime:0.000000s ]
SQL: SELECT * FROM `hao_category` WHERE `pid` = 0  [ RunTime:0.001000s ]
SQL: SELECT * FROM `hao_basic` WHERE `basic_name` = 'webname' LIMIT 1   [ RunTime:0.000000s ]
SQL: SELECT * FROM `hao_basic` WHERE `basic_name` = 'Record' LIMIT 1   [ RunTime:0.000000s ]
SQL: SELECT * FROM `hao_basic` WHERE `basic_name` = 'qq' LIMIT 1   [ RunTime:0.000000s ]
SQL: SELECT * FROM `hao_additional` WHERE `fujia_key` = 'button_logo' LIMIT 1   [ RunTime:0.000000s ]
SQL: SELECT * FROM `hao_additional` WHERE `fujia_key` = 'button_wx' LIMIT 1   [ RunTime:0.001000s ]
INFO: [ view_parse ] --START--
INFO: [ template_filter ] --START--
INFO: Run Behavior\ContentReplaceBehavior [ RunTime:0.000000s ]
INFO: [ template_filter ] --END-- [ RunTime:0.000000s ]
NOTIC: [8] Undefined index: catename E:\Epp\qingchunpao\Application\Runtime\Cache\Home\2a94b8bda04ff446dcedd42276fc99ee.php 第 72 行.
NOTIC: [8] Undefined index: catename E:\Epp\qingchunpao\Application\Runtime\Cache\Home\2a94b8bda04ff446dcedd42276fc99ee.php 第 72 行.
NOTIC: [8] Undefined index: catename E:\Epp\qingchunpao\Application\Runtime\Cache\Home\2a94b8bda04ff446dcedd42276fc99ee.php 第 72 行.
NOTIC: [8] Undefined index: catename E:\Epp\qingchunpao\Application\Runtime\Cache\Home\2a94b8bda04ff446dcedd42276fc99ee.php 第 76 行.
INFO: Run Behavior\ParseTemplateBehavior [ RunTime:0.038002s ]
INFO: [ view_parse ] --END-- [ RunTime:0.038002s ]
INFO: [ view_filter ] --START--
INFO: Run Behavior\WriteHtmlCacheBehavior [ RunTime:0.000000s ]
INFO: [ view_filter ] --END-- [ RunTime:0.001000s ]
INFO: [ app_end ] --START--
INFO: Run Behavior\ShowPageTraceBehavior [ RunTime:0.000000s ]
INFO: [ app_end ] --END-- [ RunTime:0.000000s ]

[ 2017-06-17T11:27:24+08:00 ] 127.0.0.1 /
INFO: [ app_init ] --START--
INFO: Run Behavior\BuildLiteBehavior [ RunTime:0.000000s ]
INFO: [ app_init ] --END-- [ RunTime:0.001000s ]
INFO: [ app_begin ] --START--
INFO: Run Behavior\ReadHtmlCacheBehavior [ RunTime:0.001000s ]
INFO: [ app_begin ] --END-- [ RunTime:0.001000s ]
SQL: DESCRIBE hao_category [ RunTime:0.018001s ]
SQL: SELECT * FROM `hao_category` WHERE `pid` = 0 AND `position` = 1 AND `hidden` = 2  [ RunTime:0.001000s ]
SQL: SELECT * FROM `hao_category` WHERE `pid` = 0 AND `position` = 2 AND `hidden` = 2  [ RunTime:0.000000s ]
SQL: DESCRIBE hao_basic [ RunTime:0.021001s ]
SQL: SELECT * FROM `hao_basic` WHERE `basic_name` = 'top_yuyue' LIMIT 1   [ RunTime:0.001000s ]
SQL: SELECT * FROM `hao_basic` WHERE `basic_name` = 'bottom_tel' LIMIT 1   [ RunTime:0.000000s ]
SQL: SELECT * FROM `hao_basic` WHERE `basic_name` = 'address' LIMIT 1   [ RunTime:0.000000s ]
SQL: SELECT * FROM `hao_basic` WHERE `basic_name` = 'bottom_desc' LIMIT 1   [ RunTime:0.000000s ]
SQL: SELECT * FROM `hao_basic` WHERE `basic_name` = 'Record' LIMIT 1   [ RunTime:0.000000s ]
SQL: SELECT * FROM `hao_basic` WHERE `basic_name` = 'search_top' LIMIT 1   [ RunTime:0.000000s ]
SQL: DESCRIBE hao_additional [ RunTime:0.019001s ]
SQL: SELECT * FROM `hao_additional` WHERE `fujia_key` = 'button_wx' LIMIT 1   [ RunTime:0.001001s ]
SQL: DESCRIBE hao_gear [ RunTime:0.075004s ]
SQL: SELECT * FROM `hao_gear`  [ RunTime:0.000000s ]
SQL: DESCRIBE hao_article [ RunTime:0.049003s ]
SQL: SELECT * FROM `hao_article` WHERE `cate_id` = 63 ORDER BY sort asc LIMIT 0,4   [ RunTime:0.018001s ]
SQL: SELECT * FROM `hao_article` WHERE `cate_id` = 64 ORDER BY sort asc  [ RunTime:0.001000s ]
SQL: SELECT * FROM `hao_article` WHERE `cate_id` = 65 ORDER BY sort asc LIMIT 1   [ RunTime:0.001000s ]
SQL: SELECT * FROM `hao_category` WHERE `pid` = 0  [ RunTime:0.000000s ]
SQL: SELECT * FROM `hao_basic` WHERE `basic_name` = 'webname' LIMIT 1   [ RunTime:0.001000s ]
SQL: SELECT * FROM `hao_basic` WHERE `basic_name` = 'Record' LIMIT 1   [ RunTime:0.000000s ]
SQL: SELECT * FROM `hao_basic` WHERE `basic_name` = 'qq' LIMIT 1   [ RunTime:0.000000s ]
SQL: SELECT * FROM `hao_additional` WHERE `fujia_key` = 'button_logo' LIMIT 1   [ RunTime:0.000000s ]
SQL: SELECT * FROM `hao_additional` WHERE `fujia_key` = 'button_wx' LIMIT 1   [ RunTime:0.000000s ]
INFO: [ view_parse ] --START--
INFO: [ template_filter ] --START--
INFO: Run Behavior\ContentReplaceBehavior [ RunTime:0.000000s ]
INFO: [ template_filter ] --END-- [ RunTime:0.000000s ]
NOTIC: [8] Undefined index: catename E:\Epp\qingchunpao\Application\Runtime\Cache\Home\2a94b8bda04ff446dcedd42276fc99ee.php 第 72 行.
NOTIC: [8] Undefined index: catename E:\Epp\qingchunpao\Application\Runtime\Cache\Home\2a94b8bda04ff446dcedd42276fc99ee.php 第 72 行.
NOTIC: [8] Undefined index: catename E:\Epp\qingchunpao\Application\Runtime\Cache\Home\2a94b8bda04ff446dcedd42276fc99ee.php 第 72 行.
NOTIC: [8] Undefined index: catename E:\Epp\qingchunpao\Application\Runtime\Cache\Home\2a94b8bda04ff446dcedd42276fc99ee.php 第 76 行.
INFO: Run Behavior\ParseTemplateBehavior [ RunTime:0.042003s ]
INFO: [ view_parse ] --END-- [ RunTime:0.042003s ]
INFO: [ view_filter ] --START--
INFO: Run Behavior\WriteHtmlCacheBehavior [ RunTime:0.001000s ]
INFO: [ view_filter ] --END-- [ RunTime:0.001000s ]
INFO: [ app_end ] --START--
INFO: Run Behavior\ShowPageTraceBehavior [ RunTime:0.001000s ]
INFO: [ app_end ] --END-- [ RunTime:0.001000s ]

[ 2017-06-17T11:34:01+08:00 ] 127.0.0.1 /
INFO: [ app_init ] --START--
INFO: Run Behavior\BuildLiteBehavior [ RunTime:0.000000s ]
INFO: [ app_init ] --END-- [ RunTime:0.000000s ]
INFO: [ app_begin ] --START--
INFO: Run Behavior\ReadHtmlCacheBehavior [ RunTime:0.002000s ]
INFO: [ app_begin ] --END-- [ RunTime:0.002000s ]
SQL: DESCRIBE hao_category [ RunTime:0.018001s ]
SQL: SELECT * FROM `hao_category` WHERE `pid` = 0 AND `position` = 1 AND `hidden` = 2  [ RunTime:0.001000s ]
SQL: SELECT * FROM `hao_category` WHERE `pid` = 0 AND `position` = 2 AND `hidden` = 2  [ RunTime:0.000000s ]
SQL: DESCRIBE hao_basic [ RunTime:0.019001s ]
SQL: SELECT * FROM `hao_basic` WHERE `basic_name` = 'top_yuyue' LIMIT 1   [ RunTime:0.001000s ]
SQL: SELECT * FROM `hao_basic` WHERE `basic_name` = 'bottom_tel' LIMIT 1   [ RunTime:0.000000s ]
SQL: SELECT * FROM `hao_basic` WHERE `basic_name` = 'address' LIMIT 1   [ RunTime:0.000000s ]
SQL: SELECT * FROM `hao_basic` WHERE `basic_name` = 'bottom_desc' LIMIT 1   [ RunTime:0.001000s ]
SQL: SELECT * FROM `hao_basic` WHERE `basic_name` = 'Record' LIMIT 1   [ RunTime:0.000000s ]
SQL: SELECT * FROM `hao_basic` WHERE `basic_name` = 'search_top' LIMIT 1   [ RunTime:0.001000s ]
SQL: DESCRIBE hao_additional [ RunTime:0.015001s ]
SQL: SELECT * FROM `hao_additional` WHERE `fujia_key` = 'button_wx' LIMIT 1   [ RunTime:0.000000s ]
SQL: DESCRIBE hao_gear [ RunTime:0.020001s ]
SQL: SELECT * FROM `hao_gear`  [ RunTime:0.001000s ]
SQL: DESCRIBE hao_article [ RunTime:0.018001s ]
SQL: SELECT * FROM `hao_article` WHERE `cate_id` = 63 ORDER BY sort asc LIMIT 0,4   [ RunTime:0.001000s ]
SQL: SELECT * FROM `hao_article` WHERE `cate_id` = 64 ORDER BY sort asc  [ RunTime:0.001000s ]
SQL: SELECT * FROM `hao_article` WHERE `cate_id` = 65 ORDER BY sort asc LIMIT 1   [ RunTime:0.000000s ]
SQL: SELECT * FROM `hao_category` WHERE `pid` = 0  [ RunTime:0.000000s ]
SQL: SELECT * FROM `hao_basic` WHERE `basic_name` = 'webname' LIMIT 1   [ RunTime:0.001000s ]
SQL: SELECT * FROM `hao_basic` WHERE `basic_name` = 'Record' LIMIT 1   [ RunTime:0.000000s ]
SQL: SELECT * FROM `hao_basic` WHERE `basic_name` = 'qq' LIMIT 1   [ RunTime:0.001000s ]
SQL: SELECT * FROM `hao_additional` WHERE `fujia_key` = 'button_logo' LIMIT 1   [ RunTime:0.000000s ]
SQL: SELECT * FROM `hao_additional` WHERE `fujia_key` = 'button_wx' LIMIT 1   [ RunTime:0.001001s ]
INFO: [ view_parse ] --START--
INFO: [ template_filter ] --START--
INFO: Run Behavior\ContentReplaceBehavior [ RunTime:0.000000s ]
INFO: [ template_filter ] --END-- [ RunTime:0.000000s ]
INFO: Run Behavior\ParseTemplateBehavior [ RunTime:0.016001s ]
INFO: [ view_parse ] --END-- [ RunTime:0.016001s ]
INFO: [ view_filter ] --START--
INFO: Run Behavior\WriteHtmlCacheBehavior [ RunTime:0.001000s ]
INFO: [ view_filter ] --END-- [ RunTime:0.001000s ]
INFO: [ app_end ] --START--
INFO: Run Behavior\ShowPageTraceBehavior [ RunTime:0.002000s ]
INFO: [ app_end ] --END-- [ RunTime:0.002000s ]

[ 2017-06-17T11:34:44+08:00 ] 127.0.0.1 /
INFO: [ app_init ] --START--
INFO: Run Behavior\BuildLiteBehavior [ RunTime:0.000000s ]
INFO: [ app_init ] --END-- [ RunTime:0.001000s ]
INFO: [ app_begin ] --START--
INFO: Run Behavior\ReadHtmlCacheBehavior [ RunTime:0.001000s ]
INFO: [ app_begin ] --END-- [ RunTime:0.001000s ]
SQL: DESCRIBE hao_category [ RunTime:0.018001s ]
SQL: SELECT * FROM `hao_category` WHERE `pid` = 0 AND `position` = 1 AND `hidden` = 2  [ RunTime:0.001001s ]
SQL: SELECT * FROM `hao_category` WHERE `pid` = 0 AND `position` = 2 AND `hidden` = 2  [ RunTime:0.000000s ]
SQL: DESCRIBE hao_basic [ RunTime:0.018001s ]
SQL: SELECT * FROM `hao_basic` WHERE `basic_name` = 'top_yuyue' LIMIT 1   [ RunTime:0.000000s ]
SQL: SELECT * FROM `hao_basic` WHERE `basic_name` = 'bottom_tel' LIMIT 1   [ RunTime:0.000000s ]
SQL: SELECT * FROM `hao_basic` WHERE `basic_name` = 'address' LIMIT 1   [ RunTime:0.000000s ]
SQL: SELECT * FROM `hao_basic` WHERE `basic_name` = 'bottom_desc' LIMIT 1   [ RunTime:0.000000s ]
SQL: SELECT * FROM `hao_basic` WHERE `basic_name` = 'Record' LIMIT 1   [ RunTime:0.000000s ]
SQL: SELECT * FROM `hao_basic` WHERE `basic_name` = 'search_top' LIMIT 1   [ RunTime:0.001000s ]
SQL: DESCRIBE hao_additional [ RunTime:0.019001s ]
SQL: SELECT * FROM `hao_additional` WHERE `fujia_key` = 'button_wx' LIMIT 1   [ RunTime:0.000000s ]
SQL: DESCRIBE hao_gear [ RunTime:0.017001s ]
SQL: SELECT * FROM `hao_gear`  [ RunTime:0.001000s ]
SQL: DESCRIBE hao_article [ RunTime:0.017001s ]
SQL: SELECT * FROM `hao_article` WHERE `cate_id` = 63 ORDER BY sort asc LIMIT 0,4   [ RunTime:0.001000s ]
SQL: SELECT * FROM `hao_article` WHERE `cate_id` = 64 ORDER BY sort asc  [ RunTime:0.001000s ]
SQL: SELECT * FROM `hao_article` WHERE `cate_id` = 65 ORDER BY sort asc LIMIT 1   [ RunTime:0.001000s ]
SQL: SELECT * FROM `hao_category` WHERE `pid` = 0  [ RunTime:0.000000s ]
SQL: SELECT * FROM `hao_basic` WHERE `basic_name` = 'webname' LIMIT 1   [ RunTime:0.001000s ]
SQL: SELECT * FROM `hao_basic` WHERE `basic_name` = 'Record' LIMIT 1   [ RunTime:0.000000s ]
SQL: SELECT * FROM `hao_basic` WHERE `basic_name` = 'qq' LIMIT 1   [ RunTime:0.000000s ]
SQL: SELECT * FROM `hao_additional` WHERE `fujia_key` = 'button_logo' LIMIT 1   [ RunTime:0.000000s ]
SQL: SELECT * FROM `hao_additional` WHERE `fujia_key` = 'button_wx' LIMIT 1   [ RunTime:0.000000s ]
INFO: [ view_parse ] --START--
INFO: [ template_filter ] --START--
INFO: Run Behavior\ContentReplaceBehavior [ RunTime:0.000000s ]
INFO: [ template_filter ] --END-- [ RunTime:0.000000s ]
INFO: Run Behavior\ParseTemplateBehavior [ RunTime:0.017001s ]
INFO: [ view_parse ] --END-- [ RunTime:0.017001s ]
INFO: [ view_filter ] --START--
INFO: Run Behavior\WriteHtmlCacheBehavior [ RunTime:0.001000s ]
INFO: [ view_filter ] --END-- [ RunTime:0.001000s ]
INFO: [ app_end ] --START--
INFO: Run Behavior\ShowPageTraceBehavior [ RunTime:0.002001s ]
INFO: [ app_end ] --END-- [ RunTime:0.002001s ]

[ 2017-06-17T11:34:56+08:00 ] 127.0.0.1 /
INFO: [ app_init ] --START--
INFO: Run Behavior\BuildLiteBehavior [ RunTime:0.000000s ]
INFO: [ app_init ] --END-- [ RunTime:0.001000s ]
INFO: [ app_begin ] --START--
INFO: Run Behavior\ReadHtmlCacheBehavior [ RunTime:0.002000s ]
INFO: [ app_begin ] --END-- [ RunTime:0.002000s ]
SQL: DESCRIBE hao_category [ RunTime:0.024001s ]
SQL: SELECT * FROM `hao_category` WHERE `pid` = 0 AND `position` = 1 AND `hidden` = 2  [ RunTime:0.001000s ]
SQL: SELECT * FROM `hao_category` WHERE `pid` = 0 AND `position` = 2 AND `hidden` = 2  [ RunTime:0.001000s ]
SQL: DESCRIBE hao_basic [ RunTime:0.020002s ]
SQL: SELECT * FROM `hao_basic` WHERE `basic_name` = 'top_yuyue' LIMIT 1   [ RunTime:0.000000s ]
SQL: SELECT * FROM `hao_basic` WHERE `basic_name` = 'bottom_tel' LIMIT 1   [ RunTime:0.001000s ]
SQL: SELECT * FROM `hao_basic` WHERE `basic_name` = 'address' LIMIT 1   [ RunTime:0.000000s ]
SQL: SELECT * FROM `hao_basic` WHERE `basic_name` = 'bottom_desc' LIMIT 1   [ RunTime:0.001000s ]
SQL: SELECT * FROM `hao_basic` WHERE `basic_name` = 'Record' LIMIT 1   [ RunTime:0.000000s ]
SQL: SELECT * FROM `hao_basic` WHERE `basic_name` = 'search_top' LIMIT 1   [ RunTime:0.001000s ]
SQL: DESCRIBE hao_additional [ RunTime:0.021001s ]
SQL: SELECT * FROM `hao_additional` WHERE `fujia_key` = 'button_wx' LIMIT 1   [ RunTime:0.000000s ]
SQL: DESCRIBE hao_gear [ RunTime:0.017001s ]
SQL: SELECT * FROM `hao_gear`  [ RunTime:0.000000s ]
SQL: DESCRIBE hao_article [ RunTime:0.016001s ]
SQL: SELECT * FROM `hao_article` WHERE `cate_id` = 63 ORDER BY sort asc LIMIT 0,4   [ RunTime:0.001000s ]
SQL: SELECT * FROM `hao_article` WHERE `cate_id` = 64 ORDER BY sort asc  [ RunTime:0.000000s ]
SQL: SELECT * FROM `hao_article` WHERE `cate_id` = 65 ORDER BY sort asc LIMIT 1   [ RunTime:0.001000s ]
SQL: SELECT * FROM `hao_category` WHERE `pid` = 0  [ RunTime:0.000000s ]
SQL: SELECT * FROM `hao_basic` WHERE `basic_name` = 'webname' LIMIT 1   [ RunTime:0.000000s ]
SQL: SELECT * FROM `hao_basic` WHERE `basic_name` = 'Record' LIMIT 1   [ RunTime:0.000000s ]
SQL: SELECT * FROM `hao_basic` WHERE `basic_name` = 'qq' LIMIT 1   [ RunTime:0.001000s ]
SQL: SELECT * FROM `hao_additional` WHERE `fujia_key` = 'button_logo' LIMIT 1   [ RunTime:0.000000s ]
SQL: SELECT * FROM `hao_additional` WHERE `fujia_key` = 'button_wx' LIMIT 1   [ RunTime:0.000000s ]
INFO: [ view_parse ] --START--
INFO: [ template_filter ] --START--
INFO: Run Behavior\ContentReplaceBehavior [ RunTime:0.000000s ]
INFO: [ template_filter ] --END-- [ RunTime:0.000000s ]
INFO: Run Behavior\ParseTemplateBehavior [ RunTime:0.017001s ]
INFO: [ view_parse ] --END-- [ RunTime:0.017001s ]
INFO: [ view_filter ] --START--
INFO: Run Behavior\WriteHtmlCacheBehavior [ RunTime:0.001000s ]
INFO: [ view_filter ] --END-- [ RunTime:0.001000s ]
INFO: [ app_end ] --START--
INFO: Run Behavior\ShowPageTraceBehavior [ RunTime:0.001000s ]
INFO: [ app_end ] --END-- [ RunTime:0.001000s ]

[ 2017-06-17T11:35:11+08:00 ] 127.0.0.1 /
INFO: [ app_init ] --START--
INFO: Run Behavior\BuildLiteBehavior [ RunTime:0.000000s ]
INFO: [ app_init ] --END-- [ RunTime:0.001000s ]
INFO: [ app_begin ] --START--
INFO: Run Behavior\ReadHtmlCacheBehavior [ RunTime:0.000000s ]
INFO: [ app_begin ] --END-- [ RunTime:0.000000s ]
SQL: DESCRIBE hao_category [ RunTime:0.021001s ]
SQL: SELECT * FROM `hao_category` WHERE `pid` = 0 AND `position` = 1 AND `hidden` = 2  [ RunTime:0.001000s ]
SQL: SELECT * FROM `hao_category` WHERE `pid` = 0 AND `position` = 2 AND `hidden` = 2  [ RunTime:0.001000s ]
SQL: DESCRIBE hao_basic [ RunTime:0.018001s ]
SQL: SELECT * FROM `hao_basic` WHERE `basic_name` = 'top_yuyue' LIMIT 1   [ RunTime:0.000000s ]
SQL: SELECT * FROM `hao_basic` WHERE `basic_name` = 'bottom_tel' LIMIT 1   [ RunTime:0.001000s ]
SQL: SELECT * FROM `hao_basic` WHERE `basic_name` = 'address' LIMIT 1   [ RunTime:0.000000s ]
SQL: SELECT * FROM `hao_basic` WHERE `basic_name` = 'bottom_desc' LIMIT 1   [ RunTime:0.001000s ]
SQL: SELECT * FROM `hao_basic` WHERE `basic_name` = 'Record' LIMIT 1   [ RunTime:0.000000s ]
SQL: SELECT * FROM `hao_basic` WHERE `basic_name` = 'search_top' LIMIT 1   [ RunTime:0.001000s ]
SQL: DESCRIBE hao_additional [ RunTime:0.016001s ]
SQL: SELECT * FROM `hao_additional` WHERE `fujia_key` = 'button_wx' LIMIT 1   [ RunTime:0.001000s ]
SQL: DESCRIBE hao_gear [ RunTime:0.019001s ]
SQL: SELECT * FROM `hao_gear`  [ RunTime:0.001000s ]
SQL: DESCRIBE hao_article [ RunTime:0.018001s ]
SQL: SELECT * FROM `hao_article` WHERE `cate_id` = 63 ORDER BY sort asc LIMIT 0,4   [ RunTime:0.001000s ]
SQL: SELECT * FROM `hao_article` WHERE `cate_id` = 64 ORDER BY sort asc  [ RunTime:0.000000s ]
SQL: SELECT * FROM `hao_article` WHERE `cate_id` = 65 ORDER BY sort asc LIMIT 1   [ RunTime:0.001000s ]
SQL: SELECT * FROM `hao_category` WHERE `pid` = 0  [ RunTime:0.000000s ]
SQL: SELECT * FROM `hao_basic` WHERE `basic_name` = 'webname' LIMIT 1   [ RunTime:0.000000s ]
SQL: SELECT * FROM `hao_basic` WHERE `basic_name` = 'Record' LIMIT 1   [ RunTime:0.000000s ]
SQL: SELECT * FROM `hao_basic` WHERE `basic_name` = 'qq' LIMIT 1   [ RunTime:0.001000s ]
SQL: SELECT * FROM `hao_additional` WHERE `fujia_key` = 'button_logo' LIMIT 1   [ RunTime:0.000000s ]
SQL: SELECT * FROM `hao_additional` WHERE `fujia_key` = 'button_wx' LIMIT 1   [ RunTime:0.001000s ]
INFO: [ view_parse ] --START--
INFO: [ template_filter ] --START--
INFO: Run Behavior\ContentReplaceBehavior [ RunTime:0.000000s ]
INFO: [ template_filter ] --END-- [ RunTime:0.000000s ]
INFO: Run Behavior\ParseTemplateBehavior [ RunTime:0.012001s ]
INFO: [ view_parse ] --END-- [ RunTime:0.012001s ]
INFO: [ view_filter ] --START--
INFO: Run Behavior\WriteHtmlCacheBehavior [ RunTime:0.000000s ]
INFO: [ view_filter ] --END-- [ RunTime:0.000000s ]
INFO: [ app_end ] --START--
INFO: Run Behavior\ShowPageTraceBehavior [ RunTime:0.001000s ]
INFO: [ app_end ] --END-- [ RunTime:0.001000s ]

[ 2017-06-17T11:35:53+08:00 ] 127.0.0.1 /
INFO: [ app_init ] --START--
INFO: Run Behavior\BuildLiteBehavior [ RunTime:0.000000s ]
INFO: [ app_init ] --END-- [ RunTime:0.001000s ]
INFO: [ app_begin ] --START--
INFO: Run Behavior\ReadHtmlCacheBehavior [ RunTime:0.001000s ]
INFO: [ app_begin ] --END-- [ RunTime:0.001000s ]
SQL: DESCRIBE hao_category [ RunTime:0.020001s ]
SQL: SELECT * FROM `hao_category` WHERE `pid` = 0 AND `position` = 1 AND `hidden` = 2  [ RunTime:0.001000s ]
SQL: SELECT * FROM `hao_category` WHERE `pid` = 0 AND `position` = 2 AND `hidden` = 2  [ RunTime:0.001000s ]
SQL: DESCRIBE hao_basic [ RunTime:0.018002s ]
SQL: SELECT * FROM `hao_basic` WHERE `basic_name` = 'top_yuyue' LIMIT 1   [ RunTime:0.001000s ]
SQL: SELECT * FROM `hao_basic` WHERE `basic_name` = 'bottom_tel' LIMIT 1   [ RunTime:0.000000s ]
SQL: SELECT * FROM `hao_basic` WHERE `basic_name` = 'address' LIMIT 1   [ RunTime:0.001000s ]
SQL: SELECT * FROM `hao_basic` WHERE `basic_name` = 'bottom_desc' LIMIT 1   [ RunTime:0.000000s ]
SQL: SELECT * FROM `hao_basic` WHERE `basic_name` = 'Record' LIMIT 1   [ RunTime:0.000000s ]
SQL: SELECT * FROM `hao_basic` WHERE `basic_name` = 'search_top' LIMIT 1   [ RunTime:0.000000s ]
SQL: DESCRIBE hao_additional [ RunTime:0.081004s ]
SQL: SELECT * FROM `hao_additional` WHERE `fujia_key` = 'button_wx' LIMIT 1   [ RunTime:0.001000s ]
SQL: DESCRIBE hao_gear [ RunTime:0.015001s ]
SQL: SELECT * FROM `hao_gear`  [ RunTime:0.000000s ]
SQL: DESCRIBE hao_article [ RunTime:0.017001s ]
SQL: SELECT * FROM `hao_article` WHERE `cate_id` = 63 ORDER BY sort asc LIMIT 0,4   [ RunTime:0.000000s ]
SQL: SELECT * FROM `hao_article` WHERE `cate_id` = 64 ORDER BY sort asc  [ RunTime:0.001000s ]
SQL: SELECT * FROM `hao_article` WHERE `cate_id` = 65 ORDER BY sort asc LIMIT 1   [ RunTime:0.001000s ]
SQL: SELECT * FROM `hao_category` WHERE `pid` = 0  [ RunTime:0.000000s ]
SQL: SELECT * FROM `hao_basic` WHERE `basic_name` = 'webname' LIMIT 1   [ RunTime:0.001001s ]
SQL: SELECT * FROM `hao_basic` WHERE `basic_name` = 'Record' LIMIT 1   [ RunTime:0.000000s ]
SQL: SELECT * FROM `hao_basic` WHERE `basic_name` = 'qq' LIMIT 1   [ RunTime:0.000000s ]
SQL: SELECT * FROM `hao_additional` WHERE `fujia_key` = 'button_logo' LIMIT 1   [ RunTime:0.001000s ]
SQL: SELECT * FROM `hao_additional` WHERE `fujia_key` = 'button_wx' LIMIT 1   [ RunTime:0.000000s ]
INFO: [ view_parse ] --START--
INFO: [ template_filter ] --START--
INFO: Run Behavior\ContentReplaceBehavior [ RunTime:0.000000s ]
INFO: [ template_filter ] --END-- [ RunTime:0.000000s ]
INFO: Run Behavior\ParseTemplateBehavior [ RunTime:0.013000s ]
INFO: [ view_parse ] --END-- [ RunTime:0.013000s ]
INFO: [ view_filter ] --START--
INFO: Run Behavior\WriteHtmlCacheBehavior [ RunTime:0.000000s ]
INFO: [ view_filter ] --END-- [ RunTime:0.000000s ]
INFO: [ app_end ] --START--
INFO: Run Behavior\ShowPageTraceBehavior [ RunTime:0.000000s ]
INFO: [ app_end ] --END-- [ RunTime:0.001000s ]

[ 2017-06-17T11:36:04+08:00 ] 127.0.0.1 /
INFO: [ app_init ] --START--
INFO: Run Behavior\BuildLiteBehavior [ RunTime:0.000000s ]
INFO: [ app_init ] --END-- [ RunTime:0.000000s ]
INFO: [ app_begin ] --START--
INFO: Run Behavior\ReadHtmlCacheBehavior [ RunTime:0.001000s ]
INFO: [ app_begin ] --END-- [ RunTime:0.001000s ]
SQL: DESCRIBE hao_category [ RunTime:0.015001s ]
SQL: SELECT * FROM `hao_category` WHERE `pid` = 0 AND `position` = 1 AND `hidden` = 2  [ RunTime:0.001000s ]
SQL: SELECT * FROM `hao_category` WHERE `pid` = 0 AND `position` = 2 AND `hidden` = 2  [ RunTime:0.000000s ]
SQL: DESCRIBE hao_basic [ RunTime:0.016001s ]
SQL: SELECT * FROM `hao_basic` WHERE `basic_name` = 'top_yuyue' LIMIT 1   [ RunTime:0.000000s ]
SQL: SELECT * FROM `hao_basic` WHERE `basic_name` = 'bottom_tel' LIMIT 1   [ RunTime:0.001000s ]
SQL: SELECT * FROM `hao_basic` WHERE `basic_name` = 'address' LIMIT 1   [ RunTime:0.001000s ]
SQL: SELECT * FROM `hao_basic` WHERE `basic_name` = 'bottom_desc' LIMIT 1   [ RunTime:0.000000s ]
SQL: SELECT * FROM `hao_basic` WHERE `basic_name` = 'Record' LIMIT 1   [ RunTime:0.000000s ]
SQL: SELECT * FROM `hao_basic` WHERE `basic_name` = 'search_top' LIMIT 1   [ RunTime:0.001000s ]
SQL: DESCRIBE hao_additional [ RunTime:0.019001s ]
SQL: SELECT * FROM `hao_additional` WHERE `fujia_key` = 'button_wx' LIMIT 1   [ RunTime:0.001000s ]
SQL: DESCRIBE hao_gear [ RunTime:0.016001s ]
SQL: SELECT * FROM `hao_gear`  [ RunTime:0.001000s ]
SQL: DESCRIBE hao_article [ RunTime:0.017001s ]
SQL: SELECT * FROM `hao_article` WHERE `cate_id` = 63 ORDER BY sort asc LIMIT 0,4   [ RunTime:0.001000s ]
SQL: SELECT * FROM `hao_article` WHERE `cate_id` = 64 ORDER BY sort asc  [ RunTime:0.000000s ]
SQL: SELECT * FROM `hao_article` WHERE `cate_id` = 65 ORDER BY sort asc LIMIT 1   [ RunTime:0.000000s ]
SQL: SELECT * FROM `hao_category` WHERE `pid` = 0  [ RunTime:0.000000s ]
SQL: SELECT * FROM `hao_basic` WHERE `basic_name` = 'webname' LIMIT 1   [ RunTime:0.001000s ]
SQL: SELECT * FROM `hao_basic` WHERE `basic_name` = 'Record' LIMIT 1   [ RunTime:0.000000s ]
SQL: SELECT * FROM `hao_basic` WHERE `basic_name` = 'qq' LIMIT 1   [ RunTime:0.001000s ]
SQL: SELECT * FROM `hao_additional` WHERE `fujia_key` = 'button_logo' LIMIT 1   [ RunTime:0.001000s ]
SQL: SELECT * FROM `hao_additional` WHERE `fujia_key` = 'button_wx' LIMIT 1   [ RunTime:0.000000s ]
INFO: [ view_parse ] --START--
INFO: [ template_filter ] --START--
INFO: Run Behavior\ContentReplaceBehavior [ RunTime:0.000000s ]
INFO: [ template_filter ] --END-- [ RunTime:0.000000s ]
INFO: Run Behavior\ParseTemplateBehavior [ RunTime:0.016001s ]
INFO: [ view_parse ] --END-- [ RunTime:0.016001s ]
INFO: [ view_filter ] --START--
INFO: Run Behavior\WriteHtmlCacheBehavior [ RunTime:0.001000s ]
INFO: [ view_filter ] --END-- [ RunTime:0.001000s ]
INFO: [ app_end ] --START--
INFO: Run Behavior\ShowPageTraceBehavior [ RunTime:0.002000s ]
INFO: [ app_end ] --END-- [ RunTime:0.002000s ]

[ 2017-06-17T11:36:24+08:00 ] 127.0.0.1 /
INFO: [ app_init ] --START--
INFO: Run Behavior\BuildLiteBehavior [ RunTime:0.000000s ]
INFO: [ app_init ] --END-- [ RunTime:0.000000s ]
INFO: [ app_begin ] --START--
INFO: Run Behavior\ReadHtmlCacheBehavior [ RunTime:0.002000s ]
INFO: [ app_begin ] --END-- [ RunTime:0.002000s ]
SQL: DESCRIBE hao_category [ RunTime:0.019001s ]
SQL: SELECT * FROM `hao_category` WHERE `pid` = 0 AND `position` = 1 AND `hidden` = 2  [ RunTime:0.001000s ]
SQL: SELECT * FROM `hao_category` WHERE `pid` = 0 AND `position` = 2 AND `hidden` = 2  [ RunTime:0.001000s ]
SQL: DESCRIBE hao_basic [ RunTime:0.018001s ]
SQL: SELECT * FROM `hao_basic` WHERE `basic_name` = 'top_yuyue' LIMIT 1   [ RunTime:0.000000s ]
SQL: SELECT * FROM `hao_basic` WHERE `basic_name` = 'bottom_tel' LIMIT 1   [ RunTime:0.001000s ]
SQL: SELECT * FROM `hao_basic` WHERE `basic_name` = 'address' LIMIT 1   [ RunTime:0.001000s ]
SQL: SELECT * FROM `hao_basic` WHERE `basic_name` = 'bottom_desc' LIMIT 1   [ RunTime:0.000000s ]
SQL: SELECT * FROM `hao_basic` WHERE `basic_name` = 'Record' LIMIT 1   [ RunTime:0.001000s ]
SQL: SELECT * FROM `hao_basic` WHERE `basic_name` = 'search_top' LIMIT 1   [ RunTime:0.000000s ]
SQL: DESCRIBE hao_additional [ RunTime:0.016001s ]
SQL: SELECT * FROM `hao_additional` WHERE `fujia_key` = 'button_wx' LIMIT 1   [ RunTime:0.000000s ]
SQL: DESCRIBE hao_gear [ RunTime:0.015001s ]
SQL: SELECT * FROM `hao_gear`  [ RunTime:0.000000s ]
SQL: DESCRIBE hao_article [ RunTime:0.015001s ]
SQL: SELECT * FROM `hao_article` WHERE `cate_id` = 63 ORDER BY sort asc LIMIT 0,4   [ RunTime:0.001000s ]
SQL: SELECT * FROM `hao_article` WHERE `cate_id` = 64 ORDER BY sort asc  [ RunTime:0.001000s ]
SQL: SELECT * FROM `hao_article` WHERE `cate_id` = 65 ORDER BY sort asc LIMIT 1   [ RunTime:0.000000s ]
SQL: SELECT * FROM `hao_category` WHERE `pid` = 0  [ RunTime:0.001000s ]
SQL: SELECT * FROM `hao_basic` WHERE `basic_name` = 'webname' LIMIT 1   [ RunTime:0.000000s ]
SQL: SELECT * FROM `hao_basic` WHERE `basic_name` = 'Record' LIMIT 1   [ RunTime:0.001000s ]
SQL: SELECT * FROM `hao_basic` WHERE `basic_name` = 'qq' LIMIT 1   [ RunTime:0.000000s ]
SQL: SELECT * FROM `hao_additional` WHERE `fujia_key` = 'button_logo' LIMIT 1   [ RunTime:0.001000s ]
SQL: SELECT * FROM `hao_additional` WHERE `fujia_key` = 'button_wx' LIMIT 1   [ RunTime:0.000000s ]
INFO: [ view_parse ] --START--
INFO: [ template_filter ] --START--
INFO: Run Behavior\ContentReplaceBehavior [ RunTime:0.000000s ]
INFO: [ template_filter ] --END-- [ RunTime:0.000000s ]
INFO: Run Behavior\ParseTemplateBehavior [ RunTime:0.022001s ]
INFO: [ view_parse ] --END-- [ RunTime:0.022001s ]
INFO: [ view_filter ] --START--
INFO: Run Behavior\WriteHtmlCacheBehavior [ RunTime:0.002000s ]
INFO: [ view_filter ] --END-- [ RunTime:0.002000s ]
INFO: [ app_end ] --START--
INFO: Run Behavior\ShowPageTraceBehavior [ RunTime:0.002000s ]
INFO: [ app_end ] --END-- [ RunTime:0.002000s ]

[ 2017-06-17T11:37:10+08:00 ] 127.0.0.1 /
INFO: [ app_init ] --START--
INFO: Run Behavior\BuildLiteBehavior [ RunTime:0.000000s ]
INFO: [ app_init ] --END-- [ RunTime:0.001000s ]
INFO: [ app_begin ] --START--
INFO: Run Behavior\ReadHtmlCacheBehavior [ RunTime:0.002000s ]
INFO: [ app_begin ] --END-- [ RunTime:0.002000s ]
SQL: DESCRIBE hao_category [ RunTime:0.018001s ]
SQL: SELECT * FROM `hao_category` WHERE `pid` = 0 AND `position` = 1 AND `hidden` = 2  [ RunTime:0.001000s ]
SQL: SELECT * FROM `hao_category` WHERE `pid` = 0 AND `position` = 2 AND `hidden` = 2  [ RunTime:0.000000s ]
SQL: DESCRIBE hao_basic [ RunTime:0.020001s ]
SQL: SELECT * FROM `hao_basic` WHERE `basic_name` = 'top_yuyue' LIMIT 1   [ RunTime:0.001000s ]
SQL: SELECT * FROM `hao_basic` WHERE `basic_name` = 'bottom_tel' LIMIT 1   [ RunTime:0.001000s ]
SQL: SELECT * FROM `hao_basic` WHERE `basic_name` = 'address' LIMIT 1   [ RunTime:0.000000s ]
SQL: SELECT * FROM `hao_basic` WHERE `basic_name` = 'bottom_desc' LIMIT 1   [ RunTime:0.001000s ]
SQL: SELECT * FROM `hao_basic` WHERE `basic_name` = 'Record' LIMIT 1   [ RunTime:0.000000s ]
SQL: SELECT * FROM `hao_basic` WHERE `basic_name` = 'search_top' LIMIT 1   [ RunTime:0.001000s ]
SQL: DESCRIBE hao_additional [ RunTime:0.015001s ]
SQL: SELECT * FROM `hao_additional` WHERE `fujia_key` = 'button_wx' LIMIT 1   [ RunTime:0.001000s ]
SQL: DESCRIBE hao_gear [ RunTime:0.015001s ]
SQL: SELECT * FROM `hao_gear`  [ RunTime:0.001000s ]
SQL: DESCRIBE hao_article [ RunTime:0.016001s ]
SQL: SELECT * FROM `hao_article` WHERE `cate_id` = 63 ORDER BY sort asc LIMIT 0,4   [ RunTime:0.001000s ]
SQL: SELECT * FROM `hao_article` WHERE `cate_id` = 64 ORDER BY sort asc  [ RunTime:0.001000s ]
SQL: SELECT * FROM `hao_article` WHERE `cate_id` = 65 ORDER BY sort asc LIMIT 1   [ RunTime:0.001000s ]
SQL: SELECT * FROM `hao_category` WHERE `pid` = 0  [ RunTime:0.000000s ]
SQL: SELECT * FROM `hao_basic` WHERE `basic_name` = 'webname' LIMIT 1   [ RunTime:0.001000s ]
SQL: SELECT * FROM `hao_basic` WHERE `basic_name` = 'Record' LIMIT 1   [ RunTime:0.000000s ]
SQL: SELECT * FROM `hao_basic` WHERE `basic_name` = 'qq' LIMIT 1   [ RunTime:0.000000s ]
SQL: SELECT * FROM `hao_additional` WHERE `fujia_key` = 'button_logo' LIMIT 1   [ RunTime:0.000000s ]
SQL: SELECT * FROM `hao_additional` WHERE `fujia_key` = 'button_wx' LIMIT 1   [ RunTime:0.000000s ]
INFO: [ view_parse ] --START--
INFO: [ template_filter ] --START--
INFO: Run Behavior\ContentReplaceBehavior [ RunTime:0.000000s ]
INFO: [ template_filter ] --END-- [ RunTime:0.000000s ]
INFO: Run Behavior\ParseTemplateBehavior [ RunTime:0.016000s ]
INFO: [ view_parse ] --END-- [ RunTime:0.016000s ]
INFO: [ view_filter ] --START--
INFO: Run Behavior\WriteHtmlCacheBehavior [ RunTime:0.001000s ]
INFO: [ view_filter ] --END-- [ RunTime:0.001000s ]
INFO: [ app_end ] --START--
INFO: Run Behavior\ShowPageTraceBehavior [ RunTime:0.001000s ]
INFO: [ app_end ] --END-- [ RunTime:0.001000s ]

