[ 2017-07-20T09:17:08+08:00 ] 112.243.136.14 /index.php/assets/img/user02.png
INFO: [ app_init ] --START--
INFO: Run Behavior\BuildLiteBehavior [ RunTime:0.000000s ]
INFO: [ app_init ] --END-- [ RunTime:0.015626s ]
ERR: 无法加载模块:Assets

[ 2017-07-20T14:00:29+08:00 ] 112.243.136.14 /index.php/skin/js/jquery.superslide.2.1.1.js
INFO: [ app_init ] --START--
INFO: Run Behavior\BuildLiteBehavior [ RunTime:0.000000s ]
INFO: [ app_init ] --END-- [ RunTime:0.000000s ]
ERR: 无法加载模块:Skin

[ 2017-07-20T16:42:15+08:00 ] 112.243.136.14 /index.php/Admin/Index/assets/img/user01.png
INFO: [ app_init ] --START--
INFO: Run Behavior\BuildLiteBehavior [ RunTime:0.000000s ]
INFO: [ app_init ] --END-- [ RunTime:0.000000s ]

[ 2017-07-20T16:42:15+08:00 ] 112.243.136.14 /index.php/Admin/Index/assets/img/user02.png
INFO: [ app_init ] --START--
INFO: Run Behavior\BuildLiteBehavior [ RunTime:0.000000s ]
INFO: [ app_init ] --END-- [ RunTime:0.000000s ]

[ 2017-07-20T16:42:15+08:00 ] 112.243.136.14 /index.php/Admin/Index/assets/img/user05.png
INFO: [ app_init ] --START--
INFO: Run Behavior\BuildLiteBehavior [ RunTime:0.000000s ]
INFO: [ app_init ] --END-- [ RunTime:0.000000s ]

[ 2017-07-20T16:44:52+08:00 ] 112.243.136.14 /index.php/Admin/Index/assets/img/user01.png
INFO: [ app_init ] --START--
INFO: Run Behavior\BuildLiteBehavior [ RunTime:0.000000s ]
INFO: [ app_init ] --END-- [ RunTime:0.000000s ]

[ 2017-07-20T16:44:52+08:00 ] 112.243.136.14 /index.php/Admin/Index/assets/img/user06.png
INFO: [ app_init ] --START--
INFO: Run Behavior\BuildLiteBehavior [ RunTime:0.000000s ]
INFO: [ app_init ] --END-- [ RunTime:0.000000s ]

[ 2017-07-20T16:44:52+08:00 ] 112.243.136.14 /index.php/Admin/Index/assets/img/user05.png
INFO: [ app_init ] --START--
INFO: Run Behavior\BuildLiteBehavior [ RunTime:0.000000s ]
INFO: [ app_init ] --END-- [ RunTime:0.000000s ]

[ 2017-07-20T16:44:52+08:00 ] 112.243.136.14 /index.php/Admin/Index/assets/img/user04.png
INFO: [ app_init ] --START--
INFO: Run Behavior\BuildLiteBehavior [ RunTime:0.000000s ]
INFO: [ app_init ] --END-- [ RunTime:0.000000s ]

[ 2017-07-20T16:58:47+08:00 ] 112.243.136.14 /index.php/Admin/Index/assets/img/user01.png
INFO: [ app_init ] --START--
INFO: Run Behavior\BuildLiteBehavior [ RunTime:0.000000s ]
INFO: [ app_init ] --END-- [ RunTime:0.000000s ]

[ 2017-07-20T16:58:47+08:00 ] 112.243.136.14 /index.php/Admin/Index/assets/img/user05.png
INFO: [ app_init ] --START--
INFO: Run Behavior\BuildLiteBehavior [ RunTime:0.000000s ]
INFO: [ app_init ] --END-- [ RunTime:0.000000s ]

[ 2017-07-20T16:59:58+08:00 ] 112.243.136.14 /index.php/Admin/Index/assets/img/user03.png
INFO: [ app_init ] --START--
INFO: Run Behavior\BuildLiteBehavior [ RunTime:0.000000s ]
INFO: [ app_init ] --END-- [ RunTime:0.000000s ]

[ 2017-07-20T17:17:48+08:00 ] 112.243.136.14 /index.php/Admin/Index/assets/img/user01.png
INFO: [ app_init ] --START--
INFO: Run Behavior\BuildLiteBehavior [ RunTime:0.000000s ]
INFO: [ app_init ] --END-- [ RunTime:0.000000s ]

[ 2017-07-20T17:17:48+08:00 ] 112.243.136.14 /index.php/Admin/Index/assets/img/user02.png
INFO: [ app_init ] --START--
INFO: Run Behavior\BuildLiteBehavior [ RunTime:0.000000s ]
INFO: [ app_init ] --END-- [ RunTime:0.000000s ]

[ 2017-07-20T17:17:48+08:00 ] 112.243.136.14 /index.php/Admin/Index/assets/img/user05.png
INFO: [ app_init ] --START--
INFO: Run Behavior\BuildLiteBehavior [ RunTime:0.000000s ]
INFO: [ app_init ] --END-- [ RunTime:0.000000s ]

[ 2017-07-20T17:43:21+08:00 ] 112.243.136.14 /index.php/Admin/Index/assets/img/user02.png
INFO: [ app_init ] --START--
INFO: Run Behavior\BuildLiteBehavior [ RunTime:0.000000s ]
INFO: [ app_init ] --END-- [ RunTime:0.000000s ]

[ 2017-07-20T17:43:21+08:00 ] 112.243.136.14 /index.php/Admin/Index/assets/img/user01.png
INFO: [ app_init ] --START--
INFO: Run Behavior\BuildLiteBehavior [ RunTime:0.000000s ]
INFO: [ app_init ] --END-- [ RunTime:0.000000s ]

[ 2017-07-20T17:43:21+08:00 ] 112.243.136.14 /index.php/Admin/Index/assets/img/user04.png
INFO: [ app_init ] --START--
INFO: Run Behavior\BuildLiteBehavior [ RunTime:0.000000s ]
INFO: [ app_init ] --END-- [ RunTime:0.000000s ]

[ 2017-07-20T17:43:21+08:00 ] 112.243.136.14 /index.php/Admin/Index/assets/img/user06.png
INFO: [ app_init ] --START--
INFO: Run Behavior\BuildLiteBehavior [ RunTime:0.000000s ]
INFO: [ app_init ] --END-- [ RunTime:0.000000s ]

[ 2017-07-20T17:43:21+08:00 ] 112.243.136.14 /index.php/Admin/Index/assets/img/user03.png
INFO: [ app_init ] --START--
INFO: Run Behavior\BuildLiteBehavior [ RunTime:0.000000s ]
INFO: [ app_init ] --END-- [ RunTime:0.000000s ]

[ 2017-07-20T17:43:41+08:00 ] 112.243.136.14 /index.php/Admin/Index/assets/img/user01.png
INFO: [ app_init ] --START--
INFO: Run Behavior\BuildLiteBehavior [ RunTime:0.000000s ]
INFO: [ app_init ] --END-- [ RunTime:0.000000s ]

[ 2017-07-20T17:43:41+08:00 ] 112.243.136.14 /index.php/Admin/Index/assets/img/user05.png
INFO: [ app_init ] --START--
INFO: Run Behavior\BuildLiteBehavior [ RunTime:0.000000s ]
INFO: [ app_init ] --END-- [ RunTime:0.000000s ]

[ 2017-07-20T17:43:41+08:00 ] 112.243.136.14 /index.php/Admin/Index/assets/img/user02.png
INFO: [ app_init ] --START--
INFO: Run Behavior\BuildLiteBehavior [ RunTime:0.000000s ]
INFO: [ app_init ] --END-- [ RunTime:0.000000s ]

[ 2017-07-20T17:43:41+08:00 ] 112.243.136.14 /index.php/Admin/Index/assets/img/user03.png
INFO: [ app_init ] --START--
INFO: Run Behavior\BuildLiteBehavior [ RunTime:0.000000s ]
INFO: [ app_init ] --END-- [ RunTime:0.000000s ]

[ 2017-07-20T17:43:41+08:00 ] 112.243.136.14 /index.php/Admin/Index/assets/img/user06.png
INFO: [ app_init ] --START--
INFO: Run Behavior\BuildLiteBehavior [ RunTime:0.000000s ]
INFO: [ app_init ] --END-- [ RunTime:0.000000s ]

[ 2017-07-20T17:43:54+08:00 ] 112.243.136.14 /index.php/Admin/Index/assets/img/user01.png
INFO: [ app_init ] --START--
INFO: Run Behavior\BuildLiteBehavior [ RunTime:0.000000s ]
INFO: [ app_init ] --END-- [ RunTime:0.000000s ]

[ 2017-07-20T17:43:54+08:00 ] 112.243.136.14 /index.php/Admin/Index/assets/img/user02.png
INFO: [ app_init ] --START--
INFO: Run Behavior\BuildLiteBehavior [ RunTime:0.000000s ]
INFO: [ app_init ] --END-- [ RunTime:0.000000s ]

[ 2017-07-20T17:43:54+08:00 ] 112.243.136.14 /index.php/Admin/Index/assets/img/user05.png
INFO: [ app_init ] --START--
INFO: Run Behavior\BuildLiteBehavior [ RunTime:0.000000s ]
INFO: [ app_init ] --END-- [ RunTime:0.000000s ]

[ 2017-07-20T17:43:54+08:00 ] 112.243.136.14 /index.php/Admin/Index/assets/img/user03.png
INFO: [ app_init ] --START--
INFO: Run Behavior\BuildLiteBehavior [ RunTime:0.000000s ]
INFO: [ app_init ] --END-- [ RunTime:0.000000s ]

[ 2017-07-20T17:43:54+08:00 ] 112.243.136.14 /index.php/Admin/Index/assets/img/user04.png
INFO: [ app_init ] --START--
INFO: Run Behavior\BuildLiteBehavior [ RunTime:0.000000s ]
INFO: [ app_init ] --END-- [ RunTime:0.000000s ]

[ 2017-07-20T17:57:15+08:00 ] 112.243.136.14 /index.php/Admin/Index/assets/img/user01.png
INFO: [ app_init ] --START--
INFO: Run Behavior\BuildLiteBehavior [ RunTime:0.000000s ]
INFO: [ app_init ] --END-- [ RunTime:0.000000s ]

[ 2017-07-20T17:57:15+08:00 ] 112.243.136.14 /index.php/Admin/Index/assets/img/user04.png
INFO: [ app_init ] --START--
INFO: Run Behavior\BuildLiteBehavior [ RunTime:0.000000s ]
INFO: [ app_init ] --END-- [ RunTime:0.000000s ]

[ 2017-07-20T17:57:15+08:00 ] 112.243.136.14 /index.php/Admin/Index/assets/img/user03.png
INFO: [ app_init ] --START--
INFO: Run Behavior\BuildLiteBehavior [ RunTime:0.000000s ]
INFO: [ app_init ] --END-- [ RunTime:0.000000s ]

[ 2017-07-20T17:57:38+08:00 ] 112.243.136.14 /index.php/Admin/Index/assets/img/user03.png
INFO: [ app_init ] --START--
INFO: Run Behavior\BuildLiteBehavior [ RunTime:0.000000s ]
INFO: [ app_init ] --END-- [ RunTime:0.000000s ]

[ 2017-07-20T17:57:38+08:00 ] 112.243.136.14 /index.php/Admin/Index/assets/img/user05.png
INFO: [ app_init ] --START--
INFO: Run Behavior\BuildLiteBehavior [ RunTime:0.000000s ]
INFO: [ app_init ] --END-- [ RunTime:0.000000s ]

[ 2017-07-20T17:58:06+08:00 ] 112.243.136.14 /index.php/Admin/Index/assets/img/user03.png
INFO: [ app_init ] --START--
INFO: Run Behavior\BuildLiteBehavior [ RunTime:0.000000s ]
INFO: [ app_init ] --END-- [ RunTime:0.000000s ]

[ 2017-07-20T17:58:06+08:00 ] 112.243.136.14 /index.php/Admin/Index/assets/img/user04.png
INFO: [ app_init ] --START--
INFO: Run Behavior\BuildLiteBehavior [ RunTime:0.000000s ]
INFO: [ app_init ] --END-- [ RunTime:0.000000s ]

[ 2017-07-20T17:58:32+08:00 ] 112.243.136.14 /index.php/Admin/Index/assets/img/user03.png
INFO: [ app_init ] --START--
INFO: Run Behavior\BuildLiteBehavior [ RunTime:0.000000s ]
INFO: [ app_init ] --END-- [ RunTime:0.000000s ]

[ 2017-07-20T17:58:32+08:00 ] 112.243.136.14 /index.php/Admin/Index/assets/img/user05.png
INFO: [ app_init ] --START--
INFO: Run Behavior\BuildLiteBehavior [ RunTime:0.000000s ]
INFO: [ app_init ] --END-- [ RunTime:0.000000s ]

[ 2017-07-20T17:58:33+08:00 ] 112.243.136.14 /index.php/Admin/Index/assets/img/user03.png
INFO: [ app_init ] --START--
INFO: Run Behavior\BuildLiteBehavior [ RunTime:0.000000s ]
INFO: [ app_init ] --END-- [ RunTime:0.000000s ]

[ 2017-07-20T17:58:33+08:00 ] 112.243.136.14 /index.php/Admin/Index/assets/img/user04.png
INFO: [ app_init ] --START--
INFO: Run Behavior\BuildLiteBehavior [ RunTime:0.000000s ]
INFO: [ app_init ] --END-- [ RunTime:0.000000s ]

[ 2017-07-20T17:59:50+08:00 ] 112.243.136.14 /index.php/Admin/Index/assets/img/user03.png
INFO: [ app_init ] --START--
INFO: Run Behavior\BuildLiteBehavior [ RunTime:0.000000s ]
INFO: [ app_init ] --END-- [ RunTime:0.000000s ]

[ 2017-07-20T17:59:50+08:00 ] 112.243.136.14 /index.php/Admin/Index/assets/img/user05.png
INFO: [ app_init ] --START--
INFO: Run Behavior\BuildLiteBehavior [ RunTime:0.000000s ]
INFO: [ app_init ] --END-- [ RunTime:0.000000s ]

[ 2017-07-20T17:59:50+08:00 ] 112.243.136.14 /index.php/Admin/Index/assets/img/user02.png
INFO: [ app_init ] --START--
INFO: Run Behavior\BuildLiteBehavior [ RunTime:0.000000s ]
INFO: [ app_init ] --END-- [ RunTime:0.000000s ]

[ 2017-07-20T17:59:51+08:00 ] 112.243.136.14 /index.php/Admin/Index/assets/img/user04.png
INFO: [ app_init ] --START--
INFO: Run Behavior\BuildLiteBehavior [ RunTime:0.000000s ]
INFO: [ app_init ] --END-- [ RunTime:0.000000s ]

